train at step 1510: 0.6875
train loss at step 1510: 0.7495189905166626
train at step 1520: 0.981249988079071
train loss at step 1520: 0.11238674074411392
train at step 1530: 1.0
train loss at step 1530: 0.026884159073233604
dev at step 1530: 0.75
New best on dev at step 1530: 0.75
dev loss at step 1530: 0.6241224408149719
tp: 1, tn: 2, fp: 0, fn: 1
accuracy: 0.75, precision: 1.0, recall: 0.5, F1: 0.6666666666666666
specificity: 1.0, gmean: 0.7071067811865476, mcc: 0.5773502691896258 

test at step 1530: 0.28378379344940186
test loss at step 1530: 5.559879779815674
tp: 13, tn: 29, fp: 2, fn: 104
accuracy: 0.28378378378378377, precision: 0.8666666666666667, recall: 0.1111111111111111, F1: 0.19696969696969696
specificity: 0.9354838709677419, gmean: 0.3224013838831172, mcc: 0.06282629899394261 

train at step 1540: 1.0
train loss at step 1540: 0.003789212554693222
train at step 1550: 1.0
train loss at step 1550: 0.0016587309073656797
train at step 1560: 1.0
train loss at step 1560: 0.0009037804557010531
dev at step 1560: 0.75
dev loss at step 1560: 0.6289035081863403
tp: 1, tn: 2, fp: 0, fn: 1
accuracy: 0.75, precision: 1.0, recall: 0.5, F1: 0.6666666666666666
specificity: 1.0, gmean: 0.7071067811865476, mcc: 0.5773502691896258 

test at step 1560: 0.30405405163764954
test loss at step 1560: 5.689447402954102
tp: 16, tn: 29, fp: 2, fn: 101
accuracy: 0.30405405405405406, precision: 0.8888888888888888, recall: 0.13675213675213677, F1: 0.23703703703703707
specificity: 0.9354838709677419, gmean: 0.3576722218065011, mcc: 0.08993310434720286 

train at step 1570: 1.0
train loss at step 1570: 0.0006580250919796526
train at step 1580: 1.0
train loss at step 1580: 0.0006008096970617771
train at step 1590: 1.0
train loss at step 1590: 0.0005094056250527501
dev at step 1590: 0.75
dev loss at step 1590: 0.7540128231048584
tp: 1, tn: 2, fp: 0, fn: 1
accuracy: 0.75, precision: 1.0, recall: 0.5, F1: 0.6666666666666666
specificity: 1.0, gmean: 0.7071067811865476, mcc: 0.5773502691896258 

test at step 1590: 0.30405405163764954
test loss at step 1590: 5.963066101074219
tp: 16, tn: 29, fp: 2, fn: 101
accuracy: 0.30405405405405406, precision: 0.8888888888888888, recall: 0.13675213675213677, F1: 0.23703703703703707
specificity: 0.9354838709677419, gmean: 0.3576722218065011, mcc: 0.08993310434720286 

train at step 1600: 1.0
train loss at step 1600: 0.0005005599814467132
train at step 1610: 1.0
train loss at step 1610: 0.0004505980177782476
train at step 1620: 1.0
train loss at step 1620: 0.0003969187964685261
dev at step 1620: 0.75
dev loss at step 1620: 0.7445818781852722
tp: 1, tn: 2, fp: 0, fn: 1
accuracy: 0.75, precision: 1.0, recall: 0.5, F1: 0.6666666666666666
specificity: 1.0, gmean: 0.7071067811865476, mcc: 0.5773502691896258 

test at step 1620: 0.30405405163764954
test loss at step 1620: 5.926933288574219
tp: 16, tn: 29, fp: 2, fn: 101
accuracy: 0.30405405405405406, precision: 0.8888888888888888, recall: 0.13675213675213677, F1: 0.23703703703703707
specificity: 0.9354838709677419, gmean: 0.3576722218065011, mcc: 0.08993310434720286 

train at step 1630: 1.0
train loss at step 1630: 0.0004302171873860061
train at step 1640: 1.0
train loss at step 1640: 0.0003409891505725682
train at step 1650: 1.0
train loss at step 1650: 0.00036653701681643724
dev at step 1650: 0.75
dev loss at step 1650: 0.7746438980102539
tp: 1, tn: 2, fp: 0, fn: 1
accuracy: 0.75, precision: 1.0, recall: 0.5, F1: 0.6666666666666666
specificity: 1.0, gmean: 0.7071067811865476, mcc: 0.5773502691896258 

test at step 1650: 0.30405405163764954
test loss at step 1650: 5.9837260246276855
tp: 16, tn: 29, fp: 2, fn: 101
accuracy: 0.30405405405405406, precision: 0.8888888888888888, recall: 0.13675213675213677, F1: 0.23703703703703707
specificity: 0.9354838709677419, gmean: 0.3576722218065011, mcc: 0.08993310434720286 

train at step 1660: 1.0
train loss at step 1660: 0.00031306527671404183
train at step 1670: 1.0
train loss at step 1670: 0.0003266716666985303
train at step 1680: 1.0
train loss at step 1680: 0.000301014311844483
dev at step 1680: 0.75
dev loss at step 1680: 0.7807758450508118
tp: 1, tn: 2, fp: 0, fn: 1
accuracy: 0.75, precision: 1.0, recall: 0.5, F1: 0.6666666666666666
specificity: 1.0, gmean: 0.7071067811865476, mcc: 0.5773502691896258 

test at step 1680: 0.30405405163764954
test loss at step 1680: 5.98721981048584
tp: 16, tn: 29, fp: 2, fn: 101
accuracy: 0.30405405405405406, precision: 0.8888888888888888, recall: 0.13675213675213677, F1: 0.23703703703703707
specificity: 0.9354838709677419, gmean: 0.3576722218065011, mcc: 0.08993310434720286 

train at step 1690: 1.0
train loss at step 1690: 0.0002654402342159301
train at step 1700: 1.0
train loss at step 1700: 0.00027686471003107727
train at step 1710: 1.0
train loss at step 1710: 0.000255462306085974
dev at step 1710: 0.75
dev loss at step 1710: 0.7861460447311401
tp: 1, tn: 2, fp: 0, fn: 1
accuracy: 0.75, precision: 1.0, recall: 0.5, F1: 0.6666666666666666
specificity: 1.0, gmean: 0.7071067811865476, mcc: 0.5773502691896258 

test at step 1710: 0.3243243098258972
test loss at step 1710: 5.989768981933594
tp: 19, tn: 29, fp: 2, fn: 98
accuracy: 0.32432432432432434, precision: 0.9047619047619048, recall: 0.1623931623931624, F1: 0.2753623188405797
specificity: 0.9354838709677419, gmean: 0.38976426744155074, mcc: 0.1141413664484903 

train at step 1720: 1.0
train loss at step 1720: 0.0002649645903147757
train at step 1730: 1.0
train loss at step 1730: 0.0002384191902820021
train at step 1740: 1.0
train loss at step 1740: 0.0002249773096991703
dev at step 1740: 0.75
dev loss at step 1740: 0.7865155339241028
tp: 1, tn: 2, fp: 0, fn: 1
accuracy: 0.75, precision: 1.0, recall: 0.5, F1: 0.6666666666666666
specificity: 1.0, gmean: 0.7071067811865476, mcc: 0.5773502691896258 

test at step 1740: 0.3243243098258972
test loss at step 1740: 5.981122016906738
tp: 19, tn: 29, fp: 2, fn: 98
accuracy: 0.32432432432432434, precision: 0.9047619047619048, recall: 0.1623931623931624, F1: 0.2753623188405797
specificity: 0.9354838709677419, gmean: 0.38976426744155074, mcc: 0.1141413664484903 

train at step 1750: 1.0
train loss at step 1750: 0.00024027850304264575
train at step 1760: 1.0
train loss at step 1760: 0.00020123955619055778
train at step 1770: 1.0
train loss at step 1770: 0.0002189292572438717
dev at step 1770: 0.75
dev loss at step 1770: 0.8150416016578674
tp: 1, tn: 2, fp: 0, fn: 1
accuracy: 0.75, precision: 1.0, recall: 0.5, F1: 0.6666666666666666
specificity: 1.0, gmean: 0.7071067811865476, mcc: 0.5773502691896258 

test at step 1770: 0.3243243098258972
test loss at step 1770: 6.03994607925415
tp: 19, tn: 29, fp: 2, fn: 98
accuracy: 0.32432432432432434, precision: 0.9047619047619048, recall: 0.1623931623931624, F1: 0.2753623188405797
specificity: 0.9354838709677419, gmean: 0.38976426744155074, mcc: 0.1141413664484903 

train at step 1780: 1.0
train loss at step 1780: 0.00018952689424622804
train at step 1790: 1.0
train loss at step 1790: 0.0002024630957748741
train at step 1800: 1.0
train loss at step 1800: 0.00019031899864785373
dev at step 1800: 0.75
dev loss at step 1800: 0.8207465410232544
tp: 1, tn: 2, fp: 0, fn: 1
accuracy: 0.75, precision: 1.0, recall: 0.5, F1: 0.6666666666666666
specificity: 1.0, gmean: 0.7071067811865476, mcc: 0.5773502691896258 

test at step 1800: 0.3243243098258972
test loss at step 1800: 6.045735836029053
tp: 19, tn: 29, fp: 2, fn: 98
accuracy: 0.32432432432432434, precision: 0.9047619047619048, recall: 0.1623931623931624, F1: 0.2753623188405797
specificity: 0.9354838709677419, gmean: 0.38976426744155074, mcc: 0.1141413664484903 

train at step 1810: 1.0
train loss at step 1810: 0.00017022034444380552
train at step 1820: 1.0
train loss at step 1820: 0.00017909888993017375
train at step 1830: 1.0
train loss at step 1830: 0.00016756221884861588
dev at step 1830: 0.75
dev loss at step 1830: 0.8303605318069458
tp: 1, tn: 2, fp: 0, fn: 1
accuracy: 0.75, precision: 1.0, recall: 0.5, F1: 0.6666666666666666
specificity: 1.0, gmean: 0.7071067811865476, mcc: 0.5773502691896258 

test at step 1830: 0.3175675570964813
test loss at step 1830: 6.061169147491455
tp: 19, tn: 28, fp: 3, fn: 98
accuracy: 0.31756756756756754, precision: 0.8636363636363636, recall: 0.1623931623931624, F1: 0.2733812949640288
specificity: 0.9032258064516129, gmean: 0.3829852413145862, mcc: 0.07505965541161916 

train at step 1840: 1.0
train loss at step 1840: 0.00017823171219788492
train at step 1850: 1.0
train loss at step 1850: 0.00015856573008932173
train at step 1860: 1.0
train loss at step 1860: 0.0001539910736028105
dev at step 1860: 0.75
dev loss at step 1860: 0.8340508341789246
tp: 1, tn: 2, fp: 0, fn: 1
accuracy: 0.75, precision: 1.0, recall: 0.5, F1: 0.6666666666666666
specificity: 1.0, gmean: 0.7071067811865476, mcc: 0.5773502691896258 

test at step 1860: 0.3243243098258972
test loss at step 1860: 6.062845706939697
tp: 20, tn: 28, fp: 3, fn: 97
accuracy: 0.32432432432432434, precision: 0.8695652173913043, recall: 0.17094017094017094, F1: 0.28571428571428575
specificity: 0.9032258064516129, gmean: 0.3929345667568742, mcc: 0.08330279585764705 

train at step 1870: 1.0
train loss at step 1870: 0.00016432286065537483
train at step 1880: 1.0
train loss at step 1880: 0.00014019956870470196
train at step 1890: 1.0
train loss at step 1890: 0.00015382459969259799
dev at step 1890: 0.75
dev loss at step 1890: 0.8511781692504883
tp: 1, tn: 2, fp: 0, fn: 1
accuracy: 0.75, precision: 1.0, recall: 0.5, F1: 0.6666666666666666
specificity: 1.0, gmean: 0.7071067811865476, mcc: 0.5773502691896258 

test at step 1890: 0.3243243098258972
test loss at step 1890: 6.0969367027282715
tp: 20, tn: 28, fp: 3, fn: 97
accuracy: 0.32432432432432434, precision: 0.8695652173913043, recall: 0.17094017094017094, F1: 0.28571428571428575
specificity: 0.9032258064516129, gmean: 0.3929345667568742, mcc: 0.08330279585764705 

train at step 1900: 1.0
train loss at step 1900: 0.0001337342255283147
train at step 1910: 1.0
train loss at step 1910: 0.0001443572691641748
train at step 1920: 1.0
train loss at step 1920: 0.00013685220619663596
dev at step 1920: 0.75
dev loss at step 1920: 0.8556227087974548
tp: 1, tn: 2, fp: 0, fn: 1
accuracy: 0.75, precision: 1.0, recall: 0.5, F1: 0.6666666666666666
specificity: 1.0, gmean: 0.7071067811865476, mcc: 0.5773502691896258 

test at step 1920: 0.3243243098258972
test loss at step 1920: 6.10139274597168
tp: 20, tn: 28, fp: 3, fn: 97
accuracy: 0.32432432432432434, precision: 0.8695652173913043, recall: 0.17094017094017094, F1: 0.28571428571428575
specificity: 0.9032258064516129, gmean: 0.3929345667568742, mcc: 0.08330279585764705 

train at step 1930: 1.0
train loss at step 1930: 0.00012298511865083128
train at step 1940: 1.0
train loss at step 1940: 0.00013026135275140405
train at step 1950: 1.0
train loss at step 1950: 0.0001225400628754869
dev at step 1950: 0.75
dev loss at step 1950: 0.86528480052948
tp: 1, tn: 2, fp: 0, fn: 1
accuracy: 0.75, precision: 1.0, recall: 0.5, F1: 0.6666666666666666
specificity: 1.0, gmean: 0.7071067811865476, mcc: 0.5773502691896258 

test at step 1950: 0.3243243098258972
test loss at step 1950: 6.118483066558838
tp: 20, tn: 28, fp: 3, fn: 97
accuracy: 0.32432432432432434, precision: 0.8695652173913043, recall: 0.17094017094017094, F1: 0.28571428571428575
specificity: 0.9032258064516129, gmean: 0.3929345667568742, mcc: 0.08330279585764705 

train at step 1960: 1.0
train loss at step 1960: 0.00013196856889408082
train at step 1970: 1.0
train loss at step 1970: 0.00011701914627337828
train at step 1980: 1.0
train loss at step 1980: 0.00011518420797074214
dev at step 1980: 0.75
dev loss at step 1980: 0.868353009223938
tp: 1, tn: 2, fp: 0, fn: 1
accuracy: 0.75, precision: 1.0, recall: 0.5, F1: 0.6666666666666666
specificity: 1.0, gmean: 0.7071067811865476, mcc: 0.5773502691896258 

test at step 1980: 0.3243243098258972
test loss at step 1980: 6.120006561279297
tp: 20, tn: 28, fp: 3, fn: 97
accuracy: 0.32432432432432434, precision: 0.8695652173913043, recall: 0.17094017094017094, F1: 0.28571428571428575
specificity: 0.9032258064516129, gmean: 0.3929345667568742, mcc: 0.08330279585764705 

train at step 1990: 1.0
train loss at step 1990: 0.00012303164112381637
train at step 2000: 1.0
train loss at step 2000: 0.00010574674524832517
train at step 2010: 1.0
train loss at step 2010: 0.00011670923413475975
dev at step 2010: 0.75
dev loss at step 2010: 0.8801245093345642
tp: 1, tn: 2, fp: 0, fn: 1
accuracy: 0.75, precision: 1.0, recall: 0.5, F1: 0.6666666666666666
specificity: 1.0, gmean: 0.7071067811865476, mcc: 0.5773502691896258 

test at step 2010: 0.3243243098258972
test loss at step 2010: 6.142594337463379
tp: 20, tn: 28, fp: 3, fn: 97
accuracy: 0.32432432432432434, precision: 0.8695652173913043, recall: 0.17094017094017094, F1: 0.28571428571428575
specificity: 0.9032258064516129, gmean: 0.3929345667568742, mcc: 0.08330279585764705 

train at step 2020: 1.0
train loss at step 2020: 0.00010167650179937482
train at step 2030: 1.0
train loss at step 2030: 0.00011042967526009306
train at step 2040: 1.0
train loss at step 2040: 0.00010521888907533139
dev at step 2040: 0.75
dev loss at step 2040: 0.8848192691802979
tp: 1, tn: 2, fp: 0, fn: 1
accuracy: 0.75, precision: 1.0, recall: 0.5, F1: 0.6666666666666666
specificity: 1.0, gmean: 0.7071067811865476, mcc: 0.5773502691896258 

test at step 2040: 0.3243243098258972
test loss at step 2040: 6.148647308349609
tp: 20, tn: 28, fp: 3, fn: 97
accuracy: 0.32432432432432434, precision: 0.8695652173913043, recall: 0.17094017094017094, F1: 0.28571428571428575
specificity: 0.9032258064516129, gmean: 0.3929345667568742, mcc: 0.08330279585764705 

train at step 2050: 1.0
train loss at step 2050: 9.475190745433792e-05
train at step 2060: 1.0
train loss at step 2060: 0.00010085592657560483
train at step 2070: 1.0
train loss at step 2070: 9.512141696177423e-05
dev at step 2070: 0.75
dev loss at step 2070: 0.8932844400405884
tp: 1, tn: 2, fp: 0, fn: 1
accuracy: 0.75, precision: 1.0, recall: 0.5, F1: 0.6666666666666666
specificity: 1.0, gmean: 0.7071067811865476, mcc: 0.5773502691896258 

test at step 2070: 0.3243243098258972
test loss at step 2070: 6.163837432861328
tp: 20, tn: 28, fp: 3, fn: 97
accuracy: 0.32432432432432434, precision: 0.8695652173913043, recall: 0.17094017094017094, F1: 0.28571428571428575
specificity: 0.9032258064516129, gmean: 0.3929345667568742, mcc: 0.08330279585764705 

train at step 2080: 1.0
train loss at step 2080: 0.0001032611689879559
train at step 2090: 1.0
train loss at step 2090: 9.137696179095656e-05
train at step 2100: 1.0
train loss at step 2100: 9.070482337847352e-05
dev at step 2100: 0.75
dev loss at step 2100: 0.8959900140762329
tp: 1, tn: 2, fp: 0, fn: 1
accuracy: 0.75, precision: 1.0, recall: 0.5, F1: 0.6666666666666666
specificity: 1.0, gmean: 0.7071067811865476, mcc: 0.5773502691896258 

test at step 2100: 0.3243243098258972
test loss at step 2100: 6.165333271026611
tp: 20, tn: 28, fp: 3, fn: 97
accuracy: 0.32432432432432434, precision: 0.8695652173913043, recall: 0.17094017094017094, F1: 0.28571428571428575
specificity: 0.9032258064516129, gmean: 0.3929345667568742, mcc: 0.08330279585764705 

train at step 2110: 1.0
train loss at step 2110: 9.696431516204029e-05
train at step 2120: 1.0
train loss at step 2120: 8.366440306417644e-05
train at step 2130: 1.0
train loss at step 2130: 9.272421448258683e-05
dev at step 2130: 0.75
dev loss at step 2130: 0.9048389792442322
tp: 1, tn: 2, fp: 0, fn: 1
accuracy: 0.75, precision: 1.0, recall: 0.5, F1: 0.6666666666666666
specificity: 1.0, gmean: 0.7071067811865476, mcc: 0.5773502691896258 

test at step 2130: 0.3243243098258972
test loss at step 2130: 6.181739807128906
tp: 20, tn: 28, fp: 3, fn: 97
accuracy: 0.32432432432432434, precision: 0.8695652173913043, recall: 0.17094017094017094, F1: 0.28571428571428575
specificity: 0.9032258064516129, gmean: 0.3929345667568742, mcc: 0.08330279585764705 

train at step 2140: 1.0
train loss at step 2140: 8.088270988082513e-05
train at step 2150: 1.0
train loss at step 2150: 8.821123628877103e-05
train at step 2160: 1.0
train loss at step 2160: 8.432525646639988e-05
dev at step 2160: 0.75
dev loss at step 2160: 0.9096746444702148
tp: 1, tn: 2, fp: 0, fn: 1
accuracy: 0.75, precision: 1.0, recall: 0.5, F1: 0.6666666666666666
specificity: 1.0, gmean: 0.7071067811865476, mcc: 0.5773502691896258 

test at step 2160: 0.3310810923576355
test loss at step 2160: 6.188807010650635
tp: 21, tn: 28, fp: 3, fn: 96
accuracy: 0.3310810810810811, precision: 0.875, recall: 0.1794871794871795, F1: 0.2978723404255319
specificity: 0.9032258064516129, gmean: 0.40263811598013555, mcc: 0.09131266404391901 

train at step 2170: 1.0
train loss at step 2170: 7.602961704833433e-05
train at step 2180: 1.0
train loss at step 2180: 8.122051076497883e-05
train at step 2190: 1.0
train loss at step 2190: 7.670257036807016e-05
dev at step 2190: 0.75
dev loss at step 2190: 0.9170261025428772
tp: 1, tn: 2, fp: 0, fn: 1
accuracy: 0.75, precision: 1.0, recall: 0.5, F1: 0.6666666666666666
specificity: 1.0, gmean: 0.7071067811865476, mcc: 0.5773502691896258 

test at step 2190: 0.3310810923576355
test loss at step 2190: 6.201984882354736
tp: 21, tn: 28, fp: 3, fn: 96
accuracy: 0.3310810810810811, precision: 0.875, recall: 0.1794871794871795, F1: 0.2978723404255319
specificity: 0.9032258064516129, gmean: 0.40263811598013555, mcc: 0.09131266404391901 

train at step 2200: 1.0
train loss at step 2200: 8.375366451218724e-05
train at step 2210: 1.0
train loss at step 2210: 7.397567242151126e-05
train at step 2220: 1.0
train loss at step 2220: 7.389055826934054e-05
dev at step 2220: 0.75
dev loss at step 2220: 0.9195353984832764
tp: 1, tn: 2, fp: 0, fn: 1
accuracy: 0.75, precision: 1.0, recall: 0.5, F1: 0.6666666666666666
specificity: 1.0, gmean: 0.7071067811865476, mcc: 0.5773502691896258 

test at step 2220: 0.3310810923576355
test loss at step 2220: 6.203592777252197
tp: 21, tn: 28, fp: 3, fn: 96
accuracy: 0.3310810810810811, precision: 0.875, recall: 0.1794871794871795, F1: 0.2978723404255319
specificity: 0.9032258064516129, gmean: 0.40263811598013555, mcc: 0.09131266404391901 

train at step 2230: 1.0
train loss at step 2230: 7.901347998995334e-05
train at step 2240: 1.0
train loss at step 2240: 6.833660881966352e-05
train at step 2250: 1.0
train loss at step 2250: 7.598552474519238e-05
dev at step 2250: 0.75
dev loss at step 2250: 0.9265670776367188
tp: 1, tn: 2, fp: 0, fn: 1
accuracy: 0.75, precision: 1.0, recall: 0.5, F1: 0.6666666666666666
specificity: 1.0, gmean: 0.7071067811865476, mcc: 0.5773502691896258 

test at step 2250: 0.3310810923576355
test loss at step 2250: 6.2162089347839355
tp: 21, tn: 28, fp: 3, fn: 96
accuracy: 0.3310810810810811, precision: 0.875, recall: 0.1794871794871795, F1: 0.2978723404255319
specificity: 0.9032258064516129, gmean: 0.40263811598013555, mcc: 0.09131266404391901 

train at step 2260: 1.0
train loss at step 2260: 6.632961594732478e-05
train at step 2270: 1.0
train loss at step 2270: 7.255405944306403e-05
train at step 2280: 1.0
train loss at step 2280: 6.952037801966071e-05
dev at step 2280: 0.75
dev loss at step 2280: 0.9313849806785583
tp: 1, tn: 2, fp: 0, fn: 1
accuracy: 0.75, precision: 1.0, recall: 0.5, F1: 0.6666666666666666
specificity: 1.0, gmean: 0.7071067811865476, mcc: 0.5773502691896258 

test at step 2280: 0.3310810923576355
test loss at step 2280: 6.223724365234375
tp: 21, tn: 28, fp: 3, fn: 96
accuracy: 0.3310810810810811, precision: 0.875, recall: 0.1794871794871795, F1: 0.2978723404255319
specificity: 0.9032258064516129, gmean: 0.40263811598013555, mcc: 0.09131266404391901 

train at step 2290: 1.0
train loss at step 2290: 6.273353938013315e-05
train at step 2300: 1.0
train loss at step 2300: 6.719045632053167e-05
train at step 2310: 1.0
train loss at step 2310: 6.350721378112212e-05
dev at step 2310: 0.75
dev loss at step 2310: 0.9378929734230042
tp: 1, tn: 2, fp: 0, fn: 1
accuracy: 0.75, precision: 1.0, recall: 0.5, F1: 0.6666666666666666
specificity: 1.0, gmean: 0.7071067811865476, mcc: 0.5773502691896258 

test at step 2310: 0.3310810923576355
test loss at step 2310: 6.235352039337158
tp: 21, tn: 28, fp: 3, fn: 96
accuracy: 0.3310810810810811, precision: 0.875, recall: 0.1794871794871795, F1: 0.2978723404255319
specificity: 0.9032258064516129, gmean: 0.40263811598013555, mcc: 0.09131266404391901 

train at step 2320: 1.0
train loss at step 2320: 6.966019282117486e-05
train at step 2330: 1.0
train loss at step 2330: 6.143143400549889e-05
train at step 2340: 1.0
train loss at step 2340: 6.164762453408912e-05
dev at step 2340: 0.75
dev loss at step 2340: 0.9402512311935425
tp: 1, tn: 2, fp: 0, fn: 1
accuracy: 0.75, precision: 1.0, recall: 0.5, F1: 0.6666666666666666
specificity: 1.0, gmean: 0.7071067811865476, mcc: 0.5773502691896258 

test at step 2340: 0.3378378450870514
test loss at step 2340: 6.237027168273926
tp: 22, tn: 28, fp: 3, fn: 95
accuracy: 0.33783783783783783, precision: 0.88, recall: 0.18803418803418803, F1: 0.3098591549295774
specificity: 0.9032258064516129, gmean: 0.4121132503665148, mcc: 0.099113236012051 

train at step 2350: 1.0
train loss at step 2350: 6.595910235773772e-05
train at step 2360: 1.0
train loss at step 2360: 5.71154996578116e-05
train at step 2370: 1.0
train loss at step 2370: 6.36764889350161e-05
dev at step 2370: 0.75
dev loss at step 2370: 0.9460904002189636
tp: 1, tn: 2, fp: 0, fn: 1
accuracy: 0.75, precision: 1.0, recall: 0.5, F1: 0.6666666666666666
specificity: 1.0, gmean: 0.7071067811865476, mcc: 0.5773502691896258 

test at step 2370: 0.3445945978164673
test loss at step 2370: 6.247198104858398
tp: 23, tn: 28, fp: 3, fn: 94
accuracy: 0.34459459459459457, precision: 0.8846153846153846, recall: 0.19658119658119658, F1: 0.32167832167832167
specificity: 0.9032258064516129, gmean: 0.4213753787483012, mcc: 0.10672550130398407 

train at step 2380: 1.0
train loss at step 2380: 5.5606116802664474e-05
train at step 2390: 1.0
train loss at step 2390: 6.096311335568316e-05
train at step 2400: 1.0
train loss at step 2400: 5.8513069234322757e-05
dev at step 2400: 0.75
dev loss at step 2400: 0.9507794976234436
tp: 1, tn: 2, fp: 0, fn: 1
accuracy: 0.75, precision: 1.0, recall: 0.5, F1: 0.6666666666666666
specificity: 1.0, gmean: 0.7071067811865476, mcc: 0.5773502691896258 

test at step 2400: 0.3445945978164673
test loss at step 2400: 6.254776954650879
tp: 23, tn: 28, fp: 3, fn: 94
accuracy: 0.34459459459459457, precision: 0.8846153846153846, recall: 0.19658119658119658, F1: 0.32167832167832167
specificity: 0.9032258064516129, gmean: 0.4213753787483012, mcc: 0.10672550130398407 

train at step 2410: 1.0
train loss at step 2410: 5.282404163153842e-05
train at step 2420: 1.0
train loss at step 2420: 5.670394602930173e-05
train at step 2430: 1.0
train loss at step 2430: 5.3603784181177616e-05
dev at step 2430: 0.75
dev loss at step 2430: 0.9566788077354431
tp: 1, tn: 2, fp: 0, fn: 1
accuracy: 0.75, precision: 1.0, recall: 0.5, F1: 0.6666666666666666
specificity: 1.0, gmean: 0.7071067811865476, mcc: 0.5773502691896258 

test at step 2430: 0.3445945978164673
test loss at step 2430: 6.265305519104004
tp: 23, tn: 28, fp: 3, fn: 94
accuracy: 0.34459459459459457, precision: 0.8846153846153846, recall: 0.19658119658119658, F1: 0.32167832167832167
specificity: 0.9032258064516129, gmean: 0.4213753787483012, mcc: 0.10672550130398407 

train at step 2440: 1.0
train loss at step 2440: 5.903286000830121e-05
train at step 2450: 1.0
train loss at step 2450: 5.19683126185555e-05
train at step 2460: 1.0
train loss at step 2460: 5.2360053814481944e-05
dev at step 2460: 0.75
dev loss at step 2460: 0.9588674902915955
tp: 1, tn: 2, fp: 0, fn: 1
accuracy: 0.75, precision: 1.0, recall: 0.5, F1: 0.6666666666666666
specificity: 1.0, gmean: 0.7071067811865476, mcc: 0.5773502691896258 

test at step 2460: 0.3445945978164673
test loss at step 2460: 6.266904830932617
tp: 23, tn: 28, fp: 3, fn: 94
accuracy: 0.34459459459459457, precision: 0.8846153846153846, recall: 0.19658119658119658, F1: 0.32167832167832167
specificity: 0.9032258064516129, gmean: 0.4213753787483012, mcc: 0.10672550130398407 

train at step 2470: 1.0
train loss at step 2470: 5.602974124485627e-05
train at step 2480: 1.0
train loss at step 2480: 4.8565307224635035e-05
train at step 2490: 1.0
train loss at step 2490: 5.425497511168942e-05
dev at step 2490: 0.75
dev loss at step 2490: 0.9638962745666504
tp: 1, tn: 2, fp: 0, fn: 1
accuracy: 0.75, precision: 1.0, recall: 0.5, F1: 0.6666666666666666
specificity: 1.0, gmean: 0.7071067811865476, mcc: 0.5773502691896258 

test at step 2490: 0.3445945978164673
test loss at step 2490: 6.275449275970459
tp: 23, tn: 28, fp: 3, fn: 94
accuracy: 0.34459459459459457, precision: 0.8846153846153846, recall: 0.19658119658119658, F1: 0.32167832167832167
specificity: 0.9032258064516129, gmean: 0.4213753787483012, mcc: 0.10672550130398407 

train at step 2500: 1.0
train loss at step 2500: 4.7394139983225614e-05
train at step 2510: 1.0
train loss at step 2510: 5.2050403610337526e-05
train at step 2520: 1.0
train loss at step 2520: 5.0027709221467376e-05
dev at step 2520: 0.75
dev loss at step 2520: 0.9683980345726013
tp: 1, tn: 2, fp: 0, fn: 1
accuracy: 0.75, precision: 1.0, recall: 0.5, F1: 0.6666666666666666
specificity: 1.0, gmean: 0.7071067811865476, mcc: 0.5773502691896258 

test at step 2520: 0.3445945978164673
test loss at step 2520: 6.282870292663574
tp: 23, tn: 28, fp: 3, fn: 94
accuracy: 0.34459459459459457, precision: 0.8846153846153846, recall: 0.19658119658119658, F1: 0.32167832167832167
specificity: 0.9032258064516129, gmean: 0.4213753787483012, mcc: 0.10672550130398407 

train at step 2530: 1.0
train loss at step 2530: 4.5177341235103086e-05
train at step 2540: 1.0
train loss at step 2540: 4.858366810367443e-05
train at step 2550: 1.0
train loss at step 2550: 4.5931083150207996e-05
dev at step 2550: 0.75
dev loss at step 2550: 0.9738523960113525
tp: 1, tn: 2, fp: 0, fn: 1
accuracy: 0.75, precision: 1.0, recall: 0.5, F1: 0.6666666666666666
specificity: 1.0, gmean: 0.7071067811865476, mcc: 0.5773502691896258 

test at step 2550: 0.3445945978164673
test loss at step 2550: 6.292611122131348
tp: 23, tn: 28, fp: 3, fn: 94
accuracy: 0.34459459459459457, precision: 0.8846153846153846, recall: 0.19658119658119658, F1: 0.32167832167832167
specificity: 0.9032258064516129, gmean: 0.4213753787483012, mcc: 0.10672550130398407 

train at step 2560: 1.0
train loss at step 2560: 5.0746439228532836e-05
train at step 2570: 1.0
train loss at step 2570: 4.4612261262955144e-05
train at step 2580: 1.0
train loss at step 2580: 4.508951315074228e-05
dev at step 2580: 0.75
dev loss at step 2580: 0.9759169816970825
tp: 1, tn: 2, fp: 0, fn: 1
accuracy: 0.75, precision: 1.0, recall: 0.5, F1: 0.6666666666666666
specificity: 1.0, gmean: 0.7071067811865476, mcc: 0.5773502691896258 

test at step 2580: 0.3445945978164673
test loss at step 2580: 6.29417610168457
tp: 23, tn: 28, fp: 3, fn: 94
accuracy: 0.34459459459459457, precision: 0.8846153846153846, recall: 0.19658119658119658, F1: 0.32167832167832167
specificity: 0.9032258064516129, gmean: 0.4213753787483012, mcc: 0.10672550130398407 

train at step 2590: 1.0
train loss at step 2590: 4.825807991437614e-05
train at step 2600: 1.0
train loss at step 2600: 4.1847455577226356e-05
train at step 2610: 1.0
train loss at step 2610: 4.684522718889639e-05
dev at step 2610: 0.75
dev loss at step 2610: 0.9803078770637512
tp: 1, tn: 2, fp: 0, fn: 1
accuracy: 0.75, precision: 1.0, recall: 0.5, F1: 0.6666666666666666
specificity: 1.0, gmean: 0.7071067811865476, mcc: 0.5773502691896258 

test at step 2610: 0.3445945978164673
test loss at step 2610: 6.301441192626953
tp: 23, tn: 28, fp: 3, fn: 94
accuracy: 0.34459459459459457, precision: 0.8846153846153846, recall: 0.19658119658119658, F1: 0.32167832167832167
specificity: 0.9032258064516129, gmean: 0.4213753787483012, mcc: 0.10672550130398407 

train at step 2620: 1.0
train loss at step 2620: 4.093255120096728e-05
train at step 2630: 1.0
train loss at step 2630: 4.501389412325807e-05
train at step 2640: 1.0
train loss at step 2640: 4.331359014031477e-05
dev at step 2640: 0.75
dev loss at step 2640: 0.9846606254577637
tp: 1, tn: 2, fp: 0, fn: 1
accuracy: 0.75, precision: 1.0, recall: 0.5, F1: 0.6666666666666666
specificity: 1.0, gmean: 0.7071067811865476, mcc: 0.5773502691896258 

test at step 2640: 0.3445945978164673
test loss at step 2640: 6.308737277984619
tp: 23, tn: 28, fp: 3, fn: 94
accuracy: 0.34459459459459457, precision: 0.8846153846153846, recall: 0.19658119658119658, F1: 0.32167832167832167
specificity: 0.9032258064516129, gmean: 0.4213753787483012, mcc: 0.10672550130398407 

train at step 2650: 1.0
train loss at step 2650: 3.9120932342484593e-05
train at step 2660: 1.0
train loss at step 2660: 4.2126608605030924e-05
train at step 2670: 1.0
train loss at step 2670: 3.982331691076979e-05
dev at step 2670: 0.75
dev loss at step 2670: 0.9897276759147644
tp: 1, tn: 2, fp: 0, fn: 1
accuracy: 0.75, precision: 1.0, recall: 0.5, F1: 0.6666666666666666
specificity: 1.0, gmean: 0.7071067811865476, mcc: 0.5773502691896258 

test at step 2670: 0.3445945978164673
test loss at step 2670: 6.317774772644043
tp: 23, tn: 28, fp: 3, fn: 94
accuracy: 0.34459459459459457, precision: 0.8846153846153846, recall: 0.19658119658119658, F1: 0.32167832167832167
specificity: 0.9032258064516129, gmean: 0.4213753787483012, mcc: 0.10672550130398407 

train at step 2680: 1.0
train loss at step 2680: 4.412548878462985e-05
train at step 2690: 1.0
train loss at step 2690: 3.873695823131129e-05
train at step 2700: 1.0
train loss at step 2700: 3.926476347260177e-05
dev at step 2700: 0.75
dev loss at step 2700: 0.9916771650314331
tp: 1, tn: 2, fp: 0, fn: 1
accuracy: 0.75, precision: 1.0, recall: 0.5, F1: 0.6666666666666666
specificity: 1.0, gmean: 0.7071067811865476, mcc: 0.5773502691896258 

test at step 2700: 0.3445945978164673
test loss at step 2700: 6.319274425506592
tp: 23, tn: 28, fp: 3, fn: 94
accuracy: 0.34459459459459457, precision: 0.8846153846153846, recall: 0.19658119658119658, F1: 0.32167832167832167
specificity: 0.9032258064516129, gmean: 0.4213753787483012, mcc: 0.10672550130398407 

train at step 2710: 1.0
train loss at step 2710: 4.2023759306175634e-05
train at step 2720: 1.0
train loss at step 2720: 3.645547621999867e-05
train at step 2730: 1.0
train loss at step 2730: 4.087080742465332e-05
dev at step 2730: 0.75
dev loss at step 2730: 0.9956324696540833
tp: 1, tn: 2, fp: 0, fn: 1
accuracy: 0.75, precision: 1.0, recall: 0.5, F1: 0.6666666666666666
specificity: 1.0, gmean: 0.7071067811865476, mcc: 0.5773502691896258 

test at step 2730: 0.3445945978164673
test loss at step 2730: 6.325699806213379
tp: 23, tn: 28, fp: 3, fn: 94
accuracy: 0.34459459459459457, precision: 0.8846153846153846, recall: 0.19658119658119658, F1: 0.32167832167832167
specificity: 0.9032258064516129, gmean: 0.4213753787483012, mcc: 0.10672550130398407 

train at step 2740: 1.0
train loss at step 2740: 3.570745320757851e-05
train at step 2750: 1.0
train loss at step 2750: 3.932555046048947e-05
train at step 2760: 1.0
train loss at step 2760: 3.785904118558392e-05
dev at step 2760: 0.75
dev loss at step 2760: 0.9997958540916443
tp: 1, tn: 2, fp: 0, fn: 1
accuracy: 0.75, precision: 1.0, recall: 0.5, F1: 0.6666666666666666
specificity: 1.0, gmean: 0.7071067811865476, mcc: 0.5773502691896258 

test at step 2760: 0.3445945978164673
test loss at step 2760: 6.332733631134033
tp: 23, tn: 28, fp: 3, fn: 94
accuracy: 0.34459459459459457, precision: 0.8846153846153846, recall: 0.19658119658119658, F1: 0.32167832167832167
specificity: 0.9032258064516129, gmean: 0.4213753787483012, mcc: 0.10672550130398407 

train at step 2770: 1.0
train loss at step 2770: 3.421164728933945e-05
train at step 2780: 1.0
train loss at step 2780: 3.6883669963572174e-05
train at step 2790: 1.0
train loss at step 2790: 3.4867880458477885e-05
dev at step 2790: 0.75
dev loss at step 2790: 1.0045881271362305
tp: 1, tn: 2, fp: 0, fn: 1
accuracy: 0.75, precision: 1.0, recall: 0.5, F1: 0.6666666666666666
specificity: 1.0, gmean: 0.7071067811865476, mcc: 0.5773502691896258 

test at step 2790: 0.3445945978164673
test loss at step 2790: 6.341299533843994
tp: 23, tn: 28, fp: 3, fn: 94
accuracy: 0.34459459459459457, precision: 0.8846153846153846, recall: 0.19658119658119658, F1: 0.32167832167832167
specificity: 0.9032258064516129, gmean: 0.4213753787483012, mcc: 0.10672550130398407 

train at step 2800: 1.0
train loss at step 2800: 3.872833985951729e-05
train at step 2810: 1.0
train loss at step 2810: 3.3946929761441424e-05
train at step 2820: 1.0
train loss at step 2820: 3.449030191404745e-05
dev at step 2820: 0.75
dev loss at step 2820: 1.0064337253570557
tp: 1, tn: 2, fp: 0, fn: 1
accuracy: 0.75, precision: 1.0, recall: 0.5, F1: 0.6666666666666666
specificity: 1.0, gmean: 0.7071067811865476, mcc: 0.5773502691896258 

test at step 2820: 0.3445945978164673
test loss at step 2820: 6.3427276611328125
tp: 23, tn: 28, fp: 3, fn: 94
accuracy: 0.34459459459459457, precision: 0.8846153846153846, recall: 0.19658119658119658, F1: 0.32167832167832167
specificity: 0.9032258064516129, gmean: 0.4213753787483012, mcc: 0.10672550130398407 

train at step 2830: 1.0
train loss at step 2830: 3.6916411772836e-05
train at step 2840: 1.0
train loss at step 2840: 3.202963125659153e-05
train at step 2850: 1.0
train loss at step 2850: 3.597049362724647e-05
dev at step 2850: 0.75
dev loss at step 2850: 1.010027527809143
tp: 1, tn: 2, fp: 0, fn: 1
accuracy: 0.75, precision: 1.0, recall: 0.5, F1: 0.6666666666666666
specificity: 1.0, gmean: 0.7071067811865476, mcc: 0.5773502691896258 

test at step 2850: 0.3445945978164673
test loss at step 2850: 6.348455429077148
tp: 23, tn: 28, fp: 3, fn: 94
accuracy: 0.34459459459459457, precision: 0.8846153846153846, recall: 0.19658119658119658, F1: 0.32167832167832167
specificity: 0.9032258064516129, gmean: 0.4213753787483012, mcc: 0.10672550130398407 

train at step 2860: 1.0
train loss at step 2860: 3.1427625799551606e-05
train at step 2870: 1.0
train loss at step 2870: 3.464129622443579e-05
train at step 2880: 1.0
train loss at step 2880: 3.337733869557269e-05
dev at step 2880: 0.75
dev loss at step 2880: 1.0140507221221924
tp: 1, tn: 2, fp: 0, fn: 1
accuracy: 0.75, precision: 1.0, recall: 0.5, F1: 0.6666666666666666
specificity: 1.0, gmean: 0.7071067811865476, mcc: 0.5773502691896258 

test at step 2880: 0.3445945978164673
test loss at step 2880: 6.3553147315979
tp: 23, tn: 28, fp: 3, fn: 94
accuracy: 0.34459459459459457, precision: 0.8846153846153846, recall: 0.19658119658119658, F1: 0.32167832167832167
specificity: 0.9032258064516129, gmean: 0.4213753787483012, mcc: 0.10672550130398407 

train at step 2890: 1.0
train loss at step 2890: 3.0158998924889602e-05
train at step 2900: 1.0
train loss at step 2900: 3.255396950407885e-05
train at step 2910: 1.0
train loss at step 2910: 3.076460416195914e-05
dev at step 2910: 0.75
dev loss at step 2910: 1.018589973449707
tp: 1, tn: 2, fp: 0, fn: 1
accuracy: 0.75, precision: 1.0, recall: 0.5, F1: 0.6666666666666666
specificity: 1.0, gmean: 0.7071067811865476, mcc: 0.5773502691896258 

test at step 2910: 0.3445945978164673
test loss at step 2910: 6.36342716217041
tp: 23, tn: 28, fp: 3, fn: 94
accuracy: 0.34459459459459457, precision: 0.8846153846153846, recall: 0.19658119658119658, F1: 0.32167832167832167
specificity: 0.9032258064516129, gmean: 0.4213753787483012, mcc: 0.10672550130398407 

train at step 2920: 1.0
train loss at step 2920: 3.425261456868611e-05
train at step 2930: 1.0
train loss at step 2930: 2.998522177222185e-05
train at step 2940: 1.0
train loss at step 2940: 3.053375621675514e-05
dev at step 2940: 0.75
dev loss at step 2940: 1.0203454494476318
tp: 1, tn: 2, fp: 0, fn: 1
accuracy: 0.75, precision: 1.0, recall: 0.5, F1: 0.6666666666666666
specificity: 1.0, gmean: 0.7071067811865476, mcc: 0.5773502691896258 

test at step 2940: 0.3445945978164673
test loss at step 2940: 6.3647871017456055
tp: 23, tn: 28, fp: 3, fn: 94
accuracy: 0.34459459459459457, precision: 0.8846153846153846, recall: 0.19658119658119658, F1: 0.32167832167832167
specificity: 0.9032258064516129, gmean: 0.4213753787483012, mcc: 0.10672550130398407 

train at step 2950: 1.0
train loss at step 2950: 3.268728687544353e-05
train at step 2960: 1.0
train loss at step 2960: 2.8360620490275323e-05
train at step 2970: 1.0
train loss at step 2970: 3.188510163454339e-05
dev at step 2970: 0.75
dev loss at step 2970: 1.0236361026763916
tp: 1, tn: 2, fp: 0, fn: 1
accuracy: 0.75, precision: 1.0, recall: 0.5, F1: 0.6666666666666666
specificity: 1.0, gmean: 0.7071067811865476, mcc: 0.5773502691896258 

test at step 2970: 0.3445945978164673
test loss at step 2970: 6.369926452636719
tp: 23, tn: 28, fp: 3, fn: 94
accuracy: 0.34459459459459457, precision: 0.8846153846153846, recall: 0.19658119658119658, F1: 0.32167832167832167
specificity: 0.9032258064516129, gmean: 0.4213753787483012, mcc: 0.10672550130398407 

train at step 2980: 1.0
train loss at step 2980: 2.7856964152306318e-05
train at step 2990: 1.0
train loss at step 2990: 3.073173502343707e-05
train at step 3000: 1.0
train loss at step 3000: 2.9633836675202474e-05
dev at step 3000: 0.75
dev loss at step 3000: 1.0275241136550903
tp: 1, tn: 2, fp: 0, fn: 1
accuracy: 0.75, precision: 1.0, recall: 0.5, F1: 0.6666666666666666
specificity: 1.0, gmean: 0.7071067811865476, mcc: 0.5773502691896258 

test at step 3000: 0.3445945978164673
test loss at step 3000: 6.376596927642822
tp: 23, tn: 28, fp: 3, fn: 94
accuracy: 0.34459459459459457, precision: 0.8846153846153846, recall: 0.19658119658119658, F1: 0.32167832167832167
specificity: 0.9032258064516129, gmean: 0.4213753787483012, mcc: 0.10672550130398407 

