train at step 1510: 0.6937500238418579
train loss at step 1510: 0.6132189035415649
train at step 1520: 0.981249988079071
train loss at step 1520: 0.12459222972393036
train at step 1530: 0.9937499761581421
train loss at step 1530: 0.028134483844041824
dev at step 1530: 1.0
New best on dev at step 1530: 1.0
dev loss at step 1530: 0.22521042823791504
tp: 2, tn: 2, fp: 0, fn: 0
accuracy: 1.0, precision: 1.0, recall: 1.0, F1: 1.0
specificity: 1.0, gmean: 1.0, mcc: 1.0 

test at step 1530: 0.3378378450870514
test loss at step 1530: 4.346870422363281
tp: 21, tn: 29, fp: 2, fn: 96
accuracy: 0.33783783783783783, precision: 0.9130434782608695, recall: 0.1794871794871795, F1: 0.30000000000000004
specificity: 0.9354838709677419, gmean: 0.4097650076028315, mcc: 0.12913481737040453 

train at step 1540: 1.0
train loss at step 1540: 0.004319874104112387
train at step 1550: 1.0
train loss at step 1550: 0.0016086685936897993
train at step 1560: 1.0
train loss at step 1560: 0.0010174879571422935
dev at step 1560: 0.75
dev loss at step 1560: 0.5634007453918457
tp: 1, tn: 2, fp: 0, fn: 1
accuracy: 0.75, precision: 1.0, recall: 0.5, F1: 0.6666666666666666
specificity: 1.0, gmean: 0.7071067811865476, mcc: 0.5773502691896258 

test at step 1560: 0.3310810923576355
test loss at step 1560: 5.395682334899902
tp: 20, tn: 29, fp: 2, fn: 97
accuracy: 0.3310810810810811, precision: 0.9090909090909091, recall: 0.17094017094017094, F1: 0.28776978417266186
specificity: 0.9354838709677419, gmean: 0.3998897008113595, mcc: 0.12173540751632352 

train at step 1570: 1.0
train loss at step 1570: 0.0008241316536441445
train at step 1580: 1.0
train loss at step 1580: 0.000622448162175715
train at step 1590: 1.0
train loss at step 1590: 0.0004893621662631631
dev at step 1590: 0.75
dev loss at step 1590: 0.5061590075492859
tp: 1, tn: 2, fp: 0, fn: 1
accuracy: 0.75, precision: 1.0, recall: 0.5, F1: 0.6666666666666666
specificity: 1.0, gmean: 0.7071067811865476, mcc: 0.5773502691896258 

test at step 1590: 0.3513513505458832
test loss at step 1590: 5.208315372467041
tp: 23, tn: 29, fp: 2, fn: 94
accuracy: 0.35135135135135137, precision: 0.92, recall: 0.19658119658119658, F1: 0.32394366197183094
specificity: 0.9354838709677419, gmean: 0.4288339290882292, mcc: 0.1434297282470466 

train at step 1600: 1.0
train loss at step 1600: 0.0005328941624611616
train at step 1610: 1.0
train loss at step 1610: 0.0004268217890057713
train at step 1620: 1.0
train loss at step 1620: 0.0004197403322905302
dev at step 1620: 0.75
dev loss at step 1620: 0.496388703584671
tp: 1, tn: 2, fp: 0, fn: 1
accuracy: 0.75, precision: 1.0, recall: 0.5, F1: 0.6666666666666666
specificity: 1.0, gmean: 0.7071067811865476, mcc: 0.5773502691896258 

test at step 1620: 0.3513513505458832
test loss at step 1620: 5.157188415527344
tp: 23, tn: 29, fp: 2, fn: 94
accuracy: 0.35135135135135137, precision: 0.92, recall: 0.19658119658119658, F1: 0.32394366197183094
specificity: 0.9354838709677419, gmean: 0.4288339290882292, mcc: 0.1434297282470466 

train at step 1630: 1.0
train loss at step 1630: 0.00038311004755087197
train at step 1640: 1.0
train loss at step 1640: 0.00038598867831751704
train at step 1650: 1.0
train loss at step 1650: 0.0003282420802861452
dev at step 1650: 0.75
dev loss at step 1650: 0.5184215903282166
tp: 1, tn: 2, fp: 0, fn: 1
accuracy: 0.75, precision: 1.0, recall: 0.5, F1: 0.6666666666666666
specificity: 1.0, gmean: 0.7071067811865476, mcc: 0.5773502691896258 

test at step 1650: 0.3513513505458832
test loss at step 1650: 5.2002058029174805
tp: 23, tn: 29, fp: 2, fn: 94
accuracy: 0.35135135135135137, precision: 0.92, recall: 0.19658119658119658, F1: 0.32394366197183094
specificity: 0.9354838709677419, gmean: 0.4288339290882292, mcc: 0.1434297282470466 

train at step 1660: 1.0
train loss at step 1660: 0.0003330984909553081
train at step 1670: 1.0
train loss at step 1670: 0.0003276308416388929
train at step 1680: 1.0
train loss at step 1680: 0.00025498500326648355
dev at step 1680: 0.75
dev loss at step 1680: 0.5247900485992432
tp: 1, tn: 2, fp: 0, fn: 1
accuracy: 0.75, precision: 1.0, recall: 0.5, F1: 0.6666666666666666
specificity: 1.0, gmean: 0.7071067811865476, mcc: 0.5773502691896258 

test at step 1680: 0.3513513505458832
test loss at step 1680: 5.199354648590088
tp: 24, tn: 28, fp: 3, fn: 93
accuracy: 0.35135135135135137, precision: 0.8888888888888888, recall: 0.20512820512820512, F1: 0.3333333333333333
specificity: 0.9032258064516129, gmean: 0.43043825167251915, mcc: 0.11416795063506008 

train at step 1690: 1.0
train loss at step 1690: 0.00031744729494675994
train at step 1700: 1.0
train loss at step 1700: 0.00026158831315115094
train at step 1710: 1.0
train loss at step 1710: 0.00024078195565380156
dev at step 1710: 0.75
dev loss at step 1710: 0.5256028771400452
tp: 1, tn: 2, fp: 0, fn: 1
accuracy: 0.75, precision: 1.0, recall: 0.5, F1: 0.6666666666666666
specificity: 1.0, gmean: 0.7071067811865476, mcc: 0.5773502691896258 

test at step 1710: 0.3581081032752991
test loss at step 1710: 5.184146881103516
tp: 25, tn: 28, fp: 3, fn: 92
accuracy: 0.3581081081081081, precision: 0.8928571428571429, recall: 0.21367521367521367, F1: 0.3448275862068965
specificity: 0.9032258064516129, gmean: 0.43931420098889995, mcc: 0.12145696932229409 

train at step 1720: 1.0
train loss at step 1720: 0.0002821659145411104
train at step 1730: 1.0
train loss at step 1730: 0.00022273455397225916
train at step 1740: 1.0
train loss at step 1740: 0.00023348754621110857
dev at step 1740: 0.75
dev loss at step 1740: 0.5210264325141907
tp: 1, tn: 2, fp: 0, fn: 1
accuracy: 0.75, precision: 1.0, recall: 0.5, F1: 0.6666666666666666
specificity: 1.0, gmean: 0.7071067811865476, mcc: 0.5773502691896258 

test at step 1740: 0.3581081032752991
test loss at step 1740: 5.155514717102051
tp: 25, tn: 28, fp: 3, fn: 92
accuracy: 0.3581081081081081, precision: 0.8928571428571429, recall: 0.21367521367521367, F1: 0.3448275862068965
specificity: 0.9032258064516129, gmean: 0.43931420098889995, mcc: 0.12145696932229409 

train at step 1750: 1.0
train loss at step 1750: 0.00021855176601093262
train at step 1760: 1.0
train loss at step 1760: 0.00022631771571468562
train at step 1770: 1.0
train loss at step 1770: 0.00019513182633090764
dev at step 1770: 0.75
dev loss at step 1770: 0.5453264117240906
tp: 1, tn: 2, fp: 0, fn: 1
accuracy: 0.75, precision: 1.0, recall: 0.5, F1: 0.6666666666666666
specificity: 1.0, gmean: 0.7071067811865476, mcc: 0.5773502691896258 

test at step 1770: 0.3581081032752991
test loss at step 1770: 5.211113929748535
tp: 25, tn: 28, fp: 3, fn: 92
accuracy: 0.3581081081081081, precision: 0.8928571428571429, recall: 0.21367521367521367, F1: 0.3448275862068965
specificity: 0.9032258064516129, gmean: 0.43931420098889995, mcc: 0.12145696932229409 

train at step 1780: 1.0
train loss at step 1780: 0.0002010639727814123
train at step 1790: 1.0
train loss at step 1790: 0.00020402148948051035
train at step 1800: 1.0
train loss at step 1800: 0.0001598950766492635
dev at step 1800: 0.75
dev loss at step 1800: 0.5494561791419983
tp: 1, tn: 2, fp: 0, fn: 1
accuracy: 0.75, precision: 1.0, recall: 0.5, F1: 0.6666666666666666
specificity: 1.0, gmean: 0.7071067811865476, mcc: 0.5773502691896258 

test at step 1800: 0.3581081032752991
test loss at step 1800: 5.209317684173584
tp: 25, tn: 28, fp: 3, fn: 92
accuracy: 0.3581081081081081, precision: 0.8928571428571429, recall: 0.21367521367521367, F1: 0.3448275862068965
specificity: 0.9032258064516129, gmean: 0.43931420098889995, mcc: 0.12145696932229409 

train at step 1810: 1.0
train loss at step 1810: 0.0002034601493505761
train at step 1820: 1.0
train loss at step 1820: 0.00016868035891093314
train at step 1830: 1.0
train loss at step 1830: 0.00015847315080463886
dev at step 1830: 0.75
dev loss at step 1830: 0.5489130020141602
tp: 1, tn: 2, fp: 0, fn: 1
accuracy: 0.75, precision: 1.0, recall: 0.5, F1: 0.6666666666666666
specificity: 1.0, gmean: 0.7071067811865476, mcc: 0.5773502691896258 

test at step 1830: 0.3581081032752991
test loss at step 1830: 5.194608688354492
tp: 25, tn: 28, fp: 3, fn: 92
accuracy: 0.3581081081081081, precision: 0.8928571428571429, recall: 0.21367521367521367, F1: 0.3448275862068965
specificity: 0.9032258064516129, gmean: 0.43931420098889995, mcc: 0.12145696932229409 

train at step 1840: 1.0
train loss at step 1840: 0.000187573823495768
train at step 1850: 1.0
train loss at step 1850: 0.0001497053453931585
train at step 1860: 1.0
train loss at step 1860: 0.00015861750580370426
dev at step 1860: 0.75
dev loss at step 1860: 0.5483100414276123
tp: 1, tn: 2, fp: 0, fn: 1
accuracy: 0.75, precision: 1.0, recall: 0.5, F1: 0.6666666666666666
specificity: 1.0, gmean: 0.7071067811865476, mcc: 0.5773502691896258 

test at step 1860: 0.3581081032752991
test loss at step 1860: 5.180666923522949
tp: 25, tn: 28, fp: 3, fn: 92
accuracy: 0.3581081081081081, precision: 0.8928571428571429, recall: 0.21367521367521367, F1: 0.3448275862068965
specificity: 0.9032258064516129, gmean: 0.43931420098889995, mcc: 0.12145696932229409 

train at step 1870: 1.0
train loss at step 1870: 0.00015060319856274873
train at step 1880: 1.0
train loss at step 1880: 0.00015681063814554363
train at step 1890: 1.0
train loss at step 1890: 0.00013646844308823347
dev at step 1890: 0.75
dev loss at step 1890: 0.5714108943939209
tp: 1, tn: 2, fp: 0, fn: 1
accuracy: 0.75, precision: 1.0, recall: 0.5, F1: 0.6666666666666666
specificity: 1.0, gmean: 0.7071067811865476, mcc: 0.5773502691896258 

test at step 1890: 0.3581081032752991
test loss at step 1890: 5.23554801940918
tp: 25, tn: 28, fp: 3, fn: 92
accuracy: 0.3581081081081081, precision: 0.8928571428571429, recall: 0.21367521367521367, F1: 0.3448275862068965
specificity: 0.9032258064516129, gmean: 0.43931420098889995, mcc: 0.12145696932229409 

train at step 1900: 1.0
train loss at step 1900: 0.00014180428115651011
train at step 1910: 1.0
train loss at step 1910: 0.00014568123151548207
train at step 1920: 1.0
train loss at step 1920: 0.00011430092854425311
dev at step 1920: 0.75
dev loss at step 1920: 0.5701975226402283
tp: 1, tn: 2, fp: 0, fn: 1
accuracy: 0.75, precision: 1.0, recall: 0.5, F1: 0.6666666666666666
specificity: 1.0, gmean: 0.7071067811865476, mcc: 0.5773502691896258 

test at step 1920: 0.36486485600471497
test loss at step 1920: 5.22125244140625
tp: 26, tn: 28, fp: 3, fn: 91
accuracy: 0.36486486486486486, precision: 0.896551724137931, recall: 0.2222222222222222, F1: 0.35616438356164376
specificity: 0.9032258064516129, gmean: 0.4480143366881647, mcc: 0.12860715742434142 

train at step 1930: 1.0
train loss at step 1930: 0.0001471294672228396
train at step 1940: 1.0
train loss at step 1940: 0.00012239042553119361
train at step 1950: 1.0
train loss at step 1950: 0.0001159111488959752
dev at step 1950: 0.75
dev loss at step 1950: 0.5712855458259583
tp: 1, tn: 2, fp: 0, fn: 1
accuracy: 0.75, precision: 1.0, recall: 0.5, F1: 0.6666666666666666
specificity: 1.0, gmean: 0.7071067811865476, mcc: 0.5773502691896258 

test at step 1950: 0.36486485600471497
test loss at step 1950: 5.21335506439209
tp: 26, tn: 28, fp: 3, fn: 91
accuracy: 0.36486486486486486, precision: 0.896551724137931, recall: 0.2222222222222222, F1: 0.35616438356164376
specificity: 0.9032258064516129, gmean: 0.4480143366881647, mcc: 0.12860715742434142 

train at step 1960: 1.0
train loss at step 1960: 0.00013826163194607943
train at step 1970: 1.0
train loss at step 1970: 0.00011098268441855907
train at step 1980: 1.0
train loss at step 1980: 0.00011798930063378066
dev at step 1980: 0.75
dev loss at step 1980: 0.571384608745575
tp: 1, tn: 2, fp: 0, fn: 1
accuracy: 0.75, precision: 1.0, recall: 0.5, F1: 0.6666666666666666
specificity: 1.0, gmean: 0.7071067811865476, mcc: 0.5773502691896258 

test at step 1980: 0.36486485600471497
test loss at step 1980: 5.203302383422852
tp: 26, tn: 28, fp: 3, fn: 91
accuracy: 0.36486486486486486, precision: 0.896551724137931, recall: 0.2222222222222222, F1: 0.35616438356164376
specificity: 0.9032258064516129, gmean: 0.4480143366881647, mcc: 0.12860715742434142 

train at step 1990: 1.0
train loss at step 1990: 0.0001131382305175066
train at step 2000: 1.0
train loss at step 2000: 0.00011792257282650098
train at step 2010: 1.0
train loss at step 2010: 0.00010334789840271696
dev at step 2010: 0.75
dev loss at step 2010: 0.591640293598175
tp: 1, tn: 2, fp: 0, fn: 1
accuracy: 0.75, precision: 1.0, recall: 0.5, F1: 0.6666666666666666
specificity: 1.0, gmean: 0.7071067811865476, mcc: 0.5773502691896258 

test at step 2010: 0.36486485600471497
test loss at step 2010: 5.251773834228516
tp: 26, tn: 28, fp: 3, fn: 91
accuracy: 0.36486486486486486, precision: 0.896551724137931, recall: 0.2222222222222222, F1: 0.35616438356164376
specificity: 0.9032258064516129, gmean: 0.4480143366881647, mcc: 0.12860715742434142 

train at step 2020: 1.0
train loss at step 2020: 0.00010769950313260779
train at step 2030: 1.0
train loss at step 2030: 0.00011164871830260381
train at step 2040: 1.0
train loss at step 2040: 8.741233614273369e-05
dev at step 2040: 0.75
dev loss at step 2040: 0.5887782573699951
tp: 1, tn: 2, fp: 0, fn: 1
accuracy: 0.75, precision: 1.0, recall: 0.5, F1: 0.6666666666666666
specificity: 1.0, gmean: 0.7071067811865476, mcc: 0.5773502691896258 

test at step 2040: 0.36486485600471497
test loss at step 2040: 5.234246730804443
tp: 26, tn: 28, fp: 3, fn: 91
accuracy: 0.36486486486486486, precision: 0.896551724137931, recall: 0.2222222222222222, F1: 0.35616438356164376
specificity: 0.9032258064516129, gmean: 0.4480143366881647, mcc: 0.12860715742434142 

train at step 2050: 1.0
train loss at step 2050: 0.00011351332068443298
train at step 2060: 1.0
train loss at step 2060: 9.459747525397688e-05
train at step 2070: 1.0
train loss at step 2070: 8.996392716653645e-05
dev at step 2070: 0.75
dev loss at step 2070: 0.5908335447311401
tp: 1, tn: 2, fp: 0, fn: 1
accuracy: 0.75, precision: 1.0, recall: 0.5, F1: 0.6666666666666666
specificity: 1.0, gmean: 0.7071067811865476, mcc: 0.5773502691896258 

test at step 2070: 0.36486485600471497
test loss at step 2070: 5.230443954467773
tp: 26, tn: 28, fp: 3, fn: 91
accuracy: 0.36486486486486486, precision: 0.896551724137931, recall: 0.2222222222222222, F1: 0.35616438356164376
specificity: 0.9032258064516129, gmean: 0.4480143366881647, mcc: 0.12860715742434142 

train at step 2080: 1.0
train loss at step 2080: 0.00010796626884257421
train at step 2090: 1.0
train loss at step 2090: 8.689134119777009e-05
train at step 2100: 1.0
train loss at step 2100: 9.253963071387261e-05
dev at step 2100: 0.75
dev loss at step 2100: 0.590861976146698
tp: 1, tn: 2, fp: 0, fn: 1
accuracy: 0.75, precision: 1.0, recall: 0.5, F1: 0.6666666666666666
specificity: 1.0, gmean: 0.7071067811865476, mcc: 0.5773502691896258 

test at step 2100: 0.36486485600471497
test loss at step 2100: 5.22136116027832
tp: 26, tn: 28, fp: 3, fn: 91
accuracy: 0.36486486486486486, precision: 0.896551724137931, recall: 0.2222222222222222, F1: 0.35616438356164376
specificity: 0.9032258064516129, gmean: 0.4480143366881647, mcc: 0.12860715742434142 

train at step 2110: 1.0
train loss at step 2110: 8.936839003581554e-05
train at step 2120: 1.0
train loss at step 2120: 9.313123155152425e-05
train at step 2130: 1.0
train loss at step 2130: 8.203274046536535e-05
dev at step 2130: 0.75
dev loss at step 2130: 0.6088091731071472
tp: 1, tn: 2, fp: 0, fn: 1
accuracy: 0.75, precision: 1.0, recall: 0.5, F1: 0.6666666666666666
specificity: 1.0, gmean: 0.7071067811865476, mcc: 0.5773502691896258 

test at step 2130: 0.36486485600471497
test loss at step 2130: 5.264446258544922
tp: 26, tn: 28, fp: 3, fn: 91
accuracy: 0.36486486486486486, precision: 0.896551724137931, recall: 0.2222222222222222, F1: 0.35616438356164376
specificity: 0.9032258064516129, gmean: 0.4480143366881647, mcc: 0.12860715742434142 

train at step 2140: 1.0
train loss at step 2140: 8.559689013054594e-05
train at step 2150: 1.0
train loss at step 2150: 8.933765639085323e-05
train at step 2160: 1.0
train loss at step 2160: 6.975899304961786e-05
dev at step 2160: 0.75
dev loss at step 2160: 0.6056957840919495
tp: 1, tn: 2, fp: 0, fn: 1
accuracy: 0.75, precision: 1.0, recall: 0.5, F1: 0.6666666666666666
specificity: 1.0, gmean: 0.7071067811865476, mcc: 0.5773502691896258 

test at step 2160: 0.36486485600471497
test loss at step 2160: 5.247084140777588
tp: 26, tn: 28, fp: 3, fn: 91
accuracy: 0.36486486486486486, precision: 0.896551724137931, recall: 0.2222222222222222, F1: 0.35616438356164376
specificity: 0.9032258064516129, gmean: 0.4480143366881647, mcc: 0.12860715742434142 

train at step 2170: 1.0
train loss at step 2170: 9.122387564275414e-05
train at step 2180: 1.0
train loss at step 2180: 7.605101563967764e-05
train at step 2190: 1.0
train loss at step 2190: 7.254416414070874e-05
dev at step 2190: 0.75
dev loss at step 2190: 0.6079397201538086
tp: 1, tn: 2, fp: 0, fn: 1
accuracy: 0.75, precision: 1.0, recall: 0.5, F1: 0.6666666666666666
specificity: 1.0, gmean: 0.7071067811865476, mcc: 0.5773502691896258 

test at step 2190: 0.36486485600471497
test loss at step 2190: 5.244734287261963
tp: 26, tn: 28, fp: 3, fn: 91
accuracy: 0.36486486486486486, precision: 0.896551724137931, recall: 0.2222222222222222, F1: 0.35616438356164376
specificity: 0.9032258064516129, gmean: 0.4480143366881647, mcc: 0.12860715742434142 

train at step 2200: 1.0
train loss at step 2200: 8.745731611270458e-05
train at step 2210: 1.0
train loss at step 2210: 7.048674888210371e-05
train at step 2220: 1.0
train loss at step 2220: 7.512693991884589e-05
dev at step 2220: 0.75
dev loss at step 2220: 0.6079846620559692
tp: 1, tn: 2, fp: 0, fn: 1
accuracy: 0.75, precision: 1.0, recall: 0.5, F1: 0.6666666666666666
specificity: 1.0, gmean: 0.7071067811865476, mcc: 0.5773502691896258 

test at step 2220: 0.36486485600471497
test loss at step 2220: 5.23647403717041
tp: 26, tn: 28, fp: 3, fn: 91
accuracy: 0.36486486486486486, precision: 0.896551724137931, recall: 0.2222222222222222, F1: 0.35616438356164376
specificity: 0.9032258064516129, gmean: 0.4480143366881647, mcc: 0.12860715742434142 

train at step 2230: 1.0
train loss at step 2230: 7.296891999430954e-05
train at step 2240: 1.0
train loss at step 2240: 7.598965748911723e-05
train at step 2250: 1.0
train loss at step 2250: 6.718989607179537e-05
dev at step 2250: 0.75
dev loss at step 2250: 0.6240573525428772
tp: 1, tn: 2, fp: 0, fn: 1
accuracy: 0.75, precision: 1.0, recall: 0.5, F1: 0.6666666666666666
specificity: 1.0, gmean: 0.7071067811865476, mcc: 0.5773502691896258 

test at step 2250: 0.36486485600471497
test loss at step 2250: 5.275106906890869
tp: 26, tn: 28, fp: 3, fn: 91
accuracy: 0.36486486486486486, precision: 0.896551724137931, recall: 0.2222222222222222, F1: 0.35616438356164376
specificity: 0.9032258064516129, gmean: 0.4480143366881647, mcc: 0.12860715742434142 

train at step 2260: 1.0
train loss at step 2260: 7.014762377366424e-05
train at step 2270: 1.0
train loss at step 2270: 7.358977745752782e-05
train at step 2280: 1.0
train loss at step 2280: 5.7319884945172817e-05
dev at step 2280: 0.75
dev loss at step 2280: 0.6211776733398438
tp: 1, tn: 2, fp: 0, fn: 1
accuracy: 0.75, precision: 1.0, recall: 0.5, F1: 0.6666666666666666
specificity: 1.0, gmean: 0.7071067811865476, mcc: 0.5773502691896258 

test at step 2280: 0.36486485600471497
test loss at step 2280: 5.258988857269287
tp: 26, tn: 28, fp: 3, fn: 91
accuracy: 0.36486486486486486, precision: 0.896551724137931, recall: 0.2222222222222222, F1: 0.35616438356164376
specificity: 0.9032258064516129, gmean: 0.4480143366881647, mcc: 0.12860715742434142 

train at step 2290: 1.0
train loss at step 2290: 7.538365753134713e-05
train at step 2300: 1.0
train loss at step 2300: 6.283840048126876e-05
train at step 2310: 1.0
train loss at step 2310: 6.007852061884478e-05
dev at step 2310: 0.75
dev loss at step 2310: 0.6232867240905762
tp: 1, tn: 2, fp: 0, fn: 1
accuracy: 0.75, precision: 1.0, recall: 0.5, F1: 0.6666666666666666
specificity: 1.0, gmean: 0.7071067811865476, mcc: 0.5773502691896258 

test at step 2310: 0.36486485600471497
test loss at step 2310: 5.256903648376465
tp: 26, tn: 28, fp: 3, fn: 91
accuracy: 0.36486486486486486, precision: 0.896551724137931, recall: 0.2222222222222222, F1: 0.35616438356164376
specificity: 0.9032258064516129, gmean: 0.4480143366881647, mcc: 0.12860715742434142 

train at step 2320: 1.0
train loss at step 2320: 7.268802437465638e-05
train at step 2330: 1.0
train loss at step 2330: 5.8627414546208456e-05
train at step 2340: 1.0
train loss at step 2340: 6.251584272831678e-05
dev at step 2340: 0.75
dev loss at step 2340: 0.6234468817710876
tp: 1, tn: 2, fp: 0, fn: 1
accuracy: 0.75, precision: 1.0, recall: 0.5, F1: 0.6666666666666666
specificity: 1.0, gmean: 0.7071067811865476, mcc: 0.5773502691896258 

test at step 2340: 0.36486485600471497
test loss at step 2340: 5.249516487121582
tp: 26, tn: 28, fp: 3, fn: 91
accuracy: 0.36486486486486486, precision: 0.896551724137931, recall: 0.2222222222222222, F1: 0.35616438356164376
specificity: 0.9032258064516129, gmean: 0.4480143366881647, mcc: 0.12860715742434142 

train at step 2350: 1.0
train loss at step 2350: 6.099038728279993e-05
train at step 2360: 1.0
train loss at step 2360: 6.346199370454997e-05
train at step 2370: 1.0
train loss at step 2370: 5.628243161481805e-05
dev at step 2370: 0.75
dev loss at step 2370: 0.637972891330719
tp: 1, tn: 2, fp: 0, fn: 1
accuracy: 0.75, precision: 1.0, recall: 0.5, F1: 0.6666666666666666
specificity: 1.0, gmean: 0.7071067811865476, mcc: 0.5773502691896258 

test at step 2370: 0.36486485600471497
test loss at step 2370: 5.284435749053955
tp: 26, tn: 28, fp: 3, fn: 91
accuracy: 0.36486486486486486, precision: 0.896551724137931, recall: 0.2222222222222222, F1: 0.35616438356164376
specificity: 0.9032258064516129, gmean: 0.4480143366881647, mcc: 0.12860715742434142 

train at step 2380: 1.0
train loss at step 2380: 5.877081275684759e-05
train at step 2390: 1.0
train loss at step 2390: 6.191285501699895e-05
train at step 2400: 1.0
train loss at step 2400: 4.8114819946931675e-05
dev at step 2400: 0.75
dev loss at step 2400: 0.6354924440383911
tp: 1, tn: 2, fp: 0, fn: 1
accuracy: 0.75, precision: 1.0, recall: 0.5, F1: 0.6666666666666666
specificity: 1.0, gmean: 0.7071067811865476, mcc: 0.5773502691896258 

test at step 2400: 0.37162160873413086
test loss at step 2400: 5.269855976104736
tp: 27, tn: 28, fp: 3, fn: 90
accuracy: 0.3716216216216216, precision: 0.9, recall: 0.23076923076923078, F1: 0.3673469387755102
specificity: 0.9032258064516129, gmean: 0.45654870995958013, mcc: 0.13563159233303201 

train at step 2410: 1.0
train loss at step 2410: 6.357340316753834e-05
train at step 2420: 1.0
train loss at step 2420: 5.2969902753829956e-05
train at step 2430: 1.0
train loss at step 2430: 5.073883221484721e-05
dev at step 2430: 0.75
dev loss at step 2430: 0.6373612880706787
tp: 1, tn: 2, fp: 0, fn: 1
accuracy: 0.75, precision: 1.0, recall: 0.5, F1: 0.6666666666666666
specificity: 1.0, gmean: 0.7071067811865476, mcc: 0.5773502691896258 

test at step 2430: 0.37162160873413086
test loss at step 2430: 5.267553329467773
tp: 27, tn: 28, fp: 3, fn: 90
accuracy: 0.3716216216216216, precision: 0.9, recall: 0.23076923076923078, F1: 0.3673469387755102
specificity: 0.9032258064516129, gmean: 0.45654870995958013, mcc: 0.13563159233303201 

train at step 2440: 1.0
train loss at step 2440: 6.155925075290725e-05
train at step 2450: 1.0
train loss at step 2450: 4.9686226702760905e-05
train at step 2460: 1.0
train loss at step 2460: 5.2980110922362655e-05
dev at step 2460: 0.75
dev loss at step 2460: 0.6376392841339111
tp: 1, tn: 2, fp: 0, fn: 1
accuracy: 0.75, precision: 1.0, recall: 0.5, F1: 0.6666666666666666
specificity: 1.0, gmean: 0.7071067811865476, mcc: 0.5773502691896258 

test at step 2460: 0.37162160873413086
test loss at step 2460: 5.2608962059021
tp: 27, tn: 28, fp: 3, fn: 90
accuracy: 0.3716216216216216, precision: 0.9, recall: 0.23076923076923078, F1: 0.3673469387755102
specificity: 0.9032258064516129, gmean: 0.45654870995958013, mcc: 0.13563159233303201 

train at step 2470: 1.0
train loss at step 2470: 5.188682189327665e-05
train at step 2480: 1.0
train loss at step 2480: 5.394040999817662e-05
train at step 2490: 1.0
train loss at step 2490: 4.794904452865012e-05
dev at step 2490: 0.75
dev loss at step 2490: 0.6509242057800293
tp: 1, tn: 2, fp: 0, fn: 1
accuracy: 0.75, precision: 1.0, recall: 0.5, F1: 0.6666666666666666
specificity: 1.0, gmean: 0.7071067811865476, mcc: 0.5773502691896258 

test at step 2490: 0.37162160873413086
test loss at step 2490: 5.292836666107178
tp: 27, tn: 28, fp: 3, fn: 90
accuracy: 0.3716216216216216, precision: 0.9, recall: 0.23076923076923078, F1: 0.3673469387755102
specificity: 0.9032258064516129, gmean: 0.45654870995958013, mcc: 0.13563159233303201 

train at step 2500: 1.0
train loss at step 2500: 5.007834261050448e-05
train at step 2510: 1.0
train loss at step 2510: 5.2923220209777355e-05
train at step 2520: 1.0
train loss at step 2520: 4.105421976419166e-05
dev at step 2520: 0.75
dev loss at step 2520: 0.6488465070724487
tp: 1, tn: 2, fp: 0, fn: 1
accuracy: 0.75, precision: 1.0, recall: 0.5, F1: 0.6666666666666666
specificity: 1.0, gmean: 0.7071067811865476, mcc: 0.5773502691896258 

test at step 2520: 0.37162160873413086
test loss at step 2520: 5.279689788818359
tp: 27, tn: 28, fp: 3, fn: 90
accuracy: 0.3716216216216216, precision: 0.9, recall: 0.23076923076923078, F1: 0.3673469387755102
specificity: 0.9032258064516129, gmean: 0.45654870995958013, mcc: 0.13563159233303201 

train at step 2530: 1.0
train loss at step 2530: 5.445863280328922e-05
train at step 2540: 1.0
train loss at step 2540: 4.533664832706563e-05
train at step 2550: 1.0
train loss at step 2550: 4.3498846935108304e-05
dev at step 2550: 0.75
dev loss at step 2550: 0.6505106687545776
tp: 1, tn: 2, fp: 0, fn: 1
accuracy: 0.75, precision: 1.0, recall: 0.5, F1: 0.6666666666666666
specificity: 1.0, gmean: 0.7071067811865476, mcc: 0.5773502691896258 

test at step 2550: 0.37837839126586914
test loss at step 2550: 5.277148723602295
tp: 28, tn: 28, fp: 3, fn: 89
accuracy: 0.3783783783783784, precision: 0.9032258064516129, recall: 0.23931623931623933, F1: 0.37837837837837845
specificity: 0.9032258064516129, gmean: 0.46492644929427007, mcc: 0.14254204576785223 

train at step 2560: 1.0
train loss at step 2560: 5.289881300996058e-05
train at step 2570: 1.0
train loss at step 2570: 4.270621502655558e-05
train at step 2580: 1.0
train loss at step 2580: 4.553816688712686e-05
dev at step 2580: 0.75
dev loss at step 2580: 0.6508831977844238
tp: 1, tn: 2, fp: 0, fn: 1
accuracy: 0.75, precision: 1.0, recall: 0.5, F1: 0.6666666666666666
specificity: 1.0, gmean: 0.7071067811865476, mcc: 0.5773502691896258 

test at step 2580: 0.38513514399528503
test loss at step 2580: 5.271052360534668
tp: 29, tn: 28, fp: 3, fn: 88
accuracy: 0.38513513513513514, precision: 0.90625, recall: 0.24786324786324787, F1: 0.38926174496644295
specificity: 0.9032258064516129, gmean: 0.4731558748879676, mcc: 0.14934916434033063 

train at step 2590: 1.0
train loss at step 2590: 4.474591332837008e-05
train at step 2600: 1.0
train loss at step 2600: 4.6463454054901376e-05
train at step 2610: 1.0
train loss at step 2610: 4.139361408306286e-05
dev at step 2610: 0.75
dev loss at step 2610: 0.6631423234939575
tp: 1, tn: 2, fp: 0, fn: 1
accuracy: 0.75, precision: 1.0, recall: 0.5, F1: 0.6666666666666666
specificity: 1.0, gmean: 0.7071067811865476, mcc: 0.5773502691896258 

test at step 2610: 0.37837839126586914
test loss at step 2610: 5.300531387329102
tp: 28, tn: 28, fp: 3, fn: 89
accuracy: 0.3783783783783784, precision: 0.9032258064516129, recall: 0.23931623931623933, F1: 0.37837837837837845
specificity: 0.9032258064516129, gmean: 0.46492644929427007, mcc: 0.14254204576785223 

train at step 2620: 1.0
train loss at step 2620: 4.322714084992185e-05
train at step 2630: 1.0
train loss at step 2630: 4.581506800604984e-05
train at step 2640: 1.0
train loss at step 2640: 3.546402876963839e-05
dev at step 2640: 0.75
dev loss at step 2640: 0.6614306569099426
tp: 1, tn: 2, fp: 0, fn: 1
accuracy: 0.75, precision: 1.0, recall: 0.5, F1: 0.6666666666666666
specificity: 1.0, gmean: 0.7071067811865476, mcc: 0.5773502691896258 

test at step 2640: 0.38513514399528503
test loss at step 2640: 5.288634777069092
tp: 29, tn: 28, fp: 3, fn: 88
accuracy: 0.38513513513513514, precision: 0.90625, recall: 0.24786324786324787, F1: 0.38926174496644295
specificity: 0.9032258064516129, gmean: 0.4731558748879676, mcc: 0.14934916434033063 

train at step 2650: 1.0
train loss at step 2650: 4.72201281809248e-05
train at step 2660: 1.0
train loss at step 2660: 3.9276528696063906e-05
train at step 2670: 1.0
train loss at step 2670: 3.774040305870585e-05
dev at step 2670: 0.75
dev loss at step 2670: 0.6629007458686829
tp: 1, tn: 2, fp: 0, fn: 1
accuracy: 0.75, precision: 1.0, recall: 0.5, F1: 0.6666666666666666
specificity: 1.0, gmean: 0.7071067811865476, mcc: 0.5773502691896258 

test at step 2670: 0.38513514399528503
test loss at step 2670: 5.285791873931885
tp: 29, tn: 28, fp: 3, fn: 88
accuracy: 0.38513513513513514, precision: 0.90625, recall: 0.24786324786324787, F1: 0.38926174496644295
specificity: 0.9032258064516129, gmean: 0.4731558748879676, mcc: 0.14934916434033063 

train at step 2680: 1.0
train loss at step 2680: 4.5985048927832395e-05
train at step 2690: 1.0
train loss at step 2690: 3.7126555980648845e-05
train at step 2700: 1.0
train loss at step 2700: 3.958150773542002e-05
dev at step 2700: 0.75
dev loss at step 2700: 0.6633680462837219
tp: 1, tn: 2, fp: 0, fn: 1
accuracy: 0.75, precision: 1.0, recall: 0.5, F1: 0.6666666666666666
specificity: 1.0, gmean: 0.7071067811865476, mcc: 0.5773502691896258 

test at step 2700: 0.38513514399528503
test loss at step 2700: 5.280186176300049
tp: 29, tn: 28, fp: 3, fn: 88
accuracy: 0.38513513513513514, precision: 0.90625, recall: 0.24786324786324787, F1: 0.38926174496644295
specificity: 0.9032258064516129, gmean: 0.4731558748879676, mcc: 0.14934916434033063 

train at step 2710: 1.0
train loss at step 2710: 3.901057789335027e-05
train at step 2720: 1.0
train loss at step 2720: 4.046284448122606e-05
train at step 2730: 1.0
train loss at step 2730: 3.611042120610364e-05
dev at step 2730: 0.75
dev loss at step 2730: 0.6747890114784241
tp: 1, tn: 2, fp: 0, fn: 1
accuracy: 0.75, precision: 1.0, recall: 0.5, F1: 0.6666666666666666
specificity: 1.0, gmean: 0.7071067811865476, mcc: 0.5773502691896258 

test at step 2730: 0.38513514399528503
test loss at step 2730: 5.30766487121582
tp: 29, tn: 28, fp: 3, fn: 88
accuracy: 0.38513513513513514, precision: 0.90625, recall: 0.24786324786324787, F1: 0.38926174496644295
specificity: 0.9032258064516129, gmean: 0.4731558748879676, mcc: 0.14934916434033063 

train at step 2740: 1.0
train loss at step 2740: 3.770778130274266e-05
train at step 2750: 1.0
train loss at step 2750: 4.006034214398824e-05
train at step 2760: 1.0
train loss at step 2760: 3.096662840107456e-05
dev at step 2760: 0.75
dev loss at step 2760: 0.6734032034873962
tp: 1, tn: 2, fp: 0, fn: 1
accuracy: 0.75, precision: 1.0, recall: 0.5, F1: 0.6666666666666666
specificity: 1.0, gmean: 0.7071067811865476, mcc: 0.5773502691896258 

test at step 2760: 0.3918918967247009
test loss at step 2760: 5.296849250793457
tp: 30, tn: 28, fp: 3, fn: 87
accuracy: 0.3918918918918919, precision: 0.9090909090909091, recall: 0.2564102564102564, F1: 0.3999999999999999
specificity: 0.9032258064516129, gmean: 0.48124459542795767, mcc: 0.15606262078599573 

train at step 2770: 1.0
train loss at step 2770: 4.1346218495164067e-05
train at step 2780: 1.0
train loss at step 2780: 3.436651604715735e-05
train at step 2790: 1.0
train loss at step 2790: 3.305609425297007e-05
dev at step 2790: 0.75
dev loss at step 2790: 0.6747258901596069
tp: 1, tn: 2, fp: 0, fn: 1
accuracy: 0.75, precision: 1.0, recall: 0.5, F1: 0.6666666666666666
specificity: 1.0, gmean: 0.7071067811865476, mcc: 0.5773502691896258 

test at step 2790: 0.3918918967247009
test loss at step 2790: 5.293769836425781
tp: 30, tn: 28, fp: 3, fn: 87
accuracy: 0.3918918918918919, precision: 0.9090909090909091, recall: 0.2564102564102564, F1: 0.3999999999999999
specificity: 0.9032258064516129, gmean: 0.48124459542795767, mcc: 0.15606262078599573 

train at step 2800: 1.0
train loss at step 2800: 4.034650919493288e-05
train at step 2810: 1.0
train loss at step 2810: 3.258527067373507e-05
train at step 2820: 1.0
train loss at step 2820: 3.4720600524451584e-05
dev at step 2820: 0.75
dev loss at step 2820: 0.6752573251724243
tp: 1, tn: 2, fp: 0, fn: 1
accuracy: 0.75, precision: 1.0, recall: 0.5, F1: 0.6666666666666666
specificity: 1.0, gmean: 0.7071067811865476, mcc: 0.5773502691896258 

test at step 2820: 0.3918918967247009
test loss at step 2820: 5.28850793838501
tp: 30, tn: 28, fp: 3, fn: 87
accuracy: 0.3918918918918919, precision: 0.9090909090909091, recall: 0.2564102564102564, F1: 0.3999999999999999
specificity: 0.9032258064516129, gmean: 0.48124459542795767, mcc: 0.15606262078599573 

train at step 2830: 1.0
train loss at step 2830: 3.431286313571036e-05
train at step 2840: 1.0
train loss at step 2840: 3.554904833436012e-05
train at step 2850: 1.0
train loss at step 2850: 3.178218685206957e-05
dev at step 2850: 0.75
dev loss at step 2850: 0.6859861016273499
tp: 1, tn: 2, fp: 0, fn: 1
accuracy: 0.75, precision: 1.0, recall: 0.5, F1: 0.6666666666666666
specificity: 1.0, gmean: 0.7071067811865476, mcc: 0.5773502691896258 

test at step 2850: 0.3918918967247009
test loss at step 2850: 5.314351558685303
tp: 30, tn: 28, fp: 3, fn: 87
accuracy: 0.3918918918918919, precision: 0.9090909090909091, recall: 0.2564102564102564, F1: 0.3999999999999999
specificity: 0.9032258064516129, gmean: 0.48124459542795767, mcc: 0.15606262078599573 

train at step 2860: 1.0
train loss at step 2860: 3.317988375783898e-05
train at step 2870: 1.0
train loss at step 2870: 3.5322394978720695e-05
train at step 2880: 1.0
train loss at step 2880: 2.725735612330027e-05
dev at step 2880: 0.75
dev loss at step 2880: 0.6848764419555664
tp: 1, tn: 2, fp: 0, fn: 1
accuracy: 0.75, precision: 1.0, recall: 0.5, F1: 0.6666666666666666
specificity: 1.0, gmean: 0.7071067811865476, mcc: 0.5773502691896258 

test at step 2880: 0.3918918967247009
test loss at step 2880: 5.304432392120361
tp: 30, tn: 28, fp: 3, fn: 87
accuracy: 0.3918918918918919, precision: 0.9090909090909091, recall: 0.2564102564102564, F1: 0.3999999999999999
specificity: 0.9032258064516129, gmean: 0.48124459542795767, mcc: 0.15606262078599573 

train at step 2890: 1.0
train loss at step 2890: 3.649875725386664e-05
train at step 2900: 1.0
train loss at step 2900: 3.0304203392006457e-05
train at step 2910: 1.0
train loss at step 2910: 2.9184477170929313e-05
dev at step 2910: 0.75
dev loss at step 2910: 0.6860768795013428
tp: 1, tn: 2, fp: 0, fn: 1
accuracy: 0.75, precision: 1.0, recall: 0.5, F1: 0.6666666666666666
specificity: 1.0, gmean: 0.7071067811865476, mcc: 0.5773502691896258 

test at step 2910: 0.3918918967247009
test loss at step 2910: 5.301136016845703
tp: 30, tn: 28, fp: 3, fn: 87
accuracy: 0.3918918918918919, precision: 0.9090909090909091, recall: 0.2564102564102564, F1: 0.3999999999999999
specificity: 0.9032258064516129, gmean: 0.48124459542795767, mcc: 0.15606262078599573 

train at step 2920: 1.0
train loss at step 2920: 3.567708336049691e-05
train at step 2930: 1.0
train loss at step 2930: 2.881571344914846e-05
train at step 2940: 1.0
train loss at step 2940: 3.0694747692905366e-05
dev at step 2940: 0.75
dev loss at step 2940: 0.686668872833252
tp: 1, tn: 2, fp: 0, fn: 1
accuracy: 0.75, precision: 1.0, recall: 0.5, F1: 0.6666666666666666
specificity: 1.0, gmean: 0.7071067811865476, mcc: 0.5773502691896258 

test at step 2940: 0.3918918967247009
test loss at step 2940: 5.296163558959961
tp: 30, tn: 28, fp: 3, fn: 87
accuracy: 0.3918918918918919, precision: 0.9090909090909091, recall: 0.2564102564102564, F1: 0.3999999999999999
specificity: 0.9032258064516129, gmean: 0.48124459542795767, mcc: 0.15606262078599573 

train at step 2950: 1.0
train loss at step 2950: 3.0409972168854438e-05
train at step 2960: 1.0
train loss at step 2960: 3.146359449601732e-05
train at step 2970: 1.0
train loss at step 2970: 2.8168320568511263e-05
dev at step 2970: 0.75
dev loss at step 2970: 0.696797788143158
tp: 1, tn: 2, fp: 0, fn: 1
accuracy: 0.75, precision: 1.0, recall: 0.5, F1: 0.6666666666666666
specificity: 1.0, gmean: 0.7071067811865476, mcc: 0.5773502691896258 

test at step 2970: 0.3918918967247009
test loss at step 2970: 5.320586681365967
tp: 30, tn: 28, fp: 3, fn: 87
accuracy: 0.3918918918918919, precision: 0.9090909090909091, recall: 0.2564102564102564, F1: 0.3999999999999999
specificity: 0.9032258064516129, gmean: 0.48124459542795767, mcc: 0.15606262078599573 

train at step 2980: 1.0
train loss at step 2980: 2.9402857762761414e-05
train at step 2990: 1.0
train loss at step 2990: 3.135692168143578e-05
train at step 3000: 1.0
train loss at step 3000: 2.416787901893258e-05
dev at step 3000: 0.75
dev loss at step 3000: 0.6959331631660461
tp: 1, tn: 2, fp: 0, fn: 1
accuracy: 0.75, precision: 1.0, recall: 0.5, F1: 0.6666666666666666
specificity: 1.0, gmean: 0.7071067811865476, mcc: 0.5773502691896258 

test at step 3000: 0.3918918967247009
test loss at step 3000: 5.3114447593688965
tp: 30, tn: 28, fp: 3, fn: 87
accuracy: 0.3918918918918919, precision: 0.9090909090909091, recall: 0.2564102564102564, F1: 0.3999999999999999
specificity: 0.9032258064516129, gmean: 0.48124459542795767, mcc: 0.15606262078599573 

