train at step 1510: 0.893750011920929
train loss at step 1510: 0.23851065337657928
train at step 1520: 1.0
train loss at step 1520: 0.022548362612724304
train at step 1530: 1.0
train loss at step 1530: 0.0027805857826024294
dev at step 1530: 0.5
New best on dev at step 1530: 0.5
dev loss at step 1530: 1.7412281036376953
tp: 1, tn: 1, fp: 1, fn: 1
accuracy: 0.5, precision: 0.5, recall: 0.5, F1: 0.5
specificity: 0.5, gmean: 0.5, mcc: 0.0 

test at step 1530: 0.4864864945411682
test loss at step 1530: 3.2246346473693848
tp: 44, tn: 28, fp: 3, fn: 73
accuracy: 0.4864864864864865, precision: 0.9361702127659575, recall: 0.37606837606837606, F1: 0.5365853658536586
specificity: 0.9032258064516129, gmean: 0.5828161479019841, mcc: 0.24413275478232038 

train at step 1540: 1.0
train loss at step 1540: 0.0010107411071658134
train at step 1550: 1.0
train loss at step 1550: 0.0006088072550483048
train at step 1560: 1.0
train loss at step 1560: 0.0005280618788674474
dev at step 1560: 0.5
dev loss at step 1560: 2.0641531944274902
tp: 1, tn: 1, fp: 1, fn: 1
accuracy: 0.5, precision: 0.5, recall: 0.5, F1: 0.5
specificity: 0.5, gmean: 0.5, mcc: 0.0 

test at step 1560: 0.44594594836235046
test loss at step 1560: 3.7451577186584473
tp: 39, tn: 27, fp: 4, fn: 78
accuracy: 0.44594594594594594, precision: 0.9069767441860465, recall: 0.3333333333333333, F1: 0.4875
specificity: 0.8709677419354839, gmean: 0.5388159060803247, mcc: 0.1831114715799767 

train at step 1570: 1.0
train loss at step 1570: 0.0004000187909696251
train at step 1580: 1.0
train loss at step 1580: 0.00039048781036399305
train at step 1590: 1.0
train loss at step 1590: 0.0003766873269341886
dev at step 1590: 0.5
dev loss at step 1590: 2.1544077396392822
tp: 1, tn: 1, fp: 1, fn: 1
accuracy: 0.5, precision: 0.5, recall: 0.5, F1: 0.5
specificity: 0.5, gmean: 0.5, mcc: 0.0 

test at step 1590: 0.4324324429035187
test loss at step 1590: 3.952766180038452
tp: 37, tn: 27, fp: 4, fn: 80
accuracy: 0.43243243243243246, precision: 0.9024390243902439, recall: 0.3162393162393162, F1: 0.46835443037974683
specificity: 0.8709677419354839, gmean: 0.524818295390108, mcc: 0.1702206244136323 

train at step 1600: 1.0
train loss at step 1600: 0.00031246687285602093
train at step 1610: 1.0
train loss at step 1610: 0.00033206259831786156
train at step 1620: 1.0
train loss at step 1620: 0.0002821873058564961
dev at step 1620: 0.5
dev loss at step 1620: 2.2137277126312256
tp: 1, tn: 1, fp: 1, fn: 1
accuracy: 0.5, precision: 0.5, recall: 0.5, F1: 0.5
specificity: 0.5, gmean: 0.5, mcc: 0.0 

test at step 1620: 0.4256756901741028
test loss at step 1620: 4.050449371337891
tp: 36, tn: 27, fp: 4, fn: 81
accuracy: 0.42567567567567566, precision: 0.9, recall: 0.3076923076923077, F1: 0.45859872611464964
specificity: 0.8709677419354839, gmean: 0.5176775776887458, mcc: 0.1637040239095201 

train at step 1630: 1.0
train loss at step 1630: 0.000286446011159569
train at step 1640: 1.0
train loss at step 1640: 0.0002818563370965421
train at step 1650: 1.0
train loss at step 1650: 0.00022902971250005066
dev at step 1650: 0.5
dev loss at step 1650: 2.264627456665039
tp: 1, tn: 1, fp: 1, fn: 1
accuracy: 0.5, precision: 0.5, recall: 0.5, F1: 0.5
specificity: 0.5, gmean: 0.5, mcc: 0.0 

test at step 1650: 0.4256756901741028
test loss at step 1650: 4.1204118728637695
tp: 36, tn: 27, fp: 4, fn: 81
accuracy: 0.42567567567567566, precision: 0.9, recall: 0.3076923076923077, F1: 0.45859872611464964
specificity: 0.8709677419354839, gmean: 0.5176775776887458, mcc: 0.1637040239095201 

train at step 1660: 1.0
train loss at step 1660: 0.0002438656083540991
train at step 1670: 1.0
train loss at step 1670: 0.0002321600477444008
train at step 1680: 1.0
train loss at step 1680: 0.00023258037981577218
dev at step 1680: 0.5
dev loss at step 1680: 2.3109917640686035
tp: 1, tn: 1, fp: 1, fn: 1
accuracy: 0.5, precision: 0.5, recall: 0.5, F1: 0.5
specificity: 0.5, gmean: 0.5, mcc: 0.0 

test at step 1680: 0.4256756901741028
test loss at step 1680: 4.1907854080200195
tp: 36, tn: 27, fp: 4, fn: 81
accuracy: 0.42567567567567566, precision: 0.9, recall: 0.3076923076923077, F1: 0.45859872611464964
specificity: 0.8709677419354839, gmean: 0.5176775776887458, mcc: 0.1637040239095201 

train at step 1690: 1.0
train loss at step 1690: 0.00019880369654856622
train at step 1700: 1.0
train loss at step 1700: 0.00020491312898229808
train at step 1710: 1.0
train loss at step 1710: 0.00020669391960836947
dev at step 1710: 0.5
dev loss at step 1710: 2.354288101196289
tp: 1, tn: 1, fp: 1, fn: 1
accuracy: 0.5, precision: 0.5, recall: 0.5, F1: 0.5
specificity: 0.5, gmean: 0.5, mcc: 0.0 

test at step 1710: 0.4189189076423645
test loss at step 1710: 4.260903358459473
tp: 35, tn: 27, fp: 4, fn: 82
accuracy: 0.4189189189189189, precision: 0.8974358974358975, recall: 0.29914529914529914, F1: 0.44871794871794873
specificity: 0.8709677419354839, gmean: 0.5104369752547282, mcc: 0.15713243252708936 

train at step 1720: 1.0
train loss at step 1720: 0.00017665716586634517
train at step 1730: 1.0
train loss at step 1730: 0.00019043618522118777
train at step 1740: 1.0
train loss at step 1740: 0.00016788927314337343
dev at step 1740: 0.5
dev loss at step 1740: 2.3931260108947754
tp: 1, tn: 1, fp: 1, fn: 1
accuracy: 0.5, precision: 0.5, recall: 0.5, F1: 0.5
specificity: 0.5, gmean: 0.5, mcc: 0.0 

test at step 1740: 0.4189189076423645
test loss at step 1740: 4.316675662994385
tp: 35, tn: 27, fp: 4, fn: 82
accuracy: 0.4189189189189189, precision: 0.8974358974358975, recall: 0.29914529914529914, F1: 0.44871794871794873
specificity: 0.8709677419354839, gmean: 0.5104369752547282, mcc: 0.15713243252708936 

train at step 1750: 1.0
train loss at step 1750: 0.00017262042092625052
train at step 1760: 1.0
train loss at step 1760: 0.00017328569083474576
train at step 1770: 1.0
train loss at step 1770: 0.00014539892436005175
dev at step 1770: 0.5
dev loss at step 1770: 2.4286580085754395
tp: 1, tn: 1, fp: 1, fn: 1
accuracy: 0.5, precision: 0.5, recall: 0.5, F1: 0.5
specificity: 0.5, gmean: 0.5, mcc: 0.0 

test at step 1770: 0.4189189076423645
test loss at step 1770: 4.359001159667969
tp: 35, tn: 27, fp: 4, fn: 82
accuracy: 0.4189189189189189, precision: 0.8974358974358975, recall: 0.29914529914529914, F1: 0.44871794871794873
specificity: 0.8709677419354839, gmean: 0.5104369752547282, mcc: 0.15713243252708936 

train at step 1780: 1.0
train loss at step 1780: 0.00015462453302461654
train at step 1790: 1.0
train loss at step 1790: 0.00014937351807020605
train at step 1800: 1.0
train loss at step 1800: 0.0001528642897028476
dev at step 1800: 0.5
dev loss at step 1800: 2.462459087371826
tp: 1, tn: 1, fp: 1, fn: 1
accuracy: 0.5, precision: 0.5, recall: 0.5, F1: 0.5
specificity: 0.5, gmean: 0.5, mcc: 0.0 

test at step 1800: 0.4189189076423645
test loss at step 1800: 4.405452728271484
tp: 35, tn: 27, fp: 4, fn: 82
accuracy: 0.4189189189189189, precision: 0.8974358974358975, recall: 0.29914529914529914, F1: 0.44871794871794873
specificity: 0.8709677419354839, gmean: 0.5104369752547282, mcc: 0.15713243252708936 

train at step 1810: 1.0
train loss at step 1810: 0.0001322264870395884
train at step 1820: 1.0
train loss at step 1820: 0.00013710571511182934
train at step 1830: 1.0
train loss at step 1830: 0.00014066875155549496
dev at step 1830: 0.5
dev loss at step 1830: 2.4950814247131348
tp: 1, tn: 1, fp: 1, fn: 1
accuracy: 0.5, precision: 0.5, recall: 0.5, F1: 0.5
specificity: 0.5, gmean: 0.5, mcc: 0.0 

test at step 1830: 0.4189189076423645
test loss at step 1830: 4.4544806480407715
tp: 35, tn: 27, fp: 4, fn: 82
accuracy: 0.4189189189189189, precision: 0.8974358974358975, recall: 0.29914529914529914, F1: 0.44871794871794873
specificity: 0.8709677419354839, gmean: 0.5104369752547282, mcc: 0.15713243252708936 

train at step 1840: 1.0
train loss at step 1840: 0.00012128260277677327
train at step 1850: 1.0
train loss at step 1850: 0.00013113519526086748
train at step 1860: 1.0
train loss at step 1860: 0.00011763527436414734
dev at step 1860: 0.5
dev loss at step 1860: 2.5251007080078125
tp: 1, tn: 1, fp: 1, fn: 1
accuracy: 0.5, precision: 0.5, recall: 0.5, F1: 0.5
specificity: 0.5, gmean: 0.5, mcc: 0.0 

test at step 1860: 0.4189189076423645
test loss at step 1860: 4.494346618652344
tp: 35, tn: 27, fp: 4, fn: 82
accuracy: 0.4189189189189189, precision: 0.8974358974358975, recall: 0.29914529914529914, F1: 0.44871794871794873
specificity: 0.8709677419354839, gmean: 0.5104369752547282, mcc: 0.15713243252708936 

train at step 1870: 1.0
train loss at step 1870: 0.00012149584654252976
train at step 1880: 1.0
train loss at step 1880: 0.00012296743807382882
train at step 1890: 1.0
train loss at step 1890: 0.00010499206837266684
dev at step 1890: 0.5
dev loss at step 1890: 2.552910327911377
tp: 1, tn: 1, fp: 1, fn: 1
accuracy: 0.5, precision: 0.5, recall: 0.5, F1: 0.5
specificity: 0.5, gmean: 0.5, mcc: 0.0 

test at step 1890: 0.4189189076423645
test loss at step 1890: 4.522971153259277
tp: 35, tn: 27, fp: 4, fn: 82
accuracy: 0.4189189189189189, precision: 0.8974358974358975, recall: 0.29914529914529914, F1: 0.44871794871794873
specificity: 0.8709677419354839, gmean: 0.5104369752547282, mcc: 0.15713243252708936 

train at step 1900: 1.0
train loss at step 1900: 0.00011126378376502544
train at step 1910: 1.0
train loss at step 1910: 0.00010828753875102848
train at step 1920: 1.0
train loss at step 1920: 0.0001120761880883947
dev at step 1920: 0.5
dev loss at step 1920: 2.58017897605896
tp: 1, tn: 1, fp: 1, fn: 1
accuracy: 0.5, precision: 0.5, recall: 0.5, F1: 0.5
specificity: 0.5, gmean: 0.5, mcc: 0.0 

test at step 1920: 0.4189189076423645
test loss at step 1920: 4.558477878570557
tp: 35, tn: 27, fp: 4, fn: 82
accuracy: 0.4189189189189189, precision: 0.8974358974358975, recall: 0.29914529914529914, F1: 0.44871794871794873
specificity: 0.8709677419354839, gmean: 0.5104369752547282, mcc: 0.15713243252708936 

train at step 1930: 1.0
train loss at step 1930: 9.750982280820608e-05
train at step 1940: 1.0
train loss at step 1940: 0.00010134666081285104
train at step 1950: 1.0
train loss at step 1950: 0.00010499083145987242
dev at step 1950: 0.5
dev loss at step 1950: 2.6068291664123535
tp: 1, tn: 1, fp: 1, fn: 1
accuracy: 0.5, precision: 0.5, recall: 0.5, F1: 0.5
specificity: 0.5, gmean: 0.5, mcc: 0.0 

test at step 1950: 0.4189189076423645
test loss at step 1950: 4.596286296844482
tp: 35, tn: 27, fp: 4, fn: 82
accuracy: 0.4189189189189189, precision: 0.8974358974358975, recall: 0.29914529914529914, F1: 0.44871794871794873
specificity: 0.8709677419354839, gmean: 0.5104369752547282, mcc: 0.15713243252708936 

train at step 1960: 1.0
train loss at step 1960: 9.092155960388482e-05
train at step 1970: 1.0
train loss at step 1970: 9.836071694735438e-05
train at step 1980: 1.0
train loss at step 1980: 8.918972162064165e-05
dev at step 1980: 0.5
dev loss at step 1980: 2.6317319869995117
tp: 1, tn: 1, fp: 1, fn: 1
accuracy: 0.5, precision: 0.5, recall: 0.5, F1: 0.5
specificity: 0.5, gmean: 0.5, mcc: 0.0 

test at step 1980: 0.4189189076423645
test loss at step 1980: 4.627584934234619
tp: 35, tn: 27, fp: 4, fn: 82
accuracy: 0.4189189189189189, precision: 0.8974358974358975, recall: 0.29914529914529914, F1: 0.44871794871794873
specificity: 0.8709677419354839, gmean: 0.5104369752547282, mcc: 0.15713243252708936 

train at step 1990: 1.0
train loss at step 1990: 9.229848365066573e-05
train at step 2000: 1.0
train loss at step 2000: 9.384229633724317e-05
train at step 2010: 1.0
train loss at step 2010: 8.104041626211256e-05
dev at step 2010: 0.5
dev loss at step 2010: 2.6549713611602783
tp: 1, tn: 1, fp: 1, fn: 1
accuracy: 0.5, precision: 0.5, recall: 0.5, F1: 0.5
specificity: 0.5, gmean: 0.5, mcc: 0.0 

test at step 2010: 0.4189189076423645
test loss at step 2010: 4.6491193771362305
tp: 35, tn: 27, fp: 4, fn: 82
accuracy: 0.4189189189189189, precision: 0.8974358974358975, recall: 0.29914529914529914, F1: 0.44871794871794873
specificity: 0.8709677419354839, gmean: 0.5104369752547282, mcc: 0.15713243252708936 

train at step 2020: 1.0
train loss at step 2020: 8.55717808008194e-05
train at step 2030: 1.0
train loss at step 2030: 8.367344707949087e-05
train at step 2040: 1.0
train loss at step 2040: 8.723044447833672e-05
dev at step 2040: 0.5
dev loss at step 2040: 2.678159236907959
tp: 1, tn: 1, fp: 1, fn: 1
accuracy: 0.5, precision: 0.5, recall: 0.5, F1: 0.5
specificity: 0.5, gmean: 0.5, mcc: 0.0 

test at step 2040: 0.4189189076423645
test loss at step 2040: 4.678146839141846
tp: 35, tn: 27, fp: 4, fn: 82
accuracy: 0.4189189189189189, precision: 0.8974358974358975, recall: 0.29914529914529914, F1: 0.44871794871794873
specificity: 0.8709677419354839, gmean: 0.5104369752547282, mcc: 0.15713243252708936 

train at step 2050: 1.0
train loss at step 2050: 7.615758659085259e-05
train at step 2060: 1.0
train loss at step 2060: 7.92303544585593e-05
train at step 2070: 1.0
train loss at step 2070: 8.261422044597566e-05
dev at step 2070: 0.5
dev loss at step 2070: 2.7009801864624023
tp: 1, tn: 1, fp: 1, fn: 1
accuracy: 0.5, precision: 0.5, recall: 0.5, F1: 0.5
specificity: 0.5, gmean: 0.5, mcc: 0.0 

test at step 2070: 0.4189189076423645
test loss at step 2070: 4.7091383934021
tp: 35, tn: 27, fp: 4, fn: 82
accuracy: 0.4189189189189189, precision: 0.8974358974358975, recall: 0.29914529914529914, F1: 0.44871794871794873
specificity: 0.8709677419354839, gmean: 0.5104369752547282, mcc: 0.15713243252708936 

train at step 2080: 1.0
train loss at step 2080: 7.172542245825753e-05
train at step 2090: 1.0
train loss at step 2090: 7.758421270409599e-05
train at step 2100: 1.0
train loss at step 2100: 7.087249832693487e-05
dev at step 2100: 0.5
dev loss at step 2100: 2.7225232124328613
tp: 1, tn: 1, fp: 1, fn: 1
accuracy: 0.5, precision: 0.5, recall: 0.5, F1: 0.5
specificity: 0.5, gmean: 0.5, mcc: 0.0 

test at step 2100: 0.4189189076423645
test loss at step 2100: 4.7351508140563965
tp: 35, tn: 27, fp: 4, fn: 82
accuracy: 0.4189189189189189, precision: 0.8974358974358975, recall: 0.29914529914529914, F1: 0.44871794871794873
specificity: 0.8709677419354839, gmean: 0.5104369752547282, mcc: 0.15713243252708936 

train at step 2110: 1.0
train loss at step 2110: 7.340872252825648e-05
train at step 2120: 1.0
train loss at step 2120: 7.485529931727797e-05
train at step 2130: 1.0
train loss at step 2130: 6.518559530377388e-05
dev at step 2130: 0.5
dev loss at step 2130: 2.74272084236145
tp: 1, tn: 1, fp: 1, fn: 1
accuracy: 0.5, precision: 0.5, recall: 0.5, F1: 0.5
specificity: 0.5, gmean: 0.5, mcc: 0.0 

test at step 2130: 0.4189189076423645
test loss at step 2130: 4.752389907836914
tp: 35, tn: 27, fp: 4, fn: 82
accuracy: 0.4189189189189189, precision: 0.8974358974358975, recall: 0.29914529914529914, F1: 0.44871794871794873
specificity: 0.8709677419354839, gmean: 0.5104369752547282, mcc: 0.15713243252708936 

train at step 2140: 1.0
train loss at step 2140: 6.860464054625481e-05
train at step 2150: 1.0
train loss at step 2150: 6.728441803716123e-05
train at step 2160: 1.0
train loss at step 2160: 7.052789442241192e-05
dev at step 2160: 0.5
dev loss at step 2160: 2.7630906105041504
tp: 1, tn: 1, fp: 1, fn: 1
accuracy: 0.5, precision: 0.5, recall: 0.5, F1: 0.5
specificity: 0.5, gmean: 0.5, mcc: 0.0 

test at step 2160: 0.4121621549129486
test loss at step 2160: 4.77707052230835
tp: 34, tn: 27, fp: 4, fn: 83
accuracy: 0.41216216216216217, precision: 0.8947368421052632, recall: 0.2905982905982906, F1: 0.43870967741935485
specificity: 0.8709677419354839, gmean: 0.5030921754238529, mcc: 0.15049972187164673 

train at step 2170: 1.0
train loss at step 2170: 6.171541463118047e-05
train at step 2180: 1.0
train loss at step 2180: 6.421619036700577e-05
train at step 2190: 1.0
train loss at step 2190: 6.728264997946098e-05
dev at step 2190: 0.5
dev loss at step 2190: 2.783249855041504
tp: 1, tn: 1, fp: 1, fn: 1
accuracy: 0.5, precision: 0.5, recall: 0.5, F1: 0.5
specificity: 0.5, gmean: 0.5, mcc: 0.0 

test at step 2190: 0.4121621549129486
test loss at step 2190: 4.803581237792969
tp: 34, tn: 27, fp: 4, fn: 83
accuracy: 0.41216216216216217, precision: 0.8947368421052632, recall: 0.2905982905982906, F1: 0.43870967741935485
specificity: 0.8709677419354839, gmean: 0.5030921754238529, mcc: 0.15049972187164673 

train at step 2200: 1.0
train loss at step 2200: 5.850253364769742e-05
train at step 2210: 1.0
train loss at step 2210: 6.325528374873102e-05
train at step 2220: 1.0
train loss at step 2220: 5.811590381199494e-05
dev at step 2220: 0.5
dev loss at step 2220: 2.8024039268493652
tp: 1, tn: 1, fp: 1, fn: 1
accuracy: 0.5, precision: 0.5, recall: 0.5, F1: 0.5
specificity: 0.5, gmean: 0.5, mcc: 0.0 

test at step 2220: 0.4121621549129486
test loss at step 2220: 4.825961112976074
tp: 34, tn: 27, fp: 4, fn: 83
accuracy: 0.41216216216216217, precision: 0.8947368421052632, recall: 0.2905982905982906, F1: 0.43870967741935485
specificity: 0.8709677419354839, gmean: 0.5030921754238529, mcc: 0.15049972187164673 

train at step 2230: 1.0
train loss at step 2230: 6.021992885507643e-05
train at step 2240: 1.0
train loss at step 2240: 6.152433343231678e-05
train at step 2250: 1.0
train loss at step 2250: 5.392100501921959e-05
dev at step 2250: 0.5
dev loss at step 2250: 2.8204293251037598
tp: 1, tn: 1, fp: 1, fn: 1
accuracy: 0.5, precision: 0.5, recall: 0.5, F1: 0.5
specificity: 0.5, gmean: 0.5, mcc: 0.0 

test at step 2250: 0.4121621549129486
test loss at step 2250: 4.840390682220459
tp: 34, tn: 27, fp: 4, fn: 83
accuracy: 0.41216216216216217, precision: 0.8947368421052632, recall: 0.2905982905982906, F1: 0.43870967741935485
specificity: 0.8709677419354839, gmean: 0.5030921754238529, mcc: 0.15049972187164673 

train at step 2260: 1.0
train loss at step 2260: 5.65808622923214e-05
train at step 2270: 1.0
train loss at step 2270: 5.562122169067152e-05
train at step 2280: 1.0
train loss at step 2280: 5.854190021636896e-05
dev at step 2280: 0.5
dev loss at step 2280: 2.83872652053833
tp: 1, tn: 1, fp: 1, fn: 1
accuracy: 0.5, precision: 0.5, recall: 0.5, F1: 0.5
specificity: 0.5, gmean: 0.5, mcc: 0.0 

test at step 2280: 0.4121621549129486
test loss at step 2280: 4.861894607543945
tp: 34, tn: 27, fp: 4, fn: 83
accuracy: 0.41216216216216217, precision: 0.8947368421052632, recall: 0.2905982905982906, F1: 0.43870967741935485
specificity: 0.8709677419354839, gmean: 0.5030921754238529, mcc: 0.15049972187164673 

train at step 2290: 1.0
train loss at step 2290: 5.1308008551131934e-05
train at step 2300: 1.0
train loss at step 2300: 5.338793926057406e-05
train at step 2310: 1.0
train loss at step 2310: 5.6147906434489414e-05
dev at step 2310: 0.5
dev loss at step 2310: 2.856921672821045
tp: 1, tn: 1, fp: 1, fn: 1
accuracy: 0.5, precision: 0.5, recall: 0.5, F1: 0.5
specificity: 0.5, gmean: 0.5, mcc: 0.0 

test at step 2310: 0.4121621549129486
test loss at step 2310: 4.8852458000183105
tp: 34, tn: 27, fp: 4, fn: 83
accuracy: 0.41216216216216217, precision: 0.8947368421052632, recall: 0.2905982905982906, F1: 0.43870967741935485
specificity: 0.8709677419354839, gmean: 0.5030921754238529, mcc: 0.15049972187164673 

train at step 2320: 1.0
train loss at step 2320: 4.8872014303924516e-05
train at step 2330: 1.0
train loss at step 2330: 5.280393088469282e-05
train at step 2340: 1.0
train loss at step 2340: 4.8728237743489444e-05
dev at step 2340: 0.5
dev loss at step 2340: 2.874283790588379
tp: 1, tn: 1, fp: 1, fn: 1
accuracy: 0.5, precision: 0.5, recall: 0.5, F1: 0.5
specificity: 0.5, gmean: 0.5, mcc: 0.0 

test at step 2340: 0.4121621549129486
test loss at step 2340: 4.904957294464111
tp: 34, tn: 27, fp: 4, fn: 83
accuracy: 0.41216216216216217, precision: 0.8947368421052632, recall: 0.2905982905982906, F1: 0.43870967741935485
specificity: 0.8709677419354839, gmean: 0.5030921754238529, mcc: 0.15049972187164673 

train at step 2350: 1.0
train loss at step 2350: 5.0510083383414894e-05
train at step 2360: 1.0
train loss at step 2360: 5.167328708921559e-05
train at step 2370: 1.0
train loss at step 2370: 4.5524815504904836e-05
dev at step 2370: 0.5
dev loss at step 2370: 2.890683650970459
tp: 1, tn: 1, fp: 1, fn: 1
accuracy: 0.5, precision: 0.5, recall: 0.5, F1: 0.5
specificity: 0.5, gmean: 0.5, mcc: 0.0 

test at step 2370: 0.4121621549129486
test loss at step 2370: 4.91746187210083
tp: 34, tn: 27, fp: 4, fn: 83
accuracy: 0.41216216216216217, precision: 0.8947368421052632, recall: 0.2905982905982906, F1: 0.43870967741935485
specificity: 0.8709677419354839, gmean: 0.5030921754238529, mcc: 0.15049972187164673 

train at step 2380: 1.0
train loss at step 2380: 4.7638550313422456e-05
train at step 2390: 1.0
train loss at step 2390: 4.691136200563051e-05
train at step 2400: 1.0
train loss at step 2400: 4.954556789016351e-05
dev at step 2400: 0.5
dev loss at step 2400: 2.907393455505371
tp: 1, tn: 1, fp: 1, fn: 1
accuracy: 0.5, precision: 0.5, recall: 0.5, F1: 0.5
specificity: 0.5, gmean: 0.5, mcc: 0.0 

test at step 2400: 0.4121621549129486
test loss at step 2400: 4.936569690704346
tp: 34, tn: 27, fp: 4, fn: 83
accuracy: 0.41216216216216217, precision: 0.8947368421052632, recall: 0.2905982905982906, F1: 0.43870967741935485
specificity: 0.8709677419354839, gmean: 0.5030921754238529, mcc: 0.15049972187164673 

train at step 2410: 1.0
train loss at step 2410: 4.3471889512147754e-05
train at step 2420: 1.0
train loss at step 2420: 4.5221837353892624e-05
train at step 2430: 1.0
train loss at step 2430: 4.770792293129489e-05
dev at step 2430: 0.5
dev loss at step 2430: 2.9240810871124268
tp: 1, tn: 1, fp: 1, fn: 1
accuracy: 0.5, precision: 0.5, recall: 0.5, F1: 0.5
specificity: 0.5, gmean: 0.5, mcc: 0.0 

test at step 2430: 0.4121621549129486
test loss at step 2430: 4.957589149475098
tp: 34, tn: 27, fp: 4, fn: 83
accuracy: 0.41216216216216217, precision: 0.8947368421052632, recall: 0.2905982905982906, F1: 0.43870967741935485
specificity: 0.8709677419354839, gmean: 0.5030921754238529, mcc: 0.15049972187164673 

train at step 2440: 1.0
train loss at step 2440: 4.1553594201104715e-05
train at step 2450: 1.0
train loss at step 2450: 4.4865017116535455e-05
train at step 2460: 1.0
train loss at step 2460: 4.155433998676017e-05
dev at step 2460: 0.5
dev loss at step 2460: 2.940054178237915
tp: 1, tn: 1, fp: 1, fn: 1
accuracy: 0.5, precision: 0.5, recall: 0.5, F1: 0.5
specificity: 0.5, gmean: 0.5, mcc: 0.0 

test at step 2460: 0.4121621549129486
test loss at step 2460: 4.975310325622559
tp: 34, tn: 27, fp: 4, fn: 83
accuracy: 0.41216216216216217, precision: 0.8947368421052632, recall: 0.2905982905982906, F1: 0.43870967741935485
specificity: 0.8709677419354839, gmean: 0.5030921754238529, mcc: 0.15049972187164673 

train at step 2470: 1.0
train loss at step 2470: 4.306897972128354e-05
train at step 2480: 1.0
train loss at step 2480: 4.411124245962128e-05
train at step 2490: 1.0
train loss at step 2490: 3.90288041671738e-05
dev at step 2490: 0.5
dev loss at step 2490: 2.9551758766174316
tp: 1, tn: 1, fp: 1, fn: 1
accuracy: 0.5, precision: 0.5, recall: 0.5, F1: 0.5
specificity: 0.5, gmean: 0.5, mcc: 0.0 

test at step 2490: 0.4121621549129486
test loss at step 2490: 4.98631477355957
tp: 34, tn: 27, fp: 4, fn: 83
accuracy: 0.41216216216216217, precision: 0.8947368421052632, recall: 0.2905982905982906, F1: 0.43870967741935485
specificity: 0.8709677419354839, gmean: 0.5030921754238529, mcc: 0.15049972187164673 

train at step 2500: 1.0
train loss at step 2500: 4.0746173908701167e-05
train at step 2510: 1.0
train loss at step 2510: 4.0182156226364896e-05
train at step 2520: 1.0
train loss at step 2520: 4.255137901054695e-05
dev at step 2520: 0.5
dev loss at step 2520: 2.970637321472168
tp: 1, tn: 1, fp: 1, fn: 1
accuracy: 0.5, precision: 0.5, recall: 0.5, F1: 0.5
specificity: 0.5, gmean: 0.5, mcc: 0.0 

test at step 2520: 0.4121621549129486
test loss at step 2520: 5.003598690032959
tp: 34, tn: 27, fp: 4, fn: 83
accuracy: 0.41216216216216217, precision: 0.8947368421052632, recall: 0.2905982905982906, F1: 0.43870967741935485
specificity: 0.8709677419354839, gmean: 0.5030921754238529, mcc: 0.15049972187164673 

train at step 2530: 1.0
train loss at step 2530: 3.737434963113628e-05
train at step 2540: 1.0
train loss at step 2540: 3.885016849380918e-05
train at step 2550: 1.0
train loss at step 2550: 4.110252848477103e-05
dev at step 2550: 0.5
dev loss at step 2550: 2.98612380027771
tp: 1, tn: 1, fp: 1, fn: 1
accuracy: 0.5, precision: 0.5, recall: 0.5, F1: 0.5
specificity: 0.5, gmean: 0.5, mcc: 0.0 

test at step 2550: 0.4121621549129486
test loss at step 2550: 5.022779941558838
tp: 34, tn: 27, fp: 4, fn: 83
accuracy: 0.41216216216216217, precision: 0.8947368421052632, recall: 0.2905982905982906, F1: 0.43870967741935485
specificity: 0.8709677419354839, gmean: 0.5030921754238529, mcc: 0.15049972187164673 

train at step 2560: 1.0
train loss at step 2560: 3.581957571441308e-05
train at step 2570: 1.0
train loss at step 2570: 3.864531026920304e-05
train at step 2580: 1.0
train loss at step 2580: 3.5906741686630994e-05
dev at step 2580: 0.5
dev loss at step 2580: 3.000985622406006
tp: 1, tn: 1, fp: 1, fn: 1
accuracy: 0.5, precision: 0.5, recall: 0.5, F1: 0.5
specificity: 0.5, gmean: 0.5, mcc: 0.0 

test at step 2580: 0.4121621549129486
test loss at step 2580: 5.038947105407715
tp: 34, tn: 27, fp: 4, fn: 83
accuracy: 0.41216216216216217, precision: 0.8947368421052632, recall: 0.2905982905982906, F1: 0.43870967741935485
specificity: 0.8709677419354839, gmean: 0.5030921754238529, mcc: 0.15049972187164673 

train at step 2590: 1.0
train loss at step 2590: 3.7216683267615736e-05
train at step 2600: 1.0
train loss at step 2600: 3.814404408331029e-05
train at step 2610: 1.0
train loss at step 2610: 3.3872875064844266e-05
dev at step 2610: 0.5
dev loss at step 2610: 3.015087127685547
tp: 1, tn: 1, fp: 1, fn: 1
accuracy: 0.5, precision: 0.5, recall: 0.5, F1: 0.5
specificity: 0.5, gmean: 0.5, mcc: 0.0 

test at step 2610: 0.4121621549129486
test loss at step 2610: 5.048832416534424
tp: 34, tn: 27, fp: 4, fn: 83
accuracy: 0.41216216216216217, precision: 0.8947368421052632, recall: 0.2905982905982906, F1: 0.43870967741935485
specificity: 0.8709677419354839, gmean: 0.5030921754238529, mcc: 0.15049972187164673 

train at step 2620: 1.0
train loss at step 2620: 3.5284028854221106e-05
train at step 2630: 1.0
train loss at step 2630: 3.483325781417079e-05
train at step 2640: 1.0
train loss at step 2640: 3.698659565998241e-05
dev at step 2640: 0.5
dev loss at step 2640: 3.0295355319976807
tp: 1, tn: 1, fp: 1, fn: 1
accuracy: 0.5, precision: 0.5, recall: 0.5, F1: 0.5
specificity: 0.5, gmean: 0.5, mcc: 0.0 

test at step 2640: 0.4121621549129486
test loss at step 2640: 5.064648151397705
tp: 34, tn: 27, fp: 4, fn: 83
accuracy: 0.41216216216216217, precision: 0.8947368421052632, recall: 0.2905982905982906, F1: 0.43870967741935485
specificity: 0.8709677419354839, gmean: 0.5030921754238529, mcc: 0.15049972187164673 

train at step 2650: 1.0
train loss at step 2650: 3.249847941333428e-05
train at step 2660: 1.0
train loss at step 2660: 3.377614848432131e-05
train at step 2670: 1.0
train loss at step 2670: 3.580439442885108e-05
dev at step 2670: 0.5
dev loss at step 2670: 3.0440495014190674
tp: 1, tn: 1, fp: 1, fn: 1
accuracy: 0.5, precision: 0.5, recall: 0.5, F1: 0.5
specificity: 0.5, gmean: 0.5, mcc: 0.0 

test at step 2670: 0.4121621549129486
test loss at step 2670: 5.082390308380127
tp: 34, tn: 27, fp: 4, fn: 83
accuracy: 0.41216216216216217, precision: 0.8947368421052632, recall: 0.2905982905982906, F1: 0.43870967741935485
specificity: 0.8709677419354839, gmean: 0.5030921754238529, mcc: 0.15049972187164673 

train at step 2680: 1.0
train loss at step 2680: 3.1224542908603325e-05
train at step 2690: 1.0
train loss at step 2690: 3.364578151376918e-05
train at step 2700: 1.0
train loss at step 2700: 3.135268343612552e-05
dev at step 2700: 0.5
dev loss at step 2700: 3.05800724029541
tp: 1, tn: 1, fp: 1, fn: 1
accuracy: 0.5, precision: 0.5, recall: 0.5, F1: 0.5
specificity: 0.5, gmean: 0.5, mcc: 0.0 

test at step 2700: 0.4121621549129486
test loss at step 2700: 5.097316265106201
tp: 34, tn: 27, fp: 4, fn: 83
accuracy: 0.41216216216216217, precision: 0.8947368421052632, recall: 0.2905982905982906, F1: 0.43870967741935485
specificity: 0.8709677419354839, gmean: 0.5030921754238529, mcc: 0.15049972187164673 

train at step 2710: 1.0
train loss at step 2710: 3.249810470151715e-05
train at step 2720: 1.0
train loss at step 2720: 3.3331474696751684e-05
train at step 2730: 1.0
train loss at step 2730: 2.9685344998142682e-05
dev at step 2730: 0.5
dev loss at step 2730: 3.0712666511535645
tp: 1, tn: 1, fp: 1, fn: 1
accuracy: 0.5, precision: 0.5, recall: 0.5, F1: 0.5
specificity: 0.5, gmean: 0.5, mcc: 0.0 

test at step 2730: 0.4121621549129486
test loss at step 2730: 5.106269836425781
tp: 34, tn: 27, fp: 4, fn: 83
accuracy: 0.41216216216216217, precision: 0.8947368421052632, recall: 0.2905982905982906, F1: 0.43870967741935485
specificity: 0.8709677419354839, gmean: 0.5030921754238529, mcc: 0.15049972187164673 

train at step 2740: 1.0
train loss at step 2740: 3.086106153205037e-05
train at step 2750: 1.0
train loss at step 2750: 3.0490755307255313e-05
train at step 2760: 1.0
train loss at step 2760: 3.244752952014096e-05
dev at step 2760: 0.5
dev loss at step 2760: 3.084879159927368
tp: 1, tn: 1, fp: 1, fn: 1
accuracy: 0.5, precision: 0.5, recall: 0.5, F1: 0.5
specificity: 0.5, gmean: 0.5, mcc: 0.0 

test at step 2760: 0.4121621549129486
test loss at step 2760: 5.1209025382995605
tp: 34, tn: 27, fp: 4, fn: 83
accuracy: 0.41216216216216217, precision: 0.8947368421052632, recall: 0.2905982905982906, F1: 0.43870967741935485
specificity: 0.8709677419354839, gmean: 0.5030921754238529, mcc: 0.15049972187164673 

train at step 2770: 1.0
train loss at step 2770: 2.8528442271635868e-05
train at step 2780: 1.0
train loss at step 2780: 2.9631793950102292e-05
train at step 2790: 1.0
train loss at step 2790: 3.1477615266339853e-05
dev at step 2790: 0.5
dev loss at step 2790: 3.0985798835754395
tp: 1, tn: 1, fp: 1, fn: 1
accuracy: 0.5, precision: 0.5, recall: 0.5, F1: 0.5
specificity: 0.5, gmean: 0.5, mcc: 0.0 

test at step 2790: 0.4121621549129486
test loss at step 2790: 5.137429237365723
tp: 34, tn: 27, fp: 4, fn: 83
accuracy: 0.41216216216216217, precision: 0.8947368421052632, recall: 0.2905982905982906, F1: 0.43870967741935485
specificity: 0.8709677419354839, gmean: 0.5030921754238529, mcc: 0.15049972187164673 

train at step 2800: 1.0
train loss at step 2800: 2.7454900191514753e-05
train at step 2810: 1.0
train loss at step 2810: 2.9562512281700037e-05
train at step 2820: 1.0
train loss at step 2820: 2.7611351470113732e-05
dev at step 2820: 0.5
dev loss at step 2820: 3.111783742904663
tp: 1, tn: 1, fp: 1, fn: 1
accuracy: 0.5, precision: 0.5, recall: 0.5, F1: 0.5
specificity: 0.5, gmean: 0.5, mcc: 0.0 

test at step 2820: 0.4121621549129486
test loss at step 2820: 5.151364326477051
tp: 34, tn: 27, fp: 4, fn: 83
accuracy: 0.41216216216216217, precision: 0.8947368421052632, recall: 0.2905982905982906, F1: 0.43870967741935485
specificity: 0.8709677419354839, gmean: 0.5030921754238529, mcc: 0.15049972187164673 

train at step 2830: 1.0
train loss at step 2830: 2.8619038857868873e-05
train at step 2840: 1.0
train loss at step 2840: 2.936515011242591e-05
train at step 2850: 1.0
train loss at step 2850: 2.6229341528960504e-05
dev at step 2850: 0.5
dev loss at step 2850: 3.12434458732605
tp: 1, tn: 1, fp: 1, fn: 1
accuracy: 0.5, precision: 0.5, recall: 0.5, F1: 0.5
specificity: 0.5, gmean: 0.5, mcc: 0.0 

test at step 2850: 0.4121621549129486
test loss at step 2850: 5.159592151641846
tp: 34, tn: 27, fp: 4, fn: 83
accuracy: 0.41216216216216217, precision: 0.8947368421052632, recall: 0.2905982905982906, F1: 0.43870967741935485
specificity: 0.8709677419354839, gmean: 0.5030921754238529, mcc: 0.15049972187164673 

train at step 2860: 1.0
train loss at step 2860: 2.721655800996814e-05
train at step 2870: 1.0
train loss at step 2870: 2.6908095605904236e-05
train at step 2880: 1.0
train loss at step 2880: 2.868988121917937e-05
dev at step 2880: 0.5
dev loss at step 2880: 3.137263536453247
tp: 1, tn: 1, fp: 1, fn: 1
accuracy: 0.5, precision: 0.5, recall: 0.5, F1: 0.5
specificity: 0.5, gmean: 0.5, mcc: 0.0 

test at step 2880: 0.4121621549129486
test loss at step 2880: 5.173289775848389
tp: 34, tn: 27, fp: 4, fn: 83
accuracy: 0.41216216216216217, precision: 0.8947368421052632, recall: 0.2905982905982906, F1: 0.43870967741935485
specificity: 0.8709677419354839, gmean: 0.5030921754238529, mcc: 0.15049972187164673 

train at step 2890: 1.0
train loss at step 2890: 2.5233332053176127e-05
train at step 2900: 1.0
train loss at step 2900: 2.6201847504125908e-05
train at step 2910: 1.0
train loss at step 2910: 2.78823481494328e-05
dev at step 2910: 0.5
dev loss at step 2910: 3.1502819061279297
tp: 1, tn: 1, fp: 1, fn: 1
accuracy: 0.5, precision: 0.5, recall: 0.5, F1: 0.5
specificity: 0.5, gmean: 0.5, mcc: 0.0 

test at step 2910: 0.4121621549129486
test loss at step 2910: 5.188815593719482
tp: 34, tn: 27, fp: 4, fn: 83
accuracy: 0.41216216216216217, precision: 0.8947368421052632, recall: 0.2905982905982906, F1: 0.43870967741935485
specificity: 0.8709677419354839, gmean: 0.5030921754238529, mcc: 0.15049972187164673 

train at step 2920: 1.0
train loss at step 2920: 2.431846223771572e-05
train at step 2930: 1.0
train loss at step 2930: 2.616683195810765e-05
train at step 2940: 1.0
train loss at step 2940: 2.4492797820130363e-05
dev at step 2940: 0.5
dev loss at step 2940: 3.1628451347351074
tp: 1, tn: 1, fp: 1, fn: 1
accuracy: 0.5, precision: 0.5, recall: 0.5, F1: 0.5
specificity: 0.5, gmean: 0.5, mcc: 0.0 

test at step 2940: 0.4121621549129486
test loss at step 2940: 5.201879501342773
tp: 34, tn: 27, fp: 4, fn: 83
accuracy: 0.41216216216216217, precision: 0.8947368421052632, recall: 0.2905982905982906, F1: 0.43870967741935485
specificity: 0.8709677419354839, gmean: 0.5030921754238529, mcc: 0.15049972187164673 

train at step 2950: 1.0
train loss at step 2950: 2.5382842068211176e-05
train at step 2960: 1.0
train loss at step 2960: 2.605066038086079e-05
train at step 2970: 1.0
train loss at step 2970: 2.3332049750024453e-05
dev at step 2970: 0.5
dev loss at step 2970: 3.1748173236846924
tp: 1, tn: 1, fp: 1, fn: 1
accuracy: 0.5, precision: 0.5, recall: 0.5, F1: 0.5
specificity: 0.5, gmean: 0.5, mcc: 0.0 

test at step 2970: 0.4121621549129486
test loss at step 2970: 5.209530353546143
tp: 34, tn: 27, fp: 4, fn: 83
accuracy: 0.41216216216216217, precision: 0.8947368421052632, recall: 0.2905982905982906, F1: 0.43870967741935485
specificity: 0.8709677419354839, gmean: 0.5030921754238529, mcc: 0.15049972187164673 

train at step 2980: 1.0
train loss at step 2980: 2.4166525690816343e-05
train at step 2990: 1.0
train loss at step 2990: 2.3908727598609403e-05
train at step 3000: 1.0
train loss at step 3000: 2.5543069568811916e-05
dev at step 3000: 0.5
dev loss at step 3000: 3.187131881713867
tp: 1, tn: 1, fp: 1, fn: 1
accuracy: 0.5, precision: 0.5, recall: 0.5, F1: 0.5
specificity: 0.5, gmean: 0.5, mcc: 0.0 

test at step 3000: 0.4121621549129486
test loss at step 3000: 5.222348690032959
tp: 34, tn: 27, fp: 4, fn: 83
accuracy: 0.41216216216216217, precision: 0.8947368421052632, recall: 0.2905982905982906, F1: 0.43870967741935485
specificity: 0.8709677419354839, gmean: 0.5030921754238529, mcc: 0.15049972187164673 

