train at step 1510: 0.65625
train loss at step 1510: 0.7477633953094482
train at step 1520: 0.800000011920929
train loss at step 1520: 0.41460514068603516
train at step 1530: 0.7562500238418579
train loss at step 1530: 0.5476136803627014
dev at step 1530: 0.5
New best on dev at step 1530: 0.5
dev loss at step 1530: 5.215790271759033
tp: 2, tn: 0, fp: 2, fn: 0
accuracy: 0.5, precision: 0.5, recall: 1.0, F1: 0.6666666666666666
specificity: 0.0, gmean: 0.0, mcc: 0 

test at step 1530: 0.7770270109176636
test loss at step 1530: 1.4042842388153076
tp: 115, tn: 0, fp: 31, fn: 2
accuracy: 0.777027027027027, precision: 0.7876712328767124, recall: 0.9829059829059829, F1: 0.8745247148288974
specificity: 0.0, gmean: 0.0, mcc: -0.06024575980728481 

train at step 1540: 0.8500000238418579
train loss at step 1540: 0.3154726028442383
train at step 1550: 0.918749988079071
train loss at step 1550: 0.20221653580665588
train at step 1560: 0.887499988079071
train loss at step 1560: 0.2642834782600403
dev at step 1560: 0.5
dev loss at step 1560: 3.328206777572632
tp: 2, tn: 0, fp: 2, fn: 0
accuracy: 0.5, precision: 0.5, recall: 1.0, F1: 0.6666666666666666
specificity: 0.0, gmean: 0.0, mcc: 0 

test at step 1560: 0.75
test loss at step 1560: 0.9742222428321838
tp: 106, tn: 5, fp: 26, fn: 11
accuracy: 0.75, precision: 0.803030303030303, recall: 0.905982905982906, F1: 0.8514056224899598
specificity: 0.16129032258064516, gmean: 0.38226466637466405, mcc: 0.08815949456396571 

train at step 1570: 0.9375
train loss at step 1570: 0.1615583896636963
train at step 1580: 0.9750000238418579
train loss at step 1580: 0.06804076582193375
train at step 1590: 0.981249988079071
train loss at step 1590: 0.06521783769130707
dev at step 1590: 0.5
dev loss at step 1590: 2.686251163482666
tp: 2, tn: 0, fp: 2, fn: 0
accuracy: 0.5, precision: 0.5, recall: 1.0, F1: 0.6666666666666666
specificity: 0.0, gmean: 0.0, mcc: 0 

test at step 1590: 0.7432432174682617
test loss at step 1590: 1.045928716659546
tp: 98, tn: 12, fp: 19, fn: 19
accuracy: 0.7432432432432432, precision: 0.8376068376068376, recall: 0.8376068376068376, F1: 0.8376068376068376
specificity: 0.3870967741935484, gmean: 0.569416284347459, mcc: 0.224703611800386 

train at step 1600: 0.981249988079071
train loss at step 1600: 0.05316929891705513
train at step 1610: 0.9937499761581421
train loss at step 1610: 0.04097510129213333
train at step 1620: 1.0
train loss at step 1620: 0.022073229774832726
dev at step 1620: 0.5
dev loss at step 1620: 3.565800666809082
tp: 2, tn: 0, fp: 2, fn: 0
accuracy: 0.5, precision: 0.5, recall: 1.0, F1: 0.6666666666666666
specificity: 0.0, gmean: 0.0, mcc: 0 

test at step 1620: 0.7567567825317383
test loss at step 1620: 1.1853578090667725
tp: 106, tn: 6, fp: 25, fn: 11
accuracy: 0.7567567567567568, precision: 0.8091603053435115, recall: 0.905982905982906, F1: 0.8548387096774193
specificity: 0.1935483870967742, gmean: 0.41874996142118015, mcc: 0.127020353074181 

train at step 1630: 1.0
train loss at step 1630: 0.01733524166047573
train at step 1640: 0.987500011920929
train loss at step 1640: 0.031152546405792236
train at step 1650: 1.0
train loss at step 1650: 0.01200422178953886
dev at step 1650: 0.5
dev loss at step 1650: 4.7234954833984375
tp: 2, tn: 0, fp: 2, fn: 0
accuracy: 0.5, precision: 0.5, recall: 1.0, F1: 0.6666666666666666
specificity: 0.0, gmean: 0.0, mcc: 0 

test at step 1650: 0.7702702879905701
test loss at step 1650: 1.4772424697875977
tp: 109, tn: 5, fp: 26, fn: 8
accuracy: 0.7702702702702703, precision: 0.8074074074074075, recall: 0.9316239316239316, F1: 0.8650793650793651
specificity: 0.16129032258064516, gmean: 0.3876363301542734, mcc: 0.13357265630015103 

train at step 1660: 1.0
train loss at step 1660: 0.011353885754942894
train at step 1670: 1.0
train loss at step 1670: 0.014880852773785591
train at step 1680: 1.0
train loss at step 1680: 0.006319619715213776
dev at step 1680: 0.5
dev loss at step 1680: 4.131488800048828
tp: 2, tn: 0, fp: 2, fn: 0
accuracy: 0.5, precision: 0.5, recall: 1.0, F1: 0.6666666666666666
specificity: 0.0, gmean: 0.0, mcc: 0 

test at step 1680: 0.75
test loss at step 1680: 1.4232814311981201
tp: 105, tn: 6, fp: 25, fn: 12
accuracy: 0.75, precision: 0.8076923076923077, recall: 0.8974358974358975, F1: 0.8502024291497975
specificity: 0.1935483870967742, gmean: 0.4167700450745759, mcc: 0.1132745207426601 

train at step 1690: 1.0
train loss at step 1690: 0.005630447529256344
train at step 1700: 1.0
train loss at step 1700: 0.008409771136939526
train at step 1710: 1.0
train loss at step 1710: 0.003610373707488179
dev at step 1710: 0.5
dev loss at step 1710: 3.404599189758301
tp: 2, tn: 0, fp: 2, fn: 0
accuracy: 0.5, precision: 0.5, recall: 1.0, F1: 0.6666666666666666
specificity: 0.0, gmean: 0.0, mcc: 0 

test at step 1710: 0.7094594836235046
test loss at step 1710: 1.4269100427627563
tp: 98, tn: 7, fp: 24, fn: 19
accuracy: 0.7094594594594594, precision: 0.8032786885245902, recall: 0.8376068376068376, F1: 0.8200836820083682
specificity: 0.22580645161290322, gmean: 0.4348988708271215, mcc: 0.06780902016551475 

train at step 1720: 1.0
train loss at step 1720: 0.004280967637896538
train at step 1730: 1.0
train loss at step 1730: 0.004608703311532736
train at step 1740: 1.0
train loss at step 1740: 0.0027809871826320887
dev at step 1740: 0.5
dev loss at step 1740: 4.42346715927124
tp: 2, tn: 0, fp: 2, fn: 0
accuracy: 0.5, precision: 0.5, recall: 1.0, F1: 0.6666666666666666
specificity: 0.0, gmean: 0.0, mcc: 0 

test at step 1740: 0.75
test loss at step 1740: 1.5633307695388794
tp: 105, tn: 6, fp: 25, fn: 12
accuracy: 0.75, precision: 0.8076923076923077, recall: 0.8974358974358975, F1: 0.8502024291497975
specificity: 0.1935483870967742, gmean: 0.4167700450745759, mcc: 0.1132745207426601 

train at step 1750: 1.0
train loss at step 1750: 0.0029588774777948856
train at step 1760: 1.0
train loss at step 1760: 0.0025152594316750765
train at step 1770: 1.0
train loss at step 1770: 0.0026059516239911318
dev at step 1770: 0.5
dev loss at step 1770: 4.431907653808594
tp: 2, tn: 0, fp: 2, fn: 0
accuracy: 0.5, precision: 0.5, recall: 1.0, F1: 0.6666666666666666
specificity: 0.0, gmean: 0.0, mcc: 0 

test at step 1770: 0.7432432174682617
test loss at step 1770: 1.5959371328353882
tp: 104, tn: 6, fp: 25, fn: 13
accuracy: 0.7432432432432432, precision: 0.8062015503875969, recall: 0.8888888888888888, F1: 0.8455284552845528
specificity: 0.1935483870967742, gmean: 0.4147806778921701, mcc: 0.10028263917140025 

train at step 1780: 1.0
train loss at step 1780: 0.0018582155462354422
train at step 1790: 1.0
train loss at step 1790: 0.002138768555596471
train at step 1800: 1.0
train loss at step 1800: 0.0015651347348466516
dev at step 1800: 0.5
dev loss at step 1800: 4.222979545593262
tp: 2, tn: 0, fp: 2, fn: 0
accuracy: 0.5, precision: 0.5, recall: 1.0, F1: 0.6666666666666666
specificity: 0.0, gmean: 0.0, mcc: 0 

test at step 1800: 0.7297297120094299
test loss at step 1800: 1.6041240692138672
tp: 102, tn: 6, fp: 25, fn: 15
accuracy: 0.7297297297297297, precision: 0.8031496062992126, recall: 0.8717948717948718, F1: 0.8360655737704918
specificity: 0.1935483870967742, gmean: 0.41077304112506763, mcc: 0.07620141929096394 

train at step 1810: 1.0
train loss at step 1810: 0.0015412706416100264
train at step 1820: 1.0
train loss at step 1820: 0.0016331278020516038
train at step 1830: 1.0
train loss at step 1830: 0.0013781085144728422
dev at step 1830: 0.5
dev loss at step 1830: 4.157132148742676
tp: 2, tn: 0, fp: 2, fn: 0
accuracy: 0.5, precision: 0.5, recall: 1.0, F1: 0.6666666666666666
specificity: 0.0, gmean: 0.0, mcc: 0 

test at step 1830: 0.7364864945411682
test loss at step 1830: 1.6217116117477417
tp: 102, tn: 7, fp: 24, fn: 15
accuracy: 0.7364864864864865, precision: 0.8095238095238095, recall: 0.8717948717948718, F1: 0.8395061728395062
specificity: 0.22580645161290322, gmean: 0.4436855942379985, mcc: 0.11164335300719826 

train at step 1840: 1.0
train loss at step 1840: 0.0014851446030661464
train at step 1850: 1.0
train loss at step 1850: 0.0016255180817097425
train at step 1860: 1.0
train loss at step 1860: 0.00114836310967803
dev at step 1860: 0.5
dev loss at step 1860: 4.4749979972839355
tp: 2, tn: 0, fp: 2, fn: 0
accuracy: 0.5, precision: 0.5, recall: 1.0, F1: 0.6666666666666666
specificity: 0.0, gmean: 0.0, mcc: 0 

test at step 1860: 0.7432432174682617
test loss at step 1860: 1.6702921390533447
tp: 104, tn: 6, fp: 25, fn: 13
accuracy: 0.7432432432432432, precision: 0.8062015503875969, recall: 0.8888888888888888, F1: 0.8455284552845528
specificity: 0.1935483870967742, gmean: 0.4147806778921701, mcc: 0.10028263917140025 

train at step 1870: 1.0
train loss at step 1870: 0.0013907937100157142
train at step 1880: 1.0
train loss at step 1880: 0.0013632018817588687
train at step 1890: 1.0
train loss at step 1890: 0.0012989634415134788
dev at step 1890: 0.5
dev loss at step 1890: 4.399234771728516
tp: 2, tn: 0, fp: 2, fn: 0
accuracy: 0.5, precision: 0.5, recall: 1.0, F1: 0.6666666666666666
specificity: 0.0, gmean: 0.0, mcc: 0 

test at step 1890: 0.7297297120094299
test loss at step 1890: 1.6794143915176392
tp: 102, tn: 6, fp: 25, fn: 15
accuracy: 0.7297297297297297, precision: 0.8031496062992126, recall: 0.8717948717948718, F1: 0.8360655737704918
specificity: 0.1935483870967742, gmean: 0.41077304112506763, mcc: 0.07620141929096394 

train at step 1900: 1.0
train loss at step 1900: 0.000802473456133157
train at step 1910: 1.0
train loss at step 1910: 0.0008392309537157416
train at step 1920: 1.0
train loss at step 1920: 0.0010373936966061592
dev at step 1920: 0.5
dev loss at step 1920: 4.529208660125732
tp: 2, tn: 0, fp: 2, fn: 0
accuracy: 0.5, precision: 0.5, recall: 1.0, F1: 0.6666666666666666
specificity: 0.0, gmean: 0.0, mcc: 0 

test at step 1920: 0.7432432174682617
test loss at step 1920: 1.7077898979187012
tp: 104, tn: 6, fp: 25, fn: 13
accuracy: 0.7432432432432432, precision: 0.8062015503875969, recall: 0.8888888888888888, F1: 0.8455284552845528
specificity: 0.1935483870967742, gmean: 0.4147806778921701, mcc: 0.10028263917140025 

train at step 1930: 1.0
train loss at step 1930: 0.0007784146000631154
train at step 1940: 1.0
train loss at step 1940: 0.0008267983794212341
train at step 1950: 1.0
train loss at step 1950: 0.0008150918292813003
dev at step 1950: 0.5
dev loss at step 1950: 4.680969715118408
tp: 2, tn: 0, fp: 2, fn: 0
accuracy: 0.5, precision: 0.5, recall: 1.0, F1: 0.6666666666666666
specificity: 0.0, gmean: 0.0, mcc: 0 

test at step 1950: 0.7432432174682617
test loss at step 1950: 1.7385183572769165
tp: 104, tn: 6, fp: 25, fn: 13
accuracy: 0.7432432432432432, precision: 0.8062015503875969, recall: 0.8888888888888888, F1: 0.8455284552845528
specificity: 0.1935483870967742, gmean: 0.4147806778921701, mcc: 0.10028263917140025 

train at step 1960: 1.0
train loss at step 1960: 0.000684003927744925
train at step 1970: 1.0
train loss at step 1970: 0.0008470705943182111
train at step 1980: 1.0
train loss at step 1980: 0.0006884195609018207
dev at step 1980: 0.5
dev loss at step 1980: 4.858708381652832
tp: 2, tn: 0, fp: 2, fn: 0
accuracy: 0.5, precision: 0.5, recall: 1.0, F1: 0.6666666666666666
specificity: 0.0, gmean: 0.0, mcc: 0 

test at step 1980: 0.75
test loss at step 1980: 1.7736705541610718
tp: 105, tn: 6, fp: 25, fn: 12
accuracy: 0.75, precision: 0.8076923076923077, recall: 0.8974358974358975, F1: 0.8502024291497975
specificity: 0.1935483870967742, gmean: 0.4167700450745759, mcc: 0.1132745207426601 

train at step 1990: 1.0
train loss at step 1990: 0.000651528884191066
train at step 2000: 1.0
train loss at step 2000: 0.0007307755295187235
train at step 2010: 1.0
train loss at step 2010: 0.0007433916325680912
dev at step 2010: 0.5
dev loss at step 2010: 4.582972049713135
tp: 2, tn: 0, fp: 2, fn: 0
accuracy: 0.5, precision: 0.5, recall: 1.0, F1: 0.6666666666666666
specificity: 0.0, gmean: 0.0, mcc: 0 

test at step 2010: 0.7432432174682617
test loss at step 2010: 1.753274917602539
tp: 104, tn: 6, fp: 25, fn: 13
accuracy: 0.7432432432432432, precision: 0.8062015503875969, recall: 0.8888888888888888, F1: 0.8455284552845528
specificity: 0.1935483870967742, gmean: 0.4147806778921701, mcc: 0.10028263917140025 

train at step 2020: 1.0
train loss at step 2020: 0.0005245890934020281
train at step 2030: 1.0
train loss at step 2030: 0.0005714463186450303
train at step 2040: 1.0
train loss at step 2040: 0.0006756928050890565
dev at step 2040: 0.5
dev loss at step 2040: 4.707735061645508
tp: 2, tn: 0, fp: 2, fn: 0
accuracy: 0.5, precision: 0.5, recall: 1.0, F1: 0.6666666666666666
specificity: 0.0, gmean: 0.0, mcc: 0 

test at step 2040: 0.7432432174682617
test loss at step 2040: 1.7780910730361938
tp: 104, tn: 6, fp: 25, fn: 13
accuracy: 0.7432432432432432, precision: 0.8062015503875969, recall: 0.8888888888888888, F1: 0.8455284552845528
specificity: 0.1935483870967742, gmean: 0.4147806778921701, mcc: 0.10028263917140025 

train at step 2050: 1.0
train loss at step 2050: 0.000550101394765079
train at step 2060: 1.0
train loss at step 2060: 0.0005732648423872888
train at step 2070: 1.0
train loss at step 2070: 0.0005658934242092073
dev at step 2070: 0.5
dev loss at step 2070: 4.812619209289551
tp: 2, tn: 0, fp: 2, fn: 0
accuracy: 0.5, precision: 0.5, recall: 1.0, F1: 0.6666666666666666
specificity: 0.0, gmean: 0.0, mcc: 0 

test at step 2070: 0.7432432174682617
test loss at step 2070: 1.800807237625122
tp: 104, tn: 6, fp: 25, fn: 13
accuracy: 0.7432432432432432, precision: 0.8062015503875969, recall: 0.8888888888888888, F1: 0.8455284552845528
specificity: 0.1935483870967742, gmean: 0.4147806778921701, mcc: 0.10028263917140025 

train at step 2080: 1.0
train loss at step 2080: 0.0004889603005722165
train at step 2090: 1.0
train loss at step 2090: 0.0006069029914215207
train at step 2100: 1.0
train loss at step 2100: 0.0004928706912323833
dev at step 2100: 0.5
dev loss at step 2100: 4.935161590576172
tp: 2, tn: 0, fp: 2, fn: 0
accuracy: 0.5, precision: 0.5, recall: 1.0, F1: 0.6666666666666666
specificity: 0.0, gmean: 0.0, mcc: 0 

test at step 2100: 0.75
test loss at step 2100: 1.8261650800704956
tp: 105, tn: 6, fp: 25, fn: 12
accuracy: 0.75, precision: 0.8076923076923077, recall: 0.8974358974358975, F1: 0.8502024291497975
specificity: 0.1935483870967742, gmean: 0.4167700450745759, mcc: 0.1132745207426601 

train at step 2110: 1.0
train loss at step 2110: 0.0004732207744382322
train at step 2120: 1.0
train loss at step 2120: 0.0005408134311437607
train at step 2130: 1.0
train loss at step 2130: 0.0005380292423069477
dev at step 2130: 0.5
dev loss at step 2130: 4.732341289520264
tp: 2, tn: 0, fp: 2, fn: 0
accuracy: 0.5, precision: 0.5, recall: 1.0, F1: 0.6666666666666666
specificity: 0.0, gmean: 0.0, mcc: 0 

test at step 2130: 0.7432432174682617
test loss at step 2130: 1.811714768409729
tp: 104, tn: 6, fp: 25, fn: 13
accuracy: 0.7432432432432432, precision: 0.8062015503875969, recall: 0.8888888888888888, F1: 0.8455284552845528
specificity: 0.1935483870967742, gmean: 0.4147806778921701, mcc: 0.10028263917140025 

train at step 2140: 1.0
train loss at step 2140: 0.0004036559257656336
train at step 2150: 1.0
train loss at step 2150: 0.0004237579123582691
train at step 2160: 1.0
train loss at step 2160: 0.0004905236419290304
dev at step 2160: 0.5
dev loss at step 2160: 4.812845706939697
tp: 2, tn: 0, fp: 2, fn: 0
accuracy: 0.5, precision: 0.5, recall: 1.0, F1: 0.6666666666666666
specificity: 0.0, gmean: 0.0, mcc: 0 

test at step 2160: 0.7432432174682617
test loss at step 2160: 1.8297882080078125
tp: 104, tn: 6, fp: 25, fn: 13
accuracy: 0.7432432432432432, precision: 0.8062015503875969, recall: 0.8888888888888888, F1: 0.8455284552845528
specificity: 0.1935483870967742, gmean: 0.4147806778921701, mcc: 0.10028263917140025 

train at step 2170: 1.0
train loss at step 2170: 0.00041846875683404505
train at step 2180: 1.0
train loss at step 2180: 0.0004354470001999289
train at step 2190: 1.0
train loss at step 2190: 0.00042791254236362875
dev at step 2190: 0.5
dev loss at step 2190: 4.916352272033691
tp: 2, tn: 0, fp: 2, fn: 0
accuracy: 0.5, precision: 0.5, recall: 1.0, F1: 0.6666666666666666
specificity: 0.0, gmean: 0.0, mcc: 0 

test at step 2190: 0.7432432174682617
test loss at step 2190: 1.8507694005966187
tp: 104, tn: 6, fp: 25, fn: 13
accuracy: 0.7432432432432432, precision: 0.8062015503875969, recall: 0.8888888888888888, F1: 0.8455284552845528
specificity: 0.1935483870967742, gmean: 0.4147806778921701, mcc: 0.10028263917140025 

train at step 2200: 1.0
train loss at step 2200: 0.0003763043787330389
train at step 2210: 1.0
train loss at step 2210: 0.00046650716103613377
train at step 2220: 1.0
train loss at step 2220: 0.00037782295839861035
dev at step 2220: 0.5
dev loss at step 2220: 5.012384414672852
tp: 2, tn: 0, fp: 2, fn: 0
accuracy: 0.5, precision: 0.5, recall: 1.0, F1: 0.6666666666666666
specificity: 0.0, gmean: 0.0, mcc: 0 

test at step 2220: 0.75
test loss at step 2220: 1.8712390661239624
tp: 105, tn: 6, fp: 25, fn: 12
accuracy: 0.75, precision: 0.8076923076923077, recall: 0.8974358974358975, F1: 0.8502024291497975
specificity: 0.1935483870967742, gmean: 0.4167700450745759, mcc: 0.1132745207426601 

train at step 2230: 1.0
train loss at step 2230: 0.0003675423504319042
train at step 2240: 1.0
train loss at step 2240: 0.0004240996204316616
train at step 2250: 1.0
train loss at step 2250: 0.0004126868734601885
dev at step 2250: 0.5
dev loss at step 2250: 4.864689350128174
tp: 2, tn: 0, fp: 2, fn: 0
accuracy: 0.5, precision: 0.5, recall: 1.0, F1: 0.6666666666666666
specificity: 0.0, gmean: 0.0, mcc: 0 

test at step 2250: 0.7432432174682617
test loss at step 2250: 1.8615388870239258
tp: 104, tn: 6, fp: 25, fn: 13
accuracy: 0.7432432432432432, precision: 0.8062015503875969, recall: 0.8888888888888888, F1: 0.8455284552845528
specificity: 0.1935483870967742, gmean: 0.4147806778921701, mcc: 0.10028263917140025 

train at step 2260: 1.0
train loss at step 2260: 0.00032214910606853664
train at step 2270: 1.0
train loss at step 2270: 0.000333195726852864
train at step 2280: 1.0
train loss at step 2280: 0.00038251341902650893
dev at step 2280: 0.5
dev loss at step 2280: 4.903931617736816
tp: 2, tn: 0, fp: 2, fn: 0
accuracy: 0.5, precision: 0.5, recall: 1.0, F1: 0.6666666666666666
specificity: 0.0, gmean: 0.0, mcc: 0 

test at step 2280: 0.7432432174682617
test loss at step 2280: 1.8738346099853516
tp: 104, tn: 6, fp: 25, fn: 13
accuracy: 0.7432432432432432, precision: 0.8062015503875969, recall: 0.8888888888888888, F1: 0.8455284552845528
specificity: 0.1935483870967742, gmean: 0.4147806778921701, mcc: 0.10028263917140025 

train at step 2290: 1.0
train loss at step 2290: 0.0003342704148963094
train at step 2300: 1.0
train loss at step 2300: 0.00034553109435364604
train at step 2310: 1.0
train loss at step 2310: 0.0003389676276128739
dev at step 2310: 0.5
dev loss at step 2310: 5.0023040771484375
tp: 2, tn: 0, fp: 2, fn: 0
accuracy: 0.5, precision: 0.5, recall: 1.0, F1: 0.6666666666666666
specificity: 0.0, gmean: 0.0, mcc: 0 

test at step 2310: 0.7432432174682617
test loss at step 2310: 1.8931819200515747
tp: 104, tn: 6, fp: 25, fn: 13
accuracy: 0.7432432432432432, precision: 0.8062015503875969, recall: 0.8888888888888888, F1: 0.8455284552845528
specificity: 0.1935483870967742, gmean: 0.4147806778921701, mcc: 0.10028263917140025 

train at step 2320: 1.0
train loss at step 2320: 0.0003017592243850231
train at step 2330: 1.0
train loss at step 2330: 0.00037348439218476415
train at step 2340: 1.0
train loss at step 2340: 0.00030245352536439896
dev at step 2340: 0.5
dev loss at step 2340: 5.088163375854492
tp: 2, tn: 0, fp: 2, fn: 0
accuracy: 0.5, precision: 0.5, recall: 1.0, F1: 0.6666666666666666
specificity: 0.0, gmean: 0.0, mcc: 0 

test at step 2340: 0.75
test loss at step 2340: 1.9113727807998657
tp: 105, tn: 6, fp: 25, fn: 12
accuracy: 0.75, precision: 0.8076923076923077, recall: 0.8974358974358975, F1: 0.8502024291497975
specificity: 0.1935483870967742, gmean: 0.4167700450745759, mcc: 0.1132745207426601 

train at step 2350: 1.0
train loss at step 2350: 0.0002964474551845342
train at step 2360: 1.0
train loss at step 2360: 0.0003449457581155002
train at step 2370: 1.0
train loss at step 2370: 0.00032889394788071513
dev at step 2370: 0.5
dev loss at step 2370: 4.976857662200928
tp: 2, tn: 0, fp: 2, fn: 0
accuracy: 0.5, precision: 0.5, recall: 1.0, F1: 0.6666666666666666
specificity: 0.0, gmean: 0.0, mcc: 0 

test at step 2370: 0.7432432174682617
test loss at step 2370: 1.9048230648040771
tp: 104, tn: 6, fp: 25, fn: 13
accuracy: 0.7432432432432432, precision: 0.8062015503875969, recall: 0.8888888888888888, F1: 0.8455284552845528
specificity: 0.1935483870967742, gmean: 0.4147806778921701, mcc: 0.10028263917140025 

train at step 2380: 1.0
train loss at step 2380: 0.00026294763665646315
train at step 2390: 1.0
train loss at step 2390: 0.0002709510154090822
train at step 2400: 1.0
train loss at step 2400: 0.000311881594825536
dev at step 2400: 0.5
dev loss at step 2400: 4.9984259605407715
tp: 2, tn: 0, fp: 2, fn: 0
accuracy: 0.5, precision: 0.5, recall: 1.0, F1: 0.6666666666666666
specificity: 0.0, gmean: 0.0, mcc: 0 

test at step 2400: 0.7432432174682617
test loss at step 2400: 1.9142612218856812
tp: 104, tn: 6, fp: 25, fn: 13
accuracy: 0.7432432432432432, precision: 0.8062015503875969, recall: 0.8888888888888888, F1: 0.8455284552845528
specificity: 0.1935483870967742, gmean: 0.4147806778921701, mcc: 0.10028263917140025 

train at step 2410: 1.0
train loss at step 2410: 0.0002744204830378294
train at step 2420: 1.0
train loss at step 2420: 0.000282592314761132
train at step 2430: 1.0
train loss at step 2430: 0.0002772988809738308
dev at step 2430: 0.5
dev loss at step 2430: 5.082528591156006
tp: 2, tn: 0, fp: 2, fn: 0
accuracy: 0.5, precision: 0.5, recall: 1.0, F1: 0.6666666666666666
specificity: 0.0, gmean: 0.0, mcc: 0 

test at step 2430: 0.7432432174682617
test loss at step 2430: 1.9312348365783691
tp: 104, tn: 6, fp: 25, fn: 13
accuracy: 0.7432432432432432, precision: 0.8062015503875969, recall: 0.8888888888888888, F1: 0.8455284552845528
specificity: 0.1935483870967742, gmean: 0.4147806778921701, mcc: 0.10028263917140025 

train at step 2440: 1.0
train loss at step 2440: 0.0002486059383954853
train at step 2450: 1.0
train loss at step 2450: 0.0003074748092330992
train at step 2460: 1.0
train loss at step 2460: 0.00024902605218812823
dev at step 2460: 0.5
dev loss at step 2460: 5.158440589904785
tp: 2, tn: 0, fp: 2, fn: 0
accuracy: 0.5, precision: 0.5, recall: 1.0, F1: 0.6666666666666666
specificity: 0.0, gmean: 0.0, mcc: 0 

test at step 2460: 0.75
test loss at step 2460: 1.9474650621414185
tp: 105, tn: 6, fp: 25, fn: 12
accuracy: 0.75, precision: 0.8076923076923077, recall: 0.8974358974358975, F1: 0.8502024291497975
specificity: 0.1935483870967742, gmean: 0.4167700450745759, mcc: 0.1132745207426601 

train at step 2470: 1.0
train loss at step 2470: 0.0002454243949614465
train at step 2480: 1.0
train loss at step 2480: 0.00028738786932080984
train at step 2490: 1.0
train loss at step 2490: 0.0002690785622689873
dev at step 2490: 0.5
dev loss at step 2490: 5.071371078491211
tp: 2, tn: 0, fp: 2, fn: 0
accuracy: 0.5, precision: 0.5, recall: 1.0, F1: 0.6666666666666666
specificity: 0.0, gmean: 0.0, mcc: 0 

test at step 2490: 0.7432432174682617
test loss at step 2490: 1.943002700805664
tp: 104, tn: 6, fp: 25, fn: 13
accuracy: 0.7432432432432432, precision: 0.8062015503875969, recall: 0.8888888888888888, F1: 0.8455284552845528
specificity: 0.1935483870967742, gmean: 0.4147806778921701, mcc: 0.10028263917140025 

train at step 2500: 1.0
train loss at step 2500: 0.00021867244504392147
train at step 2510: 1.0
train loss at step 2510: 0.00022556097246706486
train at step 2520: 1.0
train loss at step 2520: 0.00026069197338074446
dev at step 2520: 0.5
dev loss at step 2520: 5.086636066436768
tp: 2, tn: 0, fp: 2, fn: 0
accuracy: 0.5, precision: 0.5, recall: 1.0, F1: 0.6666666666666666
specificity: 0.0, gmean: 0.0, mcc: 0 

test at step 2520: 0.7432432174682617
test loss at step 2520: 1.9510639905929565
tp: 104, tn: 6, fp: 25, fn: 13
accuracy: 0.7432432432432432, precision: 0.8062015503875969, recall: 0.8888888888888888, F1: 0.8455284552845528
specificity: 0.1935483870967742, gmean: 0.4147806778921701, mcc: 0.10028263917140025 

train at step 2530: 1.0
train loss at step 2530: 0.00022951827850192785
train at step 2540: 1.0
train loss at step 2540: 0.00023658100690227002
train at step 2550: 1.0
train loss at step 2550: 0.00023203498858492821
dev at step 2550: 0.5
dev loss at step 2550: 5.158129692077637
tp: 2, tn: 0, fp: 2, fn: 0
accuracy: 0.5, precision: 0.5, recall: 1.0, F1: 0.6666666666666666
specificity: 0.0, gmean: 0.0, mcc: 0 

test at step 2550: 0.7432432174682617
test loss at step 2550: 1.9660238027572632
tp: 104, tn: 6, fp: 25, fn: 13
accuracy: 0.7432432432432432, precision: 0.8062015503875969, recall: 0.8888888888888888, F1: 0.8455284552845528
specificity: 0.1935483870967742, gmean: 0.4147806778921701, mcc: 0.10028263917140025 

train at step 2560: 1.0
train loss at step 2560: 0.00020889390725642443
train at step 2570: 1.0
train loss at step 2570: 0.0002581801381893456
train at step 2580: 1.0
train loss at step 2580: 0.000209237594390288
dev at step 2580: 0.5
dev loss at step 2580: 5.223201751708984
tp: 2, tn: 0, fp: 2, fn: 0
accuracy: 0.5, precision: 0.5, recall: 1.0, F1: 0.6666666666666666
specificity: 0.0, gmean: 0.0, mcc: 0 

test at step 2580: 0.75
test loss at step 2580: 1.9803440570831299
tp: 105, tn: 6, fp: 25, fn: 12
accuracy: 0.75, precision: 0.8076923076923077, recall: 0.8974358974358975, F1: 0.8502024291497975
specificity: 0.1935483870967742, gmean: 0.4167700450745759, mcc: 0.1132745207426601 

train at step 2590: 1.0
train loss at step 2590: 0.00020714954007416964
train at step 2600: 1.0
train loss at step 2600: 0.00024354972993023694
train at step 2610: 1.0
train loss at step 2610: 0.00022451257973443717
dev at step 2610: 0.5
dev loss at step 2610: 5.151364326477051
tp: 2, tn: 0, fp: 2, fn: 0
accuracy: 0.5, precision: 0.5, recall: 1.0, F1: 0.6666666666666666
specificity: 0.0, gmean: 0.0, mcc: 0 

test at step 2610: 0.7432432174682617
test loss at step 2610: 1.9771101474761963
tp: 104, tn: 6, fp: 25, fn: 13
accuracy: 0.7432432432432432, precision: 0.8062015503875969, recall: 0.8888888888888888, F1: 0.8455284552845528
specificity: 0.1935483870967742, gmean: 0.4147806778921701, mcc: 0.10028263917140025 

train at step 2620: 1.0
train loss at step 2620: 0.00018476993136573583
train at step 2630: 1.0
train loss at step 2630: 0.00019098461780231446
train at step 2640: 1.0
train loss at step 2640: 0.00022139691282063723
dev at step 2640: 0.5
dev loss at step 2640: 5.164165496826172
tp: 2, tn: 0, fp: 2, fn: 0
accuracy: 0.5, precision: 0.5, recall: 1.0, F1: 0.6666666666666666
specificity: 0.0, gmean: 0.0, mcc: 0 

test at step 2640: 0.7432432174682617
test loss at step 2640: 1.984370470046997
tp: 104, tn: 6, fp: 25, fn: 13
accuracy: 0.7432432432432432, precision: 0.8062015503875969, recall: 0.8888888888888888, F1: 0.8455284552845528
specificity: 0.1935483870967742, gmean: 0.4147806778921701, mcc: 0.10028263917140025 

train at step 2650: 1.0
train loss at step 2650: 0.00019486625387798995
train at step 2660: 1.0
train loss at step 2660: 0.00020149358897469938
train at step 2670: 1.0
train loss at step 2670: 0.00019721718854270875
dev at step 2670: 0.5
dev loss at step 2670: 5.225856304168701
tp: 2, tn: 0, fp: 2, fn: 0
accuracy: 0.5, precision: 0.5, recall: 1.0, F1: 0.6666666666666666
specificity: 0.0, gmean: 0.0, mcc: 0 

test at step 2670: 0.7432432174682617
test loss at step 2670: 1.9977264404296875
tp: 104, tn: 6, fp: 25, fn: 13
accuracy: 0.7432432432432432, precision: 0.8062015503875969, recall: 0.8888888888888888, F1: 0.8455284552845528
specificity: 0.1935483870967742, gmean: 0.4147806778921701, mcc: 0.10028263917140025 

train at step 2680: 1.0
train loss at step 2680: 0.00017829395073931664
train at step 2690: 1.0
train loss at step 2690: 0.00021996270515955985
train at step 2700: 1.0
train loss at step 2700: 0.00017851678421720862
dev at step 2700: 0.5
dev loss at step 2700: 5.281010627746582
tp: 2, tn: 0, fp: 2, fn: 0
accuracy: 0.5, precision: 0.5, recall: 1.0, F1: 0.6666666666666666
specificity: 0.0, gmean: 0.0, mcc: 0 

test at step 2700: 0.75
test loss at step 2700: 2.0103440284729004
tp: 105, tn: 6, fp: 25, fn: 12
accuracy: 0.75, precision: 0.8076923076923077, recall: 0.8974358974358975, F1: 0.8502024291497975
specificity: 0.1935483870967742, gmean: 0.4167700450745759, mcc: 0.1132745207426601 

train at step 2710: 1.0
train loss at step 2710: 0.0001774506235960871
train at step 2720: 1.0
train loss at step 2720: 0.00020894675981253386
train at step 2730: 1.0
train loss at step 2730: 0.0001903258089441806
dev at step 2730: 0.5
dev loss at step 2730: 5.219315528869629
tp: 2, tn: 0, fp: 2, fn: 0
accuracy: 0.5, precision: 0.5, recall: 1.0, F1: 0.6666666666666666
specificity: 0.0, gmean: 0.0, mcc: 0 

test at step 2730: 0.7432432174682617
test loss at step 2730: 2.0078728199005127
tp: 104, tn: 6, fp: 25, fn: 13
accuracy: 0.7432432432432432, precision: 0.8062015503875969, recall: 0.8888888888888888, F1: 0.8455284552845528
specificity: 0.1935483870967742, gmean: 0.4147806778921701, mcc: 0.10028263917140025 

train at step 2740: 1.0
train loss at step 2740: 0.0001582100085215643
train at step 2750: 1.0
train loss at step 2750: 0.0001638190442463383
train at step 2760: 1.0
train loss at step 2760: 0.00019024810171686113
dev at step 2760: 0.5
dev loss at step 2760: 5.231064796447754
tp: 2, tn: 0, fp: 2, fn: 0
accuracy: 0.5, precision: 0.5, recall: 1.0, F1: 0.6666666666666666
specificity: 0.0, gmean: 0.0, mcc: 0 

test at step 2760: 0.7432432174682617
test loss at step 2760: 2.0145931243896484
tp: 104, tn: 6, fp: 25, fn: 13
accuracy: 0.7432432432432432, precision: 0.8062015503875969, recall: 0.8888888888888888, F1: 0.8455284552845528
specificity: 0.1935483870967742, gmean: 0.4147806778921701, mcc: 0.10028263917140025 

train at step 2770: 1.0
train loss at step 2770: 0.00016753049567341805
train at step 2780: 1.0
train loss at step 2780: 0.00017379196651745588
train at step 2790: 1.0
train loss at step 2790: 0.000169627572176978
dev at step 2790: 0.5
dev loss at step 2790: 5.285231113433838
tp: 2, tn: 0, fp: 2, fn: 0
accuracy: 0.5, precision: 0.5, recall: 1.0, F1: 0.6666666666666666
specificity: 0.0, gmean: 0.0, mcc: 0 

test at step 2790: 0.7432432174682617
test loss at step 2790: 2.0266683101654053
tp: 104, tn: 6, fp: 25, fn: 13
accuracy: 0.7432432432432432, precision: 0.8062015503875969, recall: 0.8888888888888888, F1: 0.8455284552845528
specificity: 0.1935483870967742, gmean: 0.4147806778921701, mcc: 0.10028263917140025 

train at step 2800: 1.0
train loss at step 2800: 0.00015408205217681825
train at step 2810: 1.0
train loss at step 2810: 0.00018957334395963699
train at step 2820: 1.0
train loss at step 2820: 0.00015411953791044652
dev at step 2820: 0.5
dev loss at step 2820: 5.3321428298950195
tp: 2, tn: 0, fp: 2, fn: 0
accuracy: 0.5, precision: 0.5, recall: 1.0, F1: 0.6666666666666666
specificity: 0.0, gmean: 0.0, mcc: 0 

test at step 2820: 0.75
test loss at step 2820: 2.0378594398498535
tp: 105, tn: 6, fp: 25, fn: 12
accuracy: 0.75, precision: 0.8076923076923077, recall: 0.8974358974358975, F1: 0.8502024291497975
specificity: 0.1935483870967742, gmean: 0.4167700450745759, mcc: 0.1132745207426601 

train at step 2830: 1.0
train loss at step 2830: 0.00015375229122582823
train at step 2840: 1.0
train loss at step 2840: 0.00018094164261128753
train at step 2850: 1.0
train loss at step 2850: 0.00016355933621525764
dev at step 2850: 0.5
dev loss at step 2850: 5.277855396270752
tp: 2, tn: 0, fp: 2, fn: 0
accuracy: 0.5, precision: 0.5, recall: 1.0, F1: 0.6666666666666666
specificity: 0.0, gmean: 0.0, mcc: 0 

test at step 2850: 0.7432432174682617
test loss at step 2850: 2.0359227657318115
tp: 104, tn: 6, fp: 25, fn: 13
accuracy: 0.7432432432432432, precision: 0.8062015503875969, recall: 0.8888888888888888, F1: 0.8455284552845528
specificity: 0.1935483870967742, gmean: 0.4147806778921701, mcc: 0.10028263917140025 

train at step 2860: 1.0
train loss at step 2860: 0.00013697393296752125
train at step 2870: 1.0
train loss at step 2870: 0.0001419946493115276
train at step 2880: 1.0
train loss at step 2880: 0.00016505809617228806
dev at step 2880: 0.5
dev loss at step 2880: 5.2894768714904785
tp: 2, tn: 0, fp: 2, fn: 0
accuracy: 0.5, precision: 0.5, recall: 1.0, F1: 0.6666666666666666
specificity: 0.0, gmean: 0.0, mcc: 0 

test at step 2880: 0.7432432174682617
test loss at step 2880: 2.0422892570495605
tp: 104, tn: 6, fp: 25, fn: 13
accuracy: 0.7432432432432432, precision: 0.8062015503875969, recall: 0.8888888888888888, F1: 0.8455284552845528
specificity: 0.1935483870967742, gmean: 0.4147806778921701, mcc: 0.10028263917140025 

train at step 2890: 1.0
train loss at step 2890: 0.00014556173118762672
train at step 2900: 1.0
train loss at step 2900: 0.000151349333464168
train at step 2910: 1.0
train loss at step 2910: 0.00014733760326635092
dev at step 2910: 0.5
dev loss at step 2910: 5.337904453277588
tp: 2, tn: 0, fp: 2, fn: 0
accuracy: 0.5, precision: 0.5, recall: 1.0, F1: 0.6666666666666666
specificity: 0.0, gmean: 0.0, mcc: 0 

test at step 2910: 0.7432432174682617
test loss at step 2910: 2.053347110748291
tp: 104, tn: 6, fp: 25, fn: 13
accuracy: 0.7432432432432432, precision: 0.8062015503875969, recall: 0.8888888888888888, F1: 0.8455284552845528
specificity: 0.1935483870967742, gmean: 0.4147806778921701, mcc: 0.10028263917140025 

train at step 2920: 1.0
train loss at step 2920: 0.00013446109369397163
train at step 2930: 1.0
train loss at step 2930: 0.0001649451587582007
train at step 2940: 1.0
train loss at step 2940: 0.000134354893816635
dev at step 2940: 0.5
dev loss at step 2940: 5.378289222717285
tp: 2, tn: 0, fp: 2, fn: 0
accuracy: 0.5, precision: 0.5, recall: 1.0, F1: 0.6666666666666666
specificity: 0.0, gmean: 0.0, mcc: 0 

test at step 2940: 0.75
test loss at step 2940: 2.063385248184204
tp: 105, tn: 6, fp: 25, fn: 12
accuracy: 0.75, precision: 0.8076923076923077, recall: 0.8974358974358975, F1: 0.8502024291497975
specificity: 0.1935483870967742, gmean: 0.4167700450745759, mcc: 0.1132745207426601 

train at step 2950: 1.0
train loss at step 2950: 0.00013442109047900885
train at step 2960: 1.0
train loss at step 2960: 0.00015792679914738983
train at step 2970: 1.0
train loss at step 2970: 0.00014218217984307557
dev at step 2970: 0.5
dev loss at step 2970: 5.329878807067871
tp: 2, tn: 0, fp: 2, fn: 0
accuracy: 0.5, precision: 0.5, recall: 1.0, F1: 0.6666666666666666
specificity: 0.0, gmean: 0.0, mcc: 0 

test at step 2970: 0.7432432174682617
test loss at step 2970: 2.0618691444396973
tp: 104, tn: 6, fp: 25, fn: 13
accuracy: 0.7432432432432432, precision: 0.8062015503875969, recall: 0.8888888888888888, F1: 0.8455284552845528
specificity: 0.1935483870967742, gmean: 0.4147806778921701, mcc: 0.10028263917140025 

train at step 2980: 1.0
train loss at step 2980: 0.00011967374302912503
train at step 2990: 1.0
train loss at step 2990: 0.00012416629760991782
train at step 3000: 1.0
train loss at step 3000: 0.00014437294157687575
dev at step 3000: 0.5
dev loss at step 3000: 5.34187126159668
tp: 2, tn: 0, fp: 2, fn: 0
accuracy: 0.5, precision: 0.5, recall: 1.0, F1: 0.6666666666666666
specificity: 0.0, gmean: 0.0, mcc: 0 

test at step 3000: 0.7432432174682617
test loss at step 3000: 2.068000555038452
tp: 104, tn: 6, fp: 25, fn: 13
accuracy: 0.7432432432432432, precision: 0.8062015503875969, recall: 0.8888888888888888, F1: 0.8455284552845528
specificity: 0.1935483870967742, gmean: 0.4147806778921701, mcc: 0.10028263917140025 

