
aug_speed_50s
dev at step 0: 1.0
New best on dev at step 0: 1.0
dev loss at step 0: 0.16022174060344696
tp: 2, tn: 2, fp: 0, fn: 0
accuracy: 1.0, precision: 1.0, recall: 1.0, F1: 1.0
specificity: 1.0, gmean: 1.0, mcc: 1.0 

test at step 0: 0.5405405163764954
test loss at step 0: 2.4715404510498047
tp: 56, tn: 24, fp: 7, fn: 61
accuracy: 0.5405405405405406, precision: 0.8888888888888888, recall: 0.47863247863247865, F1: 0.6222222222222222
specificity: 0.7741935483870968, gmean: 0.6087316132794401, mcc: 0.2080730437970909 

dev at step 0: 1.0
New best on dev at step 0: 1.0
dev loss at step 0: 0.1420307606458664
tp: 2, tn: 2, fp: 0, fn: 0
accuracy: 1.0, precision: 1.0, recall: 1.0, F1: 1.0
specificity: 1.0, gmean: 1.0, mcc: 1.0 

test at step 0: 0.4797297418117523
test loss at step 0: 3.5930638313293457
tp: 45, tn: 26, fp: 5, fn: 72
accuracy: 0.4797297297297297, precision: 0.9, recall: 0.38461538461538464, F1: 0.5389221556886228
specificity: 0.8387096774193549, gmean: 0.5679618342470648, mcc: 0.19213797139201977 

dev at step 0: 0.75
New best on dev at step 0: 0.75
dev loss at step 0: 1.0171021223068237
tp: 2, tn: 1, fp: 1, fn: 0
accuracy: 0.75, precision: 0.6666666666666666, recall: 1.0, F1: 0.8
specificity: 0.5, gmean: 0.7071067811865476, mcc: 0.5773502691896258 

test at step 0: 0.5270270109176636
test loss at step 0: 2.855712652206421
tp: 54, tn: 24, fp: 7, fn: 63
accuracy: 0.527027027027027, precision: 0.8852459016393442, recall: 0.46153846153846156, F1: 0.6067415730337079
specificity: 0.7741935483870968, gmean: 0.5977625776640615, mcc: 0.19488023431254325 

dev at step 0: 0.5
New best on dev at step 0: 0.5
dev loss at step 0: 1.1994880437850952
tp: 1, tn: 1, fp: 1, fn: 1
accuracy: 0.5, precision: 0.5, recall: 0.5, F1: 0.5
specificity: 0.5, gmean: 0.5, mcc: 0.0 

test at step 0: 0.5337837934494019
test loss at step 0: 3.19743013381958
tp: 55, tn: 24, fp: 7, fn: 62
accuracy: 0.5337837837837838, precision: 0.8870967741935484, recall: 0.4700854700854701, F1: 0.6145251396648045
specificity: 0.7741935483870968, gmean: 0.6032720266436084, mcc: 0.20147208167306604 

dev at step 0: 0.5
New best on dev at step 0: 0.5
dev loss at step 0: 1.3409695625305176
tp: 1, tn: 1, fp: 1, fn: 1
accuracy: 0.5, precision: 0.5, recall: 0.5, F1: 0.5
specificity: 0.5, gmean: 0.5, mcc: 0.0 

test at step 0: 0.5270270109176636
test loss at step 0: 3.2543344497680664
tp: 54, tn: 24, fp: 7, fn: 63
accuracy: 0.527027027027027, precision: 0.8852459016393442, recall: 0.46153846153846156, F1: 0.6067415730337079
specificity: 0.7741935483870968, gmean: 0.5977625776640615, mcc: 0.19488023431254325 

dev at step 0: 0.5
New best on dev at step 0: 0.5
dev loss at step 0: 1.4489973783493042
tp: 1, tn: 1, fp: 1, fn: 1
accuracy: 0.5, precision: 0.5, recall: 0.5, F1: 0.5
specificity: 0.5, gmean: 0.5, mcc: 0.0 

test at step 0: 0.5337837934494019
test loss at step 0: 3.2744300365448
tp: 55, tn: 24, fp: 7, fn: 62
accuracy: 0.5337837837837838, precision: 0.8870967741935484, recall: 0.4700854700854701, F1: 0.6145251396648045
specificity: 0.7741935483870968, gmean: 0.6032720266436084, mcc: 0.20147208167306604 

dev at step 0: 0.5
New best on dev at step 0: 0.5
dev loss at step 0: 1.5425218343734741
tp: 1, tn: 1, fp: 1, fn: 1
accuracy: 0.5, precision: 0.5, recall: 0.5, F1: 0.5
specificity: 0.5, gmean: 0.5, mcc: 0.0 

test at step 0: 0.5337837934494019
test loss at step 0: 3.3168997764587402
tp: 55, tn: 24, fp: 7, fn: 62
accuracy: 0.5337837837837838, precision: 0.8870967741935484, recall: 0.4700854700854701, F1: 0.6145251396648045
specificity: 0.7741935483870968, gmean: 0.6032720266436084, mcc: 0.20147208167306604 

dev at step 0: 0.5
New best on dev at step 0: 0.5
dev loss at step 0: 1.6226904392242432
tp: 1, tn: 1, fp: 1, fn: 1
accuracy: 0.5, precision: 0.5, recall: 0.5, F1: 0.5
specificity: 0.5, gmean: 0.5, mcc: 0.0 

test at step 0: 0.5337837934494019
test loss at step 0: 3.317199468612671
tp: 56, tn: 23, fp: 8, fn: 61
accuracy: 0.5337837837837838, precision: 0.875, recall: 0.47863247863247865, F1: 0.6187845303867403
specificity: 0.7419354838709677, gmean: 0.5959147754759473, mcc: 0.18117012299983337 

dev at step 0: 0.5
New best on dev at step 0: 0.5
dev loss at step 0: 1.6954865455627441
tp: 1, tn: 1, fp: 1, fn: 1
accuracy: 0.5, precision: 0.5, recall: 0.5, F1: 0.5
specificity: 0.5, gmean: 0.5, mcc: 0.0 

test at step 0: 0.5337837934494019
test loss at step 0: 3.3094756603240967
tp: 56, tn: 23, fp: 8, fn: 61
accuracy: 0.5337837837837838, precision: 0.875, recall: 0.47863247863247865, F1: 0.6187845303867403
specificity: 0.7419354838709677, gmean: 0.5959147754759473, mcc: 0.18117012299983337 

dev at step 0: 0.5
New best on dev at step 0: 0.5
dev loss at step 0: 1.7620129585266113
tp: 1, tn: 1, fp: 1, fn: 1
accuracy: 0.5, precision: 0.5, recall: 0.5, F1: 0.5
specificity: 0.5, gmean: 0.5, mcc: 0.0 

test at step 0: 0.5405405163764954
test loss at step 0: 3.3153278827667236
tp: 57, tn: 23, fp: 8, fn: 60
accuracy: 0.5405405405405406, precision: 0.8769230769230769, recall: 0.48717948717948717, F1: 0.6263736263736264
specificity: 0.7419354838709677, gmean: 0.601211899876011, mcc: 0.1878587903327106 

dev at step 0: 0.5
New best on dev at step 0: 0.5
dev loss at step 0: 1.8226796388626099
tp: 1, tn: 1, fp: 1, fn: 1
accuracy: 0.5, precision: 0.5, recall: 0.5, F1: 0.5
specificity: 0.5, gmean: 0.5, mcc: 0.0 

test at step 0: 0.5405405163764954
test loss at step 0: 3.328890562057495
tp: 57, tn: 23, fp: 8, fn: 60
accuracy: 0.5405405405405406, precision: 0.8769230769230769, recall: 0.48717948717948717, F1: 0.6263736263736264
specificity: 0.7419354838709677, gmean: 0.601211899876011, mcc: 0.1878587903327106 

dev at step 0: 0.5
New best on dev at step 0: 0.5
dev loss at step 0: 1.877880573272705
tp: 1, tn: 1, fp: 1, fn: 1
accuracy: 0.5, precision: 0.5, recall: 0.5, F1: 0.5
specificity: 0.5, gmean: 0.5, mcc: 0.0 

test at step 0: 0.5405405163764954
test loss at step 0: 3.3109030723571777
tp: 57, tn: 23, fp: 8, fn: 60
accuracy: 0.5405405405405406, precision: 0.8769230769230769, recall: 0.48717948717948717, F1: 0.6263736263736264
specificity: 0.7419354838709677, gmean: 0.601211899876011, mcc: 0.1878587903327106 

dev at step 0: 0.5
New best on dev at step 0: 0.5
dev loss at step 0: 1.9293479919433594
tp: 1, tn: 1, fp: 1, fn: 1
accuracy: 0.5, precision: 0.5, recall: 0.5, F1: 0.5
specificity: 0.5, gmean: 0.5, mcc: 0.0 

test at step 0: 0.5405405163764954
test loss at step 0: 3.2899575233459473
tp: 57, tn: 23, fp: 8, fn: 60
accuracy: 0.5405405405405406, precision: 0.8769230769230769, recall: 0.48717948717948717, F1: 0.6263736263736264
specificity: 0.7419354838709677, gmean: 0.601211899876011, mcc: 0.1878587903327106 

dev at step 0: 0.5
New best on dev at step 0: 0.5
dev loss at step 0: 1.9785778522491455
tp: 1, tn: 1, fp: 1, fn: 1
accuracy: 0.5, precision: 0.5, recall: 0.5, F1: 0.5
specificity: 0.5, gmean: 0.5, mcc: 0.0 

test at step 0: 0.5405405163764954
test loss at step 0: 3.3067750930786133
tp: 57, tn: 23, fp: 8, fn: 60
accuracy: 0.5405405405405406, precision: 0.8769230769230769, recall: 0.48717948717948717, F1: 0.6263736263736264
specificity: 0.7419354838709677, gmean: 0.601211899876011, mcc: 0.1878587903327106 

dev at step 0: 0.5
New best on dev at step 0: 0.5
dev loss at step 0: 2.0253546237945557
tp: 1, tn: 1, fp: 1, fn: 1
accuracy: 0.5, precision: 0.5, recall: 0.5, F1: 0.5
specificity: 0.5, gmean: 0.5, mcc: 0.0 

test at step 0: 0.5405405163764954
test loss at step 0: 3.3143720626831055
tp: 57, tn: 23, fp: 8, fn: 60
accuracy: 0.5405405405405406, precision: 0.8769230769230769, recall: 0.48717948717948717, F1: 0.6263736263736264
specificity: 0.7419354838709677, gmean: 0.601211899876011, mcc: 0.1878587903327106 

dev at step 0: 0.5
New best on dev at step 0: 0.5
dev loss at step 0: 2.0694658756256104
tp: 1, tn: 1, fp: 1, fn: 1
accuracy: 0.5, precision: 0.5, recall: 0.5, F1: 0.5
specificity: 0.5, gmean: 0.5, mcc: 0.0 

test at step 0: 0.5405405163764954
test loss at step 0: 3.3243324756622314
tp: 57, tn: 23, fp: 8, fn: 60
accuracy: 0.5405405405405406, precision: 0.8769230769230769, recall: 0.48717948717948717, F1: 0.6263736263736264
specificity: 0.7419354838709677, gmean: 0.601211899876011, mcc: 0.1878587903327106 

dev at step 0: 0.5
New best on dev at step 0: 0.5
dev loss at step 0: 2.1101765632629395
tp: 1, tn: 1, fp: 1, fn: 1
accuracy: 0.5, precision: 0.5, recall: 0.5, F1: 0.5
specificity: 0.5, gmean: 0.5, mcc: 0.0 

test at step 0: 0.5405405163764954
test loss at step 0: 3.3132636547088623
tp: 57, tn: 23, fp: 8, fn: 60
accuracy: 0.5405405405405406, precision: 0.8769230769230769, recall: 0.48717948717948717, F1: 0.6263736263736264
specificity: 0.7419354838709677, gmean: 0.601211899876011, mcc: 0.1878587903327106 

dev at step 0: 0.5
New best on dev at step 0: 0.5
dev loss at step 0: 2.150045871734619
tp: 1, tn: 1, fp: 1, fn: 1
accuracy: 0.5, precision: 0.5, recall: 0.5, F1: 0.5
specificity: 0.5, gmean: 0.5, mcc: 0.0 

test at step 0: 0.5405405163764954
test loss at step 0: 3.323688268661499
tp: 57, tn: 23, fp: 8, fn: 60
accuracy: 0.5405405405405406, precision: 0.8769230769230769, recall: 0.48717948717948717, F1: 0.6263736263736264
specificity: 0.7419354838709677, gmean: 0.601211899876011, mcc: 0.1878587903327106 

dev at step 0: 0.5
New best on dev at step 0: 0.5
dev loss at step 0: 2.1880381107330322
tp: 1, tn: 1, fp: 1, fn: 1
accuracy: 0.5, precision: 0.5, recall: 0.5, F1: 0.5
specificity: 0.5, gmean: 0.5, mcc: 0.0 

test at step 0: 0.5472972989082336
test loss at step 0: 3.3226685523986816
tp: 58, tn: 23, fp: 8, fn: 59
accuracy: 0.5472972972972973, precision: 0.8787878787878788, recall: 0.49572649572649574, F1: 0.633879781420765
specificity: 0.7419354838709677, gmean: 0.6064627585223159, mcc: 0.19456046433379964 

dev at step 0: 0.5
New best on dev at step 0: 0.5
dev loss at step 0: 2.2242953777313232
tp: 1, tn: 1, fp: 1, fn: 1
accuracy: 0.5, precision: 0.5, recall: 0.5, F1: 0.5
specificity: 0.5, gmean: 0.5, mcc: 0.0 

test at step 0: 0.5472972989082336
test loss at step 0: 3.325725555419922
tp: 58, tn: 23, fp: 8, fn: 59
accuracy: 0.5472972972972973, precision: 0.8787878787878788, recall: 0.49572649572649574, F1: 0.633879781420765
specificity: 0.7419354838709677, gmean: 0.6064627585223159, mcc: 0.19456046433379964 

dev at step 0: 0.5
New best on dev at step 0: 0.5
dev loss at step 0: 2.259230613708496
tp: 1, tn: 1, fp: 1, fn: 1
accuracy: 0.5, precision: 0.5, recall: 0.5, F1: 0.5
specificity: 0.5, gmean: 0.5, mcc: 0.0 

test at step 0: 0.5472972989082336
test loss at step 0: 3.331462860107422
tp: 58, tn: 23, fp: 8, fn: 59
accuracy: 0.5472972972972973, precision: 0.8787878787878788, recall: 0.49572649572649574, F1: 0.633879781420765
specificity: 0.7419354838709677, gmean: 0.6064627585223159, mcc: 0.19456046433379964 

aug_normalisation_50s
dev at step 0: 1.0
New best on dev at step 0: 1.0
dev loss at step 0: 0.16022174060344696
tp: 2, tn: 2, fp: 0, fn: 0
accuracy: 1.0, precision: 1.0, recall: 1.0, F1: 1.0
specificity: 1.0, gmean: 1.0, mcc: 1.0 

test at step 0: 0.5405405163764954
test loss at step 0: 2.4715404510498047
tp: 56, tn: 24, fp: 7, fn: 61
accuracy: 0.5405405405405406, precision: 0.8888888888888888, recall: 0.47863247863247865, F1: 0.6222222222222222
specificity: 0.7741935483870968, gmean: 0.6087316132794401, mcc: 0.2080730437970909 

dev at step 0: 0.5
New best on dev at step 0: 0.5
dev loss at step 0: 1.3609728813171387
tp: 0, tn: 2, fp: 0, fn: 2
accuracy: 0.5, precision: 0, recall: 0.0, F1: 0
specificity: 1.0, gmean: 0.0, mcc: 0 

test at step 0: 0.2702702581882477
test loss at step 0: 7.770847797393799
tp: 12, tn: 28, fp: 3, fn: 105
accuracy: 0.2702702702702703, precision: 0.8, recall: 0.10256410256410256, F1: 0.18181818181818182
specificity: 0.9032258064516129, gmean: 0.30436580663972007, mcc: 0.007806818218182217 

dev at step 0: 0.5
New best on dev at step 0: 0.5
dev loss at step 0: 2.315399408340454
tp: 0, tn: 2, fp: 0, fn: 2
accuracy: 0.5, precision: 0, recall: 0.0, F1: 0
specificity: 1.0, gmean: 0.0, mcc: 0 

test at step 0: 0.2567567527294159
test loss at step 0: 8.982329368591309
tp: 10, tn: 28, fp: 3, fn: 107
accuracy: 0.25675675675675674, precision: 0.7692307692307693, recall: 0.08547008547008547, F1: 0.15384615384615383
specificity: 0.9032258064516129, gmean: 0.2778466967163839, mcc: -0.0162506792531341 

dev at step 0: 0.5
New best on dev at step 0: 0.5
dev loss at step 0: 2.3853015899658203
tp: 0, tn: 2, fp: 0, fn: 2
accuracy: 0.5, precision: 0, recall: 0.0, F1: 0
specificity: 1.0, gmean: 0.0, mcc: 0 

test at step 0: 0.2702702581882477
test loss at step 0: 9.060189247131348
tp: 12, tn: 28, fp: 3, fn: 105
accuracy: 0.2702702702702703, precision: 0.8, recall: 0.10256410256410256, F1: 0.18181818181818182
specificity: 0.9032258064516129, gmean: 0.30436580663972007, mcc: 0.007806818218182217 

dev at step 0: 0.5
New best on dev at step 0: 0.5
dev loss at step 0: 2.420151472091675
tp: 0, tn: 2, fp: 0, fn: 2
accuracy: 0.5, precision: 0, recall: 0.0, F1: 0
specificity: 1.0, gmean: 0.0, mcc: 0 

test at step 0: 0.2702702581882477
test loss at step 0: 9.095856666564941
tp: 12, tn: 28, fp: 3, fn: 105
accuracy: 0.2702702702702703, precision: 0.8, recall: 0.10256410256410256, F1: 0.18181818181818182
specificity: 0.9032258064516129, gmean: 0.30436580663972007, mcc: 0.007806818218182217 

dev at step 0: 0.5
New best on dev at step 0: 0.5
dev loss at step 0: 2.479898691177368
tp: 0, tn: 2, fp: 0, fn: 2
accuracy: 0.5, precision: 0, recall: 0.0, F1: 0
specificity: 1.0, gmean: 0.0, mcc: 0 

test at step 0: 0.2702702581882477
test loss at step 0: 9.169302940368652
tp: 12, tn: 28, fp: 3, fn: 105
accuracy: 0.2702702702702703, precision: 0.8, recall: 0.10256410256410256, F1: 0.18181818181818182
specificity: 0.9032258064516129, gmean: 0.30436580663972007, mcc: 0.007806818218182217 

dev at step 0: 0.5
New best on dev at step 0: 0.5
dev loss at step 0: 2.527071714401245
tp: 0, tn: 2, fp: 0, fn: 2
accuracy: 0.5, precision: 0, recall: 0.0, F1: 0
specificity: 1.0, gmean: 0.0, mcc: 0 

test at step 0: 0.2702702581882477
test loss at step 0: 9.226290702819824
tp: 12, tn: 28, fp: 3, fn: 105
accuracy: 0.2702702702702703, precision: 0.8, recall: 0.10256410256410256, F1: 0.18181818181818182
specificity: 0.9032258064516129, gmean: 0.30436580663972007, mcc: 0.007806818218182217 

dev at step 0: 0.5
New best on dev at step 0: 0.5
dev loss at step 0: 2.5616657733917236
tp: 0, tn: 2, fp: 0, fn: 2
accuracy: 0.5, precision: 0, recall: 0.0, F1: 0
specificity: 1.0, gmean: 0.0, mcc: 0 

test at step 0: 0.2702702581882477
test loss at step 0: 9.265674591064453
tp: 12, tn: 28, fp: 3, fn: 105
accuracy: 0.2702702702702703, precision: 0.8, recall: 0.10256410256410256, F1: 0.18181818181818182
specificity: 0.9032258064516129, gmean: 0.30436580663972007, mcc: 0.007806818218182217 

dev at step 0: 0.5
New best on dev at step 0: 0.5
dev loss at step 0: 2.6140286922454834
tp: 0, tn: 2, fp: 0, fn: 2
accuracy: 0.5, precision: 0, recall: 0.0, F1: 0
specificity: 1.0, gmean: 0.0, mcc: 0 

test at step 0: 0.2702702581882477
test loss at step 0: 9.331656455993652
tp: 12, tn: 28, fp: 3, fn: 105
accuracy: 0.2702702702702703, precision: 0.8, recall: 0.10256410256410256, F1: 0.18181818181818182
specificity: 0.9032258064516129, gmean: 0.30436580663972007, mcc: 0.007806818218182217 

dev at step 0: 0.5
New best on dev at step 0: 0.5
dev loss at step 0: 2.6331043243408203
tp: 0, tn: 2, fp: 0, fn: 2
accuracy: 0.5, precision: 0, recall: 0.0, F1: 0
specificity: 1.0, gmean: 0.0, mcc: 0 

test at step 0: 0.2702702581882477
test loss at step 0: 9.349772453308105
tp: 12, tn: 28, fp: 3, fn: 105
accuracy: 0.2702702702702703, precision: 0.8, recall: 0.10256410256410256, F1: 0.18181818181818182
specificity: 0.9032258064516129, gmean: 0.30436580663972007, mcc: 0.007806818218182217 

dev at step 0: 0.5
New best on dev at step 0: 0.5
dev loss at step 0: 2.662055253982544
tp: 0, tn: 2, fp: 0, fn: 2
accuracy: 0.5, precision: 0, recall: 0.0, F1: 0
specificity: 1.0, gmean: 0.0, mcc: 0 

test at step 0: 0.2702702581882477
test loss at step 0: 9.38218879699707
tp: 12, tn: 28, fp: 3, fn: 105
accuracy: 0.2702702702702703, precision: 0.8, recall: 0.10256410256410256, F1: 0.18181818181818182
specificity: 0.9032258064516129, gmean: 0.30436580663972007, mcc: 0.007806818218182217 

dev at step 0: 0.5
New best on dev at step 0: 0.5
dev loss at step 0: 2.6674981117248535
tp: 0, tn: 2, fp: 0, fn: 2
accuracy: 0.5, precision: 0, recall: 0.0, F1: 0
specificity: 1.0, gmean: 0.0, mcc: 0 

test at step 0: 0.27702704071998596
test loss at step 0: 9.380704879760742
tp: 13, tn: 28, fp: 3, fn: 104
accuracy: 0.27702702702702703, precision: 0.8125, recall: 0.1111111111111111, F1: 0.19548872180451127
specificity: 0.9032258064516129, gmean: 0.3167939755409943, mcc: 0.018788089005435316 

dev at step 0: 0.5
New best on dev at step 0: 0.5
dev loss at step 0: 2.7177507877349854
tp: 0, tn: 2, fp: 0, fn: 2
accuracy: 0.5, precision: 0, recall: 0.0, F1: 0
specificity: 1.0, gmean: 0.0, mcc: 0 

test at step 0: 0.27702704071998596
test loss at step 0: 9.446515083312988
tp: 13, tn: 28, fp: 3, fn: 104
accuracy: 0.27702702702702703, precision: 0.8125, recall: 0.1111111111111111, F1: 0.19548872180451127
specificity: 0.9032258064516129, gmean: 0.3167939755409943, mcc: 0.018788089005435316 

dev at step 0: 0.5
New best on dev at step 0: 0.5
dev loss at step 0: 2.7534685134887695
tp: 0, tn: 2, fp: 0, fn: 2
accuracy: 0.5, precision: 0, recall: 0.0, F1: 0
specificity: 1.0, gmean: 0.0, mcc: 0 

test at step 0: 0.27702704071998596
test loss at step 0: 9.490636825561523
tp: 13, tn: 28, fp: 3, fn: 104
accuracy: 0.27702702702702703, precision: 0.8125, recall: 0.1111111111111111, F1: 0.19548872180451127
specificity: 0.9032258064516129, gmean: 0.3167939755409943, mcc: 0.018788089005435316 

dev at step 0: 0.5
New best on dev at step 0: 0.5
dev loss at step 0: 2.7529473304748535
tp: 0, tn: 2, fp: 0, fn: 2
accuracy: 0.5, precision: 0, recall: 0.0, F1: 0
specificity: 1.0, gmean: 0.0, mcc: 0 

test at step 0: 0.27702704071998596
test loss at step 0: 9.481620788574219
tp: 13, tn: 28, fp: 3, fn: 104
accuracy: 0.27702702702702703, precision: 0.8125, recall: 0.1111111111111111, F1: 0.19548872180451127
specificity: 0.9032258064516129, gmean: 0.3167939755409943, mcc: 0.018788089005435316 

dev at step 0: 0.5
New best on dev at step 0: 0.5
dev loss at step 0: 2.7853221893310547
tp: 0, tn: 2, fp: 0, fn: 2
accuracy: 0.5, precision: 0, recall: 0.0, F1: 0
specificity: 1.0, gmean: 0.0, mcc: 0 

test at step 0: 0.27702704071998596
test loss at step 0: 9.521364212036133
tp: 13, tn: 28, fp: 3, fn: 104
accuracy: 0.27702702702702703, precision: 0.8125, recall: 0.1111111111111111, F1: 0.19548872180451127
specificity: 0.9032258064516129, gmean: 0.3167939755409943, mcc: 0.018788089005435316 

dev at step 0: 0.5
New best on dev at step 0: 0.5
dev loss at step 0: 2.824256181716919
tp: 0, tn: 2, fp: 0, fn: 2
accuracy: 0.5, precision: 0, recall: 0.0, F1: 0
specificity: 1.0, gmean: 0.0, mcc: 0 

test at step 0: 0.27702704071998596
test loss at step 0: 9.572009086608887
tp: 13, tn: 28, fp: 3, fn: 104
accuracy: 0.27702702702702703, precision: 0.8125, recall: 0.1111111111111111, F1: 0.19548872180451127
specificity: 0.9032258064516129, gmean: 0.3167939755409943, mcc: 0.018788089005435316 

dev at step 0: 0.5
New best on dev at step 0: 0.5
dev loss at step 0: 2.822120428085327
tp: 0, tn: 2, fp: 0, fn: 2
accuracy: 0.5, precision: 0, recall: 0.0, F1: 0
specificity: 1.0, gmean: 0.0, mcc: 0 

test at step 0: 0.28378379344940186
test loss at step 0: 9.560861587524414
tp: 14, tn: 28, fp: 3, fn: 103
accuracy: 0.28378378378378377, precision: 0.8235294117647058, recall: 0.11965811965811966, F1: 0.208955223880597
specificity: 0.9032258064516129, gmean: 0.3287526450489619, mcc: 0.029204125499049927 

dev at step 0: 0.5
New best on dev at step 0: 0.5
dev loss at step 0: 2.8490817546844482
tp: 0, tn: 2, fp: 0, fn: 2
accuracy: 0.5, precision: 0, recall: 0.0, F1: 0
specificity: 1.0, gmean: 0.0, mcc: 0 

test at step 0: 0.28378379344940186
test loss at step 0: 9.593840599060059
tp: 14, tn: 28, fp: 3, fn: 103
accuracy: 0.28378378378378377, precision: 0.8235294117647058, recall: 0.11965811965811966, F1: 0.208955223880597
specificity: 0.9032258064516129, gmean: 0.3287526450489619, mcc: 0.029204125499049927 

dev at step 0: 0.5
New best on dev at step 0: 0.5
dev loss at step 0: 2.863675594329834
tp: 0, tn: 2, fp: 0, fn: 2
accuracy: 0.5, precision: 0, recall: 0.0, F1: 0
specificity: 1.0, gmean: 0.0, mcc: 0 

test at step 0: 0.28378379344940186
test loss at step 0: 9.608221054077148
tp: 14, tn: 28, fp: 3, fn: 103
accuracy: 0.28378378378378377, precision: 0.8235294117647058, recall: 0.11965811965811966, F1: 0.208955223880597
specificity: 0.9032258064516129, gmean: 0.3287526450489619, mcc: 0.029204125499049927 

dev at step 0: 0.5
New best on dev at step 0: 0.5
dev loss at step 0: 2.888009548187256
tp: 0, tn: 2, fp: 0, fn: 2
accuracy: 0.5, precision: 0, recall: 0.0, F1: 0
specificity: 1.0, gmean: 0.0, mcc: 0 

test at step 0: 0.28378379344940186
test loss at step 0: 9.63764762878418
tp: 14, tn: 28, fp: 3, fn: 103
accuracy: 0.28378378378378377, precision: 0.8235294117647058, recall: 0.11965811965811966, F1: 0.208955223880597
specificity: 0.9032258064516129, gmean: 0.3287526450489619, mcc: 0.029204125499049927 

aug_specaugment_50s
dev at step 0: 1.0
New best on dev at step 0: 1.0
dev loss at step 0: 0.16022174060344696
tp: 2, tn: 2, fp: 0, fn: 0
accuracy: 1.0, precision: 1.0, recall: 1.0, F1: 1.0
specificity: 1.0, gmean: 1.0, mcc: 1.0 

test at step 0: 0.5405405163764954
test loss at step 0: 2.4715404510498047
tp: 56, tn: 24, fp: 7, fn: 61
accuracy: 0.5405405405405406, precision: 0.8888888888888888, recall: 0.47863247863247865, F1: 0.6222222222222222
specificity: 0.7741935483870968, gmean: 0.6087316132794401, mcc: 0.2080730437970909 

dev at step 0: 0.5
New best on dev at step 0: 0.5
dev loss at step 0: 1.4736332893371582
tp: 0, tn: 2, fp: 0, fn: 2
accuracy: 0.5, precision: 0, recall: 0.0, F1: 0
specificity: 1.0, gmean: 0.0, mcc: 0 

test at step 0: 0.2635135054588318
test loss at step 0: 8.263506889343262
tp: 9, tn: 30, fp: 1, fn: 108
accuracy: 0.2635135135135135, precision: 0.9, recall: 0.07692307692307693, F1: 0.14173228346456693
specificity: 0.967741935483871, gmean: 0.2728400398492002, mcc: 0.07241052454694308 

dev at step 0: 0.5
New best on dev at step 0: 0.5
dev loss at step 0: 1.4527266025543213
tp: 0, tn: 2, fp: 0, fn: 2
accuracy: 0.5, precision: 0, recall: 0.0, F1: 0
specificity: 1.0, gmean: 0.0, mcc: 0 

test at step 0: 0.2635135054588318
test loss at step 0: 8.185100555419922
tp: 11, tn: 28, fp: 3, fn: 106
accuracy: 0.2635135135135135, precision: 0.7857142857142857, recall: 0.09401709401709402, F1: 0.16793893129770993
specificity: 0.9032258064516129, gmean: 0.29140807395099205, mcc: -0.003833626559474864 

dev at step 0: 0.5
New best on dev at step 0: 0.5
dev loss at step 0: 1.6856611967086792
tp: 0, tn: 2, fp: 0, fn: 2
accuracy: 0.5, precision: 0, recall: 0.0, F1: 0
specificity: 1.0, gmean: 0.0, mcc: 0 

test at step 0: 0.2635135054588318
test loss at step 0: 8.519918441772461
tp: 11, tn: 28, fp: 3, fn: 106
accuracy: 0.2635135135135135, precision: 0.7857142857142857, recall: 0.09401709401709402, F1: 0.16793893129770993
specificity: 0.9032258064516129, gmean: 0.29140807395099205, mcc: -0.003833626559474864 

dev at step 0: 0.5
New best on dev at step 0: 0.5
dev loss at step 0: 1.7105456590652466
tp: 0, tn: 2, fp: 0, fn: 2
accuracy: 0.5, precision: 0, recall: 0.0, F1: 0
specificity: 1.0, gmean: 0.0, mcc: 0 

test at step 0: 0.2635135054588318
test loss at step 0: 8.557188987731934
tp: 11, tn: 28, fp: 3, fn: 106
accuracy: 0.2635135135135135, precision: 0.7857142857142857, recall: 0.09401709401709402, F1: 0.16793893129770993
specificity: 0.9032258064516129, gmean: 0.29140807395099205, mcc: -0.003833626559474864 

dev at step 0: 0.5
New best on dev at step 0: 0.5
dev loss at step 0: 1.7617348432540894
tp: 0, tn: 2, fp: 0, fn: 2
accuracy: 0.5, precision: 0, recall: 0.0, F1: 0
specificity: 1.0, gmean: 0.0, mcc: 0 

test at step 0: 0.2635135054588318
test loss at step 0: 8.631839752197266
tp: 11, tn: 28, fp: 3, fn: 106
accuracy: 0.2635135135135135, precision: 0.7857142857142857, recall: 0.09401709401709402, F1: 0.16793893129770993
specificity: 0.9032258064516129, gmean: 0.29140807395099205, mcc: -0.003833626559474864 

dev at step 0: 0.5
New best on dev at step 0: 0.5
dev loss at step 0: 1.802977442741394
tp: 0, tn: 2, fp: 0, fn: 2
accuracy: 0.5, precision: 0, recall: 0.0, F1: 0
specificity: 1.0, gmean: 0.0, mcc: 0 

test at step 0: 0.2635135054588318
test loss at step 0: 8.691049575805664
tp: 11, tn: 28, fp: 3, fn: 106
accuracy: 0.2635135135135135, precision: 0.7857142857142857, recall: 0.09401709401709402, F1: 0.16793893129770993
specificity: 0.9032258064516129, gmean: 0.29140807395099205, mcc: -0.003833626559474864 

dev at step 0: 0.5
New best on dev at step 0: 0.5
dev loss at step 0: 1.8320128917694092
tp: 0, tn: 2, fp: 0, fn: 2
accuracy: 0.5, precision: 0, recall: 0.0, F1: 0
specificity: 1.0, gmean: 0.0, mcc: 0 

test at step 0: 0.2635135054588318
test loss at step 0: 8.732229232788086
tp: 11, tn: 28, fp: 3, fn: 106
accuracy: 0.2635135135135135, precision: 0.7857142857142857, recall: 0.09401709401709402, F1: 0.16793893129770993
specificity: 0.9032258064516129, gmean: 0.29140807395099205, mcc: -0.003833626559474864 

dev at step 0: 0.5
New best on dev at step 0: 0.5
dev loss at step 0: 1.8511850833892822
tp: 0, tn: 2, fp: 0, fn: 2
accuracy: 0.5, precision: 0, recall: 0.0, F1: 0
specificity: 1.0, gmean: 0.0, mcc: 0 

test at step 0: 0.2635135054588318
test loss at step 0: 8.758718490600586
tp: 11, tn: 28, fp: 3, fn: 106
accuracy: 0.2635135135135135, precision: 0.7857142857142857, recall: 0.09401709401709402, F1: 0.16793893129770993
specificity: 0.9032258064516129, gmean: 0.29140807395099205, mcc: -0.003833626559474864 

dev at step 0: 0.5
New best on dev at step 0: 0.5
dev loss at step 0: 1.8806467056274414
tp: 0, tn: 2, fp: 0, fn: 2
accuracy: 0.5, precision: 0, recall: 0.0, F1: 0
specificity: 1.0, gmean: 0.0, mcc: 0 

test at step 0: 0.2635135054588318
test loss at step 0: 8.799833297729492
tp: 11, tn: 28, fp: 3, fn: 106
accuracy: 0.2635135135135135, precision: 0.7857142857142857, recall: 0.09401709401709402, F1: 0.16793893129770993
specificity: 0.9032258064516129, gmean: 0.29140807395099205, mcc: -0.003833626559474864 

dev at step 0: 0.5
New best on dev at step 0: 0.5
dev loss at step 0: 1.9155430793762207
tp: 0, tn: 2, fp: 0, fn: 2
accuracy: 0.5, precision: 0, recall: 0.0, F1: 0
specificity: 1.0, gmean: 0.0, mcc: 0 

test at step 0: 0.2635135054588318
test loss at step 0: 8.84972095489502
tp: 11, tn: 28, fp: 3, fn: 106
accuracy: 0.2635135135135135, precision: 0.7857142857142857, recall: 0.09401709401709402, F1: 0.16793893129770993
specificity: 0.9032258064516129, gmean: 0.29140807395099205, mcc: -0.003833626559474864 

dev at step 0: 0.5
New best on dev at step 0: 0.5
dev loss at step 0: 1.9392560720443726
tp: 0, tn: 2, fp: 0, fn: 2
accuracy: 0.5, precision: 0, recall: 0.0, F1: 0
specificity: 1.0, gmean: 0.0, mcc: 0 

test at step 0: 0.2702702581882477
test loss at step 0: 8.882526397705078
tp: 12, tn: 28, fp: 3, fn: 105
accuracy: 0.2702702702702703, precision: 0.8, recall: 0.10256410256410256, F1: 0.18181818181818182
specificity: 0.9032258064516129, gmean: 0.30436580663972007, mcc: 0.007806818218182217 

dev at step 0: 0.5
New best on dev at step 0: 0.5
dev loss at step 0: 1.952896237373352
tp: 0, tn: 2, fp: 0, fn: 2
accuracy: 0.5, precision: 0, recall: 0.0, F1: 0
specificity: 1.0, gmean: 0.0, mcc: 0 

test at step 0: 0.2702702581882477
test loss at step 0: 8.900556564331055
tp: 12, tn: 28, fp: 3, fn: 105
accuracy: 0.2702702702702703, precision: 0.8, recall: 0.10256410256410256, F1: 0.18181818181818182
specificity: 0.9032258064516129, gmean: 0.30436580663972007, mcc: 0.007806818218182217 

dev at step 0: 0.5
New best on dev at step 0: 0.5
dev loss at step 0: 1.9892101287841797
tp: 0, tn: 2, fp: 0, fn: 2
accuracy: 0.5, precision: 0, recall: 0.0, F1: 0
specificity: 1.0, gmean: 0.0, mcc: 0 

test at step 0: 0.2702702581882477
test loss at step 0: 8.951944351196289
tp: 12, tn: 28, fp: 3, fn: 105
accuracy: 0.2702702702702703, precision: 0.8, recall: 0.10256410256410256, F1: 0.18181818181818182
specificity: 0.9032258064516129, gmean: 0.30436580663972007, mcc: 0.007806818218182217 

dev at step 0: 0.5
New best on dev at step 0: 0.5
dev loss at step 0: 2.003005266189575
tp: 0, tn: 2, fp: 0, fn: 2
accuracy: 0.5, precision: 0, recall: 0.0, F1: 0
specificity: 1.0, gmean: 0.0, mcc: 0 

test at step 0: 0.2702702581882477
test loss at step 0: 8.970163345336914
tp: 12, tn: 28, fp: 3, fn: 105
accuracy: 0.2702702702702703, precision: 0.8, recall: 0.10256410256410256, F1: 0.18181818181818182
specificity: 0.9032258064516129, gmean: 0.30436580663972007, mcc: 0.007806818218182217 

dev at step 0: 0.5
New best on dev at step 0: 0.5
dev loss at step 0: 2.0261831283569336
tp: 0, tn: 2, fp: 0, fn: 2
accuracy: 0.5, precision: 0, recall: 0.0, F1: 0
specificity: 1.0, gmean: 0.0, mcc: 0 

test at step 0: 0.2702702581882477
test loss at step 0: 9.002391815185547
tp: 12, tn: 28, fp: 3, fn: 105
accuracy: 0.2702702702702703, precision: 0.8, recall: 0.10256410256410256, F1: 0.18181818181818182
specificity: 0.9032258064516129, gmean: 0.30436580663972007, mcc: 0.007806818218182217 

dev at step 0: 0.5
New best on dev at step 0: 0.5
dev loss at step 0: 2.0436630249023438
tp: 0, tn: 2, fp: 0, fn: 2
accuracy: 0.5, precision: 0, recall: 0.0, F1: 0
specificity: 1.0, gmean: 0.0, mcc: 0 

test at step 0: 0.2702702581882477
test loss at step 0: 9.025711059570312
tp: 12, tn: 28, fp: 3, fn: 105
accuracy: 0.2702702702702703, precision: 0.8, recall: 0.10256410256410256, F1: 0.18181818181818182
specificity: 0.9032258064516129, gmean: 0.30436580663972007, mcc: 0.007806818218182217 

dev at step 0: 0.5
New best on dev at step 0: 0.5
dev loss at step 0: 2.0529308319091797
tp: 0, tn: 2, fp: 0, fn: 2
accuracy: 0.5, precision: 0, recall: 0.0, F1: 0
specificity: 1.0, gmean: 0.0, mcc: 0 

test at step 0: 0.2702702581882477
test loss at step 0: 9.03663158416748
tp: 12, tn: 28, fp: 3, fn: 105
accuracy: 0.2702702702702703, precision: 0.8, recall: 0.10256410256410256, F1: 0.18181818181818182
specificity: 0.9032258064516129, gmean: 0.30436580663972007, mcc: 0.007806818218182217 

dev at step 0: 0.5
New best on dev at step 0: 0.5
dev loss at step 0: 2.0785176753997803
tp: 0, tn: 2, fp: 0, fn: 2
accuracy: 0.5, precision: 0, recall: 0.0, F1: 0
specificity: 1.0, gmean: 0.0, mcc: 0 

test at step 0: 0.2702702581882477
test loss at step 0: 9.072437286376953
tp: 12, tn: 28, fp: 3, fn: 105
accuracy: 0.2702702702702703, precision: 0.8, recall: 0.10256410256410256, F1: 0.18181818181818182
specificity: 0.9032258064516129, gmean: 0.30436580663972007, mcc: 0.007806818218182217 

dev at step 0: 0.5
New best on dev at step 0: 0.5
dev loss at step 0: 2.0954205989837646
tp: 0, tn: 2, fp: 0, fn: 2
accuracy: 0.5, precision: 0, recall: 0.0, F1: 0
specificity: 1.0, gmean: 0.0, mcc: 0 

test at step 0: 0.2702702581882477
test loss at step 0: 9.095227241516113
tp: 12, tn: 28, fp: 3, fn: 105
accuracy: 0.2702702702702703, precision: 0.8, recall: 0.10256410256410256, F1: 0.18181818181818182
specificity: 0.9032258064516129, gmean: 0.30436580663972007, mcc: 0.007806818218182217 

dev at step 0: 0.5
New best on dev at step 0: 0.5
dev loss at step 0: 2.1097564697265625
tp: 0, tn: 2, fp: 0, fn: 2
accuracy: 0.5, precision: 0, recall: 0.0, F1: 0
specificity: 1.0, gmean: 0.0, mcc: 0 

test at step 0: 0.2702702581882477
test loss at step 0: 9.113861083984375
tp: 12, tn: 28, fp: 3, fn: 105
accuracy: 0.2702702702702703, precision: 0.8, recall: 0.10256410256410256, F1: 0.18181818181818182
specificity: 0.9032258064516129, gmean: 0.30436580663972007, mcc: 0.007806818218182217 

aug_vtlp_50s
dev at step 0: 1.0
New best on dev at step 0: 1.0
dev loss at step 0: 0.16022174060344696
tp: 2, tn: 2, fp: 0, fn: 0
accuracy: 1.0, precision: 1.0, recall: 1.0, F1: 1.0
specificity: 1.0, gmean: 1.0, mcc: 1.0 

test at step 0: 0.5405405163764954
test loss at step 0: 2.4715404510498047
tp: 56, tn: 24, fp: 7, fn: 61
accuracy: 0.5405405405405406, precision: 0.8888888888888888, recall: 0.47863247863247865, F1: 0.6222222222222222
specificity: 0.7741935483870968, gmean: 0.6087316132794401, mcc: 0.2080730437970909 

dev at step 0: 0.5
New best on dev at step 0: 0.5
dev loss at step 0: 3.176989793777466
tp: 2, tn: 0, fp: 2, fn: 0
accuracy: 0.5, precision: 0.5, recall: 1.0, F1: 0.6666666666666666
specificity: 0.0, gmean: 0.0, mcc: 0 

test at step 0: 0.7094594836235046
test loss at step 0: 1.3075677156448364
tp: 90, tn: 15, fp: 16, fn: 27
accuracy: 0.7094594594594594, precision: 0.8490566037735849, recall: 0.7692307692307693, F1: 0.8071748878923767
specificity: 0.4838709677419355, gmean: 0.6100888760865631, mcc: 0.2284500858410581 

dev at step 0: 0.5
New best on dev at step 0: 0.5
dev loss at step 0: 5.221652507781982
tp: 2, tn: 0, fp: 2, fn: 0
accuracy: 0.5, precision: 0.5, recall: 1.0, F1: 0.6666666666666666
specificity: 0.0, gmean: 0.0, mcc: 0 

test at step 0: 0.7364864945411682
test loss at step 0: 1.5519700050354004
tp: 100, tn: 9, fp: 22, fn: 17
accuracy: 0.7364864864864865, precision: 0.819672131147541, recall: 0.8547008547008547, F1: 0.8368200836820083
specificity: 0.2903225806451613, gmean: 0.4981354813867179, mcc: 0.15507628090026415 

dev at step 0: 0.5
New best on dev at step 0: 0.5
dev loss at step 0: 6.948489189147949
tp: 2, tn: 0, fp: 2, fn: 0
accuracy: 0.5, precision: 0.5, recall: 1.0, F1: 0.6666666666666666
specificity: 0.0, gmean: 0.0, mcc: 0 

test at step 0: 0.7432432174682617
test loss at step 0: 1.9097836017608643
tp: 102, tn: 8, fp: 23, fn: 15
accuracy: 0.7432432432432432, precision: 0.816, recall: 0.8717948717948718, F1: 0.8429752066115703
specificity: 0.25806451612903225, gmean: 0.474319851738798, mcc: 0.14585731170614036 

dev at step 0: 0.5
New best on dev at step 0: 0.5
dev loss at step 0: 7.746377468109131
tp: 2, tn: 0, fp: 2, fn: 0
accuracy: 0.5, precision: 0.5, recall: 1.0, F1: 0.6666666666666666
specificity: 0.0, gmean: 0.0, mcc: 0 

test at step 0: 0.7364864945411682
test loss at step 0: 2.1383354663848877
tp: 101, tn: 8, fp: 23, fn: 16
accuracy: 0.7364864864864865, precision: 0.8145161290322581, recall: 0.8632478632478633, F1: 0.8381742738589213
specificity: 0.25806451612903225, gmean: 0.47198902755093874, mcc: 0.13392524059774788 

dev at step 0: 0.5
New best on dev at step 0: 0.5
dev loss at step 0: 8.757092475891113
tp: 2, tn: 0, fp: 2, fn: 0
accuracy: 0.5, precision: 0.5, recall: 1.0, F1: 0.6666666666666666
specificity: 0.0, gmean: 0.0, mcc: 0 

test at step 0: 0.7162162065505981
test loss at step 0: 2.3876609802246094
tp: 102, tn: 4, fp: 27, fn: 15
accuracy: 0.7162162162162162, precision: 0.7906976744186046, recall: 0.8717948717948718, F1: 0.8292682926829267
specificity: 0.12903225806451613, gmean: 0.33539478361590186, mcc: 0.0010061803261344506 

dev at step 0: 0.5
New best on dev at step 0: 0.5
dev loss at step 0: 9.125665664672852
tp: 2, tn: 0, fp: 2, fn: 0
accuracy: 0.5, precision: 0.5, recall: 1.0, F1: 0.6666666666666666
specificity: 0.0, gmean: 0.0, mcc: 0 

test at step 0: 0.7229729890823364
test loss at step 0: 2.5343830585479736
tp: 101, tn: 6, fp: 25, fn: 16
accuracy: 0.722972972972973, precision: 0.8015873015873016, recall: 0.8632478632478633, F1: 0.831275720164609
specificity: 0.1935483870967742, gmean: 0.4087544881666263, mcc: 0.0649676009024939 

dev at step 0: 0.5
New best on dev at step 0: 0.5
dev loss at step 0: 10.578351974487305
tp: 2, tn: 0, fp: 2, fn: 0
accuracy: 0.5, precision: 0.5, recall: 1.0, F1: 0.6666666666666666
specificity: 0.0, gmean: 0.0, mcc: 0 

test at step 0: 0.7297297120094299
test loss at step 0: 2.840451717376709
tp: 104, tn: 4, fp: 27, fn: 13
accuracy: 0.7297297297297297, precision: 0.7938931297709924, recall: 0.8888888888888888, F1: 0.8387096774193549
specificity: 0.12903225806451613, gmean: 0.3386670053338413, mcc: 0.02287070069202705 

dev at step 0: 0.5
New best on dev at step 0: 0.5
dev loss at step 0: 10.798982620239258
tp: 2, tn: 0, fp: 2, fn: 0
accuracy: 0.5, precision: 0.5, recall: 1.0, F1: 0.6666666666666666
specificity: 0.0, gmean: 0.0, mcc: 0 

test at step 0: 0.7162162065505981
test loss at step 0: 2.9441745281219482
tp: 102, tn: 4, fp: 27, fn: 15
accuracy: 0.7162162162162162, precision: 0.7906976744186046, recall: 0.8717948717948718, F1: 0.8292682926829267
specificity: 0.12903225806451613, gmean: 0.33539478361590186, mcc: 0.0010061803261344506 

dev at step 0: 0.5
New best on dev at step 0: 0.5
dev loss at step 0: 10.966506004333496
tp: 2, tn: 0, fp: 2, fn: 0
accuracy: 0.5, precision: 0.5, recall: 1.0, F1: 0.6666666666666666
specificity: 0.0, gmean: 0.0, mcc: 0 

test at step 0: 0.7229729890823364
test loss at step 0: 3.0026144981384277
tp: 102, tn: 5, fp: 26, fn: 15
accuracy: 0.722972972972973, precision: 0.796875, recall: 0.8717948717948718, F1: 0.8326530612244898
specificity: 0.16129032258064516, gmean: 0.3749827677319947, mcc: 0.039381067613160986 

dev at step 0: 0.5
New best on dev at step 0: 0.5
dev loss at step 0: 11.533174514770508
tp: 2, tn: 0, fp: 2, fn: 0
accuracy: 0.5, precision: 0.5, recall: 1.0, F1: 0.6666666666666666
specificity: 0.0, gmean: 0.0, mcc: 0 

test at step 0: 0.7297297120094299
test loss at step 0: 3.1376967430114746
tp: 104, tn: 4, fp: 27, fn: 13
accuracy: 0.7297297297297297, precision: 0.7938931297709924, recall: 0.8888888888888888, F1: 0.8387096774193549
specificity: 0.12903225806451613, gmean: 0.3386670053338413, mcc: 0.02287070069202705 

dev at step 0: 0.5
New best on dev at step 0: 0.5
dev loss at step 0: 11.714661598205566
tp: 2, tn: 0, fp: 2, fn: 0
accuracy: 0.5, precision: 0.5, recall: 1.0, F1: 0.6666666666666666
specificity: 0.0, gmean: 0.0, mcc: 0 

test at step 0: 0.7229729890823364
test loss at step 0: 3.205118179321289
tp: 103, tn: 4, fp: 27, fn: 14
accuracy: 0.722972972972973, precision: 0.7923076923076923, recall: 0.8803418803418803, F1: 0.8340080971659919
specificity: 0.12903225806451613, gmean: 0.3370348656879209, mcc: 0.011670708197728617 

dev at step 0: 0.5
New best on dev at step 0: 0.5
dev loss at step 0: 11.794475555419922
tp: 2, tn: 0, fp: 2, fn: 0
accuracy: 0.5, precision: 0.5, recall: 1.0, F1: 0.6666666666666666
specificity: 0.0, gmean: 0.0, mcc: 0 

test at step 0: 0.7229729890823364
test loss at step 0: 3.245260238647461
tp: 102, tn: 5, fp: 26, fn: 15
accuracy: 0.722972972972973, precision: 0.796875, recall: 0.8717948717948718, F1: 0.8326530612244898
specificity: 0.16129032258064516, gmean: 0.3749827677319947, mcc: 0.039381067613160986 

dev at step 0: 0.5
New best on dev at step 0: 0.5
dev loss at step 0: 12.13516902923584
tp: 2, tn: 0, fp: 2, fn: 0
accuracy: 0.5, precision: 0.5, recall: 1.0, F1: 0.6666666666666666
specificity: 0.0, gmean: 0.0, mcc: 0 

test at step 0: 0.7229729890823364
test loss at step 0: 3.3254191875457764
tp: 103, tn: 4, fp: 27, fn: 14
accuracy: 0.722972972972973, precision: 0.7923076923076923, recall: 0.8803418803418803, F1: 0.8340080971659919
specificity: 0.12903225806451613, gmean: 0.3370348656879209, mcc: 0.011670708197728617 

dev at step 0: 0.5
New best on dev at step 0: 0.5
dev loss at step 0: 12.343799591064453
tp: 2, tn: 0, fp: 2, fn: 0
accuracy: 0.5, precision: 0.5, recall: 1.0, F1: 0.6666666666666666
specificity: 0.0, gmean: 0.0, mcc: 0 

test at step 0: 0.7297297120094299
test loss at step 0: 3.3830957412719727
tp: 104, tn: 4, fp: 27, fn: 13
accuracy: 0.7297297297297297, precision: 0.7938931297709924, recall: 0.8888888888888888, F1: 0.8387096774193549
specificity: 0.12903225806451613, gmean: 0.3386670053338413, mcc: 0.02287070069202705 

dev at step 0: 0.5
New best on dev at step 0: 0.5
dev loss at step 0: 12.463129043579102
tp: 2, tn: 0, fp: 2, fn: 0
accuracy: 0.5, precision: 0.5, recall: 1.0, F1: 0.6666666666666666
specificity: 0.0, gmean: 0.0, mcc: 0 

test at step 0: 0.7229729890823364
test loss at step 0: 3.423328399658203
tp: 103, tn: 4, fp: 27, fn: 14
accuracy: 0.722972972972973, precision: 0.7923076923076923, recall: 0.8803418803418803, F1: 0.8340080971659919
specificity: 0.12903225806451613, gmean: 0.3370348656879209, mcc: 0.011670708197728617 

dev at step 0: 0.5
New best on dev at step 0: 0.5
dev loss at step 0: 12.58702278137207
tp: 2, tn: 0, fp: 2, fn: 0
accuracy: 0.5, precision: 0.5, recall: 1.0, F1: 0.6666666666666666
specificity: 0.0, gmean: 0.0, mcc: 0 

test at step 0: 0.7297297120094299
test loss at step 0: 3.4610085487365723
tp: 104, tn: 4, fp: 27, fn: 13
accuracy: 0.7297297297297297, precision: 0.7938931297709924, recall: 0.8888888888888888, F1: 0.8387096774193549
specificity: 0.12903225806451613, gmean: 0.3386670053338413, mcc: 0.02287070069202705 

dev at step 0: 0.5
New best on dev at step 0: 0.5
dev loss at step 0: 12.853096008300781
tp: 2, tn: 0, fp: 2, fn: 0
accuracy: 0.5, precision: 0.5, recall: 1.0, F1: 0.6666666666666666
specificity: 0.0, gmean: 0.0, mcc: 0 

test at step 0: 0.7297297120094299
test loss at step 0: 3.5270233154296875
tp: 104, tn: 4, fp: 27, fn: 13
accuracy: 0.7297297297297297, precision: 0.7938931297709924, recall: 0.8888888888888888, F1: 0.8387096774193549
specificity: 0.12903225806451613, gmean: 0.3386670053338413, mcc: 0.02287070069202705 

dev at step 0: 0.5
New best on dev at step 0: 0.5
dev loss at step 0: 12.979902267456055
tp: 2, tn: 0, fp: 2, fn: 0
accuracy: 0.5, precision: 0.5, recall: 1.0, F1: 0.6666666666666666
specificity: 0.0, gmean: 0.0, mcc: 0 

test at step 0: 0.7297297120094299
test loss at step 0: 3.5636332035064697
tp: 104, tn: 4, fp: 27, fn: 13
accuracy: 0.7297297297297297, precision: 0.7938931297709924, recall: 0.8888888888888888, F1: 0.8387096774193549
specificity: 0.12903225806451613, gmean: 0.3386670053338413, mcc: 0.02287070069202705 

dev at step 0: 0.5
New best on dev at step 0: 0.5
dev loss at step 0: 13.067188262939453
tp: 2, tn: 0, fp: 2, fn: 0
accuracy: 0.5, precision: 0.5, recall: 1.0, F1: 0.6666666666666666
specificity: 0.0, gmean: 0.0, mcc: 0 

test at step 0: 0.7297297120094299
test loss at step 0: 3.5932047367095947
tp: 104, tn: 4, fp: 27, fn: 13
accuracy: 0.7297297297297297, precision: 0.7938931297709924, recall: 0.8888888888888888, F1: 0.8387096774193549
specificity: 0.12903225806451613, gmean: 0.3386670053338413, mcc: 0.02287070069202705 

dev at step 0: 0.5
New best on dev at step 0: 0.5
dev loss at step 0: 13.097204208374023
tp: 2, tn: 0, fp: 2, fn: 0
accuracy: 0.5, precision: 0.5, recall: 1.0, F1: 0.6666666666666666
specificity: 0.0, gmean: 0.0, mcc: 0 

test at step 0: 0.7364864945411682
test loss at step 0: 3.6061818599700928
tp: 104, tn: 5, fp: 26, fn: 13
accuracy: 0.7364864864864865, precision: 0.8, recall: 0.8888888888888888, F1: 0.8421052631578948
specificity: 0.16129032258064516, gmean: 0.3786412228313765, mcc: 0.06247261447019436 

