train at step 10: 0.46875
train loss at step 10: 0.9277809858322144
train at step 20: 0.612500011920929
train loss at step 20: 0.6993581652641296
train at step 30: 0.6499999761581421
train loss at step 30: 0.5984941720962524
train at step 40: 0.6875
train loss at step 40: 0.5558151602745056
train at step 50: 0.675000011920929
train loss at step 50: 0.583461582660675
dev at step 50: 0.695652186870575
New best on dev at step 50: 0.695652186870575
dev loss at step 50: 0.45989540219306946
tp: 9, tn: 7, fp: 4, fn: 3
accuracy: 0.6956521739130435, precision: 0.6923076923076923, recall: 0.75, F1: 0.7199999999999999
specificity: 0.6363636363636364, gmean: 0.6908492797077574, mcc: 0.38932432055219274 

test at step 50: 0.6800000071525574
test loss at step 50: 0.5994357466697693
tp: 10, tn: 7, fp: 5, fn: 3
accuracy: 0.68, precision: 0.6666666666666666, recall: 0.7692307692307693, F1: 0.7142857142857142
specificity: 0.5833333333333334, gmean: 0.6698641270570838, mcc: 0.3595462477533374 

train at step 60: 0.6937500238418579
train loss at step 60: 0.5696703195571899
train at step 70: 0.737500011920929
train loss at step 70: 0.5162752270698547
train at step 80: 0.6875
train loss at step 80: 0.6292127370834351
train at step 90: 0.65625
train loss at step 90: 0.5952423810958862
train at step 100: 0.75
train loss at step 100: 0.5107189416885376
dev at step 100: 0.739130437374115
New best on dev at step 100: 0.739130437374115
dev loss at step 100: 0.5979213714599609
tp: 6, tn: 11, fp: 0, fn: 6
accuracy: 0.7391304347826086, precision: 1.0, recall: 0.5, F1: 0.6666666666666666
specificity: 1.0, gmean: 0.7071067811865476, mcc: 0.5687964589945211 

test at step 100: 0.47999998927116394
test loss at step 100: 0.7278627157211304
tp: 1, tn: 11, fp: 1, fn: 12
accuracy: 0.48, precision: 0.5, recall: 0.07692307692307693, F1: 0.13333333333333336
specificity: 0.9166666666666666, gmean: 0.2655425022718972, mcc: -0.01180480411624714 

train at step 110: 0.699999988079071
train loss at step 110: 0.6050238013267517
train at step 120: 0.71875
train loss at step 120: 0.5383424162864685
train at step 130: 0.675000011920929
train loss at step 130: 0.5669368505477905
train at step 140: 0.6812499761581421
train loss at step 140: 0.6537119150161743
train at step 150: 0.706250011920929
train loss at step 150: 0.5611488819122314
dev at step 150: 0.8260869383811951
New best on dev at step 150: 0.8260869383811951
dev loss at step 150: 0.45251622796058655
tp: 8, tn: 11, fp: 0, fn: 4
accuracy: 0.8260869565217391, precision: 1.0, recall: 0.6666666666666666, F1: 0.8
specificity: 1.0, gmean: 0.816496580927726, mcc: 0.699205898780101 

test at step 150: 0.7599999904632568
test loss at step 150: 0.5506280660629272
tp: 8, tn: 11, fp: 1, fn: 5
accuracy: 0.76, precision: 0.8888888888888888, recall: 0.6153846153846154, F1: 0.7272727272727274
specificity: 0.9166666666666666, gmean: 0.7510676161988108, mcc: 0.5537765319092597 

train at step 160: 0.71875
train loss at step 160: 0.5355769991874695
train at step 170: 0.78125
train loss at step 170: 0.4287717938423157
train at step 180: 0.78125
train loss at step 180: 0.5068098306655884
train at step 190: 0.8187500238418579
train loss at step 190: 0.42896994948387146
train at step 200: 0.7875000238418579
train loss at step 200: 0.42620906233787537
dev at step 200: 0.739130437374115
dev loss at step 200: 0.44273078441619873
tp: 11, tn: 6, fp: 5, fn: 1
accuracy: 0.7391304347826086, precision: 0.6875, recall: 0.9166666666666666, F1: 0.7857142857142857
specificity: 0.5454545454545454, gmean: 0.7071067811865475, mcc: 0.5016881674068239 

test at step 200: 0.8399999737739563
test loss at step 200: 0.3936951756477356
tp: 12, tn: 9, fp: 3, fn: 1
accuracy: 0.84, precision: 0.8, recall: 0.9230769230769231, F1: 0.8571428571428571
specificity: 0.75, gmean: 0.8320502943378437, mcc: 0.6864064729836441 

train at step 210: 0.8374999761581421
train loss at step 210: 0.3794279098510742
train at step 220: 0.862500011920929
train loss at step 220: 0.36076608300209045
train at step 230: 0.8125
train loss at step 230: 0.3787817656993866
train at step 240: 0.824999988079071
train loss at step 240: 0.39313679933547974
train at step 250: 0.793749988079071
train loss at step 250: 0.4473194181919098
dev at step 250: 0.695652186870575
dev loss at step 250: 0.6076565384864807
tp: 11, tn: 5, fp: 6, fn: 1
accuracy: 0.6956521739130435, precision: 0.6470588235294118, recall: 0.9166666666666666, F1: 0.7586206896551724
specificity: 0.45454545454545453, gmean: 0.6454972243679028, mcc: 0.422288280162599 

test at step 250: 0.800000011920929
test loss at step 250: 0.5177907347679138
tp: 13, tn: 7, fp: 5, fn: 0
accuracy: 0.8, precision: 0.7222222222222222, recall: 1.0, F1: 0.8387096774193548
specificity: 0.5833333333333334, gmean: 0.7637626158259734, mcc: 0.6490734136415512 

train at step 260: 0.706250011920929
train loss at step 260: 0.5535241365432739
train at step 270: 0.7875000238418579
train loss at step 270: 0.44391337037086487
train at step 280: 0.731249988079071
train loss at step 280: 0.4735196530818939
train at step 290: 0.793749988079071
train loss at step 290: 0.4205869734287262
train at step 300: 0.8812500238418579
train loss at step 300: 0.3339533805847168
dev at step 300: 0.8260869383811951
dev loss at step 300: 0.446104496717453
tp: 8, tn: 11, fp: 0, fn: 4
accuracy: 0.8260869565217391, precision: 1.0, recall: 0.6666666666666666, F1: 0.8
specificity: 1.0, gmean: 0.816496580927726, mcc: 0.699205898780101 

test at step 300: 0.8799999952316284
test loss at step 300: 0.37303635478019714
tp: 11, tn: 11, fp: 1, fn: 2
accuracy: 0.88, precision: 0.9166666666666666, recall: 0.8461538461538461, F1: 0.8799999999999999
specificity: 0.9166666666666666, gmean: 0.8807048459279792, mcc: 0.7628205128205128 

train at step 310: 0.84375
train loss at step 310: 0.353976309299469
train at step 320: 0.78125
train loss at step 320: 0.4510861933231354
train at step 330: 0.8374999761581421
train loss at step 330: 0.3808339834213257
train at step 340: 0.793749988079071
train loss at step 340: 0.40993350744247437
train at step 350: 0.856249988079071
train loss at step 350: 0.33630698919296265
dev at step 350: 0.8260869383811951
dev loss at step 350: 0.4978128671646118
tp: 8, tn: 11, fp: 0, fn: 4
accuracy: 0.8260869565217391, precision: 1.0, recall: 0.6666666666666666, F1: 0.8
specificity: 1.0, gmean: 0.816496580927726, mcc: 0.699205898780101 

test at step 350: 0.8399999737739563
test loss at step 350: 0.35793787240982056
tp: 10, tn: 11, fp: 1, fn: 3
accuracy: 0.84, precision: 0.9090909090909091, recall: 0.7692307692307693, F1: 0.8333333333333333
specificity: 0.9166666666666666, gmean: 0.8397191227596316, mcc: 0.690336947848731 

train at step 360: 0.8687499761581421
train loss at step 360: 0.3035966753959656
train at step 370: 0.8687499761581421
train loss at step 370: 0.35842928290367126
train at step 380: 0.8187500238418579
train loss at step 380: 0.3488917946815491
train at step 390: 0.8500000238418579
train loss at step 390: 0.3298949897289276
train at step 400: 0.9125000238418579
train loss at step 400: 0.271255761384964
dev at step 400: 0.782608687877655
dev loss at step 400: 0.45867350697517395
tp: 10, tn: 8, fp: 3, fn: 2
accuracy: 0.782608695652174, precision: 0.7692307692307693, recall: 0.8333333333333334, F1: 0.8
specificity: 0.7272727272727273, gmean: 0.778498944161523, mcc: 0.5649019553110248 

test at step 400: 0.8799999952316284
test loss at step 400: 0.2714471220970154
tp: 12, tn: 10, fp: 2, fn: 1
accuracy: 0.88, precision: 0.8571428571428571, recall: 0.9230769230769231, F1: 0.888888888888889
specificity: 0.8333333333333334, gmean: 0.8770580193070292, mcc: 0.761306166786451 

train at step 410: 0.9125000238418579
train loss at step 410: 0.28637105226516724
train at step 420: 0.8999999761581421
train loss at step 420: 0.2763558626174927
train at step 430: 0.8812500238418579
train loss at step 430: 0.2995823323726654
train at step 440: 0.862500011920929
train loss at step 440: 0.3210841715335846
train at step 450: 0.9125000238418579
train loss at step 450: 0.25906550884246826
dev at step 450: 0.739130437374115
dev loss at step 450: 0.5437592267990112
tp: 11, tn: 6, fp: 5, fn: 1
accuracy: 0.7391304347826086, precision: 0.6875, recall: 0.9166666666666666, F1: 0.7857142857142857
specificity: 0.5454545454545454, gmean: 0.7071067811865475, mcc: 0.5016881674068239 

test at step 450: 0.8399999737739563
test loss at step 450: 0.3877871334552765
tp: 12, tn: 9, fp: 3, fn: 1
accuracy: 0.84, precision: 0.8, recall: 0.9230769230769231, F1: 0.8571428571428571
specificity: 0.75, gmean: 0.8320502943378437, mcc: 0.6864064729836441 

train at step 460: 0.8374999761581421
train loss at step 460: 0.2828660011291504
train at step 470: 0.862500011920929
train loss at step 470: 0.33204010128974915
train at step 480: 0.887499988079071
train loss at step 480: 0.2743280529975891
train at step 490: 0.9375
train loss at step 490: 0.22220119833946228
train at step 500: 0.918749988079071
train loss at step 500: 0.26908764243125916
dev at step 500: 0.8260869383811951
dev loss at step 500: 0.5081771612167358
tp: 8, tn: 11, fp: 0, fn: 4
accuracy: 0.8260869565217391, precision: 1.0, recall: 0.6666666666666666, F1: 0.8
specificity: 1.0, gmean: 0.816496580927726, mcc: 0.699205898780101 

test at step 500: 0.8799999952316284
test loss at step 500: 0.324022114276886
tp: 10, tn: 12, fp: 0, fn: 3
accuracy: 0.88, precision: 1.0, recall: 0.7692307692307693, F1: 0.8695652173913044
specificity: 1.0, gmean: 0.8770580193070292, mcc: 0.7844645405527362 

train at step 510: 0.84375
train loss at step 510: 0.3133319020271301
train at step 520: 0.8687499761581421
train loss at step 520: 0.2900753915309906
train at step 530: 0.893750011920929
train loss at step 530: 0.26719874143600464
train at step 540: 0.925000011920929
train loss at step 540: 0.2708527445793152
train at step 550: 0.9125000238418579
train loss at step 550: 0.2401590794324875
dev at step 550: 0.782608687877655
dev loss at step 550: 0.47988536953926086
tp: 9, tn: 9, fp: 2, fn: 3
accuracy: 0.782608695652174, precision: 0.8181818181818182, recall: 0.75, F1: 0.7826086956521738
specificity: 0.8181818181818182, gmean: 0.7833494518006403, mcc: 0.5681818181818182 

test at step 550: 0.9200000166893005
test loss at step 550: 0.3222498893737793
tp: 12, tn: 11, fp: 1, fn: 1
accuracy: 0.92, precision: 0.9230769230769231, recall: 0.9230769230769231, F1: 0.9230769230769231
specificity: 0.9166666666666666, gmean: 0.9198662110077999, mcc: 0.8397435897435898 

train at step 560: 0.9437500238418579
train loss at step 560: 0.2171018421649933
train at step 570: 0.918749988079071
train loss at step 570: 0.23647138476371765
train at step 580: 0.875
train loss at step 580: 0.2885371744632721
train at step 590: 0.84375
train loss at step 590: 0.29348650574684143
train at step 600: 0.918749988079071
train loss at step 600: 0.24702803790569305
dev at step 600: 0.695652186870575
dev loss at step 600: 0.5112109184265137
tp: 9, tn: 7, fp: 4, fn: 3
accuracy: 0.6956521739130435, precision: 0.6923076923076923, recall: 0.75, F1: 0.7199999999999999
specificity: 0.6363636363636364, gmean: 0.6908492797077574, mcc: 0.38932432055219274 

test at step 600: 0.8799999952316284
test loss at step 600: 0.2876884639263153
tp: 12, tn: 10, fp: 2, fn: 1
accuracy: 0.88, precision: 0.8571428571428571, recall: 0.9230769230769231, F1: 0.888888888888889
specificity: 0.8333333333333334, gmean: 0.8770580193070292, mcc: 0.761306166786451 

train at step 610: 0.9312499761581421
train loss at step 610: 0.21157141029834747
train at step 620: 0.8812500238418579
train loss at step 620: 0.2462482452392578
train at step 630: 0.8125
train loss at step 630: 0.3868533968925476
train at step 640: 0.875
train loss at step 640: 0.26816603541374207
train at step 650: 0.8687499761581421
train loss at step 650: 0.2679128348827362
dev at step 650: 0.739130437374115
dev loss at step 650: 0.5652012228965759
tp: 11, tn: 6, fp: 5, fn: 1
accuracy: 0.7391304347826086, precision: 0.6875, recall: 0.9166666666666666, F1: 0.7857142857142857
specificity: 0.5454545454545454, gmean: 0.7071067811865475, mcc: 0.5016881674068239 

test at step 650: 0.8399999737739563
test loss at step 650: 0.38923951983451843
tp: 12, tn: 9, fp: 3, fn: 1
accuracy: 0.84, precision: 0.8, recall: 0.9230769230769231, F1: 0.8571428571428571
specificity: 0.75, gmean: 0.8320502943378437, mcc: 0.6864064729836441 

train at step 660: 0.918749988079071
train loss at step 660: 0.21047556400299072
train at step 670: 0.9312499761581421
train loss at step 670: 0.22579622268676758
train at step 680: 0.956250011920929
train loss at step 680: 0.17981301248073578
train at step 690: 0.949999988079071
train loss at step 690: 0.21882696449756622
train at step 700: 0.9312499761581421
train loss at step 700: 0.1984151303768158
dev at step 700: 0.8260869383811951
dev loss at step 700: 0.5382541418075562
tp: 8, tn: 11, fp: 0, fn: 4
accuracy: 0.8260869565217391, precision: 1.0, recall: 0.6666666666666666, F1: 0.8
specificity: 1.0, gmean: 0.816496580927726, mcc: 0.699205898780101 

test at step 700: 0.8399999737739563
test loss at step 700: 0.32207387685775757
tp: 10, tn: 11, fp: 1, fn: 3
accuracy: 0.84, precision: 0.9090909090909091, recall: 0.7692307692307693, F1: 0.8333333333333333
specificity: 0.9166666666666666, gmean: 0.8397191227596316, mcc: 0.690336947848731 

train at step 710: 0.9375
train loss at step 710: 0.1894022673368454
train at step 720: 0.9375
train loss at step 720: 0.20282264053821564
train at step 730: 0.918749988079071
train loss at step 730: 0.21893128752708435
train at step 740: 0.8812500238418579
train loss at step 740: 0.27692294120788574
train at step 750: 0.9437500238418579
train loss at step 750: 0.17515578866004944
dev at step 750: 0.782608687877655
dev loss at step 750: 0.5200294852256775
tp: 9, tn: 9, fp: 2, fn: 3
accuracy: 0.782608695652174, precision: 0.8181818181818182, recall: 0.75, F1: 0.7826086956521738
specificity: 0.8181818181818182, gmean: 0.7833494518006403, mcc: 0.5681818181818182 

test at step 750: 0.8399999737739563
test loss at step 750: 0.2788546085357666
tp: 10, tn: 11, fp: 1, fn: 3
accuracy: 0.84, precision: 0.9090909090909091, recall: 0.7692307692307693, F1: 0.8333333333333333
specificity: 0.9166666666666666, gmean: 0.8397191227596316, mcc: 0.690336947848731 

train at step 760: 0.949999988079071
train loss at step 760: 0.17690126597881317
train at step 770: 0.9375
train loss at step 770: 0.2311234474182129
train at step 780: 0.9624999761581421
train loss at step 780: 0.17755404114723206
train at step 790: 0.949999988079071
train loss at step 790: 0.18845295906066895
train at step 800: 0.9437500238418579
train loss at step 800: 0.1692039966583252
dev at step 800: 0.8695651888847351
New best on dev at step 800: 0.8695651888847351
dev loss at step 800: 0.5576595067977905
tp: 9, tn: 11, fp: 0, fn: 3
accuracy: 0.8695652173913043, precision: 1.0, recall: 0.75, F1: 0.8571428571428571
specificity: 1.0, gmean: 0.8660254037844386, mcc: 0.7676494735787384 

test at step 800: 0.8799999952316284
test loss at step 800: 0.2549091875553131
tp: 12, tn: 10, fp: 2, fn: 1
accuracy: 0.88, precision: 0.8571428571428571, recall: 0.9230769230769231, F1: 0.888888888888889
specificity: 0.8333333333333334, gmean: 0.8770580193070292, mcc: 0.761306166786451 

train at step 810: 0.949999988079071
train loss at step 810: 0.1891329139471054
train at step 820: 0.96875
train loss at step 820: 0.16635143756866455
train at step 830: 0.949999988079071
train loss at step 830: 0.1803419142961502
train at step 840: 0.956250011920929
train loss at step 840: 0.16582049429416656
train at step 850: 0.9437500238418579
train loss at step 850: 0.16359290480613708
dev at step 850: 0.8695651888847351
dev loss at step 850: 0.5629246830940247
tp: 10, tn: 10, fp: 1, fn: 2
accuracy: 0.8695652173913043, precision: 0.9090909090909091, recall: 0.8333333333333334, F1: 0.8695652173913043
specificity: 0.9090909090909091, gmean: 0.8703882797784892, mcc: 0.7424242424242424 

test at step 850: 0.8399999737739563
test loss at step 850: 0.2904079258441925
tp: 10, tn: 11, fp: 1, fn: 3
accuracy: 0.84, precision: 0.9090909090909091, recall: 0.7692307692307693, F1: 0.8333333333333333
specificity: 0.9166666666666666, gmean: 0.8397191227596316, mcc: 0.690336947848731 

train at step 860: 0.9125000238418579
train loss at step 860: 0.2216026335954666
train at step 870: 0.918749988079071
train loss at step 870: 0.20128139853477478
train at step 880: 0.8374999761581421
train loss at step 880: 0.3532370924949646
train at step 890: 0.887499988079071
train loss at step 890: 0.3347429633140564
train at step 900: 0.956250011920929
train loss at step 900: 0.1356874257326126
dev at step 900: 0.739130437374115
dev loss at step 900: 0.8827047348022461
tp: 11, tn: 6, fp: 5, fn: 1
accuracy: 0.7391304347826086, precision: 0.6875, recall: 0.9166666666666666, F1: 0.7857142857142857
specificity: 0.5454545454545454, gmean: 0.7071067811865475, mcc: 0.5016881674068239 

test at step 900: 0.8799999952316284
test loss at step 900: 0.4828019142150879
tp: 13, tn: 9, fp: 3, fn: 0
accuracy: 0.88, precision: 0.8125, recall: 1.0, F1: 0.896551724137931
specificity: 0.75, gmean: 0.8660254037844386, mcc: 0.7806247497997998 

train at step 910: 0.84375
train loss at step 910: 0.34295177459716797
train at step 920: 0.925000011920929
train loss at step 920: 0.23948022723197937
train at step 930: 0.893750011920929
train loss at step 930: 0.2816922068595886
train at step 940: 0.887499988079071
train loss at step 940: 0.23603668808937073
train at step 950: 0.8999999761581421
train loss at step 950: 0.23269541561603546
dev at step 950: 0.739130437374115
dev loss at step 950: 1.1050468683242798
tp: 6, tn: 11, fp: 0, fn: 6
accuracy: 0.7391304347826086, precision: 1.0, recall: 0.5, F1: 0.6666666666666666
specificity: 1.0, gmean: 0.7071067811865476, mcc: 0.5687964589945211 

test at step 950: 0.7200000286102295
test loss at step 950: 0.8350926041603088
tp: 6, tn: 12, fp: 0, fn: 7
accuracy: 0.72, precision: 1.0, recall: 0.46153846153846156, F1: 0.631578947368421
specificity: 1.0, gmean: 0.6793662204867574, mcc: 0.5399055247990171 

train at step 960: 0.8374999761581421
train loss at step 960: 0.38366544246673584
train at step 970: 0.9624999761581421
train loss at step 970: 0.1457020789384842
train at step 980: 0.9312499761581421
train loss at step 980: 0.19892464578151703
train at step 990: 0.9750000238418579
train loss at step 990: 0.13554108142852783
train at step 1000: 0.893750011920929
train loss at step 1000: 0.2373264580965042
dev at step 1000: 0.8260869383811951
dev loss at step 1000: 0.8221888542175293
tp: 8, tn: 11, fp: 0, fn: 4
accuracy: 0.8260869565217391, precision: 1.0, recall: 0.6666666666666666, F1: 0.8
specificity: 1.0, gmean: 0.816496580927726, mcc: 0.699205898780101 

test at step 1000: 0.800000011920929
test loss at step 1000: 0.4798552393913269
tp: 8, tn: 12, fp: 0, fn: 5
accuracy: 0.8, precision: 1.0, recall: 0.6153846153846154, F1: 0.761904761904762
specificity: 1.0, gmean: 0.7844645405527362, mcc: 0.6590820436573077 

train at step 1010: 0.918749988079071
train loss at step 1010: 0.19432099163532257
train at step 1020: 0.956250011920929
train loss at step 1020: 0.13892027735710144
train at step 1030: 0.956250011920929
train loss at step 1030: 0.13721536099910736
train at step 1040: 0.981249988079071
train loss at step 1040: 0.13659514486789703
train at step 1050: 0.9125000238418579
train loss at step 1050: 0.2273102104663849
dev at step 1050: 0.782608687877655
dev loss at step 1050: 0.6695346832275391
tp: 11, tn: 7, fp: 4, fn: 1
accuracy: 0.782608695652174, precision: 0.7333333333333333, recall: 0.9166666666666666, F1: 0.8148148148148148
specificity: 0.6363636363636364, gmean: 0.7637626158259733, mcc: 0.580023075124402 

test at step 1050: 0.8799999952316284
test loss at step 1050: 0.3316507935523987
tp: 12, tn: 10, fp: 2, fn: 1
accuracy: 0.88, precision: 0.8571428571428571, recall: 0.9230769230769231, F1: 0.888888888888889
specificity: 0.8333333333333334, gmean: 0.8770580193070292, mcc: 0.761306166786451 

train at step 1060: 0.949999988079071
train loss at step 1060: 0.16745369136333466
train at step 1070: 0.84375
train loss at step 1070: 0.3415592908859253
train at step 1080: 0.925000011920929
train loss at step 1080: 0.21480408310890198
train at step 1090: 0.949999988079071
train loss at step 1090: 0.13734041154384613
train at step 1100: 0.887499988079071
train loss at step 1100: 0.26452869176864624
dev at step 1100: 0.695652186870575
dev loss at step 1100: 0.713737428188324
tp: 10, tn: 6, fp: 5, fn: 2
accuracy: 0.6956521739130435, precision: 0.6666666666666666, recall: 0.8333333333333334, F1: 0.7407407407407408
specificity: 0.5454545454545454, gmean: 0.674199862463242, mcc: 0.39727607885233013 

test at step 1100: 0.8399999737739563
test loss at step 1100: 0.4886905252933502
tp: 12, tn: 9, fp: 3, fn: 1
accuracy: 0.84, precision: 0.8, recall: 0.9230769230769231, F1: 0.8571428571428571
specificity: 0.75, gmean: 0.8320502943378437, mcc: 0.6864064729836441 

train at step 1110: 0.987500011920929
train loss at step 1110: 0.09885864704847336
train at step 1120: 0.9437500238418579
train loss at step 1120: 0.1803218424320221
train at step 1130: 0.956250011920929
train loss at step 1130: 0.13836202025413513
train at step 1140: 0.8812500238418579
train loss at step 1140: 0.2437686175107956
train at step 1150: 0.925000011920929
train loss at step 1150: 0.21913734078407288
dev at step 1150: 0.782608687877655
dev loss at step 1150: 0.7301725745201111
tp: 11, tn: 7, fp: 4, fn: 1
accuracy: 0.782608695652174, precision: 0.7333333333333333, recall: 0.9166666666666666, F1: 0.8148148148148148
specificity: 0.6363636363636364, gmean: 0.7637626158259733, mcc: 0.580023075124402 

test at step 1150: 0.8799999952316284
test loss at step 1150: 0.29185113310813904
tp: 12, tn: 10, fp: 2, fn: 1
accuracy: 0.88, precision: 0.8571428571428571, recall: 0.9230769230769231, F1: 0.888888888888889
specificity: 0.8333333333333334, gmean: 0.8770580193070292, mcc: 0.761306166786451 

train at step 1160: 0.9312499761581421
train loss at step 1160: 0.17213228344917297
train at step 1170: 0.956250011920929
train loss at step 1170: 0.13765756785869598
train at step 1180: 0.96875
train loss at step 1180: 0.12770390510559082
train at step 1190: 0.9125000238418579
train loss at step 1190: 0.22738394141197205
train at step 1200: 0.96875
train loss at step 1200: 0.12250417470932007
dev at step 1200: 0.8260869383811951
dev loss at step 1200: 0.7198159098625183
tp: 8, tn: 11, fp: 0, fn: 4
accuracy: 0.8260869565217391, precision: 1.0, recall: 0.6666666666666666, F1: 0.8
specificity: 1.0, gmean: 0.816496580927726, mcc: 0.699205898780101 

test at step 1200: 0.8399999737739563
test loss at step 1200: 0.400015652179718
tp: 9, tn: 12, fp: 0, fn: 4
accuracy: 0.84, precision: 1.0, recall: 0.6923076923076923, F1: 0.8181818181818181
specificity: 1.0, gmean: 0.8320502943378437, mcc: 0.7205766921228921 

train at step 1210: 0.96875
train loss at step 1210: 0.12135276943445206
train at step 1220: 0.875
train loss at step 1220: 0.25765499472618103
train at step 1230: 0.96875
train loss at step 1230: 0.10644391924142838
train at step 1240: 0.949999988079071
train loss at step 1240: 0.12479648739099503
train at step 1250: 0.9750000238418579
train loss at step 1250: 0.11036691814661026
dev at step 1250: 0.782608687877655
dev loss at step 1250: 0.818204402923584
tp: 7, tn: 11, fp: 0, fn: 5
accuracy: 0.782608695652174, precision: 1.0, recall: 0.5833333333333334, F1: 0.7368421052631579
specificity: 1.0, gmean: 0.7637626158259734, mcc: 0.6332785063987777 

test at step 1250: 0.800000011920929
test loss at step 1250: 0.4997563660144806
tp: 8, tn: 12, fp: 0, fn: 5
accuracy: 0.8, precision: 1.0, recall: 0.6153846153846154, F1: 0.761904761904762
specificity: 1.0, gmean: 0.7844645405527362, mcc: 0.6590820436573077 

train at step 1260: 0.925000011920929
train loss at step 1260: 0.21840374171733856
train at step 1270: 0.96875
train loss at step 1270: 0.10560864210128784
train at step 1280: 0.9437500238418579
train loss at step 1280: 0.15403422713279724
train at step 1290: 0.9312499761581421
train loss at step 1290: 0.18047921359539032
train at step 1300: 0.987500011920929
train loss at step 1300: 0.08174234628677368
dev at step 1300: 0.739130437374115
dev loss at step 1300: 0.6895803809165955
tp: 10, tn: 7, fp: 4, fn: 2
accuracy: 0.7391304347826086, precision: 0.7142857142857143, recall: 0.8333333333333334, F1: 0.7692307692307692
specificity: 0.6363636363636364, gmean: 0.7282190812544191, mcc: 0.4807501753725433 

test at step 1300: 0.8399999737739563
test loss at step 1300: 0.36145004630088806
tp: 11, tn: 10, fp: 2, fn: 2
accuracy: 0.84, precision: 0.8461538461538461, recall: 0.8461538461538461, F1: 0.8461538461538461
specificity: 0.8333333333333334, gmean: 0.8397191227596316, mcc: 0.6794871794871795 

train at step 1310: 0.9624999761581421
train loss at step 1310: 0.10723941028118134
train at step 1320: 0.9125000238418579
train loss at step 1320: 0.2123294174671173
train at step 1330: 0.96875
train loss at step 1330: 0.1426427960395813
train at step 1340: 0.956250011920929
train loss at step 1340: 0.11248482763767242
train at step 1350: 0.981249988079071
train loss at step 1350: 0.10668711364269257
dev at step 1350: 0.782608687877655
dev loss at step 1350: 0.7132160663604736
tp: 9, tn: 9, fp: 2, fn: 3
accuracy: 0.782608695652174, precision: 0.8181818181818182, recall: 0.75, F1: 0.7826086956521738
specificity: 0.8181818181818182, gmean: 0.7833494518006403, mcc: 0.5681818181818182 

test at step 1350: 0.8799999952316284
test loss at step 1350: 0.3742970824241638
tp: 11, tn: 11, fp: 1, fn: 2
accuracy: 0.88, precision: 0.9166666666666666, recall: 0.8461538461538461, F1: 0.8799999999999999
specificity: 0.9166666666666666, gmean: 0.8807048459279792, mcc: 0.7628205128205128 

train at step 1360: 0.9624999761581421
train loss at step 1360: 0.1264282763004303
train at step 1370: 0.987500011920929
train loss at step 1370: 0.06221722438931465
train at step 1380: 0.956250011920929
train loss at step 1380: 0.12236319482326508
train at step 1390: 0.9937499761581421
train loss at step 1390: 0.08309751749038696
train at step 1400: 0.956250011920929
train loss at step 1400: 0.12436418235301971
dev at step 1400: 0.739130437374115
dev loss at step 1400: 0.8225131630897522
tp: 8, tn: 9, fp: 2, fn: 4
accuracy: 0.7391304347826086, precision: 0.8, recall: 0.6666666666666666, F1: 0.7272727272727272
specificity: 0.8181818181818182, gmean: 0.7385489458759964, mcc: 0.4885638532419674 

test at step 1400: 0.8399999737739563
test loss at step 1400: 0.4510361850261688
tp: 11, tn: 10, fp: 2, fn: 2
accuracy: 0.84, precision: 0.8461538461538461, recall: 0.8461538461538461, F1: 0.8461538461538461
specificity: 0.8333333333333334, gmean: 0.8397191227596316, mcc: 0.6794871794871795 

train at step 1410: 0.9750000238418579
train loss at step 1410: 0.08655773103237152
train at step 1420: 0.9750000238418579
train loss at step 1420: 0.09048734605312347
train at step 1430: 0.9750000238418579
train loss at step 1430: 0.10838273912668228
train at step 1440: 0.9750000238418579
train loss at step 1440: 0.10837095975875854
train at step 1450: 0.9375
train loss at step 1450: 0.1470339596271515
dev at step 1450: 0.695652186870575
dev loss at step 1450: 0.7443771958351135
tp: 9, tn: 7, fp: 4, fn: 3
accuracy: 0.6956521739130435, precision: 0.6923076923076923, recall: 0.75, F1: 0.7199999999999999
specificity: 0.6363636363636364, gmean: 0.6908492797077574, mcc: 0.38932432055219274 

test at step 1450: 0.8399999737739563
test loss at step 1450: 0.33767130970954895
tp: 11, tn: 10, fp: 2, fn: 2
accuracy: 0.84, precision: 0.8461538461538461, recall: 0.8461538461538461, F1: 0.8461538461538461
specificity: 0.8333333333333334, gmean: 0.8397191227596316, mcc: 0.6794871794871795 

train at step 1460: 0.981249988079071
train loss at step 1460: 0.07542167603969574
train at step 1470: 0.9624999761581421
train loss at step 1470: 0.08913393318653107
train at step 1480: 0.96875
train loss at step 1480: 0.11020872741937637
train at step 1490: 0.987500011920929
train loss at step 1490: 0.09885658323764801
train at step 1500: 0.9375
train loss at step 1500: 0.13713198900222778
dev at step 1500: 0.782608687877655
dev loss at step 1500: 0.9640470147132874
tp: 11, tn: 7, fp: 4, fn: 1
accuracy: 0.782608695652174, precision: 0.7333333333333333, recall: 0.9166666666666666, F1: 0.8148148148148148
specificity: 0.6363636363636364, gmean: 0.7637626158259733, mcc: 0.580023075124402 

test at step 1500: 0.8399999737739563
test loss at step 1500: 0.42023926973342896
tp: 12, tn: 9, fp: 3, fn: 1
accuracy: 0.84, precision: 0.8, recall: 0.9230769230769231, F1: 0.8571428571428571
specificity: 0.75, gmean: 0.8320502943378437, mcc: 0.6864064729836441 

