train at step 10: 0.543749988079071
train loss at step 10: 0.8592804670333862
train at step 20: 0.5375000238418579
train loss at step 20: 0.8522671461105347
train at step 30: 0.612500011920929
train loss at step 30: 0.8264791369438171
train at step 40: 0.518750011920929
train loss at step 40: 0.9880838394165039
train at step 50: 0.518750011920929
train loss at step 50: 0.8415876626968384
dev at step 50: 0.52173912525177
New best on dev at step 50: 0.52173912525177
dev loss at step 50: 0.6515137553215027
tp: 1, tn: 11, fp: 0, fn: 11
accuracy: 0.5217391304347826, precision: 1.0, recall: 0.08333333333333333, F1: 0.15384615384615385
specificity: 1.0, gmean: 0.28867513459481287, mcc: 0.2041241452319315 

test at step 50: 0.4000000059604645
test loss at step 50: 0.9913343191146851
tp: 0, tn: 10, fp: 2, fn: 13
accuracy: 0.4, precision: 0.0, recall: 0.0, F1: 0
specificity: 0.8333333333333334, gmean: 0.0, mcc: -0.30692490702242564 

train at step 60: 0.581250011920929
train loss at step 60: 0.7752112746238708
train at step 70: 0.59375
train loss at step 70: 0.8289448022842407
train at step 80: 0.5687500238418579
train loss at step 80: 0.7499820590019226
train at step 90: 0.6625000238418579
train loss at step 90: 0.6295754313468933
train at step 100: 0.7250000238418579
train loss at step 100: 0.5559670329093933
dev at step 100: 0.52173912525177
dev loss at step 100: 0.710542619228363
tp: 2, tn: 10, fp: 1, fn: 10
accuracy: 0.5217391304347826, precision: 0.6666666666666666, recall: 0.16666666666666666, F1: 0.26666666666666666
specificity: 0.9090909090909091, gmean: 0.38924947208076144, mcc: 0.11236664374387369 

test at step 100: 0.4000000059604645
test loss at step 100: 0.9441333413124084
tp: 0, tn: 10, fp: 2, fn: 13
accuracy: 0.4, precision: 0.0, recall: 0.0, F1: 0
specificity: 0.8333333333333334, gmean: 0.0, mcc: -0.30692490702242564 

train at step 110: 0.6499999761581421
train loss at step 110: 0.6231489181518555
train at step 120: 0.7250000238418579
train loss at step 120: 0.5590408444404602
train at step 130: 0.668749988079071
train loss at step 130: 0.5979176759719849
train at step 140: 0.668749988079071
train loss at step 140: 0.581658661365509
train at step 150: 0.7437499761581421
train loss at step 150: 0.5395799875259399
dev at step 150: 0.52173912525177
dev loss at step 150: 0.8041872978210449
tp: 2, tn: 10, fp: 1, fn: 10
accuracy: 0.5217391304347826, precision: 0.6666666666666666, recall: 0.16666666666666666, F1: 0.26666666666666666
specificity: 0.9090909090909091, gmean: 0.38924947208076144, mcc: 0.11236664374387369 

test at step 150: 0.4000000059604645
test loss at step 150: 1.078080177307129
tp: 0, tn: 10, fp: 2, fn: 13
accuracy: 0.4, precision: 0.0, recall: 0.0, F1: 0
specificity: 0.8333333333333334, gmean: 0.0, mcc: -0.30692490702242564 

train at step 160: 0.762499988079071
train loss at step 160: 0.5367867946624756
train at step 170: 0.65625
train loss at step 170: 0.6446834206581116
train at step 180: 0.75
train loss at step 180: 0.5047649145126343
train at step 190: 0.7437499761581421
train loss at step 190: 0.5097485780715942
train at step 200: 0.737500011920929
train loss at step 200: 0.5078478455543518
dev at step 200: 0.6086956262588501
New best on dev at step 200: 0.6086956262588501
dev loss at step 200: 0.6784738898277283
tp: 3, tn: 11, fp: 0, fn: 9
accuracy: 0.6086956521739131, precision: 1.0, recall: 0.25, F1: 0.4
specificity: 1.0, gmean: 0.5, mcc: 0.37080992435478316 

test at step 200: 0.4000000059604645
test loss at step 200: 1.0352182388305664
tp: 0, tn: 10, fp: 2, fn: 13
accuracy: 0.4, precision: 0.0, recall: 0.0, F1: 0
specificity: 0.8333333333333334, gmean: 0.0, mcc: -0.30692490702242564 

train at step 210: 0.768750011920929
train loss at step 210: 0.5321840047836304
train at step 220: 0.71875
train loss at step 220: 0.5454350709915161
train at step 230: 0.8062499761581421
train loss at step 230: 0.4706737995147705
train at step 240: 0.8062499761581421
train loss at step 240: 0.4755353331565857
train at step 250: 0.6875
train loss at step 250: 0.5751601457595825
dev at step 250: 0.5652173757553101
dev loss at step 250: 0.6286087036132812
tp: 3, tn: 10, fp: 1, fn: 9
accuracy: 0.5652173913043478, precision: 0.75, recall: 0.25, F1: 0.375
specificity: 0.9090909090909091, gmean: 0.4767312946227962, mcc: 0.20966480425560383 

test at step 250: 0.5199999809265137
test loss at step 250: 0.777470052242279
tp: 3, tn: 10, fp: 2, fn: 10
accuracy: 0.52, precision: 0.6, recall: 0.23076923076923078, F1: 0.33333333333333337
specificity: 0.8333333333333334, gmean: 0.4385290096535146, mcc: 0.08006407690254357 

train at step 260: 0.7437499761581421
train loss at step 260: 0.4855879247188568
train at step 270: 0.75
train loss at step 270: 0.5524972081184387
train at step 280: 0.793749988079071
train loss at step 280: 0.4751245975494385
train at step 290: 0.856249988079071
train loss at step 290: 0.4482060372829437
train at step 300: 0.7562500238418579
train loss at step 300: 0.4824495315551758
dev at step 300: 0.739130437374115
New best on dev at step 300: 0.739130437374115
dev loss at step 300: 0.5714579224586487
tp: 7, tn: 10, fp: 1, fn: 5
accuracy: 0.7391304347826086, precision: 0.875, recall: 0.5833333333333334, F1: 0.7000000000000001
specificity: 0.9090909090909091, gmean: 0.7282190812544191, mcc: 0.5164589025080292 

test at step 300: 0.5600000023841858
test loss at step 300: 0.8550914525985718
tp: 4, tn: 10, fp: 2, fn: 9
accuracy: 0.56, precision: 0.6666666666666666, recall: 0.3076923076923077, F1: 0.42105263157894735
specificity: 0.8333333333333334, gmean: 0.5063696835418333, mcc: 0.16497113257747745 

train at step 310: 0.706250011920929
train loss at step 310: 0.5603419542312622
train at step 320: 0.78125
train loss at step 320: 0.4498247504234314
train at step 330: 0.78125
train loss at step 330: 0.4659726619720459
train at step 340: 0.8062499761581421
train loss at step 340: 0.42933520674705505
train at step 350: 0.78125
train loss at step 350: 0.4600052833557129
dev at step 350: 0.6086956262588501
dev loss at step 350: 0.6928622722625732
tp: 3, tn: 11, fp: 0, fn: 9
accuracy: 0.6086956521739131, precision: 1.0, recall: 0.25, F1: 0.4
specificity: 1.0, gmean: 0.5, mcc: 0.37080992435478316 

test at step 350: 0.4399999976158142
test loss at step 350: 1.0162127017974854
tp: 1, tn: 10, fp: 2, fn: 12
accuracy: 0.44, precision: 0.3333333333333333, recall: 0.07692307692307693, F1: 0.125
specificity: 0.8333333333333334, gmean: 0.25318484177091666, mcc: -0.1379728923974526 

train at step 360: 0.71875
train loss at step 360: 0.5269471406936646
train at step 370: 0.856249988079071
train loss at step 370: 0.41971102356910706
train at step 380: 0.8062499761581421
train loss at step 380: 0.41684475541114807
train at step 390: 0.8062499761581421
train loss at step 390: 0.45952367782592773
train at step 400: 0.8062499761581421
train loss at step 400: 0.4422527849674225
dev at step 400: 0.739130437374115
dev loss at step 400: 0.5862717032432556
tp: 6, tn: 11, fp: 0, fn: 6
accuracy: 0.7391304347826086, precision: 1.0, recall: 0.5, F1: 0.6666666666666666
specificity: 1.0, gmean: 0.7071067811865476, mcc: 0.5687964589945211 

test at step 400: 0.47999998927116394
test loss at step 400: 0.9986452460289001
tp: 4, tn: 8, fp: 4, fn: 9
accuracy: 0.48, precision: 0.5, recall: 0.3076923076923077, F1: 0.380952380952381
specificity: 0.6666666666666666, gmean: 0.4529108136578383, mcc: -0.027461751819054487 

train at step 410: 0.824999988079071
train loss at step 410: 0.442749559879303
train at step 420: 0.8374999761581421
train loss at step 420: 0.40950194001197815
train at step 430: 0.84375
train loss at step 430: 0.36753755807876587
train at step 440: 0.768750011920929
train loss at step 440: 0.47250574827194214
train at step 450: 0.800000011920929
train loss at step 450: 0.40840625762939453
dev at step 450: 0.739130437374115
dev loss at step 450: 0.5614238381385803
tp: 7, tn: 10, fp: 1, fn: 5
accuracy: 0.7391304347826086, precision: 0.875, recall: 0.5833333333333334, F1: 0.7000000000000001
specificity: 0.9090909090909091, gmean: 0.7282190812544191, mcc: 0.5164589025080292 

test at step 450: 0.5600000023841858
test loss at step 450: 0.8116223812103271
tp: 6, tn: 8, fp: 4, fn: 7
accuracy: 0.56, precision: 0.6, recall: 0.46153846153846156, F1: 0.5217391304347826
specificity: 0.6666666666666666, gmean: 0.5547001962252291, mcc: 0.13074409009212268 

train at step 460: 0.824999988079071
train loss at step 460: 0.41076532006263733
train at step 470: 0.731249988079071
train loss at step 470: 0.44573289155960083
train at step 480: 0.824999988079071
train loss at step 480: 0.4122306704521179
train at step 490: 0.856249988079071
train loss at step 490: 0.37325653433799744
train at step 500: 0.856249988079071
train loss at step 500: 0.3702067732810974
dev at step 500: 0.5652173757553101
dev loss at step 500: 0.8429116606712341
tp: 2, tn: 11, fp: 0, fn: 10
accuracy: 0.5652173913043478, precision: 1.0, recall: 0.16666666666666666, F1: 0.2857142857142857
specificity: 1.0, gmean: 0.408248290463863, mcc: 0.2954684201426394 

test at step 500: 0.47999998927116394
test loss at step 500: 1.054736852645874
tp: 2, tn: 10, fp: 2, fn: 11
accuracy: 0.48, precision: 0.5, recall: 0.15384615384615385, F1: 0.23529411764705882
specificity: 0.8333333333333334, gmean: 0.3580574370197165, mcc: -0.017471413945365305 

train at step 510: 0.793749988079071
train loss at step 510: 0.4427821636199951
train at step 520: 0.800000011920929
train loss at step 520: 0.41054534912109375
train at step 530: 0.800000011920929
train loss at step 530: 0.39389386773109436
train at step 540: 0.8374999761581421
train loss at step 540: 0.38920602202415466
train at step 550: 0.856249988079071
train loss at step 550: 0.36784055829048157
dev at step 550: 0.5652173757553101
dev loss at step 550: 0.9670031070709229
tp: 2, tn: 11, fp: 0, fn: 10
accuracy: 0.5652173913043478, precision: 1.0, recall: 0.16666666666666666, F1: 0.2857142857142857
specificity: 1.0, gmean: 0.408248290463863, mcc: 0.2954684201426394 

test at step 550: 0.6000000238418579
test loss at step 550: 1.040329098701477
tp: 3, tn: 12, fp: 0, fn: 10
accuracy: 0.6, precision: 1.0, recall: 0.23076923076923078, F1: 0.375
specificity: 1.0, gmean: 0.4803844614152614, mcc: 0.35478743759344955 

train at step 560: 0.8500000238418579
train loss at step 560: 0.4017471373081207
train at step 570: 0.8125
train loss at step 570: 0.42354241013526917
train at step 580: 0.824999988079071
train loss at step 580: 0.419869601726532
train at step 590: 0.8187500238418579
train loss at step 590: 0.4212014675140381
train at step 600: 0.8125
train loss at step 600: 0.3899971842765808
dev at step 600: 0.5652173757553101
dev loss at step 600: 1.1575331687927246
tp: 2, tn: 11, fp: 0, fn: 10
accuracy: 0.5652173913043478, precision: 1.0, recall: 0.16666666666666666, F1: 0.2857142857142857
specificity: 1.0, gmean: 0.408248290463863, mcc: 0.2954684201426394 

test at step 600: 0.5199999809265137
test loss at step 600: 1.3408194780349731
tp: 1, tn: 12, fp: 0, fn: 12
accuracy: 0.52, precision: 1.0, recall: 0.07692307692307693, F1: 0.14285714285714288
specificity: 1.0, gmean: 0.2773500981126146, mcc: 0.19611613513818402 

train at step 610: 0.78125
train loss at step 610: 0.41404685378074646
train at step 620: 0.8125
train loss at step 620: 0.4145034849643707
train at step 630: 0.8500000238418579
train loss at step 630: 0.3489964008331299
train at step 640: 0.8187500238418579
train loss at step 640: 0.4108918309211731
train at step 650: 0.800000011920929
train loss at step 650: 0.4215891361236572
dev at step 650: 0.695652186870575
dev loss at step 650: 0.7061249613761902
tp: 5, tn: 11, fp: 0, fn: 7
accuracy: 0.6956521739130435, precision: 1.0, recall: 0.4166666666666667, F1: 0.5882352941176471
specificity: 1.0, gmean: 0.6454972243679028, mcc: 0.5046083923495819 

test at step 650: 0.5600000023841858
test loss at step 650: 0.9166211485862732
tp: 5, tn: 9, fp: 3, fn: 8
accuracy: 0.56, precision: 0.625, recall: 0.38461538461538464, F1: 0.4761904761904762
specificity: 0.75, gmean: 0.5370861555295747, mcc: 0.14417419705003606 

train at step 660: 0.800000011920929
train loss at step 660: 0.40537405014038086
train at step 670: 0.800000011920929
train loss at step 670: 0.43407219648361206
train at step 680: 0.8687499761581421
train loss at step 680: 0.3535565733909607
train at step 690: 0.831250011920929
train loss at step 690: 0.36376863718032837
train at step 700: 0.78125
train loss at step 700: 0.43555784225463867
dev at step 700: 0.695652186870575
dev loss at step 700: 0.5720743536949158
tp: 7, tn: 9, fp: 2, fn: 5
accuracy: 0.6956521739130435, precision: 0.7777777777777778, recall: 0.5833333333333334, F1: 0.6666666666666666
specificity: 0.8181818181818182, gmean: 0.6908492797077574, mcc: 0.41096385959265797 

test at step 700: 0.6399999856948853
test loss at step 700: 0.7144237756729126
tp: 8, tn: 8, fp: 4, fn: 5
accuracy: 0.64, precision: 0.6666666666666666, recall: 0.6153846153846154, F1: 0.64
specificity: 0.6666666666666666, gmean: 0.6405126152203485, mcc: 0.28205128205128205 

train at step 710: 0.856249988079071
train loss at step 710: 0.3618147075176239
train at step 720: 0.856249988079071
train loss at step 720: 0.359249085187912
train at step 730: 0.8374999761581421
train loss at step 730: 0.3833544850349426
train at step 740: 0.8125
train loss at step 740: 0.3959265351295471
train at step 750: 0.856249988079071
train loss at step 750: 0.34342852234840393
dev at step 750: 0.6521739363670349
dev loss at step 750: 0.7048606276512146
tp: 5, tn: 10, fp: 1, fn: 7
accuracy: 0.6521739130434783, precision: 0.8333333333333334, recall: 0.4166666666666667, F1: 0.5555555555555556
specificity: 0.9090909090909091, gmean: 0.6154574548966637, mcc: 0.37057951116309706 

test at step 750: 0.5600000023841858
test loss at step 750: 0.8987526297569275
tp: 5, tn: 9, fp: 3, fn: 8
accuracy: 0.56, precision: 0.625, recall: 0.38461538461538464, F1: 0.4761904761904762
specificity: 0.75, gmean: 0.5370861555295747, mcc: 0.14417419705003606 

train at step 760: 0.8500000238418579
train loss at step 760: 0.33909106254577637
train at step 770: 0.8374999761581421
train loss at step 770: 0.3680231273174286
train at step 780: 0.800000011920929
train loss at step 780: 0.397938072681427
train at step 790: 0.862500011920929
train loss at step 790: 0.37835848331451416
train at step 800: 0.8062499761581421
train loss at step 800: 0.38751548528671265
dev at step 800: 0.6086956262588501
dev loss at step 800: 1.0801692008972168
tp: 3, tn: 11, fp: 0, fn: 9
accuracy: 0.6086956521739131, precision: 1.0, recall: 0.25, F1: 0.4
specificity: 1.0, gmean: 0.5, mcc: 0.37080992435478316 

test at step 800: 0.5600000023841858
test loss at step 800: 1.258925199508667
tp: 2, tn: 12, fp: 0, fn: 11
accuracy: 0.56, precision: 1.0, recall: 0.15384615384615385, F1: 0.2666666666666667
specificity: 1.0, gmean: 0.3922322702763681, mcc: 0.2833152987899314 

train at step 810: 0.856249988079071
train loss at step 810: 0.3896178603172302
train at step 820: 0.8687499761581421
train loss at step 820: 0.3264860212802887
train at step 830: 0.875
train loss at step 830: 0.3176555037498474
train at step 840: 0.831250011920929
train loss at step 840: 0.3751026690006256
train at step 850: 0.824999988079071
train loss at step 850: 0.37157708406448364
dev at step 850: 0.52173912525177
dev loss at step 850: 1.1893384456634521
tp: 1, tn: 11, fp: 0, fn: 11
accuracy: 0.5217391304347826, precision: 1.0, recall: 0.08333333333333333, F1: 0.15384615384615385
specificity: 1.0, gmean: 0.28867513459481287, mcc: 0.2041241452319315 

test at step 850: 0.5600000023841858
test loss at step 850: 1.3192248344421387
tp: 2, tn: 12, fp: 0, fn: 11
accuracy: 0.56, precision: 1.0, recall: 0.15384615384615385, F1: 0.2666666666666667
specificity: 1.0, gmean: 0.3922322702763681, mcc: 0.2833152987899314 

train at step 860: 0.8062499761581421
train loss at step 860: 0.4178003668785095
train at step 870: 0.893750011920929
train loss at step 870: 0.31222301721572876
train at step 880: 0.84375
train loss at step 880: 0.3241949677467346
train at step 890: 0.8125
train loss at step 890: 0.43098536133766174
train at step 900: 0.800000011920929
train loss at step 900: 0.3910104036331177
dev at step 900: 0.695652186870575
dev loss at step 900: 0.8727734684944153
tp: 5, tn: 11, fp: 0, fn: 7
accuracy: 0.6956521739130435, precision: 1.0, recall: 0.4166666666666667, F1: 0.5882352941176471
specificity: 1.0, gmean: 0.6454972243679028, mcc: 0.5046083923495819 

test at step 900: 0.5199999809265137
test loss at step 900: 1.0982320308685303
tp: 3, tn: 10, fp: 2, fn: 10
accuracy: 0.52, precision: 0.6, recall: 0.23076923076923078, F1: 0.33333333333333337
specificity: 0.8333333333333334, gmean: 0.4385290096535146, mcc: 0.08006407690254357 

train at step 910: 0.831250011920929
train loss at step 910: 0.3889896273612976
train at step 920: 0.8500000238418579
train loss at step 920: 0.3440616726875305
train at step 930: 0.824999988079071
train loss at step 930: 0.3682774305343628
train at step 940: 0.875
train loss at step 940: 0.33729737997055054
train at step 950: 0.8999999761581421
train loss at step 950: 0.2780323624610901
dev at step 950: 0.6086956262588501
dev loss at step 950: 1.0311439037322998
tp: 3, tn: 11, fp: 0, fn: 9
accuracy: 0.6086956521739131, precision: 1.0, recall: 0.25, F1: 0.4
specificity: 1.0, gmean: 0.5, mcc: 0.37080992435478316 

test at step 950: 0.6399999856948853
test loss at step 950: 1.1392005681991577
tp: 4, tn: 12, fp: 0, fn: 9
accuracy: 0.64, precision: 1.0, recall: 0.3076923076923077, F1: 0.47058823529411764
specificity: 1.0, gmean: 0.5547001962252291, mcc: 0.4193139346887673 

train at step 960: 0.8187500238418579
train loss at step 960: 0.3965139389038086
train at step 970: 0.8812500238418579
train loss at step 970: 0.319345086812973
train at step 980: 0.84375
train loss at step 980: 0.3336482346057892
train at step 990: 0.8999999761581421
train loss at step 990: 0.3100634515285492
train at step 1000: 0.8687499761581421
train loss at step 1000: 0.32118237018585205
dev at step 1000: 0.6521739363670349
dev loss at step 1000: 0.9615781903266907
tp: 4, tn: 11, fp: 0, fn: 8
accuracy: 0.6521739130434783, precision: 1.0, recall: 0.3333333333333333, F1: 0.5
specificity: 1.0, gmean: 0.5773502691896257, mcc: 0.4392976851069794 

test at step 1000: 0.5199999809265137
test loss at step 1000: 1.111664056777954
tp: 3, tn: 10, fp: 2, fn: 10
accuracy: 0.52, precision: 0.6, recall: 0.23076923076923078, F1: 0.33333333333333337
specificity: 0.8333333333333334, gmean: 0.4385290096535146, mcc: 0.08006407690254357 

train at step 1010: 0.862500011920929
train loss at step 1010: 0.3386336863040924
train at step 1020: 0.7875000238418579
train loss at step 1020: 0.4443429112434387
train at step 1030: 0.831250011920929
train loss at step 1030: 0.39083796739578247
train at step 1040: 0.8812500238418579
train loss at step 1040: 0.29420122504234314
train at step 1050: 0.875
train loss at step 1050: 0.3303607106208801
dev at step 1050: 0.6086956262588501
dev loss at step 1050: 1.1195889711380005
tp: 3, tn: 11, fp: 0, fn: 9
accuracy: 0.6086956521739131, precision: 1.0, recall: 0.25, F1: 0.4
specificity: 1.0, gmean: 0.5, mcc: 0.37080992435478316 

test at step 1050: 0.5600000023841858
test loss at step 1050: 1.330838680267334
tp: 2, tn: 12, fp: 0, fn: 11
accuracy: 0.56, precision: 1.0, recall: 0.15384615384615385, F1: 0.2666666666666667
specificity: 1.0, gmean: 0.3922322702763681, mcc: 0.2833152987899314 

train at step 1060: 0.8500000238418579
train loss at step 1060: 0.36089277267456055
train at step 1070: 0.8500000238418579
train loss at step 1070: 0.33453482389450073
train at step 1080: 0.9125000238418579
train loss at step 1080: 0.29116880893707275
train at step 1090: 0.84375
train loss at step 1090: 0.33666521310806274
train at step 1100: 0.862500011920929
train loss at step 1100: 0.33552786707878113
dev at step 1100: 0.739130437374115
dev loss at step 1100: 0.7044287323951721
tp: 7, tn: 10, fp: 1, fn: 5
accuracy: 0.7391304347826086, precision: 0.875, recall: 0.5833333333333334, F1: 0.7000000000000001
specificity: 0.9090909090909091, gmean: 0.7282190812544191, mcc: 0.5164589025080292 

test at step 1100: 0.6000000238418579
test loss at step 1100: 0.8253951668739319
tp: 7, tn: 8, fp: 4, fn: 6
accuracy: 0.6, precision: 0.6363636363636364, recall: 0.5384615384615384, F1: 0.5833333333333334
specificity: 0.6666666666666666, gmean: 0.599144689515278, mcc: 0.20645590963700367 

train at step 1110: 0.831250011920929
train loss at step 1110: 0.38094455003738403
train at step 1120: 0.856249988079071
train loss at step 1120: 0.33427828550338745
train at step 1130: 0.90625
train loss at step 1130: 0.28006690740585327
train at step 1140: 0.9125000238418579
train loss at step 1140: 0.24847134947776794
train at step 1150: 0.8500000238418579
train loss at step 1150: 0.3581562042236328
dev at step 1150: 0.6086956262588501
dev loss at step 1150: 1.1010507345199585
tp: 3, tn: 11, fp: 0, fn: 9
accuracy: 0.6086956521739131, precision: 1.0, recall: 0.25, F1: 0.4
specificity: 1.0, gmean: 0.5, mcc: 0.37080992435478316 

test at step 1150: 0.6000000238418579
test loss at step 1150: 1.2786844968795776
tp: 3, tn: 12, fp: 0, fn: 10
accuracy: 0.6, precision: 1.0, recall: 0.23076923076923078, F1: 0.375
specificity: 1.0, gmean: 0.4803844614152614, mcc: 0.35478743759344955 

train at step 1160: 0.887499988079071
train loss at step 1160: 0.2920902371406555
train at step 1170: 0.84375
train loss at step 1170: 0.37470319867134094
train at step 1180: 0.9125000238418579
train loss at step 1180: 0.2838376760482788
train at step 1190: 0.8999999761581421
train loss at step 1190: 0.26536640524864197
train at step 1200: 0.90625
train loss at step 1200: 0.2741055488586426
dev at step 1200: 0.739130437374115
dev loss at step 1200: 0.7126356959342957
tp: 8, tn: 9, fp: 2, fn: 4
accuracy: 0.7391304347826086, precision: 0.8, recall: 0.6666666666666666, F1: 0.7272727272727272
specificity: 0.8181818181818182, gmean: 0.7385489458759964, mcc: 0.4885638532419674 

test at step 1200: 0.6399999856948853
test loss at step 1200: 0.9538990259170532
tp: 7, tn: 9, fp: 3, fn: 6
accuracy: 0.64, precision: 0.7, recall: 0.5384615384615384, F1: 0.608695652173913
specificity: 0.75, gmean: 0.6354889093022426, mcc: 0.29417420270727607 

train at step 1210: 0.8500000238418579
train loss at step 1210: 0.35271042585372925
train at step 1220: 0.918749988079071
train loss at step 1220: 0.2613823115825653
train at step 1230: 0.8687499761581421
train loss at step 1230: 0.3113219141960144
train at step 1240: 0.8999999761581421
train loss at step 1240: 0.28828731179237366
train at step 1250: 0.90625
train loss at step 1250: 0.27379530668258667
dev at step 1250: 0.6521739363670349
dev loss at step 1250: 0.9646838307380676
tp: 5, tn: 10, fp: 1, fn: 7
accuracy: 0.6521739130434783, precision: 0.8333333333333334, recall: 0.4166666666666667, F1: 0.5555555555555556
specificity: 0.9090909090909091, gmean: 0.6154574548966637, mcc: 0.37057951116309706 

test at step 1250: 0.6000000238418579
test loss at step 1250: 1.204662561416626
tp: 4, tn: 11, fp: 1, fn: 9
accuracy: 0.6, precision: 0.8, recall: 0.3076923076923077, F1: 0.4444444444444444
specificity: 0.9166666666666666, gmean: 0.5310850045437944, mcc: 0.2802242691589025 

train at step 1260: 0.862500011920929
train loss at step 1260: 0.32180294394493103
train at step 1270: 0.9125000238418579
train loss at step 1270: 0.2800150513648987
train at step 1280: 0.875
train loss at step 1280: 0.24918349087238312
train at step 1290: 0.862500011920929
train loss at step 1290: 0.30541738867759705
train at step 1300: 0.875
train loss at step 1300: 0.32369279861450195
dev at step 1300: 0.6521739363670349
dev loss at step 1300: 1.2176941633224487
tp: 4, tn: 11, fp: 0, fn: 8
accuracy: 0.6521739130434783, precision: 1.0, recall: 0.3333333333333333, F1: 0.5
specificity: 1.0, gmean: 0.5773502691896257, mcc: 0.4392976851069794 

test at step 1300: 0.5600000023841858
test loss at step 1300: 1.5738896131515503
tp: 2, tn: 12, fp: 0, fn: 11
accuracy: 0.56, precision: 1.0, recall: 0.15384615384615385, F1: 0.2666666666666667
specificity: 1.0, gmean: 0.3922322702763681, mcc: 0.2833152987899314 

train at step 1310: 0.793749988079071
train loss at step 1310: 0.396761029958725
train at step 1320: 0.856249988079071
train loss at step 1320: 0.2928423285484314
train at step 1330: 0.84375
train loss at step 1330: 0.33546170592308044
train at step 1340: 0.75
train loss at step 1340: 0.48287540674209595
train at step 1350: 0.8687499761581421
train loss at step 1350: 0.31509843468666077
dev at step 1350: 0.695652186870575
dev loss at step 1350: 0.8508667349815369
tp: 6, tn: 10, fp: 1, fn: 6
accuracy: 0.6956521739130435, precision: 0.8571428571428571, recall: 0.5, F1: 0.631578947368421
specificity: 0.9090909090909091, gmean: 0.674199862463242, mcc: 0.44411739409784406 

test at step 1350: 0.6399999856948853
test loss at step 1350: 1.1142840385437012
tp: 6, tn: 10, fp: 2, fn: 7
accuracy: 0.64, precision: 0.75, recall: 0.46153846153846156, F1: 0.5714285714285714
specificity: 0.8333333333333334, gmean: 0.6201736729460423, mcc: 0.3158101459191266 

train at step 1360: 0.862500011920929
train loss at step 1360: 0.3319326937198639
train at step 1370: 0.8812500238418579
train loss at step 1370: 0.3095170557498932
train at step 1380: 0.8812500238418579
train loss at step 1380: 0.318728506565094
train at step 1390: 0.9375
train loss at step 1390: 0.24616865813732147
train at step 1400: 0.8812500238418579
train loss at step 1400: 0.2620258629322052
dev at step 1400: 0.52173912525177
dev loss at step 1400: 2.2866199016571045
tp: 1, tn: 11, fp: 0, fn: 11
accuracy: 0.5217391304347826, precision: 1.0, recall: 0.08333333333333333, F1: 0.15384615384615385
specificity: 1.0, gmean: 0.28867513459481287, mcc: 0.2041241452319315 

test at step 1400: 0.47999998927116394
test loss at step 1400: 2.5700697898864746
tp: 0, tn: 12, fp: 0, fn: 13
accuracy: 0.48, precision: 0, recall: 0.0, F1: 0
specificity: 1.0, gmean: 0.0, mcc: 0 

train at step 1410: 0.78125
train loss at step 1410: 0.5134577751159668
train at step 1420: 0.831250011920929
train loss at step 1420: 0.3400687277317047
train at step 1430: 0.893750011920929
train loss at step 1430: 0.3030848205089569
train at step 1440: 0.918749988079071
train loss at step 1440: 0.24465236067771912
train at step 1450: 0.887499988079071
train loss at step 1450: 0.2982013523578644
dev at step 1450: 0.52173912525177
dev loss at step 1450: 2.023859739303589
tp: 1, tn: 11, fp: 0, fn: 11
accuracy: 0.5217391304347826, precision: 1.0, recall: 0.08333333333333333, F1: 0.15384615384615385
specificity: 1.0, gmean: 0.28867513459481287, mcc: 0.2041241452319315 

test at step 1450: 0.5199999809265137
test loss at step 1450: 2.2901060581207275
tp: 1, tn: 12, fp: 0, fn: 12
accuracy: 0.52, precision: 1.0, recall: 0.07692307692307693, F1: 0.14285714285714288
specificity: 1.0, gmean: 0.2773500981126146, mcc: 0.19611613513818402 

train at step 1460: 0.8687499761581421
train loss at step 1460: 0.3224773108959198
train at step 1470: 0.7562500238418579
train loss at step 1470: 0.5056050419807434
train at step 1480: 0.90625
train loss at step 1480: 0.2663211226463318
train at step 1490: 0.887499988079071
train loss at step 1490: 0.2448592185974121
train at step 1500: 0.90625
train loss at step 1500: 0.2564452290534973
dev at step 1500: 0.6086956262588501
dev loss at step 1500: 1.4240576028823853
tp: 3, tn: 11, fp: 0, fn: 9
accuracy: 0.6086956521739131, precision: 1.0, recall: 0.25, F1: 0.4
specificity: 1.0, gmean: 0.5, mcc: 0.37080992435478316 

test at step 1500: 0.5600000023841858
test loss at step 1500: 1.7336299419403076
tp: 2, tn: 12, fp: 0, fn: 11
accuracy: 0.56, precision: 1.0, recall: 0.15384615384615385, F1: 0.2666666666666667
specificity: 1.0, gmean: 0.3922322702763681, mcc: 0.2833152987899314 

