train at step 10: 0.4124999940395355
train loss at step 10: 1.230749487876892
train at step 20: 0.59375
train loss at step 20: 0.7904294729232788
train at step 30: 0.625
train loss at step 30: 0.6564573049545288
train at step 40: 0.7124999761581421
train loss at step 40: 0.6331896185874939
train at step 50: 0.5874999761581421
train loss at step 50: 0.7567430734634399
dev at step 50: 0.695652186870575
New best on dev at step 50: 0.695652186870575
dev loss at step 50: 0.624211847782135
tp: 5, tn: 11, fp: 0, fn: 7
accuracy: 0.6956521739130435, precision: 1.0, recall: 0.4166666666666667, F1: 0.5882352941176471
specificity: 1.0, gmean: 0.6454972243679028, mcc: 0.5046083923495819 

test at step 50: 0.4399999976158142
test loss at step 50: 0.7640078067779541
tp: 1, tn: 10, fp: 2, fn: 12
accuracy: 0.44, precision: 0.3333333333333333, recall: 0.07692307692307693, F1: 0.125
specificity: 0.8333333333333334, gmean: 0.25318484177091666, mcc: -0.1379728923974526 

train at step 60: 0.637499988079071
train loss at step 60: 0.6531838774681091
train at step 70: 0.543749988079071
train loss at step 70: 0.7452759146690369
train at step 80: 0.65625
train loss at step 80: 0.6970532536506653
train at step 90: 0.675000011920929
train loss at step 90: 0.6789075136184692
train at step 100: 0.706250011920929
train loss at step 100: 0.5457468032836914
dev at step 100: 0.739130437374115
New best on dev at step 100: 0.739130437374115
dev loss at step 100: 0.49109265208244324
tp: 10, tn: 7, fp: 4, fn: 2
accuracy: 0.7391304347826086, precision: 0.7142857142857143, recall: 0.8333333333333334, F1: 0.7692307692307692
specificity: 0.6363636363636364, gmean: 0.7282190812544191, mcc: 0.4807501753725433 

test at step 100: 0.800000011920929
test loss at step 100: 0.6328519582748413
tp: 13, tn: 7, fp: 5, fn: 0
accuracy: 0.8, precision: 0.7222222222222222, recall: 1.0, F1: 0.8387096774193548
specificity: 0.5833333333333334, gmean: 0.7637626158259734, mcc: 0.6490734136415512 

train at step 110: 0.675000011920929
train loss at step 110: 0.57274329662323
train at step 120: 0.824999988079071
train loss at step 120: 0.4370761513710022
train at step 130: 0.6937500238418579
train loss at step 130: 0.5236291885375977
train at step 140: 0.731249988079071
train loss at step 140: 0.5249298214912415
train at step 150: 0.762499988079071
train loss at step 150: 0.4765016436576843
dev at step 150: 0.8695651888847351
New best on dev at step 150: 0.8695651888847351
dev loss at step 150: 0.4812403917312622
tp: 9, tn: 11, fp: 0, fn: 3
accuracy: 0.8695652173913043, precision: 1.0, recall: 0.75, F1: 0.8571428571428571
specificity: 1.0, gmean: 0.8660254037844386, mcc: 0.7676494735787384 

test at step 150: 0.7599999904632568
test loss at step 150: 0.5329558849334717
tp: 10, tn: 9, fp: 3, fn: 3
accuracy: 0.76, precision: 0.7692307692307693, recall: 0.7692307692307693, F1: 0.7692307692307693
specificity: 0.75, gmean: 0.75955452531275, mcc: 0.5192307692307693 

train at step 160: 0.768750011920929
train loss at step 160: 0.4834904074668884
train at step 170: 0.824999988079071
train loss at step 170: 0.4074876308441162
train at step 180: 0.831250011920929
train loss at step 180: 0.3993384540081024
train at step 190: 0.768750011920929
train loss at step 190: 0.4537094235420227
train at step 200: 0.8125
train loss at step 200: 0.41468340158462524
dev at step 200: 0.739130437374115
dev loss at step 200: 0.4771895110607147
tp: 10, tn: 7, fp: 4, fn: 2
accuracy: 0.7391304347826086, precision: 0.7142857142857143, recall: 0.8333333333333334, F1: 0.7692307692307692
specificity: 0.6363636363636364, gmean: 0.7282190812544191, mcc: 0.4807501753725433 

test at step 200: 0.800000011920929
test loss at step 200: 0.45332688093185425
tp: 13, tn: 7, fp: 5, fn: 0
accuracy: 0.8, precision: 0.7222222222222222, recall: 1.0, F1: 0.8387096774193548
specificity: 0.5833333333333334, gmean: 0.7637626158259734, mcc: 0.6490734136415512 

train at step 210: 0.7749999761581421
train loss at step 210: 0.44664329290390015
train at step 220: 0.8687499761581421
train loss at step 220: 0.34434789419174194
train at step 230: 0.7875000238418579
train loss at step 230: 0.4159075617790222
train at step 240: 0.8187500238418579
train loss at step 240: 0.3918917775154114
train at step 250: 0.8187500238418579
train loss at step 250: 0.39668822288513184
dev at step 250: 0.695652186870575
dev loss at step 250: 0.5766826272010803
tp: 5, tn: 11, fp: 0, fn: 7
accuracy: 0.6956521739130435, precision: 1.0, recall: 0.4166666666666667, F1: 0.5882352941176471
specificity: 1.0, gmean: 0.6454972243679028, mcc: 0.5046083923495819 

test at step 250: 0.8399999737739563
test loss at step 250: 0.4259481728076935
tp: 9, tn: 12, fp: 0, fn: 4
accuracy: 0.84, precision: 1.0, recall: 0.6923076923076923, F1: 0.8181818181818181
specificity: 1.0, gmean: 0.8320502943378437, mcc: 0.7205766921228921 

train at step 260: 0.824999988079071
train loss at step 260: 0.36538413166999817
train at step 270: 0.875
train loss at step 270: 0.3296701908111572
train at step 280: 0.800000011920929
train loss at step 280: 0.3905406892299652
train at step 290: 0.8187500238418579
train loss at step 290: 0.378274530172348
train at step 300: 0.862500011920929
train loss at step 300: 0.3640355169773102
dev at step 300: 0.8695651888847351
dev loss at step 300: 0.493135929107666
tp: 9, tn: 11, fp: 0, fn: 3
accuracy: 0.8695652173913043, precision: 1.0, recall: 0.75, F1: 0.8571428571428571
specificity: 1.0, gmean: 0.8660254037844386, mcc: 0.7676494735787384 

test at step 300: 0.7599999904632568
test loss at step 300: 0.37368807196617126
tp: 10, tn: 9, fp: 3, fn: 3
accuracy: 0.76, precision: 0.7692307692307693, recall: 0.7692307692307693, F1: 0.7692307692307693
specificity: 0.75, gmean: 0.75955452531275, mcc: 0.5192307692307693 

train at step 310: 0.8500000238418579
train loss at step 310: 0.3211825489997864
train at step 320: 0.8062499761581421
train loss at step 320: 0.36484402418136597
train at step 330: 0.8374999761581421
train loss at step 330: 0.375624418258667
train at step 340: 0.8187500238418579
train loss at step 340: 0.344832181930542
train at step 350: 0.862500011920929
train loss at step 350: 0.3339831531047821
dev at step 350: 0.782608687877655
dev loss at step 350: 0.4565209150314331
tp: 9, tn: 9, fp: 2, fn: 3
accuracy: 0.782608695652174, precision: 0.8181818181818182, recall: 0.75, F1: 0.7826086956521738
specificity: 0.8181818181818182, gmean: 0.7833494518006403, mcc: 0.5681818181818182 

test at step 350: 0.800000011920929
test loss at step 350: 0.35798314213752747
tp: 12, tn: 8, fp: 4, fn: 1
accuracy: 0.8, precision: 0.75, recall: 0.9230769230769231, F1: 0.8275862068965517
specificity: 0.6666666666666666, gmean: 0.7844645405527362, mcc: 0.6138245895861674 

train at step 360: 0.8500000238418579
train loss at step 360: 0.31386294960975647
train at step 370: 0.7875000238418579
train loss at step 370: 0.39574241638183594
train at step 380: 0.7875000238418579
train loss at step 380: 0.41099533438682556
train at step 390: 0.8187500238418579
train loss at step 390: 0.3723149299621582
train at step 400: 0.8687499761581421
train loss at step 400: 0.30424100160598755
dev at step 400: 0.739130437374115
dev loss at step 400: 0.447324275970459
tp: 10, tn: 7, fp: 4, fn: 2
accuracy: 0.7391304347826086, precision: 0.7142857142857143, recall: 0.8333333333333334, F1: 0.7692307692307692
specificity: 0.6363636363636364, gmean: 0.7282190812544191, mcc: 0.4807501753725433 

test at step 400: 0.800000011920929
test loss at step 400: 0.3990990221500397
tp: 12, tn: 8, fp: 4, fn: 1
accuracy: 0.8, precision: 0.75, recall: 0.9230769230769231, F1: 0.8275862068965517
specificity: 0.6666666666666666, gmean: 0.7844645405527362, mcc: 0.6138245895861674 

train at step 410: 0.893750011920929
train loss at step 410: 0.2515071630477905
train at step 420: 0.8687499761581421
train loss at step 420: 0.3085579574108124
train at step 430: 0.8812500238418579
train loss at step 430: 0.31094449758529663
train at step 440: 0.875
train loss at step 440: 0.33415666222572327
train at step 450: 0.8812500238418579
train loss at step 450: 0.2831484079360962
dev at step 450: 0.6521739363670349
dev loss at step 450: 0.6474558711051941
tp: 4, tn: 11, fp: 0, fn: 8
accuracy: 0.6521739130434783, precision: 1.0, recall: 0.3333333333333333, F1: 0.5
specificity: 1.0, gmean: 0.5773502691896257, mcc: 0.4392976851069794 

test at step 450: 0.800000011920929
test loss at step 450: 0.40232327580451965
tp: 8, tn: 12, fp: 0, fn: 5
accuracy: 0.8, precision: 1.0, recall: 0.6153846153846154, F1: 0.761904761904762
specificity: 1.0, gmean: 0.7844645405527362, mcc: 0.6590820436573077 

train at step 460: 0.856249988079071
train loss at step 460: 0.3399895429611206
train at step 470: 0.8687499761581421
train loss at step 470: 0.3075484037399292
train at step 480: 0.925000011920929
train loss at step 480: 0.21999788284301758
train at step 490: 0.8812500238418579
train loss at step 490: 0.28866297006607056
train at step 500: 0.8812500238418579
train loss at step 500: 0.2957204282283783
dev at step 500: 0.739130437374115
dev loss at step 500: 0.528089702129364
tp: 11, tn: 6, fp: 5, fn: 1
accuracy: 0.7391304347826086, precision: 0.6875, recall: 0.9166666666666666, F1: 0.7857142857142857
specificity: 0.5454545454545454, gmean: 0.7071067811865475, mcc: 0.5016881674068239 

test at step 500: 0.800000011920929
test loss at step 500: 0.45812562108039856
tp: 13, tn: 7, fp: 5, fn: 0
accuracy: 0.8, precision: 0.7222222222222222, recall: 1.0, F1: 0.8387096774193548
specificity: 0.5833333333333334, gmean: 0.7637626158259734, mcc: 0.6490734136415512 

train at step 510: 0.887499988079071
train loss at step 510: 0.3051130771636963
train at step 520: 0.8812500238418579
train loss at step 520: 0.2500351071357727
train at step 530: 0.9125000238418579
train loss at step 530: 0.23906533420085907
train at step 540: 0.875
train loss at step 540: 0.2892504036426544
train at step 550: 0.824999988079071
train loss at step 550: 0.3868294358253479
dev at step 550: 0.739130437374115
dev loss at step 550: 0.5517227053642273
tp: 11, tn: 6, fp: 5, fn: 1
accuracy: 0.7391304347826086, precision: 0.6875, recall: 0.9166666666666666, F1: 0.7857142857142857
specificity: 0.5454545454545454, gmean: 0.7071067811865475, mcc: 0.5016881674068239 

test at step 550: 0.800000011920929
test loss at step 550: 0.4968213438987732
tp: 13, tn: 7, fp: 5, fn: 0
accuracy: 0.8, precision: 0.7222222222222222, recall: 1.0, F1: 0.8387096774193548
specificity: 0.5833333333333334, gmean: 0.7637626158259734, mcc: 0.6490734136415512 

train at step 560: 0.925000011920929
train loss at step 560: 0.2559669613838196
train at step 570: 0.862500011920929
train loss at step 570: 0.27762478590011597
train at step 580: 0.893750011920929
train loss at step 580: 0.23376742005348206
train at step 590: 0.8999999761581421
train loss at step 590: 0.2950476109981537
train at step 600: 0.8687499761581421
train loss at step 600: 0.2623872756958008
dev at step 600: 0.695652186870575
dev loss at step 600: 0.5084061622619629
tp: 9, tn: 7, fp: 4, fn: 3
accuracy: 0.6956521739130435, precision: 0.6923076923076923, recall: 0.75, F1: 0.7199999999999999
specificity: 0.6363636363636364, gmean: 0.6908492797077574, mcc: 0.38932432055219274 

test at step 600: 0.800000011920929
test loss at step 600: 0.34428879618644714
tp: 12, tn: 8, fp: 4, fn: 1
accuracy: 0.8, precision: 0.75, recall: 0.9230769230769231, F1: 0.8275862068965517
specificity: 0.6666666666666666, gmean: 0.7844645405527362, mcc: 0.6138245895861674 

train at step 610: 0.800000011920929
train loss at step 610: 0.37063682079315186
train at step 620: 0.90625
train loss at step 620: 0.2326832264661789
train at step 630: 0.8999999761581421
train loss at step 630: 0.2527804970741272
train at step 640: 0.90625
train loss at step 640: 0.2611704468727112
train at step 650: 0.887499988079071
train loss at step 650: 0.3063114583492279
dev at step 650: 0.782608687877655
dev loss at step 650: 0.5078683495521545
tp: 11, tn: 7, fp: 4, fn: 1
accuracy: 0.782608695652174, precision: 0.7333333333333333, recall: 0.9166666666666666, F1: 0.8148148148148148
specificity: 0.6363636363636364, gmean: 0.7637626158259733, mcc: 0.580023075124402 

test at step 650: 0.8399999737739563
test loss at step 650: 0.37606558203697205
tp: 13, tn: 8, fp: 4, fn: 0
accuracy: 0.84, precision: 0.7647058823529411, recall: 1.0, F1: 0.8666666666666666
specificity: 0.6666666666666666, gmean: 0.816496580927726, mcc: 0.7140055472954167 

train at step 660: 0.893750011920929
train loss at step 660: 0.2575500011444092
train at step 670: 0.925000011920929
train loss at step 670: 0.18567736446857452
train at step 680: 0.918749988079071
train loss at step 680: 0.2420741617679596
train at step 690: 0.893750011920929
train loss at step 690: 0.24233365058898926
train at step 700: 0.918749988079071
train loss at step 700: 0.22061152756214142
dev at step 700: 0.782608687877655
dev loss at step 700: 0.6574845910072327
tp: 7, tn: 11, fp: 0, fn: 5
accuracy: 0.782608695652174, precision: 1.0, recall: 0.5833333333333334, F1: 0.7368421052631579
specificity: 1.0, gmean: 0.7637626158259734, mcc: 0.6332785063987777 

test at step 700: 0.8799999952316284
test loss at step 700: 0.36288148164749146
tp: 10, tn: 12, fp: 0, fn: 3
accuracy: 0.88, precision: 1.0, recall: 0.7692307692307693, F1: 0.8695652173913044
specificity: 1.0, gmean: 0.8770580193070292, mcc: 0.7844645405527362 

train at step 710: 0.918749988079071
train loss at step 710: 0.2067745178937912
train at step 720: 0.9437500238418579
train loss at step 720: 0.1891985386610031
train at step 730: 0.856249988079071
train loss at step 730: 0.29200196266174316
train at step 740: 0.8999999761581421
train loss at step 740: 0.2195402830839157
train at step 750: 0.925000011920929
train loss at step 750: 0.2216760814189911
dev at step 750: 0.8260869383811951
dev loss at step 750: 0.5289965271949768
tp: 9, tn: 10, fp: 1, fn: 3
accuracy: 0.8260869565217391, precision: 0.9, recall: 0.75, F1: 0.8181818181818182
specificity: 0.9090909090909091, gmean: 0.8257228238447705, mcc: 0.6641414880007994 

test at step 750: 0.8399999737739563
test loss at step 750: 0.3029900789260864
tp: 10, tn: 11, fp: 1, fn: 3
accuracy: 0.84, precision: 0.9090909090909091, recall: 0.7692307692307693, F1: 0.8333333333333333
specificity: 0.9166666666666666, gmean: 0.8397191227596316, mcc: 0.690336947848731 

train at step 760: 0.9750000238418579
train loss at step 760: 0.1777184009552002
train at step 770: 0.9312499761581421
train loss at step 770: 0.19211962819099426
train at step 780: 0.8687499761581421
train loss at step 780: 0.2833499312400818
train at step 790: 0.8687499761581421
train loss at step 790: 0.2827579975128174
train at step 800: 0.875
train loss at step 800: 0.21935486793518066
dev at step 800: 0.739130437374115
dev loss at step 800: 0.5442854166030884
tp: 11, tn: 6, fp: 5, fn: 1
accuracy: 0.7391304347826086, precision: 0.6875, recall: 0.9166666666666666, F1: 0.7857142857142857
specificity: 0.5454545454545454, gmean: 0.7071067811865475, mcc: 0.5016881674068239 

test at step 800: 0.7599999904632568
test loss at step 800: 0.462510883808136
tp: 13, tn: 6, fp: 6, fn: 0
accuracy: 0.76, precision: 0.6842105263157895, recall: 1.0, F1: 0.8125000000000001
specificity: 0.5, gmean: 0.7071067811865476, mcc: 0.5848976518656018 

train at step 810: 0.9375
train loss at step 810: 0.18739259243011475
train at step 820: 0.893750011920929
train loss at step 820: 0.24049349129199982
train at step 830: 0.949999988079071
train loss at step 830: 0.2089814841747284
train at step 840: 0.9312499761581421
train loss at step 840: 0.22097432613372803
train at step 850: 0.96875
train loss at step 850: 0.1561947762966156
dev at step 850: 0.8695651888847351
dev loss at step 850: 0.5023459792137146
tp: 10, tn: 10, fp: 1, fn: 2
accuracy: 0.8695652173913043, precision: 0.9090909090909091, recall: 0.8333333333333334, F1: 0.8695652173913043
specificity: 0.9090909090909091, gmean: 0.8703882797784892, mcc: 0.7424242424242424 

test at step 850: 0.800000011920929
test loss at step 850: 0.3327101469039917
tp: 11, tn: 9, fp: 3, fn: 2
accuracy: 0.8, precision: 0.7857142857142857, recall: 0.8461538461538461, F1: 0.8148148148148148
specificity: 0.75, gmean: 0.7966275068156915, mcc: 0.6000124873825419 

train at step 860: 0.956250011920929
train loss at step 860: 0.1534411460161209
train at step 870: 0.9312499761581421
train loss at step 870: 0.19591611623764038
train at step 880: 0.9312499761581421
train loss at step 880: 0.19700399041175842
train at step 890: 0.9375
train loss at step 890: 0.23282864689826965
train at step 900: 0.9750000238418579
train loss at step 900: 0.13887056708335876
dev at step 900: 0.8695651888847351
dev loss at step 900: 0.5499351024627686
tp: 9, tn: 11, fp: 0, fn: 3
accuracy: 0.8695652173913043, precision: 1.0, recall: 0.75, F1: 0.8571428571428571
specificity: 1.0, gmean: 0.8660254037844386, mcc: 0.7676494735787384 

test at step 900: 0.8399999737739563
test loss at step 900: 0.3126521408557892
tp: 10, tn: 11, fp: 1, fn: 3
accuracy: 0.84, precision: 0.9090909090909091, recall: 0.7692307692307693, F1: 0.8333333333333333
specificity: 0.9166666666666666, gmean: 0.8397191227596316, mcc: 0.690336947848731 

train at step 910: 0.925000011920929
train loss at step 910: 0.2068570852279663
train at step 920: 0.949999988079071
train loss at step 920: 0.17572562396526337
train at step 930: 0.918749988079071
train loss at step 930: 0.17490176856517792
train at step 940: 0.9125000238418579
train loss at step 940: 0.17096780240535736
train at step 950: 0.9375
train loss at step 950: 0.19919869303703308
dev at step 950: 0.8260869383811951
dev loss at step 950: 0.5355759859085083
tp: 9, tn: 10, fp: 1, fn: 3
accuracy: 0.8260869565217391, precision: 0.9, recall: 0.75, F1: 0.8181818181818182
specificity: 0.9090909090909091, gmean: 0.8257228238447705, mcc: 0.6641414880007994 

test at step 950: 0.800000011920929
test loss at step 950: 0.3188656270503998
tp: 10, tn: 10, fp: 2, fn: 3
accuracy: 0.8, precision: 0.8333333333333334, recall: 0.7692307692307693, F1: 0.8
specificity: 0.8333333333333334, gmean: 0.8006407690254357, mcc: 0.6025641025641025 

train at step 960: 0.90625
train loss at step 960: 0.2557432949542999
train at step 970: 0.9437500238418579
train loss at step 970: 0.154215469956398
train at step 980: 0.893750011920929
train loss at step 980: 0.21723365783691406
train at step 990: 0.9375
train loss at step 990: 0.2128414660692215
train at step 1000: 0.9375
train loss at step 1000: 0.16512222588062286
dev at step 1000: 0.8695651888847351
dev loss at step 1000: 0.5610812902450562
tp: 9, tn: 11, fp: 0, fn: 3
accuracy: 0.8695652173913043, precision: 1.0, recall: 0.75, F1: 0.8571428571428571
specificity: 1.0, gmean: 0.8660254037844386, mcc: 0.7676494735787384 

test at step 1000: 0.8399999737739563
test loss at step 1000: 0.2932133078575134
tp: 10, tn: 11, fp: 1, fn: 3
accuracy: 0.84, precision: 0.9090909090909091, recall: 0.7692307692307693, F1: 0.8333333333333333
specificity: 0.9166666666666666, gmean: 0.8397191227596316, mcc: 0.690336947848731 

train at step 1010: 0.956250011920929
train loss at step 1010: 0.1577073037624359
train at step 1020: 0.949999988079071
train loss at step 1020: 0.14573043584823608
train at step 1030: 0.949999988079071
train loss at step 1030: 0.14979809522628784
train at step 1040: 0.9375
train loss at step 1040: 0.21811993420124054
train at step 1050: 0.949999988079071
train loss at step 1050: 0.17174091935157776
dev at step 1050: 0.782608687877655
dev loss at step 1050: 0.5062125325202942
tp: 11, tn: 7, fp: 4, fn: 1
accuracy: 0.782608695652174, precision: 0.7333333333333333, recall: 0.9166666666666666, F1: 0.8148148148148148
specificity: 0.6363636363636364, gmean: 0.7637626158259733, mcc: 0.580023075124402 

test at step 1050: 0.7599999904632568
test loss at step 1050: 0.3729337453842163
tp: 11, tn: 8, fp: 4, fn: 2
accuracy: 0.76, precision: 0.7333333333333333, recall: 0.8461538461538461, F1: 0.7857142857142856
specificity: 0.6666666666666666, gmean: 0.7510676161988108, mcc: 0.5229763603684907 

train at step 1060: 0.9437500238418579
train loss at step 1060: 0.15763171017169952
train at step 1070: 0.9937499761581421
train loss at step 1070: 0.10279785096645355
train at step 1080: 0.956250011920929
train loss at step 1080: 0.15789732336997986
train at step 1090: 0.9624999761581421
train loss at step 1090: 0.1528683602809906
train at step 1100: 0.925000011920929
train loss at step 1100: 0.22726812958717346
dev at step 1100: 0.739130437374115
dev loss at step 1100: 0.5329093337059021
tp: 11, tn: 6, fp: 5, fn: 1
accuracy: 0.7391304347826086, precision: 0.6875, recall: 0.9166666666666666, F1: 0.7857142857142857
specificity: 0.5454545454545454, gmean: 0.7071067811865475, mcc: 0.5016881674068239 

test at step 1100: 0.8399999737739563
test loss at step 1100: 0.3758898973464966
tp: 13, tn: 8, fp: 4, fn: 0
accuracy: 0.84, precision: 0.7647058823529411, recall: 1.0, F1: 0.8666666666666666
specificity: 0.6666666666666666, gmean: 0.816496580927726, mcc: 0.7140055472954167 

train at step 1110: 0.96875
train loss at step 1110: 0.11835732311010361
train at step 1120: 0.981249988079071
train loss at step 1120: 0.10165544599294662
train at step 1130: 0.96875
train loss at step 1130: 0.12514165043830872
train at step 1140: 0.956250011920929
train loss at step 1140: 0.1529882848262787
train at step 1150: 0.9312499761581421
train loss at step 1150: 0.2283824235200882
dev at step 1150: 0.782608687877655
dev loss at step 1150: 0.6893662810325623
tp: 7, tn: 11, fp: 0, fn: 5
accuracy: 0.782608695652174, precision: 1.0, recall: 0.5833333333333334, F1: 0.7368421052631579
specificity: 1.0, gmean: 0.7637626158259734, mcc: 0.6332785063987777 

test at step 1150: 0.8399999737739563
test loss at step 1150: 0.32686954736709595
tp: 10, tn: 11, fp: 1, fn: 3
accuracy: 0.84, precision: 0.9090909090909091, recall: 0.7692307692307693, F1: 0.8333333333333333
specificity: 0.9166666666666666, gmean: 0.8397191227596316, mcc: 0.690336947848731 

train at step 1160: 0.96875
train loss at step 1160: 0.10412406921386719
train at step 1170: 0.9624999761581421
train loss at step 1170: 0.1195312887430191
train at step 1180: 0.90625
train loss at step 1180: 0.20523929595947266
train at step 1190: 0.949999988079071
train loss at step 1190: 0.146872416138649
train at step 1200: 0.9750000238418579
train loss at step 1200: 0.12733599543571472
dev at step 1200: 0.782608687877655
dev loss at step 1200: 0.6560888290405273
tp: 7, tn: 11, fp: 0, fn: 5
accuracy: 0.782608695652174, precision: 1.0, recall: 0.5833333333333334, F1: 0.7368421052631579
specificity: 1.0, gmean: 0.7637626158259734, mcc: 0.6332785063987777 

test at step 1200: 0.8399999737739563
test loss at step 1200: 0.3402109146118164
tp: 10, tn: 11, fp: 1, fn: 3
accuracy: 0.84, precision: 0.9090909090909091, recall: 0.7692307692307693, F1: 0.8333333333333333
specificity: 0.9166666666666666, gmean: 0.8397191227596316, mcc: 0.690336947848731 

train at step 1210: 0.9437500238418579
train loss at step 1210: 0.11436311155557632
train at step 1220: 0.90625
train loss at step 1220: 0.23342402279376984
train at step 1230: 0.925000011920929
train loss at step 1230: 0.20656566321849823
train at step 1240: 0.893750011920929
train loss at step 1240: 0.23098865151405334
train at step 1250: 0.956250011920929
train loss at step 1250: 0.11527280509471893
dev at step 1250: 0.6521739363670349
dev loss at step 1250: 1.0039470195770264
tp: 4, tn: 11, fp: 0, fn: 8
accuracy: 0.6521739130434783, precision: 1.0, recall: 0.3333333333333333, F1: 0.5
specificity: 1.0, gmean: 0.5773502691896257, mcc: 0.4392976851069794 

test at step 1250: 0.8799999952316284
test loss at step 1250: 0.4987589716911316
tp: 10, tn: 12, fp: 0, fn: 3
accuracy: 0.88, precision: 1.0, recall: 0.7692307692307693, F1: 0.8695652173913044
specificity: 1.0, gmean: 0.8770580193070292, mcc: 0.7844645405527362 

train at step 1260: 0.918749988079071
train loss at step 1260: 0.18241412937641144
train at step 1270: 0.956250011920929
train loss at step 1270: 0.12249080836772919
train at step 1280: 0.9750000238418579
train loss at step 1280: 0.12149889767169952
train at step 1290: 0.9437500238418579
train loss at step 1290: 0.17355984449386597
train at step 1300: 0.9437500238418579
train loss at step 1300: 0.12623721361160278
dev at step 1300: 0.782608687877655
dev loss at step 1300: 0.5823681950569153
tp: 10, tn: 8, fp: 3, fn: 2
accuracy: 0.782608695652174, precision: 0.7692307692307693, recall: 0.8333333333333334, F1: 0.8
specificity: 0.7272727272727273, gmean: 0.778498944161523, mcc: 0.5649019553110248 

test at step 1300: 0.7599999904632568
test loss at step 1300: 0.4153566360473633
tp: 11, tn: 8, fp: 4, fn: 2
accuracy: 0.76, precision: 0.7333333333333333, recall: 0.8461538461538461, F1: 0.7857142857142856
specificity: 0.6666666666666666, gmean: 0.7510676161988108, mcc: 0.5229763603684907 

train at step 1310: 0.9750000238418579
train loss at step 1310: 0.15278854966163635
train at step 1320: 0.956250011920929
train loss at step 1320: 0.13119977712631226
train at step 1330: 0.9312499761581421
train loss at step 1330: 0.16856840252876282
train at step 1340: 0.9375
train loss at step 1340: 0.1983489692211151
train at step 1350: 0.949999988079071
train loss at step 1350: 0.13122756779193878
dev at step 1350: 0.782608687877655
dev loss at step 1350: 0.702113151550293
tp: 7, tn: 11, fp: 0, fn: 5
accuracy: 0.782608695652174, precision: 1.0, recall: 0.5833333333333334, F1: 0.7368421052631579
specificity: 1.0, gmean: 0.7637626158259734, mcc: 0.6332785063987777 

test at step 1350: 0.8399999737739563
test loss at step 1350: 0.37903162837028503
tp: 10, tn: 11, fp: 1, fn: 3
accuracy: 0.84, precision: 0.9090909090909091, recall: 0.7692307692307693, F1: 0.8333333333333333
specificity: 0.9166666666666666, gmean: 0.8397191227596316, mcc: 0.690336947848731 

train at step 1360: 0.956250011920929
train loss at step 1360: 0.15294945240020752
train at step 1370: 0.9937499761581421
train loss at step 1370: 0.08318793028593063
train at step 1380: 0.956250011920929
train loss at step 1380: 0.12087737023830414
train at step 1390: 0.9125000238418579
train loss at step 1390: 0.16039393842220306
train at step 1400: 0.9125000238418579
train loss at step 1400: 0.18891693651676178
dev at step 1400: 0.739130437374115
dev loss at step 1400: 0.6823313236236572
tp: 11, tn: 6, fp: 5, fn: 1
accuracy: 0.7391304347826086, precision: 0.6875, recall: 0.9166666666666666, F1: 0.7857142857142857
specificity: 0.5454545454545454, gmean: 0.7071067811865475, mcc: 0.5016881674068239 

test at step 1400: 0.7599999904632568
test loss at step 1400: 0.46046918630599976
tp: 12, tn: 7, fp: 5, fn: 1
accuracy: 0.76, precision: 0.7058823529411765, recall: 0.9230769230769231, F1: 0.8000000000000002
specificity: 0.5833333333333334, gmean: 0.7337993857053429, mcc: 0.5423695984263261 

train at step 1410: 0.956250011920929
train loss at step 1410: 0.14259716868400574
train at step 1420: 0.956250011920929
train loss at step 1420: 0.10749810934066772
train at step 1430: 0.9750000238418579
train loss at step 1430: 0.1240539699792862
train at step 1440: 0.9750000238418579
train loss at step 1440: 0.11941204220056534
train at step 1450: 0.9437500238418579
train loss at step 1450: 0.1375504434108734
dev at step 1450: 0.8260869383811951
dev loss at step 1450: 0.6118550300598145
tp: 10, tn: 9, fp: 2, fn: 2
accuracy: 0.8260869565217391, precision: 0.8333333333333334, recall: 0.8333333333333334, F1: 0.8333333333333334
specificity: 0.8181818181818182, gmean: 0.8257228238447705, mcc: 0.6515151515151515 

test at step 1450: 0.800000011920929
test loss at step 1450: 0.34244605898857117
tp: 10, tn: 10, fp: 2, fn: 3
accuracy: 0.8, precision: 0.8333333333333334, recall: 0.7692307692307693, F1: 0.8
specificity: 0.8333333333333334, gmean: 0.8006407690254357, mcc: 0.6025641025641025 

train at step 1460: 0.875
train loss at step 1460: 0.24752263724803925
train at step 1470: 0.887499988079071
train loss at step 1470: 0.21965272724628448
train at step 1480: 0.96875
train loss at step 1480: 0.10890544950962067
train at step 1490: 0.90625
train loss at step 1490: 0.2032424658536911
train at step 1500: 0.90625
train loss at step 1500: 0.19784899055957794
dev at step 1500: 0.782608687877655
dev loss at step 1500: 0.9199330806732178
tp: 7, tn: 11, fp: 0, fn: 5
accuracy: 0.782608695652174, precision: 1.0, recall: 0.5833333333333334, F1: 0.7368421052631579
specificity: 1.0, gmean: 0.7637626158259734, mcc: 0.6332785063987777 

test at step 1500: 0.8799999952316284
test loss at step 1500: 0.4675699770450592
tp: 10, tn: 12, fp: 0, fn: 3
accuracy: 0.88, precision: 1.0, recall: 0.7692307692307693, F1: 0.8695652173913044
specificity: 1.0, gmean: 0.8770580193070292, mcc: 0.7844645405527362 

