train at step 10: 0.5687500238418579
train loss at step 10: 0.7611159682273865
train at step 20: 0.6187499761581421
train loss at step 20: 0.6915876865386963
train at step 30: 0.625
train loss at step 30: 0.6778238415718079
train at step 40: 0.637499988079071
train loss at step 40: 0.6083164215087891
train at step 50: 0.75
train loss at step 50: 0.5524882674217224
dev at step 50: 0.695652186870575
New best on dev at step 50: 0.695652186870575
dev loss at step 50: 0.519827663898468
tp: 7, tn: 9, fp: 2, fn: 5
accuracy: 0.6956521739130435, precision: 0.7777777777777778, recall: 0.5833333333333334, F1: 0.6666666666666666
specificity: 0.8181818181818182, gmean: 0.6908492797077574, mcc: 0.41096385959265797 

test at step 50: 0.6000000238418579
test loss at step 50: 0.641172468662262
tp: 7, tn: 8, fp: 4, fn: 6
accuracy: 0.6, precision: 0.6363636363636364, recall: 0.5384615384615384, F1: 0.5833333333333334
specificity: 0.6666666666666666, gmean: 0.599144689515278, mcc: 0.20645590963700367 

train at step 60: 0.75
train loss at step 60: 0.5310685634613037
train at step 70: 0.7749999761581421
train loss at step 70: 0.5141497254371643
train at step 80: 0.6625000238418579
train loss at step 80: 0.6526078581809998
train at step 90: 0.6812499761581421
train loss at step 90: 0.5393985509872437
train at step 100: 0.7749999761581421
train loss at step 100: 0.45426344871520996
dev at step 100: 0.739130437374115
New best on dev at step 100: 0.739130437374115
dev loss at step 100: 0.4662834405899048
tp: 9, tn: 8, fp: 3, fn: 3
accuracy: 0.7391304347826086, precision: 0.75, recall: 0.75, F1: 0.75
specificity: 0.7272727272727273, gmean: 0.7385489458759964, mcc: 0.4772727272727273 

test at step 100: 0.7599999904632568
test loss at step 100: 0.59694904088974
tp: 12, tn: 7, fp: 5, fn: 1
accuracy: 0.76, precision: 0.7058823529411765, recall: 0.9230769230769231, F1: 0.8000000000000002
specificity: 0.5833333333333334, gmean: 0.7337993857053429, mcc: 0.5423695984263261 

train at step 110: 0.762499988079071
train loss at step 110: 0.4733520448207855
train at step 120: 0.7124999761581421
train loss at step 120: 0.5357466340065002
train at step 130: 0.8125
train loss at step 130: 0.40251898765563965
train at step 140: 0.8062499761581421
train loss at step 140: 0.4082316756248474
train at step 150: 0.793749988079071
train loss at step 150: 0.406087726354599
dev at step 150: 0.8260869383811951
New best on dev at step 150: 0.8260869383811951
dev loss at step 150: 0.5743598937988281
tp: 9, tn: 10, fp: 1, fn: 3
accuracy: 0.8260869565217391, precision: 0.9, recall: 0.75, F1: 0.8181818181818182
specificity: 0.9090909090909091, gmean: 0.8257228238447705, mcc: 0.6641414880007994 

test at step 150: 0.6000000238418579
test loss at step 150: 0.6502931118011475
tp: 7, tn: 8, fp: 4, fn: 6
accuracy: 0.6, precision: 0.6363636363636364, recall: 0.5384615384615384, F1: 0.5833333333333334
specificity: 0.6666666666666666, gmean: 0.599144689515278, mcc: 0.20645590963700367 

train at step 160: 0.762499988079071
train loss at step 160: 0.4975208342075348
train at step 170: 0.7562500238418579
train loss at step 170: 0.45831841230392456
train at step 180: 0.8687499761581421
train loss at step 180: 0.36422792077064514
train at step 190: 0.8500000238418579
train loss at step 190: 0.34997278451919556
train at step 200: 0.737500011920929
train loss at step 200: 0.4867170751094818
dev at step 200: 0.6086956262588501
dev loss at step 200: 0.7515373229980469
tp: 3, tn: 11, fp: 0, fn: 9
accuracy: 0.6086956521739131, precision: 1.0, recall: 0.25, F1: 0.4
specificity: 1.0, gmean: 0.5, mcc: 0.37080992435478316 

test at step 200: 0.5600000023841858
test loss at step 200: 0.7276560068130493
tp: 2, tn: 12, fp: 0, fn: 11
accuracy: 0.56, precision: 1.0, recall: 0.15384615384615385, F1: 0.2666666666666667
specificity: 1.0, gmean: 0.3922322702763681, mcc: 0.2833152987899314 

train at step 210: 0.8062499761581421
train loss at step 210: 0.45579877495765686
train at step 220: 0.668749988079071
train loss at step 220: 0.5917311906814575
train at step 230: 0.7562500238418579
train loss at step 230: 0.5032126307487488
train at step 240: 0.875
train loss at step 240: 0.3220480978488922
train at step 250: 0.856249988079071
train loss at step 250: 0.3233957886695862
dev at step 250: 0.739130437374115
dev loss at step 250: 0.7679665088653564
tp: 6, tn: 11, fp: 0, fn: 6
accuracy: 0.7391304347826086, precision: 1.0, recall: 0.5, F1: 0.6666666666666666
specificity: 1.0, gmean: 0.7071067811865476, mcc: 0.5687964589945211 

test at step 250: 0.6399999856948853
test loss at step 250: 0.6557782888412476
tp: 4, tn: 12, fp: 0, fn: 9
accuracy: 0.64, precision: 1.0, recall: 0.3076923076923077, F1: 0.47058823529411764
specificity: 1.0, gmean: 0.5547001962252291, mcc: 0.4193139346887673 

train at step 260: 0.7749999761581421
train loss at step 260: 0.4363127648830414
train at step 270: 0.862500011920929
train loss at step 270: 0.34731870889663696
train at step 280: 0.9375
train loss at step 280: 0.27306070923805237
train at step 290: 0.831250011920929
train loss at step 290: 0.3763789236545563
train at step 300: 0.8687499761581421
train loss at step 300: 0.33581218123435974
dev at step 300: 0.782608687877655
dev loss at step 300: 0.6433668732643127
tp: 7, tn: 11, fp: 0, fn: 5
accuracy: 0.782608695652174, precision: 1.0, recall: 0.5833333333333334, F1: 0.7368421052631579
specificity: 1.0, gmean: 0.7637626158259734, mcc: 0.6332785063987777 

test at step 300: 0.7200000286102295
test loss at step 300: 0.6030287146568298
tp: 7, tn: 11, fp: 1, fn: 6
accuracy: 0.72, precision: 0.875, recall: 0.5384615384615384, F1: 0.6666666666666667
specificity: 0.9166666666666666, gmean: 0.7025594235292439, mcc: 0.48744609478821715 

train at step 310: 0.8500000238418579
train loss at step 310: 0.34842512011528015
train at step 320: 0.831250011920929
train loss at step 320: 0.33912521600723267
train at step 330: 0.84375
train loss at step 330: 0.34020841121673584
train at step 340: 0.84375
train loss at step 340: 0.35057273507118225
train at step 350: 0.856249988079071
train loss at step 350: 0.3436916172504425
dev at step 350: 0.8260869383811951
dev loss at step 350: 0.5093580484390259
tp: 9, tn: 10, fp: 1, fn: 3
accuracy: 0.8260869565217391, precision: 0.9, recall: 0.75, F1: 0.8181818181818182
specificity: 0.9090909090909091, gmean: 0.8257228238447705, mcc: 0.6641414880007994 

test at step 350: 0.8399999737739563
test loss at step 350: 0.49265256524086
tp: 12, tn: 9, fp: 3, fn: 1
accuracy: 0.84, precision: 0.8, recall: 0.9230769230769231, F1: 0.8571428571428571
specificity: 0.75, gmean: 0.8320502943378437, mcc: 0.6864064729836441 

train at step 360: 0.793749988079071
train loss at step 360: 0.4027590751647949
train at step 370: 0.875
train loss at step 370: 0.28901565074920654
train at step 380: 0.875
train loss at step 380: 0.29968100786209106
train at step 390: 0.831250011920929
train loss at step 390: 0.35943353176116943
train at step 400: 0.737500011920929
train loss at step 400: 0.4932716488838196
dev at step 400: 0.739130437374115
dev loss at step 400: 0.4643537700176239
tp: 9, tn: 8, fp: 3, fn: 3
accuracy: 0.7391304347826086, precision: 0.75, recall: 0.75, F1: 0.75
specificity: 0.7272727272727273, gmean: 0.7385489458759964, mcc: 0.4772727272727273 

test at step 400: 0.800000011920929
test loss at step 400: 0.4871503710746765
tp: 12, tn: 8, fp: 4, fn: 1
accuracy: 0.8, precision: 0.75, recall: 0.9230769230769231, F1: 0.8275862068965517
specificity: 0.6666666666666666, gmean: 0.7844645405527362, mcc: 0.6138245895861674 

train at step 410: 0.875
train loss at step 410: 0.2875880300998688
train at step 420: 0.893750011920929
train loss at step 420: 0.27421146631240845
train at step 430: 0.9125000238418579
train loss at step 430: 0.26062268018722534
train at step 440: 0.8999999761581421
train loss at step 440: 0.2618117332458496
train at step 450: 0.875
train loss at step 450: 0.2957462668418884
dev at step 450: 0.8260869383811951
dev loss at step 450: 0.6285977363586426
tp: 9, tn: 10, fp: 1, fn: 3
accuracy: 0.8260869565217391, precision: 0.9, recall: 0.75, F1: 0.8181818181818182
specificity: 0.9090909090909091, gmean: 0.8257228238447705, mcc: 0.6641414880007994 

test at step 450: 0.7599999904632568
test loss at step 450: 0.6572077870368958
tp: 9, tn: 10, fp: 2, fn: 4
accuracy: 0.76, precision: 0.8181818181818182, recall: 0.6923076923076923, F1: 0.7500000000000001
specificity: 0.8333333333333334, gmean: 0.75955452531275, mcc: 0.5290432684448219 

train at step 460: 0.918749988079071
train loss at step 460: 0.26342660188674927
train at step 470: 0.8687499761581421
train loss at step 470: 0.28394216299057007
train at step 480: 0.862500011920929
train loss at step 480: 0.29697200655937195
train at step 490: 0.918749988079071
train loss at step 490: 0.22214893996715546
train at step 500: 0.9312499761581421
train loss at step 500: 0.213224858045578
dev at step 500: 0.782608687877655
dev loss at step 500: 0.6505979299545288
tp: 7, tn: 11, fp: 0, fn: 5
accuracy: 0.782608695652174, precision: 1.0, recall: 0.5833333333333334, F1: 0.7368421052631579
specificity: 1.0, gmean: 0.7637626158259734, mcc: 0.6332785063987777 

test at step 500: 0.800000011920929
test loss at step 500: 0.5054696798324585
tp: 9, tn: 11, fp: 1, fn: 4
accuracy: 0.8, precision: 0.9, recall: 0.6923076923076923, F1: 0.7826086956521738
specificity: 0.9166666666666666, gmean: 0.7966275068156915, mcc: 0.6210344279375828 

train at step 510: 0.9125000238418579
train loss at step 510: 0.2387176752090454
train at step 520: 0.8812500238418579
train loss at step 520: 0.27312415838241577
train at step 530: 0.824999988079071
train loss at step 530: 0.35389867424964905
train at step 540: 0.768750011920929
train loss at step 540: 0.46585163474082947
train at step 550: 0.8812500238418579
train loss at step 550: 0.2784528136253357
dev at step 550: 0.8695651888847351
New best on dev at step 550: 0.8695651888847351
dev loss at step 550: 0.5780882239341736
tp: 9, tn: 11, fp: 0, fn: 3
accuracy: 0.8695652173913043, precision: 1.0, recall: 0.75, F1: 0.8571428571428571
specificity: 1.0, gmean: 0.8660254037844386, mcc: 0.7676494735787384 

test at step 550: 0.8399999737739563
test loss at step 550: 0.4413219690322876
tp: 10, tn: 11, fp: 1, fn: 3
accuracy: 0.84, precision: 0.9090909090909091, recall: 0.7692307692307693, F1: 0.8333333333333333
specificity: 0.9166666666666666, gmean: 0.8397191227596316, mcc: 0.690336947848731 

train at step 560: 0.8812500238418579
train loss at step 560: 0.2788904309272766
train at step 570: 0.9125000238418579
train loss at step 570: 0.26463955640792847
train at step 580: 0.949999988079071
train loss at step 580: 0.19882342219352722
train at step 590: 0.9312499761581421
train loss at step 590: 0.2011823207139969
train at step 600: 0.887499988079071
train loss at step 600: 0.24254930019378662
dev at step 600: 0.782608687877655
dev loss at step 600: 0.7215137481689453
tp: 7, tn: 11, fp: 0, fn: 5
accuracy: 0.782608695652174, precision: 1.0, recall: 0.5833333333333334, F1: 0.7368421052631579
specificity: 1.0, gmean: 0.7637626158259734, mcc: 0.6332785063987777 

test at step 600: 0.7599999904632568
test loss at step 600: 0.5742854475975037
tp: 8, tn: 11, fp: 1, fn: 5
accuracy: 0.76, precision: 0.8888888888888888, recall: 0.6153846153846154, F1: 0.7272727272727274
specificity: 0.9166666666666666, gmean: 0.7510676161988108, mcc: 0.5537765319092597 

train at step 610: 0.893750011920929
train loss at step 610: 0.24695615470409393
train at step 620: 0.893750011920929
train loss at step 620: 0.27067577838897705
train at step 630: 0.918749988079071
train loss at step 630: 0.22747603058815002
train at step 640: 0.856249988079071
train loss at step 640: 0.30374178290367126
train at step 650: 0.9375
train loss at step 650: 0.175635427236557
dev at step 650: 0.782608687877655
dev loss at step 650: 0.9214574694633484
tp: 7, tn: 11, fp: 0, fn: 5
accuracy: 0.782608695652174, precision: 1.0, recall: 0.5833333333333334, F1: 0.7368421052631579
specificity: 1.0, gmean: 0.7637626158259734, mcc: 0.6332785063987777 

test at step 650: 0.7200000286102295
test loss at step 650: 0.7602097392082214
tp: 6, tn: 12, fp: 0, fn: 7
accuracy: 0.72, precision: 1.0, recall: 0.46153846153846156, F1: 0.631578947368421
specificity: 1.0, gmean: 0.6793662204867574, mcc: 0.5399055247990171 

train at step 660: 0.8125
train loss at step 660: 0.3492344915866852
train at step 670: 0.9375
train loss at step 670: 0.19412434101104736
train at step 680: 0.949999988079071
train loss at step 680: 0.18373841047286987
train at step 690: 0.8999999761581421
train loss at step 690: 0.20967695116996765
train at step 700: 0.918749988079071
train loss at step 700: 0.19713158905506134
dev at step 700: 0.782608687877655
dev loss at step 700: 0.8677050471305847
tp: 7, tn: 11, fp: 0, fn: 5
accuracy: 0.782608695652174, precision: 1.0, recall: 0.5833333333333334, F1: 0.7368421052631579
specificity: 1.0, gmean: 0.7637626158259734, mcc: 0.6332785063987777 

test at step 700: 0.7599999904632568
test loss at step 700: 0.7301116585731506
tp: 7, tn: 12, fp: 0, fn: 6
accuracy: 0.76, precision: 1.0, recall: 0.5384615384615384, F1: 0.7000000000000001
specificity: 1.0, gmean: 0.7337993857053428, mcc: 0.5991446895152781 

train at step 710: 0.918749988079071
train loss at step 710: 0.22217705845832825
train at step 720: 0.90625
train loss at step 720: 0.21142356097698212
train at step 730: 0.9125000238418579
train loss at step 730: 0.2265486717224121
train at step 740: 0.856249988079071
train loss at step 740: 0.3244258761405945
train at step 750: 0.800000011920929
train loss at step 750: 0.4385480284690857
dev at step 750: 0.782608687877655
dev loss at step 750: 1.0649629831314087
tp: 7, tn: 11, fp: 0, fn: 5
accuracy: 0.782608695652174, precision: 1.0, recall: 0.5833333333333334, F1: 0.7368421052631579
specificity: 1.0, gmean: 0.7637626158259734, mcc: 0.6332785063987777 

test at step 750: 0.7200000286102295
test loss at step 750: 0.8889726400375366
tp: 6, tn: 12, fp: 0, fn: 7
accuracy: 0.72, precision: 1.0, recall: 0.46153846153846156, F1: 0.631578947368421
specificity: 1.0, gmean: 0.6793662204867574, mcc: 0.5399055247990171 

train at step 760: 0.8999999761581421
train loss at step 760: 0.23683948814868927
train at step 770: 0.9437500238418579
train loss at step 770: 0.1649750918149948
train at step 780: 0.9125000238418579
train loss at step 780: 0.20629124343395233
train at step 790: 0.9375
train loss at step 790: 0.16887103021144867
train at step 800: 0.9125000238418579
train loss at step 800: 0.20844855904579163
dev at step 800: 0.8260869383811951
dev loss at step 800: 0.6915221810340881
tp: 9, tn: 10, fp: 1, fn: 3
accuracy: 0.8260869565217391, precision: 0.9, recall: 0.75, F1: 0.8181818181818182
specificity: 0.9090909090909091, gmean: 0.8257228238447705, mcc: 0.6641414880007994 

test at step 800: 0.7599999904632568
test loss at step 800: 0.6467383503913879
tp: 11, tn: 8, fp: 4, fn: 2
accuracy: 0.76, precision: 0.7333333333333333, recall: 0.8461538461538461, F1: 0.7857142857142856
specificity: 0.6666666666666666, gmean: 0.7510676161988108, mcc: 0.5229763603684907 

train at step 810: 0.90625
train loss at step 810: 0.22967012226581573
train at step 820: 0.9312499761581421
train loss at step 820: 0.17612609267234802
train at step 830: 0.949999988079071
train loss at step 830: 0.15974567830562592
train at step 840: 0.9624999761581421
train loss at step 840: 0.1681741327047348
train at step 850: 0.8812500238418579
train loss at step 850: 0.24173367023468018
dev at step 850: 0.8695651888847351
dev loss at step 850: 0.700735867023468
tp: 9, tn: 11, fp: 0, fn: 3
accuracy: 0.8695652173913043, precision: 1.0, recall: 0.75, F1: 0.8571428571428571
specificity: 1.0, gmean: 0.8660254037844386, mcc: 0.7676494735787384 

test at step 850: 0.800000011920929
test loss at step 850: 0.5622696876525879
tp: 9, tn: 11, fp: 1, fn: 4
accuracy: 0.8, precision: 0.9, recall: 0.6923076923076923, F1: 0.7826086956521738
specificity: 0.9166666666666666, gmean: 0.7966275068156915, mcc: 0.6210344279375828 

train at step 860: 0.9312499761581421
train loss at step 860: 0.1644621342420578
train at step 870: 0.96875
train loss at step 870: 0.15380896627902985
train at step 880: 0.9624999761581421
train loss at step 880: 0.14554300904273987
train at step 890: 0.949999988079071
train loss at step 890: 0.17159678041934967
train at step 900: 0.9437500238418579
train loss at step 900: 0.17130492627620697
dev at step 900: 0.8260869383811951
dev loss at step 900: 0.8058674335479736
tp: 9, tn: 10, fp: 1, fn: 3
accuracy: 0.8260869565217391, precision: 0.9, recall: 0.75, F1: 0.8181818181818182
specificity: 0.9090909090909091, gmean: 0.8257228238447705, mcc: 0.6641414880007994 

test at step 900: 0.7200000286102295
test loss at step 900: 0.7552794218063354
tp: 9, tn: 9, fp: 3, fn: 4
accuracy: 0.72, precision: 0.75, recall: 0.6923076923076923, F1: 0.7199999999999999
specificity: 0.75, gmean: 0.7205766921228921, mcc: 0.4423076923076923 

train at step 910: 0.9624999761581421
train loss at step 910: 0.15475821495056152
train at step 920: 0.9312499761581421
train loss at step 920: 0.15240678191184998
train at step 930: 0.949999988079071
train loss at step 930: 0.16113725304603577
train at step 940: 0.96875
train loss at step 940: 0.11959822475910187
train at step 950: 0.9624999761581421
train loss at step 950: 0.12932419776916504
dev at step 950: 0.782608687877655
dev loss at step 950: 0.8262730240821838
tp: 7, tn: 11, fp: 0, fn: 5
accuracy: 0.782608695652174, precision: 1.0, recall: 0.5833333333333334, F1: 0.7368421052631579
specificity: 1.0, gmean: 0.7637626158259734, mcc: 0.6332785063987777 

test at step 950: 0.7599999904632568
test loss at step 950: 0.5743573904037476
tp: 8, tn: 11, fp: 1, fn: 5
accuracy: 0.76, precision: 0.8888888888888888, recall: 0.6153846153846154, F1: 0.7272727272727274
specificity: 0.9166666666666666, gmean: 0.7510676161988108, mcc: 0.5537765319092597 

train at step 960: 0.9437500238418579
train loss at step 960: 0.1643313467502594
train at step 970: 0.949999988079071
train loss at step 970: 0.1562347114086151
train at step 980: 0.9312499761581421
train loss at step 980: 0.16647474467754364
train at step 990: 0.9750000238418579
train loss at step 990: 0.10041757673025131
train at step 1000: 0.9624999761581421
train loss at step 1000: 0.13702139258384705
dev at step 1000: 0.782608687877655
dev loss at step 1000: 0.9729182124137878
tp: 7, tn: 11, fp: 0, fn: 5
accuracy: 0.782608695652174, precision: 1.0, recall: 0.5833333333333334, F1: 0.7368421052631579
specificity: 1.0, gmean: 0.7637626158259734, mcc: 0.6332785063987777 

test at step 1000: 0.800000011920929
test loss at step 1000: 0.7540149688720703
tp: 8, tn: 12, fp: 0, fn: 5
accuracy: 0.8, precision: 1.0, recall: 0.6153846153846154, F1: 0.761904761904762
specificity: 1.0, gmean: 0.7844645405527362, mcc: 0.6590820436573077 

train at step 1010: 0.9624999761581421
train loss at step 1010: 0.15680554509162903
train at step 1020: 0.9437500238418579
train loss at step 1020: 0.15783685445785522
train at step 1030: 0.96875
train loss at step 1030: 0.12736420333385468
train at step 1040: 0.981249988079071
train loss at step 1040: 0.0989898219704628
train at step 1050: 0.96875
train loss at step 1050: 0.1170930489897728
dev at step 1050: 0.782608687877655
dev loss at step 1050: 0.8137314915657043
tp: 9, tn: 9, fp: 2, fn: 3
accuracy: 0.782608695652174, precision: 0.8181818181818182, recall: 0.75, F1: 0.7826086956521738
specificity: 0.8181818181818182, gmean: 0.7833494518006403, mcc: 0.5681818181818182 

test at step 1050: 0.7599999904632568
test loss at step 1050: 0.617874801158905
tp: 10, tn: 9, fp: 3, fn: 3
accuracy: 0.76, precision: 0.7692307692307693, recall: 0.7692307692307693, F1: 0.7692307692307693
specificity: 0.75, gmean: 0.75955452531275, mcc: 0.5192307692307693 

train at step 1060: 0.9375
train loss at step 1060: 0.17058345675468445
train at step 1070: 0.925000011920929
train loss at step 1070: 0.16495637595653534
train at step 1080: 0.887499988079071
train loss at step 1080: 0.2341233789920807
train at step 1090: 0.887499988079071
train loss at step 1090: 0.24652643501758575
train at step 1100: 0.9624999761581421
train loss at step 1100: 0.10948743671178818
dev at step 1100: 0.782608687877655
dev loss at step 1100: 1.1699336767196655
tp: 7, tn: 11, fp: 0, fn: 5
accuracy: 0.782608695652174, precision: 1.0, recall: 0.5833333333333334, F1: 0.7368421052631579
specificity: 1.0, gmean: 0.7637626158259734, mcc: 0.6332785063987777 

test at step 1100: 0.7599999904632568
test loss at step 1100: 1.117997169494629
tp: 7, tn: 12, fp: 0, fn: 6
accuracy: 0.76, precision: 1.0, recall: 0.5384615384615384, F1: 0.7000000000000001
specificity: 1.0, gmean: 0.7337993857053428, mcc: 0.5991446895152781 

train at step 1110: 0.9375
train loss at step 1110: 0.1701960563659668
train at step 1120: 0.949999988079071
train loss at step 1120: 0.15743489563465118
train at step 1130: 0.9624999761581421
train loss at step 1130: 0.11933723837137222
train at step 1140: 0.96875
train loss at step 1140: 0.12256686389446259
train at step 1150: 0.9437500238418579
train loss at step 1150: 0.15108314156532288
dev at step 1150: 0.8260869383811951
dev loss at step 1150: 0.8009297847747803
tp: 9, tn: 10, fp: 1, fn: 3
accuracy: 0.8260869565217391, precision: 0.9, recall: 0.75, F1: 0.8181818181818182
specificity: 0.9090909090909091, gmean: 0.8257228238447705, mcc: 0.6641414880007994 

test at step 1150: 0.7599999904632568
test loss at step 1150: 0.5603265166282654
tp: 9, tn: 10, fp: 2, fn: 4
accuracy: 0.76, precision: 0.8181818181818182, recall: 0.6923076923076923, F1: 0.7500000000000001
specificity: 0.8333333333333334, gmean: 0.75955452531275, mcc: 0.5290432684448219 

train at step 1160: 0.949999988079071
train loss at step 1160: 0.13577906787395477
train at step 1170: 0.956250011920929
train loss at step 1170: 0.11510396003723145
train at step 1180: 0.987500011920929
train loss at step 1180: 0.08336709439754486
train at step 1190: 0.96875
train loss at step 1190: 0.09851865470409393
train at step 1200: 0.949999988079071
train loss at step 1200: 0.1335912048816681
dev at step 1200: 0.782608687877655
dev loss at step 1200: 0.8183190226554871
tp: 9, tn: 9, fp: 2, fn: 3
accuracy: 0.782608695652174, precision: 0.8181818181818182, recall: 0.75, F1: 0.7826086956521738
specificity: 0.8181818181818182, gmean: 0.7833494518006403, mcc: 0.5681818181818182 

test at step 1200: 0.7599999904632568
test loss at step 1200: 0.664667546749115
tp: 10, tn: 9, fp: 3, fn: 3
accuracy: 0.76, precision: 0.7692307692307693, recall: 0.7692307692307693, F1: 0.7692307692307693
specificity: 0.75, gmean: 0.75955452531275, mcc: 0.5192307692307693 

train at step 1210: 0.9375
train loss at step 1210: 0.15285569429397583
train at step 1220: 0.9375
train loss at step 1220: 0.1515444815158844
train at step 1230: 0.8812500238418579
train loss at step 1230: 0.21205663681030273
train at step 1240: 0.918749988079071
train loss at step 1240: 0.16681693494319916
train at step 1250: 0.9125000238418579
train loss at step 1250: 0.1870960295200348
dev at step 1250: 0.8260869383811951
dev loss at step 1250: 0.8839817047119141
tp: 9, tn: 10, fp: 1, fn: 3
accuracy: 0.8260869565217391, precision: 0.9, recall: 0.75, F1: 0.8181818181818182
specificity: 0.9090909090909091, gmean: 0.8257228238447705, mcc: 0.6641414880007994 

test at step 1250: 0.7200000286102295
test loss at step 1250: 0.8744200468063354
tp: 9, tn: 9, fp: 3, fn: 4
accuracy: 0.72, precision: 0.75, recall: 0.6923076923076923, F1: 0.7199999999999999
specificity: 0.75, gmean: 0.7205766921228921, mcc: 0.4423076923076923 

train at step 1260: 0.949999988079071
train loss at step 1260: 0.11540142446756363
train at step 1270: 0.8999999761581421
train loss at step 1270: 0.22583365440368652
train at step 1280: 0.9624999761581421
train loss at step 1280: 0.12766048312187195
train at step 1290: 0.9624999761581421
train loss at step 1290: 0.10799441486597061
train at step 1300: 0.956250011920929
train loss at step 1300: 0.1291324347257614
dev at step 1300: 0.8260869383811951
dev loss at step 1300: 1.0206655263900757
tp: 9, tn: 10, fp: 1, fn: 3
accuracy: 0.8260869565217391, precision: 0.9, recall: 0.75, F1: 0.8181818181818182
specificity: 0.9090909090909091, gmean: 0.8257228238447705, mcc: 0.6641414880007994 

test at step 1300: 0.7200000286102295
test loss at step 1300: 0.9105314016342163
tp: 8, tn: 10, fp: 2, fn: 5
accuracy: 0.72, precision: 0.8, recall: 0.6153846153846154, F1: 0.6956521739130435
specificity: 0.8333333333333334, gmean: 0.716114874039433, mcc: 0.4576043153224294 

train at step 1310: 0.96875
train loss at step 1310: 0.11487866938114166
train at step 1320: 0.9375
train loss at step 1320: 0.14626112580299377
train at step 1330: 0.9750000238418579
train loss at step 1330: 0.10973402112722397
train at step 1340: 0.925000011920929
train loss at step 1340: 0.17403963208198547
train at step 1350: 0.9125000238418579
train loss at step 1350: 0.1898910254240036
dev at step 1350: 0.782608687877655
dev loss at step 1350: 1.259963035583496
tp: 7, tn: 11, fp: 0, fn: 5
accuracy: 0.782608695652174, precision: 1.0, recall: 0.5833333333333334, F1: 0.7368421052631579
specificity: 1.0, gmean: 0.7637626158259734, mcc: 0.6332785063987777 

test at step 1350: 0.7200000286102295
test loss at step 1350: 0.9736533761024475
tp: 6, tn: 12, fp: 0, fn: 7
accuracy: 0.72, precision: 1.0, recall: 0.46153846153846156, F1: 0.631578947368421
specificity: 1.0, gmean: 0.6793662204867574, mcc: 0.5399055247990171 

train at step 1360: 0.9750000238418579
train loss at step 1360: 0.10230366885662079
train at step 1370: 0.9375
train loss at step 1370: 0.18185767531394958
train at step 1380: 0.956250011920929
train loss at step 1380: 0.10954581201076508
train at step 1390: 0.956250011920929
train loss at step 1390: 0.11060059070587158
train at step 1400: 0.987500011920929
train loss at step 1400: 0.08301986753940582
dev at step 1400: 0.8260869383811951
dev loss at step 1400: 1.164412260055542
tp: 8, tn: 11, fp: 0, fn: 4
accuracy: 0.8260869565217391, precision: 1.0, recall: 0.6666666666666666, F1: 0.8
specificity: 1.0, gmean: 0.816496580927726, mcc: 0.699205898780101 

test at step 1400: 0.7599999904632568
test loss at step 1400: 0.9663047194480896
tp: 7, tn: 12, fp: 0, fn: 6
accuracy: 0.76, precision: 1.0, recall: 0.5384615384615384, F1: 0.7000000000000001
specificity: 1.0, gmean: 0.7337993857053428, mcc: 0.5991446895152781 

train at step 1410: 0.981249988079071
train loss at step 1410: 0.09726495295763016
train at step 1420: 0.9624999761581421
train loss at step 1420: 0.10056307166814804
train at step 1430: 0.925000011920929
train loss at step 1430: 0.16545069217681885
train at step 1440: 0.981249988079071
train loss at step 1440: 0.0737975463271141
train at step 1450: 0.9375
train loss at step 1450: 0.1523790955543518
dev at step 1450: 0.782608687877655
dev loss at step 1450: 1.4260140657424927
tp: 7, tn: 11, fp: 0, fn: 5
accuracy: 0.782608695652174, precision: 1.0, recall: 0.5833333333333334, F1: 0.7368421052631579
specificity: 1.0, gmean: 0.7637626158259734, mcc: 0.6332785063987777 

test at step 1450: 0.7200000286102295
test loss at step 1450: 1.2163344621658325
tp: 6, tn: 12, fp: 0, fn: 7
accuracy: 0.72, precision: 1.0, recall: 0.46153846153846156, F1: 0.631578947368421
specificity: 1.0, gmean: 0.6793662204867574, mcc: 0.5399055247990171 

train at step 1460: 0.9624999761581421
train loss at step 1460: 0.11154059320688248
train at step 1470: 0.9125000238418579
train loss at step 1470: 0.17453360557556152
train at step 1480: 0.887499988079071
train loss at step 1480: 0.19208088517189026
train at step 1490: 0.96875
train loss at step 1490: 0.08119064569473267
train at step 1500: 0.987500011920929
train loss at step 1500: 0.06577131897211075
dev at step 1500: 0.8260869383811951
dev loss at step 1500: 1.1036653518676758
tp: 9, tn: 10, fp: 1, fn: 3
accuracy: 0.8260869565217391, precision: 0.9, recall: 0.75, F1: 0.8181818181818182
specificity: 0.9090909090909091, gmean: 0.8257228238447705, mcc: 0.6641414880007994 

test at step 1500: 0.7200000286102295
test loss at step 1500: 0.8412095308303833
tp: 8, tn: 10, fp: 2, fn: 5
accuracy: 0.72, precision: 0.8, recall: 0.6153846153846154, F1: 0.6956521739130435
specificity: 0.8333333333333334, gmean: 0.716114874039433, mcc: 0.4576043153224294 

