train at step 10: 0.5062500238418579
train loss at step 10: 0.7763105034828186
train at step 20: 0.48124998807907104
train loss at step 20: 0.7264548540115356
train at step 30: 0.581250011920929
train loss at step 30: 0.7063549160957336
train at step 40: 0.6499999761581421
train loss at step 40: 0.624857485294342
train at step 50: 0.65625
train loss at step 50: 0.6513906717300415
dev at step 50: 0.6521739363670349
New best on dev at step 50: 0.6521739363670349
dev loss at step 50: 0.5847545266151428
tp: 11, tn: 4, fp: 7, fn: 1
accuracy: 0.6521739130434783, precision: 0.6111111111111112, recall: 0.9166666666666666, F1: 0.7333333333333334
specificity: 0.36363636363636365, gmean: 0.5773502691896257, mcc: 0.3394638275806278 

test at step 50: 0.6800000071525574
test loss at step 50: 0.8085671663284302
tp: 13, tn: 4, fp: 8, fn: 0
accuracy: 0.68, precision: 0.6190476190476191, recall: 1.0, F1: 0.7647058823529412
specificity: 0.3333333333333333, gmean: 0.5773502691896257, mcc: 0.45425676257949793 

train at step 60: 0.6499999761581421
train loss at step 60: 0.6334491968154907
train at step 70: 0.6312500238418579
train loss at step 70: 0.7211959958076477
train at step 80: 0.5375000238418579
train loss at step 80: 0.8990311622619629
train at step 90: 0.606249988079071
train loss at step 90: 0.6586626768112183
train at step 100: 0.675000011920929
train loss at step 100: 0.5836600065231323
dev at step 100: 0.739130437374115
New best on dev at step 100: 0.739130437374115
dev loss at step 100: 0.4631657898426056
tp: 10, tn: 7, fp: 4, fn: 2
accuracy: 0.7391304347826086, precision: 0.7142857142857143, recall: 0.8333333333333334, F1: 0.7692307692307692
specificity: 0.6363636363636364, gmean: 0.7282190812544191, mcc: 0.4807501753725433 

test at step 100: 0.7599999904632568
test loss at step 100: 0.5899757146835327
tp: 12, tn: 7, fp: 5, fn: 1
accuracy: 0.76, precision: 0.7058823529411765, recall: 0.9230769230769231, F1: 0.8000000000000002
specificity: 0.5833333333333334, gmean: 0.7337993857053429, mcc: 0.5423695984263261 

train at step 110: 0.6937500238418579
train loss at step 110: 0.5683003664016724
train at step 120: 0.65625
train loss at step 120: 0.62413489818573
train at step 130: 0.6625000238418579
train loss at step 130: 0.5876205563545227
train at step 140: 0.6937500238418579
train loss at step 140: 0.6733748316764832
train at step 150: 0.6499999761581421
train loss at step 150: 0.5979602932929993
dev at step 150: 0.695652186870575
dev loss at step 150: 0.5985501408576965
tp: 12, tn: 4, fp: 7, fn: 0
accuracy: 0.6956521739130435, precision: 0.631578947368421, recall: 1.0, F1: 0.7741935483870968
specificity: 0.36363636363636365, gmean: 0.6030226891555273, mcc: 0.479233838298523 

test at step 150: 0.6800000071525574
test loss at step 150: 0.7665070295333862
tp: 13, tn: 4, fp: 8, fn: 0
accuracy: 0.68, precision: 0.6190476190476191, recall: 1.0, F1: 0.7647058823529412
specificity: 0.3333333333333333, gmean: 0.5773502691896257, mcc: 0.45425676257949793 

train at step 160: 0.6312500238418579
train loss at step 160: 0.6491265892982483
train at step 170: 0.7437499761581421
train loss at step 170: 0.5314237475395203
train at step 180: 0.71875
train loss at step 180: 0.5516971349716187
train at step 190: 0.737500011920929
train loss at step 190: 0.5127130150794983
train at step 200: 0.7437499761581421
train loss at step 200: 0.5180601477622986
dev at step 200: 0.8695651888847351
New best on dev at step 200: 0.8695651888847351
dev loss at step 200: 0.39877474308013916
tp: 10, tn: 10, fp: 1, fn: 2
accuracy: 0.8695652173913043, precision: 0.9090909090909091, recall: 0.8333333333333334, F1: 0.8695652173913043
specificity: 0.9090909090909091, gmean: 0.8703882797784892, mcc: 0.7424242424242424 

test at step 200: 0.7200000286102295
test loss at step 200: 0.4830629527568817
tp: 9, tn: 9, fp: 3, fn: 4
accuracy: 0.72, precision: 0.75, recall: 0.6923076923076923, F1: 0.7199999999999999
specificity: 0.75, gmean: 0.7205766921228921, mcc: 0.4423076923076923 

train at step 210: 0.675000011920929
train loss at step 210: 0.575951874256134
train at step 220: 0.7562500238418579
train loss at step 220: 0.5149044394493103
train at step 230: 0.7437499761581421
train loss at step 230: 0.481635719537735
train at step 240: 0.71875
train loss at step 240: 0.5256999135017395
train at step 250: 0.7875000238418579
train loss at step 250: 0.5036838054656982
dev at step 250: 0.8260869383811951
dev loss at step 250: 0.39698150753974915
tp: 10, tn: 9, fp: 2, fn: 2
accuracy: 0.8260869565217391, precision: 0.8333333333333334, recall: 0.8333333333333334, F1: 0.8333333333333334
specificity: 0.8181818181818182, gmean: 0.8257228238447705, mcc: 0.6515151515151515 

test at step 250: 0.7200000286102295
test loss at step 250: 0.5406664609909058
tp: 11, tn: 7, fp: 5, fn: 2
accuracy: 0.72, precision: 0.6875, recall: 0.8461538461538461, F1: 0.7586206896551724
specificity: 0.5833333333333334, gmean: 0.7025594235292439, mcc: 0.44702442937253495 

train at step 260: 0.762499988079071
train loss at step 260: 0.4907976984977722
train at step 270: 0.800000011920929
train loss at step 270: 0.4524472653865814
train at step 280: 0.7250000238418579
train loss at step 280: 0.5226966142654419
train at step 290: 0.78125
train loss at step 290: 0.49304336309432983
train at step 300: 0.7124999761581421
train loss at step 300: 0.5276685953140259
dev at step 300: 0.782608687877655
dev loss at step 300: 0.4079444408416748
tp: 11, tn: 7, fp: 4, fn: 1
accuracy: 0.782608695652174, precision: 0.7333333333333333, recall: 0.9166666666666666, F1: 0.8148148148148148
specificity: 0.6363636363636364, gmean: 0.7637626158259733, mcc: 0.580023075124402 

test at step 300: 0.8399999737739563
test loss at step 300: 0.5068607330322266
tp: 13, tn: 8, fp: 4, fn: 0
accuracy: 0.84, precision: 0.7647058823529411, recall: 1.0, F1: 0.8666666666666666
specificity: 0.6666666666666666, gmean: 0.816496580927726, mcc: 0.7140055472954167 

train at step 310: 0.7562500238418579
train loss at step 310: 0.4936452805995941
train at step 320: 0.731249988079071
train loss at step 320: 0.5186738967895508
train at step 330: 0.731249988079071
train loss at step 330: 0.5315862894058228
train at step 340: 0.75
train loss at step 340: 0.4798264503479004
train at step 350: 0.731249988079071
train loss at step 350: 0.5219823122024536
dev at step 350: 0.6086956262588501
dev loss at step 350: 0.7022942900657654
tp: 12, tn: 2, fp: 9, fn: 0
accuracy: 0.6086956521739131, precision: 0.5714285714285714, recall: 1.0, F1: 0.7272727272727273
specificity: 0.18181818181818182, gmean: 0.4264014327112209, mcc: 0.3223291856101521 

test at step 350: 0.5600000023841858
test loss at step 350: 0.9226250052452087
tp: 13, tn: 1, fp: 11, fn: 0
accuracy: 0.56, precision: 0.5416666666666666, recall: 1.0, F1: 0.7027027027027027
specificity: 0.08333333333333333, gmean: 0.28867513459481287, mcc: 0.21245914639969934 

train at step 360: 0.737500011920929
train loss at step 360: 0.4904802739620209
train at step 370: 0.8062499761581421
train loss at step 370: 0.45362749695777893
train at step 380: 0.7250000238418579
train loss at step 380: 0.5166813135147095
train at step 390: 0.78125
train loss at step 390: 0.45880693197250366
train at step 400: 0.75
train loss at step 400: 0.5188456773757935
dev at step 400: 0.6086956262588501
dev loss at step 400: 0.666957676410675
tp: 11, tn: 3, fp: 8, fn: 1
accuracy: 0.6086956521739131, precision: 0.5789473684210527, recall: 0.9166666666666666, F1: 0.7096774193548387
specificity: 0.2727272727272727, gmean: 0.49999999999999994, mcc: 0.24960095744714741 

test at step 400: 0.6399999856948853
test loss at step 400: 0.9335175156593323
tp: 12, tn: 4, fp: 8, fn: 1
accuracy: 0.64, precision: 0.6, recall: 0.9230769230769231, F1: 0.7272727272727274
specificity: 0.3333333333333333, gmean: 0.5547001962252291, mcc: 0.32025630761017426 

train at step 410: 0.78125
train loss at step 410: 0.47180095314979553
train at step 420: 0.7749999761581421
train loss at step 420: 0.441356360912323
train at step 430: 0.7875000238418579
train loss at step 430: 0.45182451605796814
train at step 440: 0.800000011920929
train loss at step 440: 0.4414890706539154
train at step 450: 0.824999988079071
train loss at step 450: 0.43045681715011597
dev at step 450: 0.695652186870575
dev loss at step 450: 0.4607129991054535
tp: 10, tn: 6, fp: 5, fn: 2
accuracy: 0.6956521739130435, precision: 0.6666666666666666, recall: 0.8333333333333334, F1: 0.7407407407407408
specificity: 0.5454545454545454, gmean: 0.674199862463242, mcc: 0.39727607885233013 

test at step 450: 0.7200000286102295
test loss at step 450: 0.623444676399231
tp: 12, tn: 6, fp: 6, fn: 1
accuracy: 0.72, precision: 0.6666666666666666, recall: 0.9230769230769231, F1: 0.7741935483870968
specificity: 0.5, gmean: 0.6793662204867574, mcc: 0.4707565417620042 

train at step 460: 0.8125
train loss at step 460: 0.43143129348754883
train at step 470: 0.7875000238418579
train loss at step 470: 0.4628540575504303
train at step 480: 0.71875
train loss at step 480: 0.5165303349494934
train at step 490: 0.7562500238418579
train loss at step 490: 0.48658472299575806
train at step 500: 0.625
train loss at step 500: 0.6800568699836731
dev at step 500: 0.782608687877655
dev loss at step 500: 0.5965889692306519
tp: 7, tn: 11, fp: 0, fn: 5
accuracy: 0.782608695652174, precision: 1.0, recall: 0.5833333333333334, F1: 0.7368421052631579
specificity: 1.0, gmean: 0.7637626158259734, mcc: 0.6332785063987777 

test at step 500: 0.6000000238418579
test loss at step 500: 0.6223393082618713
tp: 4, tn: 11, fp: 1, fn: 9
accuracy: 0.6, precision: 0.8, recall: 0.3076923076923077, F1: 0.4444444444444444
specificity: 0.9166666666666666, gmean: 0.5310850045437944, mcc: 0.2802242691589025 

train at step 510: 0.7437499761581421
train loss at step 510: 0.5186905860900879
train at step 520: 0.8125
train loss at step 520: 0.4231494963169098
train at step 530: 0.78125
train loss at step 530: 0.4557531476020813
train at step 540: 0.699999988079071
train loss at step 540: 0.5349745750427246
train at step 550: 0.7437499761581421
train loss at step 550: 0.4709226191043854
dev at step 550: 0.9130434989929199
New best on dev at step 550: 0.9130434989929199
dev loss at step 550: 0.417311429977417
tp: 10, tn: 11, fp: 0, fn: 2
accuracy: 0.9130434782608695, precision: 1.0, recall: 0.8333333333333334, F1: 0.9090909090909091
specificity: 1.0, gmean: 0.9128709291752769, mcc: 0.8397191227596315 

test at step 550: 0.8399999737739563
test loss at step 550: 0.4269838333129883
tp: 11, tn: 10, fp: 2, fn: 2
accuracy: 0.84, precision: 0.8461538461538461, recall: 0.8461538461538461, F1: 0.8461538461538461
specificity: 0.8333333333333334, gmean: 0.8397191227596316, mcc: 0.6794871794871795 

train at step 560: 0.7749999761581421
train loss at step 560: 0.4577940106391907
train at step 570: 0.768750011920929
train loss at step 570: 0.4729181230068207
train at step 580: 0.8062499761581421
train loss at step 580: 0.4017697870731354
train at step 590: 0.7875000238418579
train loss at step 590: 0.4505452513694763
train at step 600: 0.831250011920929
train loss at step 600: 0.37169355154037476
dev at step 600: 0.782608687877655
dev loss at step 600: 0.4135388433933258
tp: 10, tn: 8, fp: 3, fn: 2
accuracy: 0.782608695652174, precision: 0.7692307692307693, recall: 0.8333333333333334, F1: 0.8
specificity: 0.7272727272727273, gmean: 0.778498944161523, mcc: 0.5649019553110248 

test at step 600: 0.8399999737739563
test loss at step 600: 0.3959434926509857
tp: 13, tn: 8, fp: 4, fn: 0
accuracy: 0.84, precision: 0.7647058823529411, recall: 1.0, F1: 0.8666666666666666
specificity: 0.6666666666666666, gmean: 0.816496580927726, mcc: 0.7140055472954167 

train at step 610: 0.737500011920929
train loss at step 610: 0.5245375037193298
train at step 620: 0.831250011920929
train loss at step 620: 0.34923332929611206
train at step 630: 0.7562500238418579
train loss at step 630: 0.43053874373435974
train at step 640: 0.8125
train loss at step 640: 0.4107941687107086
train at step 650: 0.8500000238418579
train loss at step 650: 0.37064069509506226
dev at step 650: 0.8260869383811951
dev loss at step 650: 0.3975442945957184
tp: 10, tn: 9, fp: 2, fn: 2
accuracy: 0.8260869565217391, precision: 0.8333333333333334, recall: 0.8333333333333334, F1: 0.8333333333333334
specificity: 0.8181818181818182, gmean: 0.8257228238447705, mcc: 0.6515151515151515 

test at step 650: 0.800000011920929
test loss at step 650: 0.44790852069854736
tp: 12, tn: 8, fp: 4, fn: 1
accuracy: 0.8, precision: 0.75, recall: 0.9230769230769231, F1: 0.8275862068965517
specificity: 0.6666666666666666, gmean: 0.7844645405527362, mcc: 0.6138245895861674 

train at step 660: 0.8125
train loss at step 660: 0.3913644254207611
train at step 670: 0.84375
train loss at step 670: 0.34831419587135315
train at step 680: 0.78125
train loss at step 680: 0.445015013217926
train at step 690: 0.78125
train loss at step 690: 0.44263988733291626
train at step 700: 0.856249988079071
train loss at step 700: 0.3869008421897888
dev at step 700: 0.782608687877655
dev loss at step 700: 0.41298386454582214
tp: 10, tn: 8, fp: 3, fn: 2
accuracy: 0.782608695652174, precision: 0.7692307692307693, recall: 0.8333333333333334, F1: 0.8
specificity: 0.7272727272727273, gmean: 0.778498944161523, mcc: 0.5649019553110248 

test at step 700: 0.800000011920929
test loss at step 700: 0.46643659472465515
tp: 12, tn: 8, fp: 4, fn: 1
accuracy: 0.8, precision: 0.75, recall: 0.9230769230769231, F1: 0.8275862068965517
specificity: 0.6666666666666666, gmean: 0.7844645405527362, mcc: 0.6138245895861674 

train at step 710: 0.7749999761581421
train loss at step 710: 0.39887097477912903
train at step 720: 0.8500000238418579
train loss at step 720: 0.3513919711112976
train at step 730: 0.7875000238418579
train loss at step 730: 0.3992408812046051
train at step 740: 0.8374999761581421
train loss at step 740: 0.3796265125274658
train at step 750: 0.824999988079071
train loss at step 750: 0.3788149356842041
dev at step 750: 0.739130437374115
dev loss at step 750: 0.49282774329185486
tp: 10, tn: 7, fp: 4, fn: 2
accuracy: 0.7391304347826086, precision: 0.7142857142857143, recall: 0.8333333333333334, F1: 0.7692307692307692
specificity: 0.6363636363636364, gmean: 0.7282190812544191, mcc: 0.4807501753725433 

test at step 750: 0.7599999904632568
test loss at step 750: 0.6132497787475586
tp: 12, tn: 7, fp: 5, fn: 1
accuracy: 0.76, precision: 0.7058823529411765, recall: 0.9230769230769231, F1: 0.8000000000000002
specificity: 0.5833333333333334, gmean: 0.7337993857053429, mcc: 0.5423695984263261 

train at step 760: 0.84375
train loss at step 760: 0.34913134574890137
train at step 770: 0.875
train loss at step 770: 0.34476742148399353
train at step 780: 0.8062499761581421
train loss at step 780: 0.4271901547908783
train at step 790: 0.8999999761581421
train loss at step 790: 0.31664779782295227
train at step 800: 0.8187500238418579
train loss at step 800: 0.3949088454246521
dev at step 800: 0.739130437374115
dev loss at step 800: 0.4716651141643524
tp: 10, tn: 7, fp: 4, fn: 2
accuracy: 0.7391304347826086, precision: 0.7142857142857143, recall: 0.8333333333333334, F1: 0.7692307692307692
specificity: 0.6363636363636364, gmean: 0.7282190812544191, mcc: 0.4807501753725433 

test at step 800: 0.800000011920929
test loss at step 800: 0.6278727650642395
tp: 12, tn: 8, fp: 4, fn: 1
accuracy: 0.8, precision: 0.75, recall: 0.9230769230769231, F1: 0.8275862068965517
specificity: 0.6666666666666666, gmean: 0.7844645405527362, mcc: 0.6138245895861674 

train at step 810: 0.862500011920929
train loss at step 810: 0.31524577736854553
train at step 820: 0.8500000238418579
train loss at step 820: 0.33949846029281616
train at step 830: 0.8125
train loss at step 830: 0.42223215103149414
train at step 840: 0.8999999761581421
train loss at step 840: 0.30067986249923706
train at step 850: 0.8062499761581421
train loss at step 850: 0.4260950982570648
dev at step 850: 0.6521739363670349
dev loss at step 850: 0.6255434155464172
tp: 11, tn: 4, fp: 7, fn: 1
accuracy: 0.6521739130434783, precision: 0.6111111111111112, recall: 0.9166666666666666, F1: 0.7333333333333334
specificity: 0.36363636363636365, gmean: 0.5773502691896257, mcc: 0.3394638275806278 

test at step 850: 0.6399999856948853
test loss at step 850: 0.8674346208572388
tp: 12, tn: 4, fp: 8, fn: 1
accuracy: 0.64, precision: 0.6, recall: 0.9230769230769231, F1: 0.7272727272727274
specificity: 0.3333333333333333, gmean: 0.5547001962252291, mcc: 0.32025630761017426 

train at step 860: 0.862500011920929
train loss at step 860: 0.2984452247619629
train at step 870: 0.8374999761581421
train loss at step 870: 0.39136454463005066
train at step 880: 0.84375
train loss at step 880: 0.353920042514801
train at step 890: 0.8125
train loss at step 890: 0.392060786485672
train at step 900: 0.8374999761581421
train loss at step 900: 0.343872606754303
dev at step 900: 0.739130437374115
dev loss at step 900: 0.4764608144760132
tp: 10, tn: 7, fp: 4, fn: 2
accuracy: 0.7391304347826086, precision: 0.7142857142857143, recall: 0.8333333333333334, F1: 0.7692307692307692
specificity: 0.6363636363636364, gmean: 0.7282190812544191, mcc: 0.4807501753725433 

test at step 900: 0.8399999737739563
test loss at step 900: 0.5491295456886292
tp: 13, tn: 8, fp: 4, fn: 0
accuracy: 0.84, precision: 0.7647058823529411, recall: 1.0, F1: 0.8666666666666666
specificity: 0.6666666666666666, gmean: 0.816496580927726, mcc: 0.7140055472954167 

train at step 910: 0.7124999761581421
train loss at step 910: 0.5951777100563049
train at step 920: 0.875
train loss at step 920: 0.3344878554344177
train at step 930: 0.800000011920929
train loss at step 930: 0.4387703537940979
train at step 940: 0.6812499761581421
train loss at step 940: 0.6743885278701782
train at step 950: 0.6875
train loss at step 950: 0.5727769136428833
dev at step 950: 0.782608687877655
dev loss at step 950: 0.6524325013160706
tp: 7, tn: 11, fp: 0, fn: 5
accuracy: 0.782608695652174, precision: 1.0, recall: 0.5833333333333334, F1: 0.7368421052631579
specificity: 1.0, gmean: 0.7637626158259734, mcc: 0.6332785063987777 

test at step 950: 0.6800000071525574
test loss at step 950: 0.5473589301109314
tp: 6, tn: 11, fp: 1, fn: 7
accuracy: 0.68, precision: 0.8571428571428571, recall: 0.46153846153846156, F1: 0.6
specificity: 0.9166666666666666, gmean: 0.6504436355879909, mcc: 0.420827817635731 

train at step 960: 0.8062499761581421
train loss at step 960: 0.42493122816085815
train at step 970: 0.84375
train loss at step 970: 0.34904974699020386
train at step 980: 0.8812500238418579
train loss at step 980: 0.2869865298271179
train at step 990: 0.824999988079071
train loss at step 990: 0.3467148244380951
train at step 1000: 0.8500000238418579
train loss at step 1000: 0.3395520746707916
dev at step 1000: 0.782608687877655
dev loss at step 1000: 0.4849407374858856
tp: 10, tn: 8, fp: 3, fn: 2
accuracy: 0.782608695652174, precision: 0.7692307692307693, recall: 0.8333333333333334, F1: 0.8
specificity: 0.7272727272727273, gmean: 0.778498944161523, mcc: 0.5649019553110248 

test at step 1000: 0.800000011920929
test loss at step 1000: 0.5803267359733582
tp: 12, tn: 8, fp: 4, fn: 1
accuracy: 0.8, precision: 0.75, recall: 0.9230769230769231, F1: 0.8275862068965517
specificity: 0.6666666666666666, gmean: 0.7844645405527362, mcc: 0.6138245895861674 

train at step 1010: 0.831250011920929
train loss at step 1010: 0.3367615342140198
train at step 1020: 0.8500000238418579
train loss at step 1020: 0.3048973083496094
train at step 1030: 0.84375
train loss at step 1030: 0.3297862708568573
train at step 1040: 0.8812500238418579
train loss at step 1040: 0.34280863404273987
train at step 1050: 0.8500000238418579
train loss at step 1050: 0.305586040019989
dev at step 1050: 0.782608687877655
dev loss at step 1050: 0.49939921498298645
tp: 8, tn: 10, fp: 1, fn: 4
accuracy: 0.782608695652174, precision: 0.8888888888888888, recall: 0.6666666666666666, F1: 0.761904761904762
specificity: 0.9090909090909091, gmean: 0.7784989441615229, mcc: 0.5893066665856982 

test at step 1050: 0.8399999737739563
test loss at step 1050: 0.3755643665790558
tp: 11, tn: 10, fp: 2, fn: 2
accuracy: 0.84, precision: 0.8461538461538461, recall: 0.8461538461538461, F1: 0.8461538461538461
specificity: 0.8333333333333334, gmean: 0.8397191227596316, mcc: 0.6794871794871795 

train at step 1060: 0.737500011920929
train loss at step 1060: 0.5547059178352356
train at step 1070: 0.8500000238418579
train loss at step 1070: 0.3270196318626404
train at step 1080: 0.7875000238418579
train loss at step 1080: 0.4349863529205322
train at step 1090: 0.893750011920929
train loss at step 1090: 0.28620415925979614
train at step 1100: 0.8812500238418579
train loss at step 1100: 0.30839189887046814
dev at step 1100: 0.8260869383811951
dev loss at step 1100: 0.470302551984787
tp: 10, tn: 9, fp: 2, fn: 2
accuracy: 0.8260869565217391, precision: 0.8333333333333334, recall: 0.8333333333333334, F1: 0.8333333333333334
specificity: 0.8181818181818182, gmean: 0.8257228238447705, mcc: 0.6515151515151515 

test at step 1100: 0.800000011920929
test loss at step 1100: 0.6007401943206787
tp: 12, tn: 8, fp: 4, fn: 1
accuracy: 0.8, precision: 0.75, recall: 0.9230769230769231, F1: 0.8275862068965517
specificity: 0.6666666666666666, gmean: 0.7844645405527362, mcc: 0.6138245895861674 

train at step 1110: 0.8687499761581421
train loss at step 1110: 0.32151859998703003
train at step 1120: 0.9125000238418579
train loss at step 1120: 0.25083228945732117
train at step 1130: 0.824999988079071
train loss at step 1130: 0.36736470460891724
train at step 1140: 0.862500011920929
train loss at step 1140: 0.31392037868499756
train at step 1150: 0.856249988079071
train loss at step 1150: 0.3301931917667389
dev at step 1150: 0.739130437374115
dev loss at step 1150: 0.48788753151893616
tp: 10, tn: 7, fp: 4, fn: 2
accuracy: 0.7391304347826086, precision: 0.7142857142857143, recall: 0.8333333333333334, F1: 0.7692307692307692
specificity: 0.6363636363636364, gmean: 0.7282190812544191, mcc: 0.4807501753725433 

test at step 1150: 0.800000011920929
test loss at step 1150: 0.6286369562149048
tp: 12, tn: 8, fp: 4, fn: 1
accuracy: 0.8, precision: 0.75, recall: 0.9230769230769231, F1: 0.8275862068965517
specificity: 0.6666666666666666, gmean: 0.7844645405527362, mcc: 0.6138245895861674 

train at step 1160: 0.8500000238418579
train loss at step 1160: 0.3035653233528137
train at step 1170: 0.887499988079071
train loss at step 1170: 0.3170717656612396
train at step 1180: 0.875
train loss at step 1180: 0.2993883490562439
train at step 1190: 0.90625
train loss at step 1190: 0.26529327034950256
train at step 1200: 0.8687499761581421
train loss at step 1200: 0.34399110078811646
dev at step 1200: 0.5652173757553101
dev loss at step 1200: 1.0225619077682495
tp: 11, tn: 2, fp: 9, fn: 1
accuracy: 0.5652173913043478, precision: 0.55, recall: 0.9166666666666666, F1: 0.6874999999999999
specificity: 0.18181818181818182, gmean: 0.408248290463863, mcc: 0.1460766368670358 

test at step 1200: 0.6000000238418579
test loss at step 1200: 1.3788361549377441
tp: 13, tn: 2, fp: 10, fn: 0
accuracy: 0.6, precision: 0.5652173913043478, recall: 1.0, F1: 0.7222222222222222
specificity: 0.16666666666666666, gmean: 0.408248290463863, mcc: 0.30692490702242564 

train at step 1210: 0.831250011920929
train loss at step 1210: 0.343675822019577
train at step 1220: 0.8062499761581421
train loss at step 1220: 0.4094599783420563
train at step 1230: 0.856249988079071
train loss at step 1230: 0.3284842371940613
train at step 1240: 0.8812500238418579
train loss at step 1240: 0.2801796793937683
train at step 1250: 0.8812500238418579
train loss at step 1250: 0.3052513003349304
dev at step 1250: 0.6521739363670349
dev loss at step 1250: 0.6132933497428894
tp: 10, tn: 5, fp: 6, fn: 2
accuracy: 0.6521739130434783, precision: 0.625, recall: 0.8333333333333334, F1: 0.7142857142857143
specificity: 0.45454545454545453, gmean: 0.6154574548966637, mcc: 0.31252705510589024 

test at step 1250: 0.6800000071525574
test loss at step 1250: 0.891614556312561
tp: 12, tn: 5, fp: 7, fn: 1
accuracy: 0.68, precision: 0.631578947368421, recall: 0.9230769230769231, F1: 0.7499999999999999
specificity: 0.4166666666666667, gmean: 0.6201736729460423, mcc: 0.397430455754832 

train at step 1260: 0.9125000238418579
train loss at step 1260: 0.2451343536376953
train at step 1270: 0.8125
train loss at step 1270: 0.3348148763179779
train at step 1280: 0.793749988079071
train loss at step 1280: 0.37989598512649536
train at step 1290: 0.824999988079071
train loss at step 1290: 0.39867791533470154
train at step 1300: 0.84375
train loss at step 1300: 0.35510051250457764
dev at step 1300: 0.6521739363670349
dev loss at step 1300: 0.5953173041343689
tp: 10, tn: 5, fp: 6, fn: 2
accuracy: 0.6521739130434783, precision: 0.625, recall: 0.8333333333333334, F1: 0.7142857142857143
specificity: 0.45454545454545453, gmean: 0.6154574548966637, mcc: 0.31252705510589024 

test at step 1300: 0.7200000286102295
test loss at step 1300: 0.8236882090568542
tp: 12, tn: 6, fp: 6, fn: 1
accuracy: 0.72, precision: 0.6666666666666666, recall: 0.9230769230769231, F1: 0.7741935483870968
specificity: 0.5, gmean: 0.6793662204867574, mcc: 0.4707565417620042 

train at step 1310: 0.8500000238418579
train loss at step 1310: 0.30829373002052307
train at step 1320: 0.824999988079071
train loss at step 1320: 0.3670850396156311
train at step 1330: 0.893750011920929
train loss at step 1330: 0.27040743827819824
train at step 1340: 0.90625
train loss at step 1340: 0.26820406317710876
train at step 1350: 0.793749988079071
train loss at step 1350: 0.4347607493400574
dev at step 1350: 0.8260869383811951
dev loss at step 1350: 0.4757141172885895
tp: 10, tn: 9, fp: 2, fn: 2
accuracy: 0.8260869565217391, precision: 0.8333333333333334, recall: 0.8333333333333334, F1: 0.8333333333333334
specificity: 0.8181818181818182, gmean: 0.8257228238447705, mcc: 0.6515151515151515 

test at step 1350: 0.800000011920929
test loss at step 1350: 0.5445767641067505
tp: 12, tn: 8, fp: 4, fn: 1
accuracy: 0.8, precision: 0.75, recall: 0.9230769230769231, F1: 0.8275862068965517
specificity: 0.6666666666666666, gmean: 0.7844645405527362, mcc: 0.6138245895861674 

train at step 1360: 0.8125
train loss at step 1360: 0.37384411692619324
train at step 1370: 0.8687499761581421
train loss at step 1370: 0.3007463216781616
train at step 1380: 0.8374999761581421
train loss at step 1380: 0.32850223779678345
train at step 1390: 0.8187500238418579
train loss at step 1390: 0.38241857290267944
train at step 1400: 0.875
train loss at step 1400: 0.28945285081863403
dev at step 1400: 0.782608687877655
dev loss at step 1400: 0.5763502717018127
tp: 11, tn: 7, fp: 4, fn: 1
accuracy: 0.782608695652174, precision: 0.7333333333333333, recall: 0.9166666666666666, F1: 0.8148148148148148
specificity: 0.6363636363636364, gmean: 0.7637626158259733, mcc: 0.580023075124402 

test at step 1400: 0.800000011920929
test loss at step 1400: 0.7016276717185974
tp: 13, tn: 7, fp: 5, fn: 0
accuracy: 0.8, precision: 0.7222222222222222, recall: 1.0, F1: 0.8387096774193548
specificity: 0.5833333333333334, gmean: 0.7637626158259734, mcc: 0.6490734136415512 

train at step 1410: 0.875
train loss at step 1410: 0.32621270418167114
train at step 1420: 0.8687499761581421
train loss at step 1420: 0.277919203042984
train at step 1430: 0.856249988079071
train loss at step 1430: 0.2774234414100647
train at step 1440: 0.862500011920929
train loss at step 1440: 0.3354686200618744
train at step 1450: 0.862500011920929
train loss at step 1450: 0.29075688123703003
dev at step 1450: 0.739130437374115
dev loss at step 1450: 0.5848661065101624
tp: 11, tn: 6, fp: 5, fn: 1
accuracy: 0.7391304347826086, precision: 0.6875, recall: 0.9166666666666666, F1: 0.7857142857142857
specificity: 0.5454545454545454, gmean: 0.7071067811865475, mcc: 0.5016881674068239 

test at step 1450: 0.7599999904632568
test loss at step 1450: 0.8275415897369385
tp: 13, tn: 6, fp: 6, fn: 0
accuracy: 0.76, precision: 0.6842105263157895, recall: 1.0, F1: 0.8125000000000001
specificity: 0.5, gmean: 0.7071067811865476, mcc: 0.5848976518656018 

train at step 1460: 0.856249988079071
train loss at step 1460: 0.32713839411735535
train at step 1470: 0.875
train loss at step 1470: 0.29246968030929565
train at step 1480: 0.875
train loss at step 1480: 0.30030056834220886
train at step 1490: 0.8812500238418579
train loss at step 1490: 0.2632904052734375
train at step 1500: 0.893750011920929
train loss at step 1500: 0.24927368760108948
dev at step 1500: 0.782608687877655
dev loss at step 1500: 0.5531166195869446
tp: 10, tn: 8, fp: 3, fn: 2
accuracy: 0.782608695652174, precision: 0.7692307692307693, recall: 0.8333333333333334, F1: 0.8
specificity: 0.7272727272727273, gmean: 0.778498944161523, mcc: 0.5649019553110248 

test at step 1500: 0.7599999904632568
test loss at step 1500: 0.683002233505249
tp: 12, tn: 7, fp: 5, fn: 1
accuracy: 0.76, precision: 0.7058823529411765, recall: 0.9230769230769231, F1: 0.8000000000000002
specificity: 0.5833333333333334, gmean: 0.7337993857053429, mcc: 0.5423695984263261 

