train at step 10: 0.606249988079071
train loss at step 10: 0.6948636770248413
train at step 20: 0.706250011920929
train loss at step 20: 0.7204054594039917
train at step 30: 0.6000000238418579
train loss at step 30: 0.6609252691268921
train at step 40: 0.71875
train loss at step 40: 0.5397790670394897
train at step 50: 0.7437499761581421
train loss at step 50: 0.5066057443618774
dev at step 50: 0.695652186870575
New best on dev at step 50: 0.695652186870575
dev loss at step 50: 0.5001617670059204
tp: 9, tn: 7, fp: 4, fn: 3
accuracy: 0.6956521739130435, precision: 0.6923076923076923, recall: 0.75, F1: 0.7199999999999999
specificity: 0.6363636363636364, gmean: 0.6908492797077574, mcc: 0.38932432055219274 

test at step 50: 0.7200000286102295
test loss at step 50: 0.6174110770225525
tp: 12, tn: 6, fp: 6, fn: 1
accuracy: 0.72, precision: 0.6666666666666666, recall: 0.9230769230769231, F1: 0.7741935483870968
specificity: 0.5, gmean: 0.6793662204867574, mcc: 0.4707565417620042 

train at step 60: 0.675000011920929
train loss at step 60: 0.5540273785591125
train at step 70: 0.7562500238418579
train loss at step 70: 0.4913724362850189
train at step 80: 0.75
train loss at step 80: 0.5058861970901489
train at step 90: 0.6812499761581421
train loss at step 90: 0.5362924933433533
train at step 100: 0.800000011920929
train loss at step 100: 0.45390063524246216
dev at step 100: 0.739130437374115
New best on dev at step 100: 0.739130437374115
dev loss at step 100: 0.44733405113220215
tp: 9, tn: 8, fp: 3, fn: 3
accuracy: 0.7391304347826086, precision: 0.75, recall: 0.75, F1: 0.75
specificity: 0.7272727272727273, gmean: 0.7385489458759964, mcc: 0.4772727272727273 

test at step 100: 0.6800000071525574
test loss at step 100: 0.5516332387924194
tp: 10, tn: 7, fp: 5, fn: 3
accuracy: 0.68, precision: 0.6666666666666666, recall: 0.7692307692307693, F1: 0.7142857142857142
specificity: 0.5833333333333334, gmean: 0.6698641270570838, mcc: 0.3595462477533374 

train at step 110: 0.8500000238418579
train loss at step 110: 0.41616910696029663
train at step 120: 0.7250000238418579
train loss at step 120: 0.5380726456642151
train at step 130: 0.8062499761581421
train loss at step 130: 0.4329257607460022
train at step 140: 0.78125
train loss at step 140: 0.46666502952575684
train at step 150: 0.8500000238418579
train loss at step 150: 0.3629004955291748
dev at step 150: 0.739130437374115
dev loss at step 150: 0.44991326332092285
tp: 10, tn: 7, fp: 4, fn: 2
accuracy: 0.7391304347826086, precision: 0.7142857142857143, recall: 0.8333333333333334, F1: 0.7692307692307692
specificity: 0.6363636363636364, gmean: 0.7282190812544191, mcc: 0.4807501753725433 

test at step 150: 0.7599999904632568
test loss at step 150: 0.49279162287712097
tp: 12, tn: 7, fp: 5, fn: 1
accuracy: 0.76, precision: 0.7058823529411765, recall: 0.9230769230769231, F1: 0.8000000000000002
specificity: 0.5833333333333334, gmean: 0.7337993857053429, mcc: 0.5423695984263261 

train at step 160: 0.800000011920929
train loss at step 160: 0.43744349479675293
train at step 170: 0.7250000238418579
train loss at step 170: 0.4997064173221588
train at step 180: 0.8374999761581421
train loss at step 180: 0.4236862063407898
train at step 190: 0.8187500238418579
train loss at step 190: 0.42303404211997986
train at step 200: 0.800000011920929
train loss at step 200: 0.384187787771225
dev at step 200: 0.739130437374115
dev loss at step 200: 0.4499106705188751
tp: 9, tn: 8, fp: 3, fn: 3
accuracy: 0.7391304347826086, precision: 0.75, recall: 0.75, F1: 0.75
specificity: 0.7272727272727273, gmean: 0.7385489458759964, mcc: 0.4772727272727273 

test at step 200: 0.7599999904632568
test loss at step 200: 0.4421168863773346
tp: 12, tn: 7, fp: 5, fn: 1
accuracy: 0.76, precision: 0.7058823529411765, recall: 0.9230769230769231, F1: 0.8000000000000002
specificity: 0.5833333333333334, gmean: 0.7337993857053429, mcc: 0.5423695984263261 

train at step 210: 0.8812500238418579
train loss at step 210: 0.35668033361434937
train at step 220: 0.8062499761581421
train loss at step 220: 0.4148351550102234
train at step 230: 0.7875000238418579
train loss at step 230: 0.3922145366668701
train at step 240: 0.824999988079071
train loss at step 240: 0.352407306432724
train at step 250: 0.824999988079071
train loss at step 250: 0.36392515897750854
dev at step 250: 0.8260869383811951
New best on dev at step 250: 0.8260869383811951
dev loss at step 250: 0.5560566782951355
tp: 8, tn: 11, fp: 0, fn: 4
accuracy: 0.8260869565217391, precision: 1.0, recall: 0.6666666666666666, F1: 0.8
specificity: 1.0, gmean: 0.816496580927726, mcc: 0.699205898780101 

test at step 250: 0.800000011920929
test loss at step 250: 0.46941354870796204
tp: 8, tn: 12, fp: 0, fn: 5
accuracy: 0.8, precision: 1.0, recall: 0.6153846153846154, F1: 0.761904761904762
specificity: 1.0, gmean: 0.7844645405527362, mcc: 0.6590820436573077 

train at step 260: 0.8812500238418579
train loss at step 260: 0.3935254216194153
train at step 270: 0.8374999761581421
train loss at step 270: 0.37657642364501953
train at step 280: 0.824999988079071
train loss at step 280: 0.3756847381591797
train at step 290: 0.862500011920929
train loss at step 290: 0.3062323331832886
train at step 300: 0.824999988079071
train loss at step 300: 0.3572152256965637
dev at step 300: 0.695652186870575
dev loss at step 300: 0.41813039779663086
tp: 10, tn: 6, fp: 5, fn: 2
accuracy: 0.6956521739130435, precision: 0.6666666666666666, recall: 0.8333333333333334, F1: 0.7407407407407408
specificity: 0.5454545454545454, gmean: 0.674199862463242, mcc: 0.39727607885233013 

test at step 300: 0.8799999952316284
test loss at step 300: 0.34257665276527405
tp: 13, tn: 9, fp: 3, fn: 0
accuracy: 0.88, precision: 0.8125, recall: 1.0, F1: 0.896551724137931
specificity: 0.75, gmean: 0.8660254037844386, mcc: 0.7806247497997998 

train at step 310: 0.84375
train loss at step 310: 0.3920232653617859
train at step 320: 0.862500011920929
train loss at step 320: 0.3242095410823822
train at step 330: 0.893750011920929
train loss at step 330: 0.31698179244995117
train at step 340: 0.8812500238418579
train loss at step 340: 0.2954762578010559
train at step 350: 0.8187500238418579
train loss at step 350: 0.4114915728569031
dev at step 350: 0.739130437374115
dev loss at step 350: 0.5174155831336975
tp: 11, tn: 6, fp: 5, fn: 1
accuracy: 0.7391304347826086, precision: 0.6875, recall: 0.9166666666666666, F1: 0.7857142857142857
specificity: 0.5454545454545454, gmean: 0.7071067811865475, mcc: 0.5016881674068239 

test at step 350: 0.800000011920929
test loss at step 350: 0.4344936013221741
tp: 13, tn: 7, fp: 5, fn: 0
accuracy: 0.8, precision: 0.7222222222222222, recall: 1.0, F1: 0.8387096774193548
specificity: 0.5833333333333334, gmean: 0.7637626158259734, mcc: 0.6490734136415512 

train at step 360: 0.78125
train loss at step 360: 0.428849995136261
train at step 370: 0.862500011920929
train loss at step 370: 0.35032981634140015
train at step 380: 0.893750011920929
train loss at step 380: 0.29414623975753784
train at step 390: 0.90625
train loss at step 390: 0.25937142968177795
train at step 400: 0.887499988079071
train loss at step 400: 0.3293578028678894
dev at step 400: 0.8695651888847351
New best on dev at step 400: 0.8695651888847351
dev loss at step 400: 0.5098589062690735
tp: 9, tn: 11, fp: 0, fn: 3
accuracy: 0.8695652173913043, precision: 1.0, recall: 0.75, F1: 0.8571428571428571
specificity: 1.0, gmean: 0.8660254037844386, mcc: 0.7676494735787384 

test at step 400: 0.8799999952316284
test loss at step 400: 0.31523337960243225
tp: 11, tn: 11, fp: 1, fn: 2
accuracy: 0.88, precision: 0.9166666666666666, recall: 0.8461538461538461, F1: 0.8799999999999999
specificity: 0.9166666666666666, gmean: 0.8807048459279792, mcc: 0.7628205128205128 

train at step 410: 0.8500000238418579
train loss at step 410: 0.35643118619918823
train at step 420: 0.887499988079071
train loss at step 420: 0.2635824680328369
train at step 430: 0.8999999761581421
train loss at step 430: 0.28989607095718384
train at step 440: 0.8500000238418579
train loss at step 440: 0.3339044451713562
train at step 450: 0.925000011920929
train loss at step 450: 0.27010318636894226
dev at step 450: 0.8260869383811951
dev loss at step 450: 0.4702119827270508
tp: 9, tn: 10, fp: 1, fn: 3
accuracy: 0.8260869565217391, precision: 0.9, recall: 0.75, F1: 0.8181818181818182
specificity: 0.9090909090909091, gmean: 0.8257228238447705, mcc: 0.6641414880007994 

test at step 450: 0.8799999952316284
test loss at step 450: 0.2818056344985962
tp: 12, tn: 10, fp: 2, fn: 1
accuracy: 0.88, precision: 0.8571428571428571, recall: 0.9230769230769231, F1: 0.888888888888889
specificity: 0.8333333333333334, gmean: 0.8770580193070292, mcc: 0.761306166786451 

train at step 460: 0.925000011920929
train loss at step 460: 0.2496732771396637
train at step 470: 0.9125000238418579
train loss at step 470: 0.2867192327976227
train at step 480: 0.90625
train loss at step 480: 0.24116292595863342
train at step 490: 0.8500000238418579
train loss at step 490: 0.3269890248775482
train at step 500: 0.8687499761581421
train loss at step 500: 0.3095913827419281
dev at step 500: 0.695652186870575
dev loss at step 500: 0.5374277234077454
tp: 10, tn: 6, fp: 5, fn: 2
accuracy: 0.6956521739130435, precision: 0.6666666666666666, recall: 0.8333333333333334, F1: 0.7407407407407408
specificity: 0.5454545454545454, gmean: 0.674199862463242, mcc: 0.39727607885233013 

test at step 500: 0.800000011920929
test loss at step 500: 0.4148790240287781
tp: 12, tn: 8, fp: 4, fn: 1
accuracy: 0.8, precision: 0.75, recall: 0.9230769230769231, F1: 0.8275862068965517
specificity: 0.6666666666666666, gmean: 0.7844645405527362, mcc: 0.6138245895861674 

train at step 510: 0.862500011920929
train loss at step 510: 0.2982746660709381
train at step 520: 0.84375
train loss at step 520: 0.3651634156703949
train at step 530: 0.8812500238418579
train loss at step 530: 0.3054952621459961
train at step 540: 0.84375
train loss at step 540: 0.31014636158943176
train at step 550: 0.9312499761581421
train loss at step 550: 0.18733057379722595
dev at step 550: 0.695652186870575
dev loss at step 550: 0.47064208984375
tp: 10, tn: 6, fp: 5, fn: 2
accuracy: 0.6956521739130435, precision: 0.6666666666666666, recall: 0.8333333333333334, F1: 0.7407407407407408
specificity: 0.5454545454545454, gmean: 0.674199862463242, mcc: 0.39727607885233013 

test at step 550: 0.9200000166893005
test loss at step 550: 0.25921767950057983
tp: 13, tn: 10, fp: 2, fn: 0
accuracy: 0.92, precision: 0.8666666666666667, recall: 1.0, F1: 0.9285714285714286
specificity: 0.8333333333333334, gmean: 0.9128709291752769, mcc: 0.8498365855987975 

train at step 560: 0.8999999761581421
train loss at step 560: 0.27464041113853455
train at step 570: 0.887499988079071
train loss at step 570: 0.31020331382751465
train at step 580: 0.918749988079071
train loss at step 580: 0.24750515818595886
train at step 590: 0.9312499761581421
train loss at step 590: 0.21894419193267822
train at step 600: 0.862500011920929
train loss at step 600: 0.28010737895965576
dev at step 600: 0.739130437374115
dev loss at step 600: 0.6182599663734436
tp: 11, tn: 6, fp: 5, fn: 1
accuracy: 0.7391304347826086, precision: 0.6875, recall: 0.9166666666666666, F1: 0.7857142857142857
specificity: 0.5454545454545454, gmean: 0.7071067811865475, mcc: 0.5016881674068239 

test at step 600: 0.7200000286102295
test loss at step 600: 0.5710020661354065
tp: 13, tn: 5, fp: 7, fn: 0
accuracy: 0.72, precision: 0.65, recall: 1.0, F1: 0.787878787878788
specificity: 0.4166666666666667, gmean: 0.6454972243679028, mcc: 0.5204164998665332 

train at step 610: 0.856249988079071
train loss at step 610: 0.3146408796310425
train at step 620: 0.925000011920929
train loss at step 620: 0.24541790783405304
train at step 630: 0.831250011920929
train loss at step 630: 0.3154800534248352
train at step 640: 0.925000011920929
train loss at step 640: 0.20943140983581543
train at step 650: 0.925000011920929
train loss at step 650: 0.19723816215991974
dev at step 650: 0.8260869383811951
dev loss at step 650: 0.6624611616134644
tp: 8, tn: 11, fp: 0, fn: 4
accuracy: 0.8260869565217391, precision: 1.0, recall: 0.6666666666666666, F1: 0.8
specificity: 1.0, gmean: 0.816496580927726, mcc: 0.699205898780101 

test at step 650: 0.8799999952316284
test loss at step 650: 0.3438359797000885
tp: 10, tn: 12, fp: 0, fn: 3
accuracy: 0.88, precision: 1.0, recall: 0.7692307692307693, F1: 0.8695652173913044
specificity: 1.0, gmean: 0.8770580193070292, mcc: 0.7844645405527362 

train at step 660: 0.8999999761581421
train loss at step 660: 0.2723672688007355
train at step 670: 0.8812500238418579
train loss at step 670: 0.2802387773990631
train at step 680: 0.862500011920929
train loss at step 680: 0.2540341913700104
train at step 690: 0.9437500238418579
train loss at step 690: 0.21001143753528595
train at step 700: 0.8999999761581421
train loss at step 700: 0.21662935614585876
dev at step 700: 0.8260869383811951
dev loss at step 700: 0.45851197838783264
tp: 10, tn: 9, fp: 2, fn: 2
accuracy: 0.8260869565217391, precision: 0.8333333333333334, recall: 0.8333333333333334, F1: 0.8333333333333334
specificity: 0.8181818181818182, gmean: 0.8257228238447705, mcc: 0.6515151515151515 

test at step 700: 0.8799999952316284
test loss at step 700: 0.301287442445755
tp: 12, tn: 10, fp: 2, fn: 1
accuracy: 0.88, precision: 0.8571428571428571, recall: 0.9230769230769231, F1: 0.888888888888889
specificity: 0.8333333333333334, gmean: 0.8770580193070292, mcc: 0.761306166786451 

train at step 710: 0.856249988079071
train loss at step 710: 0.3623588979244232
train at step 720: 0.887499988079071
train loss at step 720: 0.28212517499923706
train at step 730: 0.8500000238418579
train loss at step 730: 0.29674670100212097
train at step 740: 0.96875
train loss at step 740: 0.1280880719423294
train at step 750: 0.9125000238418579
train loss at step 750: 0.2558125853538513
dev at step 750: 0.782608687877655
dev loss at step 750: 0.4962879717350006
tp: 10, tn: 8, fp: 3, fn: 2
accuracy: 0.782608695652174, precision: 0.7692307692307693, recall: 0.8333333333333334, F1: 0.8
specificity: 0.7272727272727273, gmean: 0.778498944161523, mcc: 0.5649019553110248 

test at step 750: 0.8799999952316284
test loss at step 750: 0.29198968410491943
tp: 12, tn: 10, fp: 2, fn: 1
accuracy: 0.88, precision: 0.8571428571428571, recall: 0.9230769230769231, F1: 0.888888888888889
specificity: 0.8333333333333334, gmean: 0.8770580193070292, mcc: 0.761306166786451 

train at step 760: 0.949999988079071
train loss at step 760: 0.2015058696269989
train at step 770: 0.8812500238418579
train loss at step 770: 0.31413647532463074
train at step 780: 0.918749988079071
train loss at step 780: 0.21023666858673096
train at step 790: 0.9125000238418579
train loss at step 790: 0.21227291226387024
train at step 800: 0.9312499761581421
train loss at step 800: 0.2187085598707199
dev at step 800: 0.8260869383811951
dev loss at step 800: 0.5104320645332336
tp: 9, tn: 10, fp: 1, fn: 3
accuracy: 0.8260869565217391, precision: 0.9, recall: 0.75, F1: 0.8181818181818182
specificity: 0.9090909090909091, gmean: 0.8257228238447705, mcc: 0.6641414880007994 

test at step 800: 0.8799999952316284
test loss at step 800: 0.2750798463821411
tp: 12, tn: 10, fp: 2, fn: 1
accuracy: 0.88, precision: 0.8571428571428571, recall: 0.9230769230769231, F1: 0.888888888888889
specificity: 0.8333333333333334, gmean: 0.8770580193070292, mcc: 0.761306166786451 

train at step 810: 0.887499988079071
train loss at step 810: 0.25180068612098694
train at step 820: 0.8687499761581421
train loss at step 820: 0.21844109892845154
train at step 830: 0.918749988079071
train loss at step 830: 0.2497660219669342
train at step 840: 0.9312499761581421
train loss at step 840: 0.19674547016620636
train at step 850: 0.9437500238418579
train loss at step 850: 0.19137462973594666
dev at step 850: 0.8260869383811951
dev loss at step 850: 0.5079632997512817
tp: 10, tn: 9, fp: 2, fn: 2
accuracy: 0.8260869565217391, precision: 0.8333333333333334, recall: 0.8333333333333334, F1: 0.8333333333333334
specificity: 0.8181818181818182, gmean: 0.8257228238447705, mcc: 0.6515151515151515 

test at step 850: 0.8799999952316284
test loss at step 850: 0.2608528435230255
tp: 12, tn: 10, fp: 2, fn: 1
accuracy: 0.88, precision: 0.8571428571428571, recall: 0.9230769230769231, F1: 0.888888888888889
specificity: 0.8333333333333334, gmean: 0.8770580193070292, mcc: 0.761306166786451 

train at step 860: 0.9375
train loss at step 860: 0.1921592503786087
train at step 870: 0.887499988079071
train loss at step 870: 0.239503413438797
train at step 880: 0.956250011920929
train loss at step 880: 0.1380433738231659
train at step 890: 0.8062499761581421
train loss at step 890: 0.38413169980049133
train at step 900: 0.8125
train loss at step 900: 0.3794642984867096
dev at step 900: 0.739130437374115
dev loss at step 900: 0.6770676970481873
tp: 11, tn: 6, fp: 5, fn: 1
accuracy: 0.7391304347826086, precision: 0.6875, recall: 0.9166666666666666, F1: 0.7857142857142857
specificity: 0.5454545454545454, gmean: 0.7071067811865475, mcc: 0.5016881674068239 

test at step 900: 0.7200000286102295
test loss at step 900: 0.550903856754303
tp: 13, tn: 5, fp: 7, fn: 0
accuracy: 0.72, precision: 0.65, recall: 1.0, F1: 0.787878787878788
specificity: 0.4166666666666667, gmean: 0.6454972243679028, mcc: 0.5204164998665332 

train at step 910: 0.8999999761581421
train loss at step 910: 0.2616127133369446
train at step 920: 0.893750011920929
train loss at step 920: 0.2432972490787506
train at step 930: 0.9375
train loss at step 930: 0.18923108279705048
train at step 940: 0.8374999761581421
train loss at step 940: 0.3098927438259125
train at step 950: 0.925000011920929
train loss at step 950: 0.17985758185386658
dev at step 950: 0.8695651888847351
dev loss at step 950: 0.6705135703086853
tp: 9, tn: 11, fp: 0, fn: 3
accuracy: 0.8695652173913043, precision: 1.0, recall: 0.75, F1: 0.8571428571428571
specificity: 1.0, gmean: 0.8660254037844386, mcc: 0.7676494735787384 

test at step 950: 0.9200000166893005
test loss at step 950: 0.3041779398918152
tp: 11, tn: 12, fp: 0, fn: 2
accuracy: 0.92, precision: 1.0, recall: 0.8461538461538461, F1: 0.9166666666666666
specificity: 1.0, gmean: 0.9198662110077999, mcc: 0.8516306272526402 

train at step 960: 0.9375
train loss at step 960: 0.18026700615882874
train at step 970: 0.9125000238418579
train loss at step 970: 0.23373755812644958
train at step 980: 0.9437500238418579
train loss at step 980: 0.17022453248500824
train at step 990: 0.8374999761581421
train loss at step 990: 0.32415127754211426
train at step 1000: 0.831250011920929
train loss at step 1000: 0.3199765086174011
dev at step 1000: 0.739130437374115
dev loss at step 1000: 0.9376473426818848
tp: 11, tn: 6, fp: 5, fn: 1
accuracy: 0.7391304347826086, precision: 0.6875, recall: 0.9166666666666666, F1: 0.7857142857142857
specificity: 0.5454545454545454, gmean: 0.7071067811865475, mcc: 0.5016881674068239 

test at step 1000: 0.6800000071525574
test loss at step 1000: 0.8011792898178101
tp: 13, tn: 4, fp: 8, fn: 0
accuracy: 0.68, precision: 0.6190476190476191, recall: 1.0, F1: 0.7647058823529412
specificity: 0.3333333333333333, gmean: 0.5773502691896257, mcc: 0.45425676257949793 

train at step 1010: 0.8999999761581421
train loss at step 1010: 0.3387090265750885
train at step 1020: 0.925000011920929
train loss at step 1020: 0.19665896892547607
train at step 1030: 0.949999988079071
train loss at step 1030: 0.16751238703727722
train at step 1040: 0.9624999761581421
train loss at step 1040: 0.15107795596122742
train at step 1050: 0.9125000238418579
train loss at step 1050: 0.20718756318092346
dev at step 1050: 0.695652186870575
dev loss at step 1050: 0.5885724425315857
tp: 10, tn: 6, fp: 5, fn: 2
accuracy: 0.6956521739130435, precision: 0.6666666666666666, recall: 0.8333333333333334, F1: 0.7407407407407408
specificity: 0.5454545454545454, gmean: 0.674199862463242, mcc: 0.39727607885233013 

test at step 1050: 0.8399999737739563
test loss at step 1050: 0.36467471718788147
tp: 12, tn: 9, fp: 3, fn: 1
accuracy: 0.84, precision: 0.8, recall: 0.9230769230769231, F1: 0.8571428571428571
specificity: 0.75, gmean: 0.8320502943378437, mcc: 0.6864064729836441 

train at step 1060: 0.956250011920929
train loss at step 1060: 0.15692727267742157
train at step 1070: 0.949999988079071
train loss at step 1070: 0.17695339024066925
train at step 1080: 0.9375
train loss at step 1080: 0.13570500910282135
train at step 1090: 0.9375
train loss at step 1090: 0.15810953080654144
train at step 1100: 0.925000011920929
train loss at step 1100: 0.16702331602573395
dev at step 1100: 0.8260869383811951
dev loss at step 1100: 0.6370166540145874
tp: 9, tn: 10, fp: 1, fn: 3
accuracy: 0.8260869565217391, precision: 0.9, recall: 0.75, F1: 0.8181818181818182
specificity: 0.9090909090909091, gmean: 0.8257228238447705, mcc: 0.6641414880007994 

test at step 1100: 0.8399999737739563
test loss at step 1100: 0.21743148565292358
tp: 11, tn: 10, fp: 2, fn: 2
accuracy: 0.84, precision: 0.8461538461538461, recall: 0.8461538461538461, F1: 0.8461538461538461
specificity: 0.8333333333333334, gmean: 0.8397191227596316, mcc: 0.6794871794871795 

train at step 1110: 0.8999999761581421
train loss at step 1110: 0.2857666611671448
train at step 1120: 0.8812500238418579
train loss at step 1120: 0.31223925948143005
train at step 1130: 0.9624999761581421
train loss at step 1130: 0.14484182000160217
train at step 1140: 0.96875
train loss at step 1140: 0.10901902616024017
train at step 1150: 0.8999999761581421
train loss at step 1150: 0.205378919839859
dev at step 1150: 0.8695651888847351
dev loss at step 1150: 0.6920270919799805
tp: 9, tn: 11, fp: 0, fn: 3
accuracy: 0.8695652173913043, precision: 1.0, recall: 0.75, F1: 0.8571428571428571
specificity: 1.0, gmean: 0.8660254037844386, mcc: 0.7676494735787384 

test at step 1150: 0.8399999737739563
test loss at step 1150: 0.2729535698890686
tp: 11, tn: 10, fp: 2, fn: 2
accuracy: 0.84, precision: 0.8461538461538461, recall: 0.8461538461538461, F1: 0.8461538461538461
specificity: 0.8333333333333334, gmean: 0.8397191227596316, mcc: 0.6794871794871795 

train at step 1160: 0.9125000238418579
train loss at step 1160: 0.2088317573070526
train at step 1170: 0.956250011920929
train loss at step 1170: 0.15573672950267792
train at step 1180: 0.949999988079071
train loss at step 1180: 0.17001524567604065
train at step 1190: 0.956250011920929
train loss at step 1190: 0.1181546300649643
train at step 1200: 0.90625
train loss at step 1200: 0.20158012211322784
dev at step 1200: 0.739130437374115
dev loss at step 1200: 0.6093854308128357
tp: 10, tn: 7, fp: 4, fn: 2
accuracy: 0.7391304347826086, precision: 0.7142857142857143, recall: 0.8333333333333334, F1: 0.7692307692307692
specificity: 0.6363636363636364, gmean: 0.7282190812544191, mcc: 0.4807501753725433 

test at step 1200: 0.800000011920929
test loss at step 1200: 0.33702996373176575
tp: 12, tn: 8, fp: 4, fn: 1
accuracy: 0.8, precision: 0.75, recall: 0.9230769230769231, F1: 0.8275862068965517
specificity: 0.6666666666666666, gmean: 0.7844645405527362, mcc: 0.6138245895861674 

train at step 1210: 0.949999988079071
train loss at step 1210: 0.1460924595594406
train at step 1220: 0.9125000238418579
train loss at step 1220: 0.2061103880405426
train at step 1230: 0.949999988079071
train loss at step 1230: 0.16900977492332458
train at step 1240: 0.8999999761581421
train loss at step 1240: 0.2876223921775818
train at step 1250: 0.8687499761581421
train loss at step 1250: 0.22705748677253723
dev at step 1250: 0.782608687877655
dev loss at step 1250: 0.6362374424934387
tp: 9, tn: 9, fp: 2, fn: 3
accuracy: 0.782608695652174, precision: 0.8181818181818182, recall: 0.75, F1: 0.7826086956521738
specificity: 0.8181818181818182, gmean: 0.7833494518006403, mcc: 0.5681818181818182 

test at step 1250: 0.8799999952316284
test loss at step 1250: 0.27645739912986755
tp: 12, tn: 10, fp: 2, fn: 1
accuracy: 0.88, precision: 0.8571428571428571, recall: 0.9230769230769231, F1: 0.888888888888889
specificity: 0.8333333333333334, gmean: 0.8770580193070292, mcc: 0.761306166786451 

train at step 1260: 0.90625
train loss at step 1260: 0.21620097756385803
train at step 1270: 0.9125000238418579
train loss at step 1270: 0.18049518764019012
train at step 1280: 0.9624999761581421
train loss at step 1280: 0.14334584772586823
train at step 1290: 0.8812500238418579
train loss at step 1290: 0.23626966774463654
train at step 1300: 0.8687499761581421
train loss at step 1300: 0.304902583360672
dev at step 1300: 0.739130437374115
dev loss at step 1300: 0.7002294063568115
tp: 11, tn: 6, fp: 5, fn: 1
accuracy: 0.7391304347826086, precision: 0.6875, recall: 0.9166666666666666, F1: 0.7857142857142857
specificity: 0.5454545454545454, gmean: 0.7071067811865475, mcc: 0.5016881674068239 

test at step 1300: 0.8399999737739563
test loss at step 1300: 0.39909079670906067
tp: 13, tn: 8, fp: 4, fn: 0
accuracy: 0.84, precision: 0.7647058823529411, recall: 1.0, F1: 0.8666666666666666
specificity: 0.6666666666666666, gmean: 0.816496580927726, mcc: 0.7140055472954167 

train at step 1310: 0.9750000238418579
train loss at step 1310: 0.0944841057062149
train at step 1320: 0.9624999761581421
train loss at step 1320: 0.14161577820777893
train at step 1330: 0.96875
train loss at step 1330: 0.10609497874975204
train at step 1340: 0.956250011920929
train loss at step 1340: 0.10334418714046478
train at step 1350: 0.9750000238418579
train loss at step 1350: 0.11526672542095184
dev at step 1350: 0.782608687877655
dev loss at step 1350: 0.6779203414916992
tp: 10, tn: 8, fp: 3, fn: 2
accuracy: 0.782608695652174, precision: 0.7692307692307693, recall: 0.8333333333333334, F1: 0.8
specificity: 0.7272727272727273, gmean: 0.778498944161523, mcc: 0.5649019553110248 

test at step 1350: 0.8799999952316284
test loss at step 1350: 0.2698756456375122
tp: 12, tn: 10, fp: 2, fn: 1
accuracy: 0.88, precision: 0.8571428571428571, recall: 0.9230769230769231, F1: 0.888888888888889
specificity: 0.8333333333333334, gmean: 0.8770580193070292, mcc: 0.761306166786451 

train at step 1360: 0.96875
train loss at step 1360: 0.1520588994026184
train at step 1370: 0.956250011920929
train loss at step 1370: 0.14160874485969543
train at step 1380: 0.949999988079071
train loss at step 1380: 0.14828111231327057
train at step 1390: 0.96875
train loss at step 1390: 0.14719882607460022
train at step 1400: 0.9750000238418579
train loss at step 1400: 0.07339705526828766
dev at step 1400: 0.739130437374115
dev loss at step 1400: 0.6572940945625305
tp: 10, tn: 7, fp: 4, fn: 2
accuracy: 0.7391304347826086, precision: 0.7142857142857143, recall: 0.8333333333333334, F1: 0.7692307692307692
specificity: 0.6363636363636364, gmean: 0.7282190812544191, mcc: 0.4807501753725433 

test at step 1400: 0.8799999952316284
test loss at step 1400: 0.3022546172142029
tp: 12, tn: 10, fp: 2, fn: 1
accuracy: 0.88, precision: 0.8571428571428571, recall: 0.9230769230769231, F1: 0.888888888888889
specificity: 0.8333333333333334, gmean: 0.8770580193070292, mcc: 0.761306166786451 

train at step 1410: 0.90625
train loss at step 1410: 0.21454159915447235
train at step 1420: 0.918749988079071
train loss at step 1420: 0.19676747918128967
train at step 1430: 0.981249988079071
train loss at step 1430: 0.10128945112228394
train at step 1440: 0.9624999761581421
train loss at step 1440: 0.11756575107574463
train at step 1450: 0.9750000238418579
train loss at step 1450: 0.08755216002464294
dev at step 1450: 0.695652186870575
dev loss at step 1450: 0.6837920546531677
tp: 10, tn: 6, fp: 5, fn: 2
accuracy: 0.6956521739130435, precision: 0.6666666666666666, recall: 0.8333333333333334, F1: 0.7407407407407408
specificity: 0.5454545454545454, gmean: 0.674199862463242, mcc: 0.39727607885233013 

test at step 1450: 0.8399999737739563
test loss at step 1450: 0.3297876715660095
tp: 12, tn: 9, fp: 3, fn: 1
accuracy: 0.84, precision: 0.8, recall: 0.9230769230769231, F1: 0.8571428571428571
specificity: 0.75, gmean: 0.8320502943378437, mcc: 0.6864064729836441 

train at step 1460: 0.9624999761581421
train loss at step 1460: 0.1378127783536911
train at step 1470: 0.956250011920929
train loss at step 1470: 0.14043128490447998
train at step 1480: 0.981249988079071
train loss at step 1480: 0.09912227094173431
train at step 1490: 0.981249988079071
train loss at step 1490: 0.09637197852134705
train at step 1500: 0.956250011920929
train loss at step 1500: 0.10242178291082382
dev at step 1500: 0.8695651888847351
dev loss at step 1500: 0.7841031551361084
tp: 9, tn: 11, fp: 0, fn: 3
accuracy: 0.8695652173913043, precision: 1.0, recall: 0.75, F1: 0.8571428571428571
specificity: 1.0, gmean: 0.8660254037844386, mcc: 0.7676494735787384 

test at step 1500: 0.9200000166893005
test loss at step 1500: 0.32312875986099243
tp: 11, tn: 12, fp: 0, fn: 2
accuracy: 0.92, precision: 1.0, recall: 0.8461538461538461, F1: 0.9166666666666666
specificity: 1.0, gmean: 0.9198662110077999, mcc: 0.8516306272526402 

