train at step 10: 0.4625000059604645
train loss at step 10: 1.0701568126678467
train at step 20: 0.5625
train loss at step 20: 0.7380701899528503
train at step 30: 0.6499999761581421
train loss at step 30: 0.6211930513381958
train at step 40: 0.731249988079071
train loss at step 40: 0.556982696056366
train at step 50: 0.6812499761581421
train loss at step 50: 0.6022685766220093
dev at step 50: 0.695652186870575
New best on dev at step 50: 0.695652186870575
dev loss at step 50: 0.45524606108665466
tp: 9, tn: 7, fp: 4, fn: 3
accuracy: 0.6956521739130435, precision: 0.6923076923076923, recall: 0.75, F1: 0.7199999999999999
specificity: 0.6363636363636364, gmean: 0.6908492797077574, mcc: 0.38932432055219274 

test at step 50: 0.7200000286102295
test loss at step 50: 0.5891000032424927
tp: 12, tn: 6, fp: 6, fn: 1
accuracy: 0.72, precision: 0.6666666666666666, recall: 0.9230769230769231, F1: 0.7741935483870968
specificity: 0.5, gmean: 0.6793662204867574, mcc: 0.4707565417620042 

train at step 60: 0.75
train loss at step 60: 0.49619024991989136
train at step 70: 0.737500011920929
train loss at step 70: 0.5567511916160583
train at step 80: 0.612500011920929
train loss at step 80: 0.6548728346824646
train at step 90: 0.574999988079071
train loss at step 90: 0.7869373559951782
train at step 100: 0.7250000238418579
train loss at step 100: 0.5496906042098999
dev at step 100: 0.695652186870575
dev loss at step 100: 0.45583203434944153
tp: 10, tn: 6, fp: 5, fn: 2
accuracy: 0.6956521739130435, precision: 0.6666666666666666, recall: 0.8333333333333334, F1: 0.7407407407407408
specificity: 0.5454545454545454, gmean: 0.674199862463242, mcc: 0.39727607885233013 

test at step 100: 0.800000011920929
test loss at step 100: 0.4821814000606537
tp: 13, tn: 7, fp: 5, fn: 0
accuracy: 0.8, precision: 0.7222222222222222, recall: 1.0, F1: 0.8387096774193548
specificity: 0.5833333333333334, gmean: 0.7637626158259734, mcc: 0.6490734136415512 

train at step 110: 0.737500011920929
train loss at step 110: 0.5396088361740112
train at step 120: 0.7437499761581421
train loss at step 120: 0.4864232540130615
train at step 130: 0.731249988079071
train loss at step 130: 0.5311495065689087
train at step 140: 0.8062499761581421
train loss at step 140: 0.41335898637771606
train at step 150: 0.78125
train loss at step 150: 0.457495778799057
dev at step 150: 0.739130437374115
New best on dev at step 150: 0.739130437374115
dev loss at step 150: 0.4107808768749237
tp: 9, tn: 8, fp: 3, fn: 3
accuracy: 0.7391304347826086, precision: 0.75, recall: 0.75, F1: 0.75
specificity: 0.7272727272727273, gmean: 0.7385489458759964, mcc: 0.4772727272727273 

test at step 150: 0.800000011920929
test loss at step 150: 0.4390793442726135
tp: 12, tn: 8, fp: 4, fn: 1
accuracy: 0.8, precision: 0.75, recall: 0.9230769230769231, F1: 0.8275862068965517
specificity: 0.6666666666666666, gmean: 0.7844645405527362, mcc: 0.6138245895861674 

train at step 160: 0.78125
train loss at step 160: 0.4506964683532715
train at step 170: 0.824999988079071
train loss at step 170: 0.38104623556137085
train at step 180: 0.8062499761581421
train loss at step 180: 0.43225497007369995
train at step 190: 0.84375
train loss at step 190: 0.39095622301101685
train at step 200: 0.7562500238418579
train loss at step 200: 0.4894787669181824
dev at step 200: 0.739130437374115
dev loss at step 200: 0.4508289396762848
tp: 8, tn: 9, fp: 2, fn: 4
accuracy: 0.7391304347826086, precision: 0.8, recall: 0.6666666666666666, F1: 0.7272727272727272
specificity: 0.8181818181818182, gmean: 0.7385489458759964, mcc: 0.4885638532419674 

test at step 200: 0.7599999904632568
test loss at step 200: 0.36800751090049744
tp: 9, tn: 10, fp: 2, fn: 4
accuracy: 0.76, precision: 0.8181818181818182, recall: 0.6923076923076923, F1: 0.7500000000000001
specificity: 0.8333333333333334, gmean: 0.75955452531275, mcc: 0.5290432684448219 

train at step 210: 0.7562500238418579
train loss at step 210: 0.4474368095397949
train at step 220: 0.8062499761581421
train loss at step 220: 0.4123218059539795
train at step 230: 0.84375
train loss at step 230: 0.3931823670864105
train at step 240: 0.875
train loss at step 240: 0.3353533148765564
train at step 250: 0.8062499761581421
train loss at step 250: 0.44835299253463745
dev at step 250: 0.782608687877655
New best on dev at step 250: 0.782608687877655
dev loss at step 250: 0.5210214853286743
tp: 7, tn: 11, fp: 0, fn: 5
accuracy: 0.782608695652174, precision: 1.0, recall: 0.5833333333333334, F1: 0.7368421052631579
specificity: 1.0, gmean: 0.7637626158259734, mcc: 0.6332785063987777 

test at step 250: 0.7200000286102295
test loss at step 250: 0.45219686627388
tp: 6, tn: 12, fp: 0, fn: 7
accuracy: 0.72, precision: 1.0, recall: 0.46153846153846156, F1: 0.631578947368421
specificity: 1.0, gmean: 0.6793662204867574, mcc: 0.5399055247990171 

train at step 260: 0.84375
train loss at step 260: 0.3253071904182434
train at step 270: 0.824999988079071
train loss at step 270: 0.42534342408180237
train at step 280: 0.84375
train loss at step 280: 0.39127612113952637
train at step 290: 0.75
train loss at step 290: 0.455477237701416
train at step 300: 0.862500011920929
train loss at step 300: 0.37393349409103394
dev at step 300: 0.8260869383811951
New best on dev at step 300: 0.8260869383811951
dev loss at step 300: 0.4447075426578522
tp: 9, tn: 10, fp: 1, fn: 3
accuracy: 0.8260869565217391, precision: 0.9, recall: 0.75, F1: 0.8181818181818182
specificity: 0.9090909090909091, gmean: 0.8257228238447705, mcc: 0.6641414880007994 

test at step 300: 0.8399999737739563
test loss at step 300: 0.3508802056312561
tp: 10, tn: 11, fp: 1, fn: 3
accuracy: 0.84, precision: 0.9090909090909091, recall: 0.7692307692307693, F1: 0.8333333333333333
specificity: 0.9166666666666666, gmean: 0.8397191227596316, mcc: 0.690336947848731 

train at step 310: 0.84375
train loss at step 310: 0.3724990785121918
train at step 320: 0.8500000238418579
train loss at step 320: 0.36599287390708923
train at step 330: 0.9125000238418579
train loss at step 330: 0.27610474824905396
train at step 340: 0.800000011920929
train loss at step 340: 0.42694130539894104
train at step 350: 0.8500000238418579
train loss at step 350: 0.3241078555583954
dev at step 350: 0.739130437374115
dev loss at step 350: 0.42015719413757324
tp: 11, tn: 6, fp: 5, fn: 1
accuracy: 0.7391304347826086, precision: 0.6875, recall: 0.9166666666666666, F1: 0.7857142857142857
specificity: 0.5454545454545454, gmean: 0.7071067811865475, mcc: 0.5016881674068239 

test at step 350: 0.8799999952316284
test loss at step 350: 0.3453354239463806
tp: 13, tn: 9, fp: 3, fn: 0
accuracy: 0.88, precision: 0.8125, recall: 1.0, F1: 0.896551724137931
specificity: 0.75, gmean: 0.8660254037844386, mcc: 0.7806247497997998 

train at step 360: 0.831250011920929
train loss at step 360: 0.30733734369277954
train at step 370: 0.8500000238418579
train loss at step 370: 0.3616125285625458
train at step 380: 0.8812500238418579
train loss at step 380: 0.312327116727829
train at step 390: 0.84375
train loss at step 390: 0.36244553327560425
train at step 400: 0.893750011920929
train loss at step 400: 0.2656736969947815
dev at step 400: 0.739130437374115
dev loss at step 400: 0.5049275755882263
tp: 11, tn: 6, fp: 5, fn: 1
accuracy: 0.7391304347826086, precision: 0.6875, recall: 0.9166666666666666, F1: 0.7857142857142857
specificity: 0.5454545454545454, gmean: 0.7071067811865475, mcc: 0.5016881674068239 

test at step 400: 0.8399999737739563
test loss at step 400: 0.3940030634403229
tp: 13, tn: 8, fp: 4, fn: 0
accuracy: 0.84, precision: 0.7647058823529411, recall: 1.0, F1: 0.8666666666666666
specificity: 0.6666666666666666, gmean: 0.816496580927726, mcc: 0.7140055472954167 

train at step 410: 0.8687499761581421
train loss at step 410: 0.3108116686344147
train at step 420: 0.8999999761581421
train loss at step 420: 0.2818128168582916
train at step 430: 0.9312499761581421
train loss at step 430: 0.2354787141084671
train at step 440: 0.831250011920929
train loss at step 440: 0.3503550887107849
train at step 450: 0.9125000238418579
train loss at step 450: 0.2515852749347687
dev at step 450: 0.695652186870575
dev loss at step 450: 0.7388515472412109
tp: 11, tn: 5, fp: 6, fn: 1
accuracy: 0.6956521739130435, precision: 0.6470588235294118, recall: 0.9166666666666666, F1: 0.7586206896551724
specificity: 0.45454545454545453, gmean: 0.6454972243679028, mcc: 0.422288280162599 

test at step 450: 0.7200000286102295
test loss at step 450: 0.723761796951294
tp: 13, tn: 5, fp: 7, fn: 0
accuracy: 0.72, precision: 0.65, recall: 1.0, F1: 0.787878787878788
specificity: 0.4166666666666667, gmean: 0.6454972243679028, mcc: 0.5204164998665332 

train at step 460: 0.8500000238418579
train loss at step 460: 0.31077829003334045
train at step 470: 0.8999999761581421
train loss at step 470: 0.2722189128398895
train at step 480: 0.8500000238418579
train loss at step 480: 0.34875577688217163
train at step 490: 0.793749988079071
train loss at step 490: 0.43635520339012146
train at step 500: 0.887499988079071
train loss at step 500: 0.2640228271484375
dev at step 500: 0.8260869383811951
dev loss at step 500: 0.4559827744960785
tp: 9, tn: 10, fp: 1, fn: 3
accuracy: 0.8260869565217391, precision: 0.9, recall: 0.75, F1: 0.8181818181818182
specificity: 0.9090909090909091, gmean: 0.8257228238447705, mcc: 0.6641414880007994 

test at step 500: 0.8799999952316284
test loss at step 500: 0.30324485898017883
tp: 11, tn: 11, fp: 1, fn: 2
accuracy: 0.88, precision: 0.9166666666666666, recall: 0.8461538461538461, F1: 0.8799999999999999
specificity: 0.9166666666666666, gmean: 0.8807048459279792, mcc: 0.7628205128205128 

train at step 510: 0.862500011920929
train loss at step 510: 0.3165056109428406
train at step 520: 0.90625
train loss at step 520: 0.22529438138008118
train at step 530: 0.8062499761581421
train loss at step 530: 0.42735400795936584
train at step 540: 0.918749988079071
train loss at step 540: 0.2393782138824463
train at step 550: 0.893750011920929
train loss at step 550: 0.2697162926197052
dev at step 550: 0.739130437374115
dev loss at step 550: 0.5269328355789185
tp: 11, tn: 6, fp: 5, fn: 1
accuracy: 0.7391304347826086, precision: 0.6875, recall: 0.9166666666666666, F1: 0.7857142857142857
specificity: 0.5454545454545454, gmean: 0.7071067811865475, mcc: 0.5016881674068239 

test at step 550: 0.8399999737739563
test loss at step 550: 0.35203269124031067
tp: 13, tn: 8, fp: 4, fn: 0
accuracy: 0.84, precision: 0.7647058823529411, recall: 1.0, F1: 0.8666666666666666
specificity: 0.6666666666666666, gmean: 0.816496580927726, mcc: 0.7140055472954167 

train at step 560: 0.8187500238418579
train loss at step 560: 0.362010657787323
train at step 570: 0.8812500238418579
train loss at step 570: 0.25795844197273254
train at step 580: 0.8999999761581421
train loss at step 580: 0.2917171120643616
train at step 590: 0.893750011920929
train loss at step 590: 0.21669086813926697
train at step 600: 0.8999999761581421
train loss at step 600: 0.25865381956100464
dev at step 600: 0.8695651888847351
New best on dev at step 600: 0.8695651888847351
dev loss at step 600: 0.49805840849876404
tp: 10, tn: 10, fp: 1, fn: 2
accuracy: 0.8695652173913043, precision: 0.9090909090909091, recall: 0.8333333333333334, F1: 0.8695652173913043
specificity: 0.9090909090909091, gmean: 0.8703882797784892, mcc: 0.7424242424242424 

test at step 600: 0.9200000166893005
test loss at step 600: 0.2454875260591507
tp: 12, tn: 11, fp: 1, fn: 1
accuracy: 0.92, precision: 0.9230769230769231, recall: 0.9230769230769231, F1: 0.9230769230769231
specificity: 0.9166666666666666, gmean: 0.9198662110077999, mcc: 0.8397435897435898 

train at step 610: 0.8812500238418579
train loss at step 610: 0.23938539624214172
train at step 620: 0.875
train loss at step 620: 0.31115925312042236
train at step 630: 0.8999999761581421
train loss at step 630: 0.2428615540266037
train at step 640: 0.9437500238418579
train loss at step 640: 0.18349650502204895
train at step 650: 0.887499988079071
train loss at step 650: 0.26162660121917725
dev at step 650: 0.8695651888847351
dev loss at step 650: 0.48868557810783386
tp: 10, tn: 10, fp: 1, fn: 2
accuracy: 0.8695652173913043, precision: 0.9090909090909091, recall: 0.8333333333333334, F1: 0.8695652173913043
specificity: 0.9090909090909091, gmean: 0.8703882797784892, mcc: 0.7424242424242424 

test at step 650: 0.8399999737739563
test loss at step 650: 0.25596341490745544
tp: 11, tn: 10, fp: 2, fn: 2
accuracy: 0.84, precision: 0.8461538461538461, recall: 0.8461538461538461, F1: 0.8461538461538461
specificity: 0.8333333333333334, gmean: 0.8397191227596316, mcc: 0.6794871794871795 

train at step 660: 0.9437500238418579
train loss at step 660: 0.17244893312454224
train at step 670: 0.887499988079071
train loss at step 670: 0.23775582015514374
train at step 680: 0.918749988079071
train loss at step 680: 0.24187961220741272
train at step 690: 0.9125000238418579
train loss at step 690: 0.2141972780227661
train at step 700: 0.8812500238418579
train loss at step 700: 0.26366645097732544
dev at step 700: 0.782608687877655
dev loss at step 700: 0.5571772456169128
tp: 8, tn: 10, fp: 1, fn: 4
accuracy: 0.782608695652174, precision: 0.8888888888888888, recall: 0.6666666666666666, F1: 0.761904761904762
specificity: 0.9090909090909091, gmean: 0.7784989441615229, mcc: 0.5893066665856982 

test at step 700: 0.8399999737739563
test loss at step 700: 0.32240718603134155
tp: 10, tn: 11, fp: 1, fn: 3
accuracy: 0.84, precision: 0.9090909090909091, recall: 0.7692307692307693, F1: 0.8333333333333333
specificity: 0.9166666666666666, gmean: 0.8397191227596316, mcc: 0.690336947848731 

train at step 710: 0.949999988079071
train loss at step 710: 0.16772206127643585
train at step 720: 0.8999999761581421
train loss at step 720: 0.25987786054611206
train at step 730: 0.9437500238418579
train loss at step 730: 0.1913180649280548
train at step 740: 0.90625
train loss at step 740: 0.23961877822875977
train at step 750: 0.862500011920929
train loss at step 750: 0.28098493814468384
dev at step 750: 0.739130437374115
dev loss at step 750: 0.5294701457023621
tp: 10, tn: 7, fp: 4, fn: 2
accuracy: 0.7391304347826086, precision: 0.7142857142857143, recall: 0.8333333333333334, F1: 0.7692307692307692
specificity: 0.6363636363636364, gmean: 0.7282190812544191, mcc: 0.4807501753725433 

test at step 750: 0.8399999737739563
test loss at step 750: 0.2631807029247284
tp: 12, tn: 9, fp: 3, fn: 1
accuracy: 0.84, precision: 0.8, recall: 0.9230769230769231, F1: 0.8571428571428571
specificity: 0.75, gmean: 0.8320502943378437, mcc: 0.6864064729836441 

train at step 760: 0.8687499761581421
train loss at step 760: 0.2561262547969818
train at step 770: 0.9125000238418579
train loss at step 770: 0.222313791513443
train at step 780: 0.9375
train loss at step 780: 0.16957445442676544
train at step 790: 0.925000011920929
train loss at step 790: 0.2015785425901413
train at step 800: 0.925000011920929
train loss at step 800: 0.16778457164764404
dev at step 800: 0.739130437374115
dev loss at step 800: 0.5652520060539246
tp: 9, tn: 8, fp: 3, fn: 3
accuracy: 0.7391304347826086, precision: 0.75, recall: 0.75, F1: 0.75
specificity: 0.7272727272727273, gmean: 0.7385489458759964, mcc: 0.4772727272727273 

test at step 800: 0.8399999737739563
test loss at step 800: 0.36153700947761536
tp: 11, tn: 10, fp: 2, fn: 2
accuracy: 0.84, precision: 0.8461538461538461, recall: 0.8461538461538461, F1: 0.8461538461538461
specificity: 0.8333333333333334, gmean: 0.8397191227596316, mcc: 0.6794871794871795 

train at step 810: 0.893750011920929
train loss at step 810: 0.24529078602790833
train at step 820: 0.918749988079071
train loss at step 820: 0.18194714188575745
train at step 830: 0.9624999761581421
train loss at step 830: 0.13806860148906708
train at step 840: 0.918749988079071
train loss at step 840: 0.20744386315345764
train at step 850: 0.956250011920929
train loss at step 850: 0.14114360511302948
dev at step 850: 0.739130437374115
dev loss at step 850: 0.6842041611671448
tp: 11, tn: 6, fp: 5, fn: 1
accuracy: 0.7391304347826086, precision: 0.6875, recall: 0.9166666666666666, F1: 0.7857142857142857
specificity: 0.5454545454545454, gmean: 0.7071067811865475, mcc: 0.5016881674068239 

test at step 850: 0.800000011920929
test loss at step 850: 0.5111554861068726
tp: 13, tn: 7, fp: 5, fn: 0
accuracy: 0.8, precision: 0.7222222222222222, recall: 1.0, F1: 0.8387096774193548
specificity: 0.5833333333333334, gmean: 0.7637626158259734, mcc: 0.6490734136415512 

train at step 860: 0.887499988079071
train loss at step 860: 0.2407303750514984
train at step 870: 0.956250011920929
train loss at step 870: 0.14793094992637634
train at step 880: 0.9375
train loss at step 880: 0.16905681788921356
train at step 890: 0.9125000238418579
train loss at step 890: 0.19363637268543243
train at step 900: 0.9750000238418579
train loss at step 900: 0.10529635101556778
dev at step 900: 0.739130437374115
dev loss at step 900: 0.7140195369720459
tp: 11, tn: 6, fp: 5, fn: 1
accuracy: 0.7391304347826086, precision: 0.6875, recall: 0.9166666666666666, F1: 0.7857142857142857
specificity: 0.5454545454545454, gmean: 0.7071067811865475, mcc: 0.5016881674068239 

test at step 900: 0.8399999737739563
test loss at step 900: 0.5203350186347961
tp: 13, tn: 8, fp: 4, fn: 0
accuracy: 0.84, precision: 0.7647058823529411, recall: 1.0, F1: 0.8666666666666666
specificity: 0.6666666666666666, gmean: 0.816496580927726, mcc: 0.7140055472954167 

train at step 910: 0.956250011920929
train loss at step 910: 0.16067437827587128
train at step 920: 0.9312499761581421
train loss at step 920: 0.15624889731407166
train at step 930: 0.925000011920929
train loss at step 930: 0.19266676902770996
train at step 940: 0.9437500238418579
train loss at step 940: 0.15176309645175934
train at step 950: 0.9375
train loss at step 950: 0.14755558967590332
dev at step 950: 0.739130437374115
dev loss at step 950: 0.7179262042045593
tp: 11, tn: 6, fp: 5, fn: 1
accuracy: 0.7391304347826086, precision: 0.6875, recall: 0.9166666666666666, F1: 0.7857142857142857
specificity: 0.5454545454545454, gmean: 0.7071067811865475, mcc: 0.5016881674068239 

test at step 950: 0.800000011920929
test loss at step 950: 0.5088075995445251
tp: 13, tn: 7, fp: 5, fn: 0
accuracy: 0.8, precision: 0.7222222222222222, recall: 1.0, F1: 0.8387096774193548
specificity: 0.5833333333333334, gmean: 0.7637626158259734, mcc: 0.6490734136415512 

train at step 960: 0.9312499761581421
train loss at step 960: 0.1902032047510147
train at step 970: 0.9750000238418579
train loss at step 970: 0.12960660457611084
train at step 980: 0.9312499761581421
train loss at step 980: 0.160577654838562
train at step 990: 0.893750011920929
train loss at step 990: 0.2337738275527954
train at step 1000: 0.8687499761581421
train loss at step 1000: 0.23870353400707245
dev at step 1000: 0.739130437374115
dev loss at step 1000: 0.6339619755744934
tp: 10, tn: 7, fp: 4, fn: 2
accuracy: 0.7391304347826086, precision: 0.7142857142857143, recall: 0.8333333333333334, F1: 0.7692307692307692
specificity: 0.6363636363636364, gmean: 0.7282190812544191, mcc: 0.4807501753725433 

test at step 1000: 0.8799999952316284
test loss at step 1000: 0.32223132252693176
tp: 13, tn: 9, fp: 3, fn: 0
accuracy: 0.88, precision: 0.8125, recall: 1.0, F1: 0.896551724137931
specificity: 0.75, gmean: 0.8660254037844386, mcc: 0.7806247497997998 

train at step 1010: 0.949999988079071
train loss at step 1010: 0.14443910121917725
train at step 1020: 0.9624999761581421
train loss at step 1020: 0.10866360366344452
train at step 1030: 0.9375
train loss at step 1030: 0.16580328345298767
train at step 1040: 0.956250011920929
train loss at step 1040: 0.14121025800704956
train at step 1050: 0.949999988079071
train loss at step 1050: 0.1543014496564865
dev at step 1050: 0.782608687877655
dev loss at step 1050: 0.6219452023506165
tp: 10, tn: 8, fp: 3, fn: 2
accuracy: 0.782608695652174, precision: 0.7692307692307693, recall: 0.8333333333333334, F1: 0.8
specificity: 0.7272727272727273, gmean: 0.778498944161523, mcc: 0.5649019553110248 

test at step 1050: 0.8399999737739563
test loss at step 1050: 0.2973939776420593
tp: 12, tn: 9, fp: 3, fn: 1
accuracy: 0.84, precision: 0.8, recall: 0.9230769230769231, F1: 0.8571428571428571
specificity: 0.75, gmean: 0.8320502943378437, mcc: 0.6864064729836441 

train at step 1060: 0.96875
train loss at step 1060: 0.10990695655345917
train at step 1070: 0.956250011920929
train loss at step 1070: 0.11344502121210098
train at step 1080: 0.9624999761581421
train loss at step 1080: 0.12240046262741089
train at step 1090: 0.9750000238418579
train loss at step 1090: 0.10672403872013092
train at step 1100: 0.9437500238418579
train loss at step 1100: 0.15988773107528687
dev at step 1100: 0.739130437374115
dev loss at step 1100: 0.6128669381141663
tp: 10, tn: 7, fp: 4, fn: 2
accuracy: 0.7391304347826086, precision: 0.7142857142857143, recall: 0.8333333333333334, F1: 0.7692307692307692
specificity: 0.6363636363636364, gmean: 0.7282190812544191, mcc: 0.4807501753725433 

test at step 1100: 0.8799999952316284
test loss at step 1100: 0.2747914791107178
tp: 13, tn: 9, fp: 3, fn: 0
accuracy: 0.88, precision: 0.8125, recall: 1.0, F1: 0.896551724137931
specificity: 0.75, gmean: 0.8660254037844386, mcc: 0.7806247497997998 

train at step 1110: 0.981249988079071
train loss at step 1110: 0.1054861918091774
train at step 1120: 0.96875
train loss at step 1120: 0.13019533455371857
train at step 1130: 0.96875
train loss at step 1130: 0.11099126189947128
train at step 1140: 0.96875
train loss at step 1140: 0.12553560733795166
train at step 1150: 0.949999988079071
train loss at step 1150: 0.12801697850227356
dev at step 1150: 0.739130437374115
dev loss at step 1150: 0.7014338970184326
tp: 10, tn: 7, fp: 4, fn: 2
accuracy: 0.7391304347826086, precision: 0.7142857142857143, recall: 0.8333333333333334, F1: 0.7692307692307692
specificity: 0.6363636363636364, gmean: 0.7282190812544191, mcc: 0.4807501753725433 

test at step 1150: 0.8799999952316284
test loss at step 1150: 0.2928215265274048
tp: 13, tn: 9, fp: 3, fn: 0
accuracy: 0.88, precision: 0.8125, recall: 1.0, F1: 0.896551724137931
specificity: 0.75, gmean: 0.8660254037844386, mcc: 0.7806247497997998 

train at step 1160: 0.925000011920929
train loss at step 1160: 0.14250335097312927
train at step 1170: 0.956250011920929
train loss at step 1170: 0.13151904940605164
train at step 1180: 0.9624999761581421
train loss at step 1180: 0.10192582756280899
train at step 1190: 0.9375
train loss at step 1190: 0.12455074489116669
train at step 1200: 0.96875
train loss at step 1200: 0.11236709356307983
dev at step 1200: 0.739130437374115
dev loss at step 1200: 0.7061536908149719
tp: 10, tn: 7, fp: 4, fn: 2
accuracy: 0.7391304347826086, precision: 0.7142857142857143, recall: 0.8333333333333334, F1: 0.7692307692307692
specificity: 0.6363636363636364, gmean: 0.7282190812544191, mcc: 0.4807501753725433 

test at step 1200: 0.8799999952316284
test loss at step 1200: 0.3463749587535858
tp: 13, tn: 9, fp: 3, fn: 0
accuracy: 0.88, precision: 0.8125, recall: 1.0, F1: 0.896551724137931
specificity: 0.75, gmean: 0.8660254037844386, mcc: 0.7806247497997998 

train at step 1210: 0.9375
train loss at step 1210: 0.11284518241882324
train at step 1220: 0.96875
train loss at step 1220: 0.1038532704114914
train at step 1230: 0.9624999761581421
train loss at step 1230: 0.09148692339658737
train at step 1240: 0.956250011920929
train loss at step 1240: 0.14745201170444489
train at step 1250: 0.9624999761581421
train loss at step 1250: 0.10750962793827057
dev at step 1250: 0.739130437374115
dev loss at step 1250: 0.8573739528656006
tp: 11, tn: 6, fp: 5, fn: 1
accuracy: 0.7391304347826086, precision: 0.6875, recall: 0.9166666666666666, F1: 0.7857142857142857
specificity: 0.5454545454545454, gmean: 0.7071067811865475, mcc: 0.5016881674068239 

test at step 1250: 0.8399999737739563
test loss at step 1250: 0.516761839389801
tp: 13, tn: 8, fp: 4, fn: 0
accuracy: 0.84, precision: 0.7647058823529411, recall: 1.0, F1: 0.8666666666666666
specificity: 0.6666666666666666, gmean: 0.816496580927726, mcc: 0.7140055472954167 

train at step 1260: 0.9937499761581421
train loss at step 1260: 0.07506511360406876
train at step 1270: 0.9437500238418579
train loss at step 1270: 0.17355595529079437
train at step 1280: 0.987500011920929
train loss at step 1280: 0.07933003455400467
train at step 1290: 0.9624999761581421
train loss at step 1290: 0.1291542649269104
train at step 1300: 0.987500011920929
train loss at step 1300: 0.06404569000005722
dev at step 1300: 0.739130437374115
dev loss at step 1300: 0.9489777088165283
tp: 11, tn: 6, fp: 5, fn: 1
accuracy: 0.7391304347826086, precision: 0.6875, recall: 0.9166666666666666, F1: 0.7857142857142857
specificity: 0.5454545454545454, gmean: 0.7071067811865475, mcc: 0.5016881674068239 

test at step 1300: 0.800000011920929
test loss at step 1300: 0.672014594078064
tp: 13, tn: 7, fp: 5, fn: 0
accuracy: 0.8, precision: 0.7222222222222222, recall: 1.0, F1: 0.8387096774193548
specificity: 0.5833333333333334, gmean: 0.7637626158259734, mcc: 0.6490734136415512 

train at step 1310: 0.9937499761581421
train loss at step 1310: 0.07149315625429153
train at step 1320: 0.96875
train loss at step 1320: 0.08915111422538757
train at step 1330: 0.981249988079071
train loss at step 1330: 0.08548443764448166
train at step 1340: 0.956250011920929
train loss at step 1340: 0.14129826426506042
train at step 1350: 0.9624999761581421
train loss at step 1350: 0.10994523763656616
dev at step 1350: 0.782608687877655
dev loss at step 1350: 0.7200515866279602
tp: 10, tn: 8, fp: 3, fn: 2
accuracy: 0.782608695652174, precision: 0.7692307692307693, recall: 0.8333333333333334, F1: 0.8
specificity: 0.7272727272727273, gmean: 0.778498944161523, mcc: 0.5649019553110248 

test at step 1350: 0.800000011920929
test loss at step 1350: 0.38105589151382446
tp: 11, tn: 9, fp: 3, fn: 2
accuracy: 0.8, precision: 0.7857142857142857, recall: 0.8461538461538461, F1: 0.8148148148148148
specificity: 0.75, gmean: 0.7966275068156915, mcc: 0.6000124873825419 

train at step 1360: 0.981249988079071
train loss at step 1360: 0.09703677892684937
train at step 1370: 0.981249988079071
train loss at step 1370: 0.07080351561307907
train at step 1380: 0.9624999761581421
train loss at step 1380: 0.09830385446548462
train at step 1390: 0.9624999761581421
train loss at step 1390: 0.09163491427898407
train at step 1400: 0.9750000238418579
train loss at step 1400: 0.09965724498033524
dev at step 1400: 0.739130437374115
dev loss at step 1400: 0.7522578239440918
tp: 10, tn: 7, fp: 4, fn: 2
accuracy: 0.7391304347826086, precision: 0.7142857142857143, recall: 0.8333333333333334, F1: 0.7692307692307692
specificity: 0.6363636363636364, gmean: 0.7282190812544191, mcc: 0.4807501753725433 

test at step 1400: 0.8799999952316284
test loss at step 1400: 0.3228336572647095
tp: 13, tn: 9, fp: 3, fn: 0
accuracy: 0.88, precision: 0.8125, recall: 1.0, F1: 0.896551724137931
specificity: 0.75, gmean: 0.8660254037844386, mcc: 0.7806247497997998 

train at step 1410: 0.96875
train loss at step 1410: 0.10774186998605728
train at step 1420: 0.9624999761581421
train loss at step 1420: 0.08710766583681107
train at step 1430: 0.96875
train loss at step 1430: 0.11543776094913483
train at step 1440: 0.981249988079071
train loss at step 1440: 0.08690520375967026
train at step 1450: 0.9937499761581421
train loss at step 1450: 0.0769876167178154
dev at step 1450: 0.782608687877655
dev loss at step 1450: 0.7897055745124817
tp: 11, tn: 7, fp: 4, fn: 1
accuracy: 0.782608695652174, precision: 0.7333333333333333, recall: 0.9166666666666666, F1: 0.8148148148148148
specificity: 0.6363636363636364, gmean: 0.7637626158259733, mcc: 0.580023075124402 

test at step 1450: 0.8799999952316284
test loss at step 1450: 0.36986324191093445
tp: 13, tn: 9, fp: 3, fn: 0
accuracy: 0.88, precision: 0.8125, recall: 1.0, F1: 0.896551724137931
specificity: 0.75, gmean: 0.8660254037844386, mcc: 0.7806247497997998 

train at step 1460: 0.9937499761581421
train loss at step 1460: 0.061376482248306274
train at step 1470: 0.949999988079071
train loss at step 1470: 0.11752595752477646
train at step 1480: 0.987500011920929
train loss at step 1480: 0.06447512656450272
train at step 1490: 0.987500011920929
train loss at step 1490: 0.050341226160526276
train at step 1500: 0.987500011920929
train loss at step 1500: 0.08133387565612793
dev at step 1500: 0.782608687877655
dev loss at step 1500: 0.8110764622688293
tp: 11, tn: 7, fp: 4, fn: 1
accuracy: 0.782608695652174, precision: 0.7333333333333333, recall: 0.9166666666666666, F1: 0.8148148148148148
specificity: 0.6363636363636364, gmean: 0.7637626158259733, mcc: 0.580023075124402 

test at step 1500: 0.8799999952316284
test loss at step 1500: 0.4005345106124878
tp: 13, tn: 9, fp: 3, fn: 0
accuracy: 0.88, precision: 0.8125, recall: 1.0, F1: 0.896551724137931
specificity: 0.75, gmean: 0.8660254037844386, mcc: 0.7806247497997998 

