train at step 10: 0.4937500059604645
train loss at step 10: 0.9178497195243835
train at step 20: 0.48750001192092896
train loss at step 20: 0.8332618474960327
train at step 30: 0.6000000238418579
train loss at step 30: 0.7063609957695007
train at step 40: 0.6625000238418579
train loss at step 40: 0.6096702814102173
train at step 50: 0.6875
train loss at step 50: 0.6130310297012329
dev at step 50: 0.739130437374115
New best on dev at step 50: 0.739130437374115
dev loss at step 50: 0.5616176128387451
tp: 12, tn: 5, fp: 6, fn: 0
accuracy: 0.7391304347826086, precision: 0.6666666666666666, recall: 1.0, F1: 0.8
specificity: 0.45454545454545453, gmean: 0.674199862463242, mcc: 0.5504818825631803 

test at step 50: 0.7200000286102295
test loss at step 50: 0.6744518876075745
tp: 13, tn: 5, fp: 7, fn: 0
accuracy: 0.72, precision: 0.65, recall: 1.0, F1: 0.787878787878788
specificity: 0.4166666666666667, gmean: 0.6454972243679028, mcc: 0.5204164998665332 

train at step 60: 0.6937500238418579
train loss at step 60: 0.578640341758728
train at step 70: 0.675000011920929
train loss at step 70: 0.574212372303009
train at step 80: 0.6875
train loss at step 80: 0.582551121711731
train at step 90: 0.637499988079071
train loss at step 90: 0.603922963142395
train at step 100: 0.6312500238418579
train loss at step 100: 0.6891513466835022
dev at step 100: 0.739130437374115
dev loss at step 100: 0.5485308766365051
tp: 11, tn: 6, fp: 5, fn: 1
accuracy: 0.7391304347826086, precision: 0.6875, recall: 0.9166666666666666, F1: 0.7857142857142857
specificity: 0.5454545454545454, gmean: 0.7071067811865475, mcc: 0.5016881674068239 

test at step 100: 0.7599999904632568
test loss at step 100: 0.6284564733505249
tp: 13, tn: 6, fp: 6, fn: 0
accuracy: 0.76, precision: 0.6842105263157895, recall: 1.0, F1: 0.8125000000000001
specificity: 0.5, gmean: 0.7071067811865476, mcc: 0.5848976518656018 

train at step 110: 0.7250000238418579
train loss at step 110: 0.536897599697113
train at step 120: 0.762499988079071
train loss at step 120: 0.5317412614822388
train at step 130: 0.7562500238418579
train loss at step 130: 0.5012799501419067
train at step 140: 0.675000011920929
train loss at step 140: 0.6041103601455688
train at step 150: 0.731249988079071
train loss at step 150: 0.5794428586959839
dev at step 150: 0.8260869383811951
New best on dev at step 150: 0.8260869383811951
dev loss at step 150: 0.536222517490387
tp: 8, tn: 11, fp: 0, fn: 4
accuracy: 0.8260869565217391, precision: 1.0, recall: 0.6666666666666666, F1: 0.8
specificity: 1.0, gmean: 0.816496580927726, mcc: 0.699205898780101 

test at step 150: 0.7200000286102295
test loss at step 150: 0.49725455045700073
tp: 7, tn: 11, fp: 1, fn: 6
accuracy: 0.72, precision: 0.875, recall: 0.5384615384615384, F1: 0.6666666666666667
specificity: 0.9166666666666666, gmean: 0.7025594235292439, mcc: 0.48744609478821715 

train at step 160: 0.768750011920929
train loss at step 160: 0.4824446141719818
train at step 170: 0.7250000238418579
train loss at step 170: 0.5268281698226929
train at step 180: 0.6312500238418579
train loss at step 180: 0.7857637405395508
train at step 190: 0.6499999761581421
train loss at step 190: 0.7331737279891968
train at step 200: 0.793749988079071
train loss at step 200: 0.4471868872642517
dev at step 200: 0.8695651888847351
New best on dev at step 200: 0.8695651888847351
dev loss at step 200: 0.5692777037620544
tp: 9, tn: 11, fp: 0, fn: 3
accuracy: 0.8695652173913043, precision: 1.0, recall: 0.75, F1: 0.8571428571428571
specificity: 1.0, gmean: 0.8660254037844386, mcc: 0.7676494735787384 

test at step 200: 0.7200000286102295
test loss at step 200: 0.5403924584388733
tp: 7, tn: 11, fp: 1, fn: 6
accuracy: 0.72, precision: 0.875, recall: 0.5384615384615384, F1: 0.6666666666666667
specificity: 0.9166666666666666, gmean: 0.7025594235292439, mcc: 0.48744609478821715 

train at step 210: 0.7437499761581421
train loss at step 210: 0.4805689752101898
train at step 220: 0.793749988079071
train loss at step 220: 0.41602158546447754
train at step 230: 0.768750011920929
train loss at step 230: 0.4520804286003113
train at step 240: 0.7562500238418579
train loss at step 240: 0.5148343443870544
train at step 250: 0.7749999761581421
train loss at step 250: 0.4146507680416107
dev at step 250: 0.8260869383811951
dev loss at step 250: 0.5701281428337097
tp: 8, tn: 11, fp: 0, fn: 4
accuracy: 0.8260869565217391, precision: 1.0, recall: 0.6666666666666666, F1: 0.8
specificity: 1.0, gmean: 0.816496580927726, mcc: 0.699205898780101 

test at step 250: 0.800000011920929
test loss at step 250: 0.4541007876396179
tp: 8, tn: 12, fp: 0, fn: 5
accuracy: 0.8, precision: 1.0, recall: 0.6153846153846154, F1: 0.761904761904762
specificity: 1.0, gmean: 0.7844645405527362, mcc: 0.6590820436573077 

train at step 260: 0.7124999761581421
train loss at step 260: 0.503027617931366
train at step 270: 0.75
train loss at step 270: 0.47259101271629333
train at step 280: 0.7124999761581421
train loss at step 280: 0.5845850706100464
train at step 290: 0.668749988079071
train loss at step 290: 0.6260095834732056
train at step 300: 0.7562500238418579
train loss at step 300: 0.4781429171562195
dev at step 300: 0.8260869383811951
dev loss at step 300: 0.4818889796733856
tp: 10, tn: 9, fp: 2, fn: 2
accuracy: 0.8260869565217391, precision: 0.8333333333333334, recall: 0.8333333333333334, F1: 0.8333333333333334
specificity: 0.8181818181818182, gmean: 0.8257228238447705, mcc: 0.6515151515151515 

test at step 300: 0.800000011920929
test loss at step 300: 0.3818199336528778
tp: 12, tn: 8, fp: 4, fn: 1
accuracy: 0.8, precision: 0.75, recall: 0.9230769230769231, F1: 0.8275862068965517
specificity: 0.6666666666666666, gmean: 0.7844645405527362, mcc: 0.6138245895861674 

train at step 310: 0.78125
train loss at step 310: 0.4588380753993988
train at step 320: 0.6875
train loss at step 320: 0.5619961619377136
train at step 330: 0.71875
train loss at step 330: 0.6127161979675293
train at step 340: 0.7875000238418579
train loss at step 340: 0.4726713299751282
train at step 350: 0.699999988079071
train loss at step 350: 0.4886351525783539
dev at step 350: 0.695652186870575
dev loss at step 350: 0.6061095595359802
tp: 10, tn: 6, fp: 5, fn: 2
accuracy: 0.6956521739130435, precision: 0.6666666666666666, recall: 0.8333333333333334, F1: 0.7407407407407408
specificity: 0.5454545454545454, gmean: 0.674199862463242, mcc: 0.39727607885233013 

test at step 350: 0.7200000286102295
test loss at step 350: 0.6229572892189026
tp: 13, tn: 5, fp: 7, fn: 0
accuracy: 0.72, precision: 0.65, recall: 1.0, F1: 0.787878787878788
specificity: 0.4166666666666667, gmean: 0.6454972243679028, mcc: 0.5204164998665332 

train at step 360: 0.71875
train loss at step 360: 0.5001780390739441
train at step 370: 0.6625000238418579
train loss at step 370: 0.8747984170913696
train at step 380: 0.643750011920929
train loss at step 380: 0.8588350415229797
train at step 390: 0.6937500238418579
train loss at step 390: 0.6028127670288086
train at step 400: 0.7562500238418579
train loss at step 400: 0.5551434755325317
dev at step 400: 0.695652186870575
dev loss at step 400: 0.5631582140922546
tp: 10, tn: 6, fp: 5, fn: 2
accuracy: 0.6956521739130435, precision: 0.6666666666666666, recall: 0.8333333333333334, F1: 0.7407407407407408
specificity: 0.5454545454545454, gmean: 0.674199862463242, mcc: 0.39727607885233013 

test at step 400: 0.7200000286102295
test loss at step 400: 0.5733875632286072
tp: 12, tn: 6, fp: 6, fn: 1
accuracy: 0.72, precision: 0.6666666666666666, recall: 0.9230769230769231, F1: 0.7741935483870968
specificity: 0.5, gmean: 0.6793662204867574, mcc: 0.4707565417620042 

train at step 410: 0.793749988079071
train loss at step 410: 0.44373852014541626
train at step 420: 0.75
train loss at step 420: 0.5052892565727234
train at step 430: 0.731249988079071
train loss at step 430: 0.518595814704895
train at step 440: 0.7875000238418579
train loss at step 440: 0.42068666219711304
train at step 450: 0.7250000238418579
train loss at step 450: 0.5194219946861267
dev at step 450: 0.695652186870575
dev loss at step 450: 0.5714538097381592
tp: 10, tn: 6, fp: 5, fn: 2
accuracy: 0.6956521739130435, precision: 0.6666666666666666, recall: 0.8333333333333334, F1: 0.7407407407407408
specificity: 0.5454545454545454, gmean: 0.674199862463242, mcc: 0.39727607885233013 

test at step 450: 0.7599999904632568
test loss at step 450: 0.5169254541397095
tp: 12, tn: 7, fp: 5, fn: 1
accuracy: 0.76, precision: 0.7058823529411765, recall: 0.9230769230769231, F1: 0.8000000000000002
specificity: 0.5833333333333334, gmean: 0.7337993857053429, mcc: 0.5423695984263261 

train at step 460: 0.7875000238418579
train loss at step 460: 0.4429745078086853
train at step 470: 0.78125
train loss at step 470: 0.4491085112094879
train at step 480: 0.824999988079071
train loss at step 480: 0.3637901246547699
train at step 490: 0.793749988079071
train loss at step 490: 0.403695672750473
train at step 500: 0.8062499761581421
train loss at step 500: 0.43792715668678284
dev at step 500: 0.8260869383811951
dev loss at step 500: 0.5746071934700012
tp: 9, tn: 10, fp: 1, fn: 3
accuracy: 0.8260869565217391, precision: 0.9, recall: 0.75, F1: 0.8181818181818182
specificity: 0.9090909090909091, gmean: 0.8257228238447705, mcc: 0.6641414880007994 

test at step 500: 0.800000011920929
test loss at step 500: 0.4306749105453491
tp: 11, tn: 9, fp: 3, fn: 2
accuracy: 0.8, precision: 0.7857142857142857, recall: 0.8461538461538461, F1: 0.8148148148148148
specificity: 0.75, gmean: 0.7966275068156915, mcc: 0.6000124873825419 

train at step 510: 0.8062499761581421
train loss at step 510: 0.3747541010379791
train at step 520: 0.824999988079071
train loss at step 520: 0.4513094425201416
train at step 530: 0.800000011920929
train loss at step 530: 0.48175254464149475
train at step 540: 0.762499988079071
train loss at step 540: 0.440218061208725
train at step 550: 0.800000011920929
train loss at step 550: 0.42821845412254333
dev at step 550: 0.8695651888847351
dev loss at step 550: 0.5627099275588989
tp: 9, tn: 11, fp: 0, fn: 3
accuracy: 0.8695652173913043, precision: 1.0, recall: 0.75, F1: 0.8571428571428571
specificity: 1.0, gmean: 0.8660254037844386, mcc: 0.7676494735787384 

test at step 550: 0.8399999737739563
test loss at step 550: 0.3883933424949646
tp: 10, tn: 11, fp: 1, fn: 3
accuracy: 0.84, precision: 0.9090909090909091, recall: 0.7692307692307693, F1: 0.8333333333333333
specificity: 0.9166666666666666, gmean: 0.8397191227596316, mcc: 0.690336947848731 

train at step 560: 0.78125
train loss at step 560: 0.4394305646419525
train at step 570: 0.862500011920929
train loss at step 570: 0.365345299243927
train at step 580: 0.8374999761581421
train loss at step 580: 0.3670802414417267
train at step 590: 0.768750011920929
train loss at step 590: 0.44563427567481995
train at step 600: 0.831250011920929
train loss at step 600: 0.3778262138366699
dev at step 600: 0.782608687877655
dev loss at step 600: 0.5072008371353149
tp: 10, tn: 8, fp: 3, fn: 2
accuracy: 0.782608695652174, precision: 0.7692307692307693, recall: 0.8333333333333334, F1: 0.8
specificity: 0.7272727272727273, gmean: 0.778498944161523, mcc: 0.5649019553110248 

test at step 600: 0.8399999737739563
test loss at step 600: 0.32394692301750183
tp: 12, tn: 9, fp: 3, fn: 1
accuracy: 0.84, precision: 0.8, recall: 0.9230769230769231, F1: 0.8571428571428571
specificity: 0.75, gmean: 0.8320502943378437, mcc: 0.6864064729836441 

train at step 610: 0.800000011920929
train loss at step 610: 0.3919185996055603
train at step 620: 0.768750011920929
train loss at step 620: 0.4498535990715027
train at step 630: 0.71875
train loss at step 630: 0.5890926718711853
train at step 640: 0.8187500238418579
train loss at step 640: 0.44668322801589966
train at step 650: 0.831250011920929
train loss at step 650: 0.39264971017837524
dev at step 650: 0.8260869383811951
dev loss at step 650: 0.6335977911949158
tp: 8, tn: 11, fp: 0, fn: 4
accuracy: 0.8260869565217391, precision: 1.0, recall: 0.6666666666666666, F1: 0.8
specificity: 1.0, gmean: 0.816496580927726, mcc: 0.699205898780101 

test at step 650: 0.9200000166893005
test loss at step 650: 0.3603862226009369
tp: 11, tn: 12, fp: 0, fn: 2
accuracy: 0.92, precision: 1.0, recall: 0.8461538461538461, F1: 0.9166666666666666
specificity: 1.0, gmean: 0.9198662110077999, mcc: 0.8516306272526402 

train at step 660: 0.8374999761581421
train loss at step 660: 0.3298092186450958
train at step 670: 0.8500000238418579
train loss at step 670: 0.3486180305480957
train at step 680: 0.762499988079071
train loss at step 680: 0.5123787522315979
train at step 690: 0.831250011920929
train loss at step 690: 0.4102461338043213
train at step 700: 0.831250011920929
train loss at step 700: 0.3281887173652649
dev at step 700: 0.739130437374115
dev loss at step 700: 0.5047275424003601
tp: 10, tn: 7, fp: 4, fn: 2
accuracy: 0.7391304347826086, precision: 0.7142857142857143, recall: 0.8333333333333334, F1: 0.7692307692307692
specificity: 0.6363636363636364, gmean: 0.7282190812544191, mcc: 0.4807501753725433 

test at step 700: 0.8799999952316284
test loss at step 700: 0.2710415720939636
tp: 12, tn: 10, fp: 2, fn: 1
accuracy: 0.88, precision: 0.8571428571428571, recall: 0.9230769230769231, F1: 0.888888888888889
specificity: 0.8333333333333334, gmean: 0.8770580193070292, mcc: 0.761306166786451 

train at step 710: 0.8500000238418579
train loss at step 710: 0.3187747597694397
train at step 720: 0.8187500238418579
train loss at step 720: 0.38546258211135864
train at step 730: 0.800000011920929
train loss at step 730: 0.4142185151576996
train at step 740: 0.8374999761581421
train loss at step 740: 0.33341965079307556
train at step 750: 0.824999988079071
train loss at step 750: 0.3351757526397705
dev at step 750: 0.8260869383811951
dev loss at step 750: 0.546735942363739
tp: 10, tn: 9, fp: 2, fn: 2
accuracy: 0.8260869565217391, precision: 0.8333333333333334, recall: 0.8333333333333334, F1: 0.8333333333333334
specificity: 0.8181818181818182, gmean: 0.8257228238447705, mcc: 0.6515151515151515 

test at step 750: 0.800000011920929
test loss at step 750: 0.40386372804641724
tp: 12, tn: 8, fp: 4, fn: 1
accuracy: 0.8, precision: 0.75, recall: 0.9230769230769231, F1: 0.8275862068965517
specificity: 0.6666666666666666, gmean: 0.7844645405527362, mcc: 0.6138245895861674 

train at step 760: 0.875
train loss at step 760: 0.31694501638412476
train at step 770: 0.84375
train loss at step 770: 0.34039485454559326
train at step 780: 0.8062499761581421
train loss at step 780: 0.38019970059394836
train at step 790: 0.800000011920929
train loss at step 790: 0.36216312646865845
train at step 800: 0.824999988079071
train loss at step 800: 0.32662516832351685
dev at step 800: 0.695652186870575
dev loss at step 800: 0.6257601976394653
tp: 10, tn: 6, fp: 5, fn: 2
accuracy: 0.6956521739130435, precision: 0.6666666666666666, recall: 0.8333333333333334, F1: 0.7407407407407408
specificity: 0.5454545454545454, gmean: 0.674199862463242, mcc: 0.39727607885233013 

test at step 800: 0.7200000286102295
test loss at step 800: 0.5445789098739624
tp: 12, tn: 6, fp: 6, fn: 1
accuracy: 0.72, precision: 0.6666666666666666, recall: 0.9230769230769231, F1: 0.7741935483870968
specificity: 0.5, gmean: 0.6793662204867574, mcc: 0.4707565417620042 

train at step 810: 0.8187500238418579
train loss at step 810: 0.40087881684303284
train at step 820: 0.71875
train loss at step 820: 0.6688199043273926
train at step 830: 0.831250011920929
train loss at step 830: 0.35984280705451965
train at step 840: 0.8374999761581421
train loss at step 840: 0.3349408507347107
train at step 850: 0.8687499761581421
train loss at step 850: 0.2961612343788147
dev at step 850: 0.739130437374115
dev loss at step 850: 0.6218844056129456
tp: 10, tn: 7, fp: 4, fn: 2
accuracy: 0.7391304347826086, precision: 0.7142857142857143, recall: 0.8333333333333334, F1: 0.7692307692307692
specificity: 0.6363636363636364, gmean: 0.7282190812544191, mcc: 0.4807501753725433 

test at step 850: 0.7200000286102295
test loss at step 850: 0.42621734738349915
tp: 12, tn: 6, fp: 6, fn: 1
accuracy: 0.72, precision: 0.6666666666666666, recall: 0.9230769230769231, F1: 0.7741935483870968
specificity: 0.5, gmean: 0.6793662204867574, mcc: 0.4707565417620042 

train at step 860: 0.8500000238418579
train loss at step 860: 0.33396267890930176
train at step 870: 0.78125
train loss at step 870: 0.44296449422836304
train at step 880: 0.8062499761581421
train loss at step 880: 0.368272602558136
train at step 890: 0.84375
train loss at step 890: 0.29943034052848816
train at step 900: 0.893750011920929
train loss at step 900: 0.2661525309085846
dev at step 900: 0.782608687877655
dev loss at step 900: 0.6113131046295166
tp: 10, tn: 8, fp: 3, fn: 2
accuracy: 0.782608695652174, precision: 0.7692307692307693, recall: 0.8333333333333334, F1: 0.8
specificity: 0.7272727272727273, gmean: 0.778498944161523, mcc: 0.5649019553110248 

test at step 900: 0.7599999904632568
test loss at step 900: 0.45447975397109985
tp: 12, tn: 7, fp: 5, fn: 1
accuracy: 0.76, precision: 0.7058823529411765, recall: 0.9230769230769231, F1: 0.8000000000000002
specificity: 0.5833333333333334, gmean: 0.7337993857053429, mcc: 0.5423695984263261 

train at step 910: 0.824999988079071
train loss at step 910: 0.34109240770339966
train at step 920: 0.8500000238418579
train loss at step 920: 0.3235121965408325
train at step 930: 0.9125000238418579
train loss at step 930: 0.27472177147865295
train at step 940: 0.824999988079071
train loss at step 940: 0.37748175859451294
train at step 950: 0.8125
train loss at step 950: 0.40860462188720703
dev at step 950: 0.6086956262588501
dev loss at step 950: 0.7476871013641357
tp: 10, tn: 4, fp: 7, fn: 2
accuracy: 0.6086956521739131, precision: 0.5882352941176471, recall: 0.8333333333333334, F1: 0.6896551724137931
specificity: 0.36363636363636365, gmean: 0.5504818825631803, mcc: 0.22407133233117496 

test at step 950: 0.7200000286102295
test loss at step 950: 0.6014314889907837
tp: 12, tn: 6, fp: 6, fn: 1
accuracy: 0.72, precision: 0.6666666666666666, recall: 0.9230769230769231, F1: 0.7741935483870968
specificity: 0.5, gmean: 0.6793662204867574, mcc: 0.4707565417620042 

train at step 960: 0.8687499761581421
train loss at step 960: 0.2708302140235901
train at step 970: 0.8999999761581421
train loss at step 970: 0.25715184211730957
train at step 980: 0.90625
train loss at step 980: 0.25221168994903564
train at step 990: 0.887499988079071
train loss at step 990: 0.2789057791233063
train at step 1000: 0.8812500238418579
train loss at step 1000: 0.2703956961631775
dev at step 1000: 0.739130437374115
dev loss at step 1000: 0.5934219360351562
tp: 10, tn: 7, fp: 4, fn: 2
accuracy: 0.7391304347826086, precision: 0.7142857142857143, recall: 0.8333333333333334, F1: 0.7692307692307692
specificity: 0.6363636363636364, gmean: 0.7282190812544191, mcc: 0.4807501753725433 

test at step 1000: 0.7599999904632568
test loss at step 1000: 0.3133264183998108
tp: 12, tn: 7, fp: 5, fn: 1
accuracy: 0.76, precision: 0.7058823529411765, recall: 0.9230769230769231, F1: 0.8000000000000002
specificity: 0.5833333333333334, gmean: 0.7337993857053429, mcc: 0.5423695984263261 

train at step 1010: 0.824999988079071
train loss at step 1010: 0.3838024437427521
train at step 1020: 0.8500000238418579
train loss at step 1020: 0.3384065628051758
train at step 1030: 0.875
train loss at step 1030: 0.28388431668281555
train at step 1040: 0.831250011920929
train loss at step 1040: 0.3201451003551483
train at step 1050: 0.875
train loss at step 1050: 0.2871730625629425
dev at step 1050: 0.739130437374115
dev loss at step 1050: 0.5531549453735352
tp: 10, tn: 7, fp: 4, fn: 2
accuracy: 0.7391304347826086, precision: 0.7142857142857143, recall: 0.8333333333333334, F1: 0.7692307692307692
specificity: 0.6363636363636364, gmean: 0.7282190812544191, mcc: 0.4807501753725433 

test at step 1050: 0.800000011920929
test loss at step 1050: 0.29910677671432495
tp: 12, tn: 8, fp: 4, fn: 1
accuracy: 0.8, precision: 0.75, recall: 0.9230769230769231, F1: 0.8275862068965517
specificity: 0.6666666666666666, gmean: 0.7844645405527362, mcc: 0.6138245895861674 

train at step 1060: 0.8374999761581421
train loss at step 1060: 0.31750401854515076
train at step 1070: 0.875
train loss at step 1070: 0.2772035002708435
train at step 1080: 0.800000011920929
train loss at step 1080: 0.43460410833358765
train at step 1090: 0.793749988079071
train loss at step 1090: 0.4678690433502197
train at step 1100: 0.8500000238418579
train loss at step 1100: 0.3641640543937683
dev at step 1100: 0.739130437374115
dev loss at step 1100: 0.7218090891838074
tp: 8, tn: 9, fp: 2, fn: 4
accuracy: 0.7391304347826086, precision: 0.8, recall: 0.6666666666666666, F1: 0.7272727272727272
specificity: 0.8181818181818182, gmean: 0.7385489458759964, mcc: 0.4885638532419674 

test at step 1100: 0.9200000166893005
test loss at step 1100: 0.35603204369544983
tp: 11, tn: 12, fp: 0, fn: 2
accuracy: 0.92, precision: 1.0, recall: 0.8461538461538461, F1: 0.9166666666666666
specificity: 1.0, gmean: 0.9198662110077999, mcc: 0.8516306272526402 

train at step 1110: 0.824999988079071
train loss at step 1110: 0.31746548414230347
train at step 1120: 0.84375
train loss at step 1120: 0.3267194628715515
train at step 1130: 0.7562500238418579
train loss at step 1130: 0.6635926961898804
train at step 1140: 0.875
train loss at step 1140: 0.26744338870048523
train at step 1150: 0.8374999761581421
train loss at step 1150: 0.29690027236938477
dev at step 1150: 0.739130437374115
dev loss at step 1150: 0.5772832036018372
tp: 10, tn: 7, fp: 4, fn: 2
accuracy: 0.7391304347826086, precision: 0.7142857142857143, recall: 0.8333333333333334, F1: 0.7692307692307692
specificity: 0.6363636363636364, gmean: 0.7282190812544191, mcc: 0.4807501753725433 

test at step 1150: 0.7599999904632568
test loss at step 1150: 0.4050949513912201
tp: 12, tn: 7, fp: 5, fn: 1
accuracy: 0.76, precision: 0.7058823529411765, recall: 0.9230769230769231, F1: 0.8000000000000002
specificity: 0.5833333333333334, gmean: 0.7337993857053429, mcc: 0.5423695984263261 

train at step 1160: 0.8999999761581421
train loss at step 1160: 0.23781418800354004
train at step 1170: 0.856249988079071
train loss at step 1170: 0.30647653341293335
train at step 1180: 0.768750011920929
train loss at step 1180: 0.46099406480789185
train at step 1190: 0.84375
train loss at step 1190: 0.28718850016593933
train at step 1200: 0.862500011920929
train loss at step 1200: 0.28133708238601685
dev at step 1200: 0.782608687877655
dev loss at step 1200: 0.6790316700935364
tp: 10, tn: 8, fp: 3, fn: 2
accuracy: 0.782608695652174, precision: 0.7692307692307693, recall: 0.8333333333333334, F1: 0.8
specificity: 0.7272727272727273, gmean: 0.778498944161523, mcc: 0.5649019553110248 

test at step 1200: 0.7200000286102295
test loss at step 1200: 0.4488627016544342
tp: 12, tn: 6, fp: 6, fn: 1
accuracy: 0.72, precision: 0.6666666666666666, recall: 0.9230769230769231, F1: 0.7741935483870968
specificity: 0.5, gmean: 0.6793662204867574, mcc: 0.4707565417620042 

train at step 1210: 0.9437500238418579
train loss at step 1210: 0.18613624572753906
train at step 1220: 0.862500011920929
train loss at step 1220: 0.32774484157562256
train at step 1230: 0.800000011920929
train loss at step 1230: 0.40899720788002014
train at step 1240: 0.856249988079071
train loss at step 1240: 0.3122742176055908
train at step 1250: 0.918749988079071
train loss at step 1250: 0.20323309302330017
dev at step 1250: 0.6521739363670349
dev loss at step 1250: 0.834186851978302
tp: 10, tn: 5, fp: 6, fn: 2
accuracy: 0.6521739130434783, precision: 0.625, recall: 0.8333333333333334, F1: 0.7142857142857143
specificity: 0.45454545454545453, gmean: 0.6154574548966637, mcc: 0.31252705510589024 

test at step 1250: 0.7200000286102295
test loss at step 1250: 0.7662169337272644
tp: 13, tn: 5, fp: 7, fn: 0
accuracy: 0.72, precision: 0.65, recall: 1.0, F1: 0.787878787878788
specificity: 0.4166666666666667, gmean: 0.6454972243679028, mcc: 0.5204164998665332 

train at step 1260: 0.8812500238418579
train loss at step 1260: 0.23740820586681366
train at step 1270: 0.831250011920929
train loss at step 1270: 0.2976452112197876
train at step 1280: 0.8125
train loss at step 1280: 0.4080202579498291
train at step 1290: 0.893750011920929
train loss at step 1290: 0.23054607212543488
train at step 1300: 0.856249988079071
train loss at step 1300: 0.26139211654663086
dev at step 1300: 0.6086956262588501
dev loss at step 1300: 1.203847050666809
tp: 11, tn: 3, fp: 8, fn: 1
accuracy: 0.6086956521739131, precision: 0.5789473684210527, recall: 0.9166666666666666, F1: 0.7096774193548387
specificity: 0.2727272727272727, gmean: 0.49999999999999994, mcc: 0.24960095744714741 

test at step 1300: 0.6800000071525574
test loss at step 1300: 1.2344012260437012
tp: 13, tn: 4, fp: 8, fn: 0
accuracy: 0.68, precision: 0.6190476190476191, recall: 1.0, F1: 0.7647058823529412
specificity: 0.3333333333333333, gmean: 0.5773502691896257, mcc: 0.45425676257949793 

train at step 1310: 0.737500011920929
train loss at step 1310: 0.5481258630752563
train at step 1320: 0.8187500238418579
train loss at step 1320: 0.39828214049339294
train at step 1330: 0.8999999761581421
train loss at step 1330: 0.2135448008775711
train at step 1340: 0.875
train loss at step 1340: 0.33181437849998474
train at step 1350: 0.8812500238418579
train loss at step 1350: 0.26872119307518005
dev at step 1350: 0.782608687877655
dev loss at step 1350: 0.6924343705177307
tp: 10, tn: 8, fp: 3, fn: 2
accuracy: 0.782608695652174, precision: 0.7692307692307693, recall: 0.8333333333333334, F1: 0.8
specificity: 0.7272727272727273, gmean: 0.778498944161523, mcc: 0.5649019553110248 

test at step 1350: 0.7599999904632568
test loss at step 1350: 0.4234273135662079
tp: 12, tn: 7, fp: 5, fn: 1
accuracy: 0.76, precision: 0.7058823529411765, recall: 0.9230769230769231, F1: 0.8000000000000002
specificity: 0.5833333333333334, gmean: 0.7337993857053429, mcc: 0.5423695984263261 

train at step 1360: 0.918749988079071
train loss at step 1360: 0.21168427169322968
train at step 1370: 0.84375
train loss at step 1370: 0.3086843490600586
train at step 1380: 0.9125000238418579
train loss at step 1380: 0.23681512475013733
train at step 1390: 0.875
train loss at step 1390: 0.27416858077049255
train at step 1400: 0.9375
train loss at step 1400: 0.18774442374706268
dev at step 1400: 0.782608687877655
dev loss at step 1400: 0.6714107394218445
tp: 10, tn: 8, fp: 3, fn: 2
accuracy: 0.782608695652174, precision: 0.7692307692307693, recall: 0.8333333333333334, F1: 0.8
specificity: 0.7272727272727273, gmean: 0.778498944161523, mcc: 0.5649019553110248 

test at step 1400: 0.800000011920929
test loss at step 1400: 0.3156895339488983
tp: 12, tn: 8, fp: 4, fn: 1
accuracy: 0.8, precision: 0.75, recall: 0.9230769230769231, F1: 0.8275862068965517
specificity: 0.6666666666666666, gmean: 0.7844645405527362, mcc: 0.6138245895861674 

train at step 1410: 0.875
train loss at step 1410: 0.27781978249549866
train at step 1420: 0.8125
train loss at step 1420: 0.4105631411075592
train at step 1430: 0.8812500238418579
train loss at step 1430: 0.25304657220840454
train at step 1440: 0.793749988079071
train loss at step 1440: 0.4234117865562439
train at step 1450: 0.862500011920929
train loss at step 1450: 0.25949013233184814
dev at step 1450: 0.739130437374115
dev loss at step 1450: 0.6761466860771179
tp: 9, tn: 8, fp: 3, fn: 3
accuracy: 0.7391304347826086, precision: 0.75, recall: 0.75, F1: 0.75
specificity: 0.7272727272727273, gmean: 0.7385489458759964, mcc: 0.4772727272727273 

test at step 1450: 0.8799999952316284
test loss at step 1450: 0.32141080498695374
tp: 12, tn: 10, fp: 2, fn: 1
accuracy: 0.88, precision: 0.8571428571428571, recall: 0.9230769230769231, F1: 0.888888888888889
specificity: 0.8333333333333334, gmean: 0.8770580193070292, mcc: 0.761306166786451 

train at step 1460: 0.862500011920929
train loss at step 1460: 0.24427835643291473
train at step 1470: 0.949999988079071
train loss at step 1470: 0.16501185297966003
train at step 1480: 0.856249988079071
train loss at step 1480: 0.3512346148490906
train at step 1490: 0.824999988079071
train loss at step 1490: 0.3265271782875061
train at step 1500: 0.856249988079071
train loss at step 1500: 0.31440672278404236
dev at step 1500: 0.739130437374115
dev loss at step 1500: 0.7094882130622864
tp: 9, tn: 8, fp: 3, fn: 3
accuracy: 0.7391304347826086, precision: 0.75, recall: 0.75, F1: 0.75
specificity: 0.7272727272727273, gmean: 0.7385489458759964, mcc: 0.4772727272727273 

test at step 1500: 0.8399999737739563
test loss at step 1500: 0.36132320761680603
tp: 12, tn: 9, fp: 3, fn: 1
accuracy: 0.84, precision: 0.8, recall: 0.9230769230769231, F1: 0.8571428571428571
specificity: 0.75, gmean: 0.8320502943378437, mcc: 0.6864064729836441 

