train at step 10: 0.4937500059604645
train loss at step 10: 0.8971230387687683
train at step 20: 0.574999988079071
train loss at step 20: 0.7234941720962524
train at step 30: 0.5687500238418579
train loss at step 30: 0.8216433525085449
train at step 40: 0.581250011920929
train loss at step 40: 0.714815616607666
train at step 50: 0.581250011920929
train loss at step 50: 0.6762336492538452
dev at step 50: 0.6086956262588501
New best on dev at step 50: 0.6086956262588501
dev loss at step 50: 0.6740937232971191
tp: 11, tn: 3, fp: 8, fn: 1
accuracy: 0.6086956521739131, precision: 0.5789473684210527, recall: 0.9166666666666666, F1: 0.7096774193548387
specificity: 0.2727272727272727, gmean: 0.49999999999999994, mcc: 0.24960095744714741 

test at step 50: 0.6000000238418579
test loss at step 50: 0.7750392556190491
tp: 12, tn: 3, fp: 9, fn: 1
accuracy: 0.6, precision: 0.5714285714285714, recall: 0.9230769230769231, F1: 0.7058823529411765
specificity: 0.25, gmean: 0.4803844614152614, mcc: 0.2358640882624316 

train at step 60: 0.6312500238418579
train loss at step 60: 0.6356493234634399
train at step 70: 0.6499999761581421
train loss at step 70: 0.6356023550033569
train at step 80: 0.574999988079071
train loss at step 80: 0.6462516784667969
train at step 90: 0.550000011920929
train loss at step 90: 0.7290617823600769
train at step 100: 0.581250011920929
train loss at step 100: 0.7398396730422974
dev at step 100: 0.6521739363670349
New best on dev at step 100: 0.6521739363670349
dev loss at step 100: 0.6673070788383484
tp: 4, tn: 11, fp: 0, fn: 8
accuracy: 0.6521739130434783, precision: 1.0, recall: 0.3333333333333333, F1: 0.5
specificity: 1.0, gmean: 0.5773502691896257, mcc: 0.4392976851069794 

test at step 100: 0.4000000059604645
test loss at step 100: 0.7619280219078064
tp: 1, tn: 9, fp: 3, fn: 12
accuracy: 0.4, precision: 0.25, recall: 0.07692307692307693, F1: 0.11764705882352941
specificity: 0.75, gmean: 0.2401922307076307, mcc: -0.2358640882624316 

train at step 110: 0.543749988079071
train loss at step 110: 0.7562824487686157
train at step 120: 0.637499988079071
train loss at step 120: 0.6330409049987793
train at step 130: 0.6000000238418579
train loss at step 130: 0.6584831476211548
train at step 140: 0.606249988079071
train loss at step 140: 0.663615345954895
train at step 150: 0.612500011920929
train loss at step 150: 0.6606078147888184
dev at step 150: 0.52173912525177
dev loss at step 150: 0.7037674784660339
tp: 1, tn: 11, fp: 0, fn: 11
accuracy: 0.5217391304347826, precision: 1.0, recall: 0.08333333333333333, F1: 0.15384615384615385
specificity: 1.0, gmean: 0.28867513459481287, mcc: 0.2041241452319315 

test at step 150: 0.5199999809265137
test loss at step 150: 0.6939268112182617
tp: 1, tn: 12, fp: 0, fn: 12
accuracy: 0.52, precision: 1.0, recall: 0.07692307692307693, F1: 0.14285714285714288
specificity: 1.0, gmean: 0.2773500981126146, mcc: 0.19611613513818402 

train at step 160: 0.6625000238418579
train loss at step 160: 0.6299735903739929
train at step 170: 0.7250000238418579
train loss at step 170: 0.586491048336029
train at step 180: 0.668749988079071
train loss at step 180: 0.615114688873291
train at step 190: 0.6812499761581421
train loss at step 190: 0.596418559551239
train at step 200: 0.637499988079071
train loss at step 200: 0.6767739057540894
dev at step 200: 0.6521739363670349
dev loss at step 200: 0.6060866713523865
tp: 10, tn: 5, fp: 6, fn: 2
accuracy: 0.6521739130434783, precision: 0.625, recall: 0.8333333333333334, F1: 0.7142857142857143
specificity: 0.45454545454545453, gmean: 0.6154574548966637, mcc: 0.31252705510589024 

test at step 200: 0.7200000286102295
test loss at step 200: 0.6833856105804443
tp: 12, tn: 6, fp: 6, fn: 1
accuracy: 0.72, precision: 0.6666666666666666, recall: 0.9230769230769231, F1: 0.7741935483870968
specificity: 0.5, gmean: 0.6793662204867574, mcc: 0.4707565417620042 

train at step 210: 0.731249988079071
train loss at step 210: 0.552282452583313
train at step 220: 0.71875
train loss at step 220: 0.5506266355514526
train at step 230: 0.6625000238418579
train loss at step 230: 0.5956765413284302
train at step 240: 0.668749988079071
train loss at step 240: 0.6741062998771667
train at step 250: 0.675000011920929
train loss at step 250: 0.652006983757019
dev at step 250: 0.6521739363670349
dev loss at step 250: 0.5607695579528809
tp: 8, tn: 7, fp: 4, fn: 4
accuracy: 0.6521739130434783, precision: 0.6666666666666666, recall: 0.6666666666666666, F1: 0.6666666666666666
specificity: 0.6363636363636364, gmean: 0.6513389472789296, mcc: 0.30303030303030304 

test at step 250: 0.7200000286102295
test loss at step 250: 0.6033463478088379
tp: 11, tn: 7, fp: 5, fn: 2
accuracy: 0.72, precision: 0.6875, recall: 0.8461538461538461, F1: 0.7586206896551724
specificity: 0.5833333333333334, gmean: 0.7025594235292439, mcc: 0.44702442937253495 

train at step 260: 0.6875
train loss at step 260: 0.545096755027771
train at step 270: 0.75
train loss at step 270: 0.5470046997070312
train at step 280: 0.625
train loss at step 280: 0.6262050867080688
train at step 290: 0.6937500238418579
train loss at step 290: 0.6221094727516174
train at step 300: 0.6812499761581421
train loss at step 300: 0.6355059742927551
dev at step 300: 0.695652186870575
New best on dev at step 300: 0.695652186870575
dev loss at step 300: 0.590122640132904
tp: 8, tn: 8, fp: 3, fn: 4
accuracy: 0.6956521739130435, precision: 0.7272727272727273, recall: 0.6666666666666666, F1: 0.6956521739130435
specificity: 0.7272727272727273, gmean: 0.6963106238227914, mcc: 0.3939393939393939 

test at step 300: 0.6000000238418579
test loss at step 300: 0.6388728022575378
tp: 7, tn: 8, fp: 4, fn: 6
accuracy: 0.6, precision: 0.6363636363636364, recall: 0.5384615384615384, F1: 0.5833333333333334
specificity: 0.6666666666666666, gmean: 0.599144689515278, mcc: 0.20645590963700367 

train at step 310: 0.6875
train loss at step 310: 0.555370569229126
train at step 320: 0.6812499761581421
train loss at step 320: 0.5789996385574341
train at step 330: 0.731249988079071
train loss at step 330: 0.540695309638977
train at step 340: 0.731249988079071
train loss at step 340: 0.5406121611595154
train at step 350: 0.5874999761581421
train loss at step 350: 0.6695671677589417
dev at step 350: 0.695652186870575
dev loss at step 350: 0.5507643818855286
tp: 9, tn: 7, fp: 4, fn: 3
accuracy: 0.6956521739130435, precision: 0.6923076923076923, recall: 0.75, F1: 0.7199999999999999
specificity: 0.6363636363636364, gmean: 0.6908492797077574, mcc: 0.38932432055219274 

test at step 350: 0.7599999904632568
test loss at step 350: 0.5992289185523987
tp: 12, tn: 7, fp: 5, fn: 1
accuracy: 0.76, precision: 0.7058823529411765, recall: 0.9230769230769231, F1: 0.8000000000000002
specificity: 0.5833333333333334, gmean: 0.7337993857053429, mcc: 0.5423695984263261 

train at step 360: 0.737500011920929
train loss at step 360: 0.5196112990379333
train at step 370: 0.7437499761581421
train loss at step 370: 0.5493776798248291
train at step 380: 0.699999988079071
train loss at step 380: 0.5901462435722351
train at step 390: 0.6875
train loss at step 390: 0.6259256601333618
train at step 400: 0.7124999761581421
train loss at step 400: 0.5211948156356812
dev at step 400: 0.6521739363670349
dev loss at step 400: 0.5741789937019348
tp: 9, tn: 6, fp: 5, fn: 3
accuracy: 0.6521739130434783, precision: 0.6428571428571429, recall: 0.75, F1: 0.6923076923076924
specificity: 0.5454545454545454, gmean: 0.6396021490668313, mcc: 0.302407368379503 

test at step 400: 0.7599999904632568
test loss at step 400: 0.6170846223831177
tp: 12, tn: 7, fp: 5, fn: 1
accuracy: 0.76, precision: 0.7058823529411765, recall: 0.9230769230769231, F1: 0.8000000000000002
specificity: 0.5833333333333334, gmean: 0.7337993857053429, mcc: 0.5423695984263261 

train at step 410: 0.75
train loss at step 410: 0.5329049825668335
train at step 420: 0.71875
train loss at step 420: 0.5231071710586548
train at step 430: 0.643750011920929
train loss at step 430: 0.6914675235748291
train at step 440: 0.737500011920929
train loss at step 440: 0.5926932692527771
train at step 450: 0.706250011920929
train loss at step 450: 0.5271287560462952
dev at step 450: 0.6521739363670349
dev loss at step 450: 0.5795089602470398
tp: 9, tn: 6, fp: 5, fn: 3
accuracy: 0.6521739130434783, precision: 0.6428571428571429, recall: 0.75, F1: 0.6923076923076924
specificity: 0.5454545454545454, gmean: 0.6396021490668313, mcc: 0.302407368379503 

test at step 450: 0.7599999904632568
test loss at step 450: 0.6317601799964905
tp: 12, tn: 7, fp: 5, fn: 1
accuracy: 0.76, precision: 0.7058823529411765, recall: 0.9230769230769231, F1: 0.8000000000000002
specificity: 0.5833333333333334, gmean: 0.7337993857053429, mcc: 0.5423695984263261 

train at step 460: 0.65625
train loss at step 460: 0.6480151414871216
train at step 470: 0.731249988079071
train loss at step 470: 0.5441928505897522
train at step 480: 0.768750011920929
train loss at step 480: 0.5105971097946167
train at step 490: 0.762499988079071
train loss at step 490: 0.5079522728919983
train at step 500: 0.7250000238418579
train loss at step 500: 0.5578436255455017
dev at step 500: 0.695652186870575
dev loss at step 500: 0.5352677702903748
tp: 8, tn: 8, fp: 3, fn: 4
accuracy: 0.6956521739130435, precision: 0.7272727272727273, recall: 0.6666666666666666, F1: 0.6956521739130435
specificity: 0.7272727272727273, gmean: 0.6963106238227914, mcc: 0.3939393939393939 

test at step 500: 0.7599999904632568
test loss at step 500: 0.51335608959198
tp: 11, tn: 8, fp: 4, fn: 2
accuracy: 0.76, precision: 0.7333333333333333, recall: 0.8461538461538461, F1: 0.7857142857142856
specificity: 0.6666666666666666, gmean: 0.7510676161988108, mcc: 0.5229763603684907 

train at step 510: 0.7250000238418579
train loss at step 510: 0.5964082479476929
train at step 520: 0.7437499761581421
train loss at step 520: 0.5027285814285278
train at step 530: 0.706250011920929
train loss at step 530: 0.5908649563789368
train at step 540: 0.7250000238418579
train loss at step 540: 0.5441418886184692
train at step 550: 0.737500011920929
train loss at step 550: 0.5341153144836426
dev at step 550: 0.695652186870575
dev loss at step 550: 0.5179721713066101
tp: 8, tn: 8, fp: 3, fn: 4
accuracy: 0.6956521739130435, precision: 0.7272727272727273, recall: 0.6666666666666666, F1: 0.6956521739130435
specificity: 0.7272727272727273, gmean: 0.6963106238227914, mcc: 0.3939393939393939 

test at step 550: 0.7599999904632568
test loss at step 550: 0.5280274152755737
tp: 11, tn: 8, fp: 4, fn: 2
accuracy: 0.76, precision: 0.7333333333333333, recall: 0.8461538461538461, F1: 0.7857142857142856
specificity: 0.6666666666666666, gmean: 0.7510676161988108, mcc: 0.5229763603684907 

train at step 560: 0.762499988079071
train loss at step 560: 0.5352671146392822
train at step 570: 0.8187500238418579
train loss at step 570: 0.4438052773475647
train at step 580: 0.78125
train loss at step 580: 0.5167392492294312
train at step 590: 0.6812499761581421
train loss at step 590: 0.5530382394790649
train at step 600: 0.8062499761581421
train loss at step 600: 0.4687638282775879
dev at step 600: 0.782608687877655
New best on dev at step 600: 0.782608687877655
dev loss at step 600: 0.5303782820701599
tp: 10, tn: 8, fp: 3, fn: 2
accuracy: 0.782608695652174, precision: 0.7692307692307693, recall: 0.8333333333333334, F1: 0.8
specificity: 0.7272727272727273, gmean: 0.778498944161523, mcc: 0.5649019553110248 

test at step 600: 0.8399999737739563
test loss at step 600: 0.5598220229148865
tp: 13, tn: 8, fp: 4, fn: 0
accuracy: 0.84, precision: 0.7647058823529411, recall: 1.0, F1: 0.8666666666666666
specificity: 0.6666666666666666, gmean: 0.816496580927726, mcc: 0.7140055472954167 

train at step 610: 0.7562500238418579
train loss at step 610: 0.5475505590438843
train at step 620: 0.8187500238418579
train loss at step 620: 0.4194788336753845
train at step 630: 0.731249988079071
train loss at step 630: 0.5331176519393921
train at step 640: 0.675000011920929
train loss at step 640: 0.5798546075820923
train at step 650: 0.7562500238418579
train loss at step 650: 0.5650234818458557
dev at step 650: 0.782608687877655
dev loss at step 650: 0.5388746857643127
tp: 10, tn: 8, fp: 3, fn: 2
accuracy: 0.782608695652174, precision: 0.7692307692307693, recall: 0.8333333333333334, F1: 0.8
specificity: 0.7272727272727273, gmean: 0.778498944161523, mcc: 0.5649019553110248 

test at step 650: 0.800000011920929
test loss at step 650: 0.5662474632263184
tp: 13, tn: 7, fp: 5, fn: 0
accuracy: 0.8, precision: 0.7222222222222222, recall: 1.0, F1: 0.8387096774193548
specificity: 0.5833333333333334, gmean: 0.7637626158259734, mcc: 0.6490734136415512 

train at step 660: 0.75
train loss at step 660: 0.5010894536972046
train at step 670: 0.7749999761581421
train loss at step 670: 0.49137765169143677
train at step 680: 0.7437499761581421
train loss at step 680: 0.4883560240268707
train at step 690: 0.6875
train loss at step 690: 0.6419262290000916
train at step 700: 0.768750011920929
train loss at step 700: 0.49382084608078003
dev at step 700: 0.739130437374115
dev loss at step 700: 0.5303580164909363
tp: 9, tn: 8, fp: 3, fn: 3
accuracy: 0.7391304347826086, precision: 0.75, recall: 0.75, F1: 0.75
specificity: 0.7272727272727273, gmean: 0.7385489458759964, mcc: 0.4772727272727273 

test at step 700: 0.8399999737739563
test loss at step 700: 0.4848993718624115
tp: 13, tn: 8, fp: 4, fn: 0
accuracy: 0.84, precision: 0.7647058823529411, recall: 1.0, F1: 0.8666666666666666
specificity: 0.6666666666666666, gmean: 0.816496580927726, mcc: 0.7140055472954167 

train at step 710: 0.8187500238418579
train loss at step 710: 0.44296932220458984
train at step 720: 0.731249988079071
train loss at step 720: 0.5218253135681152
train at step 730: 0.78125
train loss at step 730: 0.4683350622653961
train at step 740: 0.8187500238418579
train loss at step 740: 0.4604874551296234
train at step 750: 0.800000011920929
train loss at step 750: 0.48074889183044434
dev at step 750: 0.739130437374115
dev loss at step 750: 0.5202885270118713
tp: 9, tn: 8, fp: 3, fn: 3
accuracy: 0.7391304347826086, precision: 0.75, recall: 0.75, F1: 0.75
specificity: 0.7272727272727273, gmean: 0.7385489458759964, mcc: 0.4772727272727273 

test at step 750: 0.8399999737739563
test loss at step 750: 0.5242822766304016
tp: 13, tn: 8, fp: 4, fn: 0
accuracy: 0.84, precision: 0.7647058823529411, recall: 1.0, F1: 0.8666666666666666
specificity: 0.6666666666666666, gmean: 0.816496580927726, mcc: 0.7140055472954167 

train at step 760: 0.793749988079071
train loss at step 760: 0.4373805522918701
train at step 770: 0.8187500238418579
train loss at step 770: 0.46868008375167847
train at step 780: 0.75
train loss at step 780: 0.5431930422782898
train at step 790: 0.8062499761581421
train loss at step 790: 0.4499762952327728
train at step 800: 0.768750011920929
train loss at step 800: 0.4895052909851074
dev at step 800: 0.739130437374115
dev loss at step 800: 0.5247042775154114
tp: 9, tn: 8, fp: 3, fn: 3
accuracy: 0.7391304347826086, precision: 0.75, recall: 0.75, F1: 0.75
specificity: 0.7272727272727273, gmean: 0.7385489458759964, mcc: 0.4772727272727273 

test at step 800: 0.8399999737739563
test loss at step 800: 0.5173550248146057
tp: 13, tn: 8, fp: 4, fn: 0
accuracy: 0.84, precision: 0.7647058823529411, recall: 1.0, F1: 0.8666666666666666
specificity: 0.6666666666666666, gmean: 0.816496580927726, mcc: 0.7140055472954167 

train at step 810: 0.84375
train loss at step 810: 0.39435797929763794
train at step 820: 0.75
train loss at step 820: 0.47580686211586
train at step 830: 0.78125
train loss at step 830: 0.47825485467910767
train at step 840: 0.768750011920929
train loss at step 840: 0.5312454104423523
train at step 850: 0.762499988079071
train loss at step 850: 0.4727347493171692
dev at step 850: 0.739130437374115
dev loss at step 850: 0.521733820438385
tp: 9, tn: 8, fp: 3, fn: 3
accuracy: 0.7391304347826086, precision: 0.75, recall: 0.75, F1: 0.75
specificity: 0.7272727272727273, gmean: 0.7385489458759964, mcc: 0.4772727272727273 

test at step 850: 0.800000011920929
test loss at step 850: 0.5823339223861694
tp: 12, tn: 8, fp: 4, fn: 1
accuracy: 0.8, precision: 0.75, recall: 0.9230769230769231, F1: 0.8275862068965517
specificity: 0.6666666666666666, gmean: 0.7844645405527362, mcc: 0.6138245895861674 

train at step 860: 0.8062499761581421
train loss at step 860: 0.4244813919067383
train at step 870: 0.737500011920929
train loss at step 870: 0.5036295652389526
train at step 880: 0.762499988079071
train loss at step 880: 0.49495428800582886
train at step 890: 0.737500011920929
train loss at step 890: 0.5461586713790894
train at step 900: 0.7562500238418579
train loss at step 900: 0.4792155623435974
dev at step 900: 0.695652186870575
dev loss at step 900: 0.5102828145027161
tp: 8, tn: 8, fp: 3, fn: 4
accuracy: 0.6956521739130435, precision: 0.7272727272727273, recall: 0.6666666666666666, F1: 0.6956521739130435
specificity: 0.7272727272727273, gmean: 0.6963106238227914, mcc: 0.3939393939393939 

test at step 900: 0.800000011920929
test loss at step 900: 0.5107136964797974
tp: 12, tn: 8, fp: 4, fn: 1
accuracy: 0.8, precision: 0.75, recall: 0.9230769230769231, F1: 0.8275862068965517
specificity: 0.6666666666666666, gmean: 0.7844645405527362, mcc: 0.6138245895861674 

train at step 910: 0.5874999761581421
train loss at step 910: 0.9737353324890137
train at step 920: 0.75
train loss at step 920: 0.5715616941452026
train at step 930: 0.7562500238418579
train loss at step 930: 0.4890727996826172
train at step 940: 0.800000011920929
train loss at step 940: 0.45945924520492554
train at step 950: 0.8374999761581421
train loss at step 950: 0.3972824513912201
dev at step 950: 0.739130437374115
dev loss at step 950: 0.4948118031024933
tp: 9, tn: 8, fp: 3, fn: 3
accuracy: 0.7391304347826086, precision: 0.75, recall: 0.75, F1: 0.75
specificity: 0.7272727272727273, gmean: 0.7385489458759964, mcc: 0.4772727272727273 

test at step 950: 0.800000011920929
test loss at step 950: 0.5727677941322327
tp: 12, tn: 8, fp: 4, fn: 1
accuracy: 0.8, precision: 0.75, recall: 0.9230769230769231, F1: 0.8275862068965517
specificity: 0.6666666666666666, gmean: 0.7844645405527362, mcc: 0.6138245895861674 

train at step 960: 0.793749988079071
train loss at step 960: 0.44502878189086914
train at step 970: 0.8187500238418579
train loss at step 970: 0.39809542894363403
train at step 980: 0.7437499761581421
train loss at step 980: 0.49699345231056213
train at step 990: 0.762499988079071
train loss at step 990: 0.43880367279052734
train at step 1000: 0.768750011920929
train loss at step 1000: 0.5120847225189209
dev at step 1000: 0.782608687877655
dev loss at step 1000: 0.6544293165206909
tp: 7, tn: 11, fp: 0, fn: 5
accuracy: 0.782608695652174, precision: 1.0, recall: 0.5833333333333334, F1: 0.7368421052631579
specificity: 1.0, gmean: 0.7637626158259734, mcc: 0.6332785063987777 

test at step 1000: 0.6800000071525574
test loss at step 1000: 0.5565305352210999
tp: 6, tn: 11, fp: 1, fn: 7
accuracy: 0.68, precision: 0.8571428571428571, recall: 0.46153846153846156, F1: 0.6
specificity: 0.9166666666666666, gmean: 0.6504436355879909, mcc: 0.420827817635731 

train at step 1010: 0.8062499761581421
train loss at step 1010: 0.4517812728881836
train at step 1020: 0.84375
train loss at step 1020: 0.3889305293560028
train at step 1030: 0.768750011920929
train loss at step 1030: 0.46464085578918457
train at step 1040: 0.75
train loss at step 1040: 0.5101802349090576
train at step 1050: 0.8187500238418579
train loss at step 1050: 0.42090463638305664
dev at step 1050: 0.739130437374115
dev loss at step 1050: 0.5317000150680542
tp: 11, tn: 6, fp: 5, fn: 1
accuracy: 0.7391304347826086, precision: 0.6875, recall: 0.9166666666666666, F1: 0.7857142857142857
specificity: 0.5454545454545454, gmean: 0.7071067811865475, mcc: 0.5016881674068239 

test at step 1050: 0.8399999737739563
test loss at step 1050: 0.5011708736419678
tp: 13, tn: 8, fp: 4, fn: 0
accuracy: 0.84, precision: 0.7647058823529411, recall: 1.0, F1: 0.8666666666666666
specificity: 0.6666666666666666, gmean: 0.816496580927726, mcc: 0.7140055472954167 

train at step 1060: 0.78125
train loss at step 1060: 0.5182315707206726
train at step 1070: 0.762499988079071
train loss at step 1070: 0.4910535216331482
train at step 1080: 0.7875000238418579
train loss at step 1080: 0.44304555654525757
train at step 1090: 0.7749999761581421
train loss at step 1090: 0.4295961856842041
train at step 1100: 0.7562500238418579
train loss at step 1100: 0.564712643623352
dev at step 1100: 0.782608687877655
dev loss at step 1100: 0.5140721201896667
tp: 10, tn: 8, fp: 3, fn: 2
accuracy: 0.782608695652174, precision: 0.7692307692307693, recall: 0.8333333333333334, F1: 0.8
specificity: 0.7272727272727273, gmean: 0.778498944161523, mcc: 0.5649019553110248 

test at step 1100: 0.8399999737739563
test loss at step 1100: 0.44292885065078735
tp: 13, tn: 8, fp: 4, fn: 0
accuracy: 0.84, precision: 0.7647058823529411, recall: 1.0, F1: 0.8666666666666666
specificity: 0.6666666666666666, gmean: 0.816496580927726, mcc: 0.7140055472954167 

train at step 1110: 0.84375
train loss at step 1110: 0.39172664284706116
train at step 1120: 0.8374999761581421
train loss at step 1120: 0.41398167610168457
train at step 1130: 0.824999988079071
train loss at step 1130: 0.41971319913864136
train at step 1140: 0.7875000238418579
train loss at step 1140: 0.4693485200405121
train at step 1150: 0.643750011920929
train loss at step 1150: 0.7757328748703003
dev at step 1150: 0.695652186870575
dev loss at step 1150: 0.492575079202652
tp: 8, tn: 8, fp: 3, fn: 4
accuracy: 0.6956521739130435, precision: 0.7272727272727273, recall: 0.6666666666666666, F1: 0.6956521739130435
specificity: 0.7272727272727273, gmean: 0.6963106238227914, mcc: 0.3939393939393939 

test at step 1150: 0.800000011920929
test loss at step 1150: 0.4613977074623108
tp: 12, tn: 8, fp: 4, fn: 1
accuracy: 0.8, precision: 0.75, recall: 0.9230769230769231, F1: 0.8275862068965517
specificity: 0.6666666666666666, gmean: 0.7844645405527362, mcc: 0.6138245895861674 

train at step 1160: 0.8187500238418579
train loss at step 1160: 0.4242490828037262
train at step 1170: 0.768750011920929
train loss at step 1170: 0.5017760992050171
train at step 1180: 0.6499999761581421
train loss at step 1180: 0.6866073608398438
train at step 1190: 0.793749988079071
train loss at step 1190: 0.4260965883731842
train at step 1200: 0.793749988079071
train loss at step 1200: 0.44329947233200073
dev at step 1200: 0.695652186870575
dev loss at step 1200: 0.6097291111946106
tp: 11, tn: 5, fp: 6, fn: 1
accuracy: 0.6956521739130435, precision: 0.6470588235294118, recall: 0.9166666666666666, F1: 0.7586206896551724
specificity: 0.45454545454545453, gmean: 0.6454972243679028, mcc: 0.422288280162599 

test at step 1200: 0.800000011920929
test loss at step 1200: 0.643531084060669
tp: 13, tn: 7, fp: 5, fn: 0
accuracy: 0.8, precision: 0.7222222222222222, recall: 1.0, F1: 0.8387096774193548
specificity: 0.5833333333333334, gmean: 0.7637626158259734, mcc: 0.6490734136415512 

train at step 1210: 0.8500000238418579
train loss at step 1210: 0.33124759793281555
train at step 1220: 0.793749988079071
train loss at step 1220: 0.43503227829933167
train at step 1230: 0.800000011920929
train loss at step 1230: 0.45076146721839905
train at step 1240: 0.8500000238418579
train loss at step 1240: 0.4373864233493805
train at step 1250: 0.862500011920929
train loss at step 1250: 0.36761173605918884
dev at step 1250: 0.739130437374115
dev loss at step 1250: 0.5552498698234558
tp: 10, tn: 7, fp: 4, fn: 2
accuracy: 0.7391304347826086, precision: 0.7142857142857143, recall: 0.8333333333333334, F1: 0.7692307692307692
specificity: 0.6363636363636364, gmean: 0.7282190812544191, mcc: 0.4807501753725433 

test at step 1250: 0.800000011920929
test loss at step 1250: 0.5732165575027466
tp: 12, tn: 8, fp: 4, fn: 1
accuracy: 0.8, precision: 0.75, recall: 0.9230769230769231, F1: 0.8275862068965517
specificity: 0.6666666666666666, gmean: 0.7844645405527362, mcc: 0.6138245895861674 

train at step 1260: 0.84375
train loss at step 1260: 0.36866870522499084
train at step 1270: 0.800000011920929
train loss at step 1270: 0.3901704251766205
train at step 1280: 0.7875000238418579
train loss at step 1280: 0.4606545865535736
train at step 1290: 0.78125
train loss at step 1290: 0.5794980525970459
train at step 1300: 0.8687499761581421
train loss at step 1300: 0.3507419228553772
dev at step 1300: 0.739130437374115
dev loss at step 1300: 0.5710986852645874
tp: 10, tn: 7, fp: 4, fn: 2
accuracy: 0.7391304347826086, precision: 0.7142857142857143, recall: 0.8333333333333334, F1: 0.7692307692307692
specificity: 0.6363636363636364, gmean: 0.7282190812544191, mcc: 0.4807501753725433 

test at step 1300: 0.800000011920929
test loss at step 1300: 0.5655493140220642
tp: 12, tn: 8, fp: 4, fn: 1
accuracy: 0.8, precision: 0.75, recall: 0.9230769230769231, F1: 0.8275862068965517
specificity: 0.6666666666666666, gmean: 0.7844645405527362, mcc: 0.6138245895861674 

train at step 1310: 0.65625
train loss at step 1310: 0.7972942590713501
train at step 1320: 0.731249988079071
train loss at step 1320: 0.5505971908569336
train at step 1330: 0.78125
train loss at step 1330: 0.4847031235694885
train at step 1340: 0.8187500238418579
train loss at step 1340: 0.4237605035305023
train at step 1350: 0.8500000238418579
train loss at step 1350: 0.3575182557106018
dev at step 1350: 0.739130437374115
dev loss at step 1350: 0.5398097634315491
tp: 8, tn: 9, fp: 2, fn: 4
accuracy: 0.7391304347826086, precision: 0.8, recall: 0.6666666666666666, F1: 0.7272727272727272
specificity: 0.8181818181818182, gmean: 0.7385489458759964, mcc: 0.4885638532419674 

test at step 1350: 0.800000011920929
test loss at step 1350: 0.4480975270271301
tp: 11, tn: 9, fp: 3, fn: 2
accuracy: 0.8, precision: 0.7857142857142857, recall: 0.8461538461538461, F1: 0.8148148148148148
specificity: 0.75, gmean: 0.7966275068156915, mcc: 0.6000124873825419 

train at step 1360: 0.84375
train loss at step 1360: 0.4283740520477295
train at step 1370: 0.78125
train loss at step 1370: 0.4082977771759033
train at step 1380: 0.8687499761581421
train loss at step 1380: 0.37549009919166565
train at step 1390: 0.7875000238418579
train loss at step 1390: 0.44889020919799805
train at step 1400: 0.800000011920929
train loss at step 1400: 0.41756635904312134
dev at step 1400: 0.739130437374115
dev loss at step 1400: 0.5320252776145935
tp: 8, tn: 9, fp: 2, fn: 4
accuracy: 0.7391304347826086, precision: 0.8, recall: 0.6666666666666666, F1: 0.7272727272727272
specificity: 0.8181818181818182, gmean: 0.7385489458759964, mcc: 0.4885638532419674 

test at step 1400: 0.8399999737739563
test loss at step 1400: 0.4711872637271881
tp: 11, tn: 10, fp: 2, fn: 2
accuracy: 0.84, precision: 0.8461538461538461, recall: 0.8461538461538461, F1: 0.8461538461538461
specificity: 0.8333333333333334, gmean: 0.8397191227596316, mcc: 0.6794871794871795 

train at step 1410: 0.8187500238418579
train loss at step 1410: 0.4285498261451721
train at step 1420: 0.856249988079071
train loss at step 1420: 0.369883269071579
train at step 1430: 0.824999988079071
train loss at step 1430: 0.41167235374450684
train at step 1440: 0.8062499761581421
train loss at step 1440: 0.3818356394767761
train at step 1450: 0.824999988079071
train loss at step 1450: 0.3791896104812622
dev at step 1450: 0.695652186870575
dev loss at step 1450: 0.4967982769012451
tp: 8, tn: 8, fp: 3, fn: 4
accuracy: 0.6956521739130435, precision: 0.7272727272727273, recall: 0.6666666666666666, F1: 0.6956521739130435
specificity: 0.7272727272727273, gmean: 0.6963106238227914, mcc: 0.3939393939393939 

test at step 1450: 0.800000011920929
test loss at step 1450: 0.44472309947013855
tp: 12, tn: 8, fp: 4, fn: 1
accuracy: 0.8, precision: 0.75, recall: 0.9230769230769231, F1: 0.8275862068965517
specificity: 0.6666666666666666, gmean: 0.7844645405527362, mcc: 0.6138245895861674 

train at step 1460: 0.800000011920929
train loss at step 1460: 0.4880722165107727
train at step 1470: 0.737500011920929
train loss at step 1470: 0.4559192657470703
train at step 1480: 0.78125
train loss at step 1480: 0.4849880337715149
train at step 1490: 0.793749988079071
train loss at step 1490: 0.4364779591560364
train at step 1500: 0.75
train loss at step 1500: 0.49051937460899353
dev at step 1500: 0.739130437374115
dev loss at step 1500: 0.5204578042030334
tp: 8, tn: 9, fp: 2, fn: 4
accuracy: 0.7391304347826086, precision: 0.8, recall: 0.6666666666666666, F1: 0.7272727272727272
specificity: 0.8181818181818182, gmean: 0.7385489458759964, mcc: 0.4885638532419674 

test at step 1500: 0.8799999952316284
test loss at step 1500: 0.45724886655807495
tp: 11, tn: 11, fp: 1, fn: 2
accuracy: 0.88, precision: 0.9166666666666666, recall: 0.8461538461538461, F1: 0.8799999999999999
specificity: 0.9166666666666666, gmean: 0.8807048459279792, mcc: 0.7628205128205128 

